[2025-04-03T19:12:46.008+0000] {processor.py:186} INFO - Started process (PID=167) to work on /opt/airflow/dags/example_dag.py
[2025-04-03T19:12:46.010+0000] {processor.py:914} INFO - Processing file /opt/airflow/dags/example_dag.py for tasks to queue
[2025-04-03T19:12:46.013+0000] {logging_mixin.py:190} INFO - [2025-04-03T19:12:46.013+0000] {dagbag.py:588} INFO - Filling up the DagBag from /opt/airflow/dags/example_dag.py
[2025-04-03T19:12:46.048+0000] {processor.py:925} INFO - DAG(s) 'example_dag' retrieved from /opt/airflow/dags/example_dag.py
[2025-04-03T19:12:46.277+0000] {logging_mixin.py:190} INFO - [2025-04-03T19:12:46.276+0000] {override.py:1912} INFO - Created Permission View: can delete on DAG:example_dag
[2025-04-03T19:12:46.320+0000] {logging_mixin.py:190} INFO - [2025-04-03T19:12:46.319+0000] {override.py:1912} INFO - Created Permission View: can edit on DAG:example_dag
[2025-04-03T19:12:46.346+0000] {logging_mixin.py:190} INFO - [2025-04-03T19:12:46.345+0000] {override.py:1912} INFO - Created Permission View: can read on DAG:example_dag
[2025-04-03T19:12:46.368+0000] {logging_mixin.py:190} INFO - [2025-04-03T19:12:46.367+0000] {override.py:1912} INFO - Created Permission View: can delete on DAG Run:example_dag
[2025-04-03T19:12:46.385+0000] {logging_mixin.py:190} INFO - [2025-04-03T19:12:46.385+0000] {override.py:1912} INFO - Created Permission View: can create on DAG Run:example_dag
[2025-04-03T19:12:46.402+0000] {logging_mixin.py:190} INFO - [2025-04-03T19:12:46.402+0000] {override.py:1912} INFO - Created Permission View: menu access on DAG Run:example_dag
[2025-04-03T19:12:46.416+0000] {logging_mixin.py:190} INFO - [2025-04-03T19:12:46.416+0000] {override.py:1912} INFO - Created Permission View: can read on DAG Run:example_dag
[2025-04-03T19:12:46.418+0000] {logging_mixin.py:190} INFO - [2025-04-03T19:12:46.418+0000] {dag.py:3239} INFO - Sync 1 DAGs
[2025-04-03T19:12:46.444+0000] {logging_mixin.py:190} INFO - [2025-04-03T19:12:46.444+0000] {dag.py:3262} INFO - Creating ORM DAG for example_dag
[2025-04-03T19:12:46.464+0000] {logging_mixin.py:190} INFO - [2025-04-03T19:12:46.463+0000] {dag.py:4180} INFO - Setting next_dagrun for example_dag to 2025-04-02 00:00:00+00:00, run_after=2025-04-03 00:00:00+00:00
[2025-04-03T19:12:46.496+0000] {processor.py:208} INFO - Processing /opt/airflow/dags/example_dag.py took 0.497 seconds
[2025-04-03T19:13:16.706+0000] {processor.py:186} INFO - Started process (PID=172) to work on /opt/airflow/dags/example_dag.py
[2025-04-03T19:13:16.709+0000] {processor.py:914} INFO - Processing file /opt/airflow/dags/example_dag.py for tasks to queue
[2025-04-03T19:13:16.721+0000] {logging_mixin.py:190} INFO - [2025-04-03T19:13:16.721+0000] {dagbag.py:588} INFO - Filling up the DagBag from /opt/airflow/dags/example_dag.py
[2025-04-03T19:13:16.745+0000] {processor.py:925} INFO - DAG(s) 'example_dag' retrieved from /opt/airflow/dags/example_dag.py
[2025-04-03T19:13:16.799+0000] {logging_mixin.py:190} INFO - [2025-04-03T19:13:16.798+0000] {dag.py:3239} INFO - Sync 1 DAGs
[2025-04-03T19:13:16.841+0000] {logging_mixin.py:190} INFO - [2025-04-03T19:13:16.841+0000] {dag.py:4180} INFO - Setting next_dagrun for example_dag to 2025-04-02 00:00:00+00:00, run_after=2025-04-03 00:00:00+00:00
[2025-04-03T19:13:16.869+0000] {processor.py:208} INFO - Processing /opt/airflow/dags/example_dag.py took 0.181 seconds
[2025-04-03T19:13:46.943+0000] {processor.py:186} INFO - Started process (PID=177) to work on /opt/airflow/dags/example_dag.py
[2025-04-03T19:13:46.946+0000] {processor.py:914} INFO - Processing file /opt/airflow/dags/example_dag.py for tasks to queue
[2025-04-03T19:13:46.953+0000] {logging_mixin.py:190} INFO - [2025-04-03T19:13:46.952+0000] {dagbag.py:588} INFO - Filling up the DagBag from /opt/airflow/dags/example_dag.py
[2025-04-03T19:13:46.977+0000] {processor.py:925} INFO - DAG(s) 'example_dag' retrieved from /opt/airflow/dags/example_dag.py
[2025-04-03T19:13:47.029+0000] {logging_mixin.py:190} INFO - [2025-04-03T19:13:47.028+0000] {dag.py:3239} INFO - Sync 1 DAGs
[2025-04-03T19:13:47.078+0000] {logging_mixin.py:190} INFO - [2025-04-03T19:13:47.077+0000] {dag.py:4180} INFO - Setting next_dagrun for example_dag to 2025-04-02 00:00:00+00:00, run_after=2025-04-03 00:00:00+00:00
[2025-04-03T19:13:47.125+0000] {processor.py:208} INFO - Processing /opt/airflow/dags/example_dag.py took 0.198 seconds
[2025-04-03T19:14:17.397+0000] {processor.py:186} INFO - Started process (PID=182) to work on /opt/airflow/dags/example_dag.py
[2025-04-03T19:14:17.399+0000] {processor.py:914} INFO - Processing file /opt/airflow/dags/example_dag.py for tasks to queue
[2025-04-03T19:14:17.403+0000] {logging_mixin.py:190} INFO - [2025-04-03T19:14:17.403+0000] {dagbag.py:588} INFO - Filling up the DagBag from /opt/airflow/dags/example_dag.py
[2025-04-03T19:14:17.416+0000] {processor.py:925} INFO - DAG(s) 'example_dag' retrieved from /opt/airflow/dags/example_dag.py
[2025-04-03T19:14:17.449+0000] {logging_mixin.py:190} INFO - [2025-04-03T19:14:17.448+0000] {dag.py:3239} INFO - Sync 1 DAGs
[2025-04-03T19:14:17.480+0000] {logging_mixin.py:190} INFO - [2025-04-03T19:14:17.480+0000] {dag.py:4180} INFO - Setting next_dagrun for example_dag to 2025-04-02 00:00:00+00:00, run_after=2025-04-03 00:00:00+00:00
[2025-04-03T19:14:17.501+0000] {processor.py:208} INFO - Processing /opt/airflow/dags/example_dag.py took 0.112 seconds
[2025-04-03T19:14:47.621+0000] {processor.py:186} INFO - Started process (PID=187) to work on /opt/airflow/dags/example_dag.py
[2025-04-03T19:14:47.623+0000] {processor.py:914} INFO - Processing file /opt/airflow/dags/example_dag.py for tasks to queue
[2025-04-03T19:14:47.629+0000] {logging_mixin.py:190} INFO - [2025-04-03T19:14:47.629+0000] {dagbag.py:588} INFO - Filling up the DagBag from /opt/airflow/dags/example_dag.py
[2025-04-03T19:14:47.647+0000] {processor.py:925} INFO - DAG(s) 'example_dag' retrieved from /opt/airflow/dags/example_dag.py
[2025-04-03T19:14:47.681+0000] {logging_mixin.py:190} INFO - [2025-04-03T19:14:47.681+0000] {dag.py:3239} INFO - Sync 1 DAGs
[2025-04-03T19:14:47.707+0000] {logging_mixin.py:190} INFO - [2025-04-03T19:14:47.706+0000] {dag.py:4180} INFO - Setting next_dagrun for example_dag to 2025-04-02 00:00:00+00:00, run_after=2025-04-03 00:00:00+00:00
[2025-04-03T19:14:47.727+0000] {processor.py:208} INFO - Processing /opt/airflow/dags/example_dag.py took 0.118 seconds
[2025-04-03T19:15:17.898+0000] {processor.py:186} INFO - Started process (PID=192) to work on /opt/airflow/dags/example_dag.py
[2025-04-03T19:15:17.901+0000] {processor.py:914} INFO - Processing file /opt/airflow/dags/example_dag.py for tasks to queue
[2025-04-03T19:15:17.906+0000] {logging_mixin.py:190} INFO - [2025-04-03T19:15:17.905+0000] {dagbag.py:588} INFO - Filling up the DagBag from /opt/airflow/dags/example_dag.py
[2025-04-03T19:15:17.921+0000] {processor.py:925} INFO - DAG(s) 'example_dag' retrieved from /opt/airflow/dags/example_dag.py
[2025-04-03T19:15:17.956+0000] {logging_mixin.py:190} INFO - [2025-04-03T19:15:17.955+0000] {dag.py:3239} INFO - Sync 1 DAGs
[2025-04-03T19:15:17.997+0000] {logging_mixin.py:190} INFO - [2025-04-03T19:15:17.996+0000] {dag.py:4180} INFO - Setting next_dagrun for example_dag to 2025-04-02 00:00:00+00:00, run_after=2025-04-03 00:00:00+00:00
[2025-04-03T19:15:18.031+0000] {processor.py:208} INFO - Processing /opt/airflow/dags/example_dag.py took 0.143 seconds
[2025-04-03T19:15:48.174+0000] {processor.py:186} INFO - Started process (PID=197) to work on /opt/airflow/dags/example_dag.py
[2025-04-03T19:15:48.177+0000] {processor.py:914} INFO - Processing file /opt/airflow/dags/example_dag.py for tasks to queue
[2025-04-03T19:15:48.181+0000] {logging_mixin.py:190} INFO - [2025-04-03T19:15:48.180+0000] {dagbag.py:588} INFO - Filling up the DagBag from /opt/airflow/dags/example_dag.py
[2025-04-03T19:15:48.195+0000] {processor.py:925} INFO - DAG(s) 'example_dag' retrieved from /opt/airflow/dags/example_dag.py
[2025-04-03T19:15:48.230+0000] {logging_mixin.py:190} INFO - [2025-04-03T19:15:48.230+0000] {dag.py:3239} INFO - Sync 1 DAGs
[2025-04-03T19:15:48.258+0000] {logging_mixin.py:190} INFO - [2025-04-03T19:15:48.258+0000] {dag.py:4180} INFO - Setting next_dagrun for example_dag to 2025-04-02 00:00:00+00:00, run_after=2025-04-03 00:00:00+00:00
[2025-04-03T19:15:48.291+0000] {processor.py:208} INFO - Processing /opt/airflow/dags/example_dag.py took 0.127 seconds
[2025-04-03T19:16:18.480+0000] {processor.py:186} INFO - Started process (PID=202) to work on /opt/airflow/dags/example_dag.py
[2025-04-03T19:16:18.482+0000] {processor.py:914} INFO - Processing file /opt/airflow/dags/example_dag.py for tasks to queue
[2025-04-03T19:16:18.486+0000] {logging_mixin.py:190} INFO - [2025-04-03T19:16:18.485+0000] {dagbag.py:588} INFO - Filling up the DagBag from /opt/airflow/dags/example_dag.py
[2025-04-03T19:16:18.499+0000] {processor.py:925} INFO - DAG(s) 'example_dag' retrieved from /opt/airflow/dags/example_dag.py
[2025-04-03T19:16:18.530+0000] {logging_mixin.py:190} INFO - [2025-04-03T19:16:18.530+0000] {dag.py:3239} INFO - Sync 1 DAGs
[2025-04-03T19:16:18.556+0000] {logging_mixin.py:190} INFO - [2025-04-03T19:16:18.556+0000] {dag.py:4180} INFO - Setting next_dagrun for example_dag to 2025-04-02 00:00:00+00:00, run_after=2025-04-03 00:00:00+00:00
[2025-04-03T19:16:18.576+0000] {processor.py:208} INFO - Processing /opt/airflow/dags/example_dag.py took 0.105 seconds
[2025-04-03T19:16:48.737+0000] {processor.py:186} INFO - Started process (PID=207) to work on /opt/airflow/dags/example_dag.py
[2025-04-03T19:16:48.739+0000] {processor.py:914} INFO - Processing file /opt/airflow/dags/example_dag.py for tasks to queue
[2025-04-03T19:16:48.742+0000] {logging_mixin.py:190} INFO - [2025-04-03T19:16:48.742+0000] {dagbag.py:588} INFO - Filling up the DagBag from /opt/airflow/dags/example_dag.py
[2025-04-03T19:16:48.755+0000] {processor.py:925} INFO - DAG(s) 'example_dag' retrieved from /opt/airflow/dags/example_dag.py
[2025-04-03T19:16:48.784+0000] {logging_mixin.py:190} INFO - [2025-04-03T19:16:48.784+0000] {dag.py:3239} INFO - Sync 1 DAGs
[2025-04-03T19:16:48.811+0000] {logging_mixin.py:190} INFO - [2025-04-03T19:16:48.811+0000] {dag.py:4180} INFO - Setting next_dagrun for example_dag to 2025-04-02 00:00:00+00:00, run_after=2025-04-03 00:00:00+00:00
[2025-04-03T19:16:48.832+0000] {processor.py:208} INFO - Processing /opt/airflow/dags/example_dag.py took 0.105 seconds
[2025-04-03T19:17:19.026+0000] {processor.py:186} INFO - Started process (PID=212) to work on /opt/airflow/dags/example_dag.py
[2025-04-03T19:17:19.028+0000] {processor.py:914} INFO - Processing file /opt/airflow/dags/example_dag.py for tasks to queue
[2025-04-03T19:17:19.032+0000] {logging_mixin.py:190} INFO - [2025-04-03T19:17:19.031+0000] {dagbag.py:588} INFO - Filling up the DagBag from /opt/airflow/dags/example_dag.py
[2025-04-03T19:17:19.050+0000] {processor.py:925} INFO - DAG(s) 'example_dag' retrieved from /opt/airflow/dags/example_dag.py
[2025-04-03T19:17:19.084+0000] {logging_mixin.py:190} INFO - [2025-04-03T19:17:19.084+0000] {dag.py:3239} INFO - Sync 1 DAGs
[2025-04-03T19:17:19.112+0000] {logging_mixin.py:190} INFO - [2025-04-03T19:17:19.112+0000] {dag.py:4180} INFO - Setting next_dagrun for example_dag to 2025-04-02 00:00:00+00:00, run_after=2025-04-03 00:00:00+00:00
[2025-04-03T19:17:19.131+0000] {processor.py:208} INFO - Processing /opt/airflow/dags/example_dag.py took 0.114 seconds
[2025-04-03T19:17:49.296+0000] {processor.py:186} INFO - Started process (PID=217) to work on /opt/airflow/dags/example_dag.py
[2025-04-03T19:17:49.298+0000] {processor.py:914} INFO - Processing file /opt/airflow/dags/example_dag.py for tasks to queue
[2025-04-03T19:17:49.302+0000] {logging_mixin.py:190} INFO - [2025-04-03T19:17:49.302+0000] {dagbag.py:588} INFO - Filling up the DagBag from /opt/airflow/dags/example_dag.py
[2025-04-03T19:17:49.314+0000] {processor.py:925} INFO - DAG(s) 'example_dag' retrieved from /opt/airflow/dags/example_dag.py
[2025-04-03T19:17:49.342+0000] {logging_mixin.py:190} INFO - [2025-04-03T19:17:49.342+0000] {dag.py:3239} INFO - Sync 1 DAGs
[2025-04-03T19:17:49.368+0000] {logging_mixin.py:190} INFO - [2025-04-03T19:17:49.368+0000] {dag.py:4180} INFO - Setting next_dagrun for example_dag to 2025-04-02 00:00:00+00:00, run_after=2025-04-03 00:00:00+00:00
[2025-04-03T19:17:49.388+0000] {processor.py:208} INFO - Processing /opt/airflow/dags/example_dag.py took 0.103 seconds
[2025-04-03T19:18:19.537+0000] {processor.py:186} INFO - Started process (PID=222) to work on /opt/airflow/dags/example_dag.py
[2025-04-03T19:18:19.540+0000] {processor.py:914} INFO - Processing file /opt/airflow/dags/example_dag.py for tasks to queue
[2025-04-03T19:18:19.544+0000] {logging_mixin.py:190} INFO - [2025-04-03T19:18:19.543+0000] {dagbag.py:588} INFO - Filling up the DagBag from /opt/airflow/dags/example_dag.py
[2025-04-03T19:18:19.558+0000] {processor.py:925} INFO - DAG(s) 'example_dag' retrieved from /opt/airflow/dags/example_dag.py
[2025-04-03T19:18:19.592+0000] {logging_mixin.py:190} INFO - [2025-04-03T19:18:19.592+0000] {dag.py:3239} INFO - Sync 1 DAGs
[2025-04-03T19:18:19.618+0000] {logging_mixin.py:190} INFO - [2025-04-03T19:18:19.618+0000] {dag.py:4180} INFO - Setting next_dagrun for example_dag to 2025-04-02 00:00:00+00:00, run_after=2025-04-03 00:00:00+00:00
[2025-04-03T19:18:19.637+0000] {processor.py:208} INFO - Processing /opt/airflow/dags/example_dag.py took 0.109 seconds
[2025-04-03T19:18:49.801+0000] {processor.py:186} INFO - Started process (PID=227) to work on /opt/airflow/dags/example_dag.py
[2025-04-03T19:18:49.804+0000] {processor.py:914} INFO - Processing file /opt/airflow/dags/example_dag.py for tasks to queue
[2025-04-03T19:18:49.808+0000] {logging_mixin.py:190} INFO - [2025-04-03T19:18:49.807+0000] {dagbag.py:588} INFO - Filling up the DagBag from /opt/airflow/dags/example_dag.py
[2025-04-03T19:18:49.822+0000] {processor.py:925} INFO - DAG(s) 'example_dag' retrieved from /opt/airflow/dags/example_dag.py
[2025-04-03T19:18:49.852+0000] {logging_mixin.py:190} INFO - [2025-04-03T19:18:49.852+0000] {dag.py:3239} INFO - Sync 1 DAGs
[2025-04-03T19:18:49.879+0000] {logging_mixin.py:190} INFO - [2025-04-03T19:18:49.878+0000] {dag.py:4180} INFO - Setting next_dagrun for example_dag to 2025-04-02 00:00:00+00:00, run_after=2025-04-03 00:00:00+00:00
[2025-04-03T19:18:49.896+0000] {processor.py:208} INFO - Processing /opt/airflow/dags/example_dag.py took 0.105 seconds
[2025-04-03T19:19:20.097+0000] {processor.py:186} INFO - Started process (PID=232) to work on /opt/airflow/dags/example_dag.py
[2025-04-03T19:19:20.100+0000] {processor.py:914} INFO - Processing file /opt/airflow/dags/example_dag.py for tasks to queue
[2025-04-03T19:19:20.111+0000] {logging_mixin.py:190} INFO - [2025-04-03T19:19:20.110+0000] {dagbag.py:588} INFO - Filling up the DagBag from /opt/airflow/dags/example_dag.py
[2025-04-03T19:19:20.152+0000] {processor.py:925} INFO - DAG(s) 'example_dag' retrieved from /opt/airflow/dags/example_dag.py
[2025-04-03T19:19:20.214+0000] {logging_mixin.py:190} INFO - [2025-04-03T19:19:20.213+0000] {dag.py:3239} INFO - Sync 1 DAGs
[2025-04-03T19:19:20.260+0000] {logging_mixin.py:190} INFO - [2025-04-03T19:19:20.260+0000] {dag.py:4180} INFO - Setting next_dagrun for example_dag to 2025-04-02 00:00:00+00:00, run_after=2025-04-03 00:00:00+00:00
[2025-04-03T19:19:20.286+0000] {processor.py:208} INFO - Processing /opt/airflow/dags/example_dag.py took 0.205 seconds
[2025-04-03T19:19:50.384+0000] {processor.py:186} INFO - Started process (PID=237) to work on /opt/airflow/dags/example_dag.py
[2025-04-03T19:19:50.387+0000] {processor.py:914} INFO - Processing file /opt/airflow/dags/example_dag.py for tasks to queue
[2025-04-03T19:19:50.390+0000] {logging_mixin.py:190} INFO - [2025-04-03T19:19:50.390+0000] {dagbag.py:588} INFO - Filling up the DagBag from /opt/airflow/dags/example_dag.py
[2025-04-03T19:19:50.402+0000] {processor.py:925} INFO - DAG(s) 'example_dag' retrieved from /opt/airflow/dags/example_dag.py
[2025-04-03T19:19:50.437+0000] {logging_mixin.py:190} INFO - [2025-04-03T19:19:50.436+0000] {dag.py:3239} INFO - Sync 1 DAGs
[2025-04-03T19:19:50.475+0000] {logging_mixin.py:190} INFO - [2025-04-03T19:19:50.474+0000] {dag.py:4180} INFO - Setting next_dagrun for example_dag to 2025-04-02 00:00:00+00:00, run_after=2025-04-03 00:00:00+00:00
[2025-04-03T19:19:50.498+0000] {processor.py:208} INFO - Processing /opt/airflow/dags/example_dag.py took 0.122 seconds
[2025-04-03T19:20:20.702+0000] {processor.py:186} INFO - Started process (PID=242) to work on /opt/airflow/dags/example_dag.py
[2025-04-03T19:20:20.703+0000] {processor.py:914} INFO - Processing file /opt/airflow/dags/example_dag.py for tasks to queue
[2025-04-03T19:20:20.706+0000] {logging_mixin.py:190} INFO - [2025-04-03T19:20:20.706+0000] {dagbag.py:588} INFO - Filling up the DagBag from /opt/airflow/dags/example_dag.py
[2025-04-03T19:20:20.719+0000] {processor.py:925} INFO - DAG(s) 'example_dag' retrieved from /opt/airflow/dags/example_dag.py
[2025-04-03T19:20:20.747+0000] {logging_mixin.py:190} INFO - [2025-04-03T19:20:20.747+0000] {dag.py:3239} INFO - Sync 1 DAGs
[2025-04-03T19:20:20.772+0000] {logging_mixin.py:190} INFO - [2025-04-03T19:20:20.771+0000] {dag.py:4180} INFO - Setting next_dagrun for example_dag to 2025-04-02 00:00:00+00:00, run_after=2025-04-03 00:00:00+00:00
[2025-04-03T19:20:20.792+0000] {processor.py:208} INFO - Processing /opt/airflow/dags/example_dag.py took 0.097 seconds
[2025-04-03T19:20:51.177+0000] {processor.py:186} INFO - Started process (PID=247) to work on /opt/airflow/dags/example_dag.py
[2025-04-03T19:20:51.182+0000] {processor.py:914} INFO - Processing file /opt/airflow/dags/example_dag.py for tasks to queue
[2025-04-03T19:20:51.190+0000] {logging_mixin.py:190} INFO - [2025-04-03T19:20:51.189+0000] {dagbag.py:588} INFO - Filling up the DagBag from /opt/airflow/dags/example_dag.py
[2025-04-03T19:20:51.221+0000] {processor.py:925} INFO - DAG(s) 'example_dag' retrieved from /opt/airflow/dags/example_dag.py
[2025-04-03T19:20:51.297+0000] {logging_mixin.py:190} INFO - [2025-04-03T19:20:51.296+0000] {dag.py:3239} INFO - Sync 1 DAGs
[2025-04-03T19:20:51.375+0000] {logging_mixin.py:190} INFO - [2025-04-03T19:20:51.375+0000] {dag.py:4180} INFO - Setting next_dagrun for example_dag to 2025-04-02 00:00:00+00:00, run_after=2025-04-03 00:00:00+00:00
[2025-04-03T19:20:51.442+0000] {processor.py:208} INFO - Processing /opt/airflow/dags/example_dag.py took 0.284 seconds
[2025-04-03T19:21:21.728+0000] {processor.py:186} INFO - Started process (PID=252) to work on /opt/airflow/dags/example_dag.py
[2025-04-03T19:21:21.730+0000] {processor.py:914} INFO - Processing file /opt/airflow/dags/example_dag.py for tasks to queue
[2025-04-03T19:21:21.734+0000] {logging_mixin.py:190} INFO - [2025-04-03T19:21:21.733+0000] {dagbag.py:588} INFO - Filling up the DagBag from /opt/airflow/dags/example_dag.py
[2025-04-03T19:21:21.747+0000] {processor.py:925} INFO - DAG(s) 'example_dag' retrieved from /opt/airflow/dags/example_dag.py
[2025-04-03T19:21:21.779+0000] {logging_mixin.py:190} INFO - [2025-04-03T19:21:21.779+0000] {dag.py:3239} INFO - Sync 1 DAGs
[2025-04-03T19:21:21.805+0000] {logging_mixin.py:190} INFO - [2025-04-03T19:21:21.805+0000] {dag.py:4180} INFO - Setting next_dagrun for example_dag to 2025-04-02 00:00:00+00:00, run_after=2025-04-03 00:00:00+00:00
[2025-04-03T19:21:21.824+0000] {processor.py:208} INFO - Processing /opt/airflow/dags/example_dag.py took 0.104 seconds
[2025-04-03T19:21:51.984+0000] {processor.py:186} INFO - Started process (PID=257) to work on /opt/airflow/dags/example_dag.py
[2025-04-03T19:21:51.987+0000] {processor.py:914} INFO - Processing file /opt/airflow/dags/example_dag.py for tasks to queue
[2025-04-03T19:21:51.994+0000] {logging_mixin.py:190} INFO - [2025-04-03T19:21:51.993+0000] {dagbag.py:588} INFO - Filling up the DagBag from /opt/airflow/dags/example_dag.py
[2025-04-03T19:21:52.022+0000] {processor.py:925} INFO - DAG(s) 'example_dag' retrieved from /opt/airflow/dags/example_dag.py
[2025-04-03T19:21:52.077+0000] {logging_mixin.py:190} INFO - [2025-04-03T19:21:52.076+0000] {dag.py:3239} INFO - Sync 1 DAGs
[2025-04-03T19:21:52.125+0000] {logging_mixin.py:190} INFO - [2025-04-03T19:21:52.125+0000] {dag.py:4180} INFO - Setting next_dagrun for example_dag to 2025-04-02 00:00:00+00:00, run_after=2025-04-03 00:00:00+00:00
[2025-04-03T19:21:52.148+0000] {processor.py:208} INFO - Processing /opt/airflow/dags/example_dag.py took 0.182 seconds
[2025-04-03T19:22:22.226+0000] {processor.py:186} INFO - Started process (PID=262) to work on /opt/airflow/dags/example_dag.py
[2025-04-03T19:22:22.228+0000] {processor.py:914} INFO - Processing file /opt/airflow/dags/example_dag.py for tasks to queue
[2025-04-03T19:22:22.231+0000] {logging_mixin.py:190} INFO - [2025-04-03T19:22:22.231+0000] {dagbag.py:588} INFO - Filling up the DagBag from /opt/airflow/dags/example_dag.py
[2025-04-03T19:22:22.248+0000] {processor.py:925} INFO - DAG(s) 'example_dag' retrieved from /opt/airflow/dags/example_dag.py
[2025-04-03T19:22:22.280+0000] {logging_mixin.py:190} INFO - [2025-04-03T19:22:22.279+0000] {dag.py:3239} INFO - Sync 1 DAGs
[2025-04-03T19:22:22.307+0000] {logging_mixin.py:190} INFO - [2025-04-03T19:22:22.307+0000] {dag.py:4180} INFO - Setting next_dagrun for example_dag to 2025-04-02 00:00:00+00:00, run_after=2025-04-03 00:00:00+00:00
[2025-04-03T19:22:22.325+0000] {processor.py:208} INFO - Processing /opt/airflow/dags/example_dag.py took 0.109 seconds
[2025-04-03T19:22:52.573+0000] {processor.py:186} INFO - Started process (PID=267) to work on /opt/airflow/dags/example_dag.py
[2025-04-03T19:22:52.576+0000] {processor.py:914} INFO - Processing file /opt/airflow/dags/example_dag.py for tasks to queue
[2025-04-03T19:22:52.580+0000] {logging_mixin.py:190} INFO - [2025-04-03T19:22:52.580+0000] {dagbag.py:588} INFO - Filling up the DagBag from /opt/airflow/dags/example_dag.py
[2025-04-03T19:22:52.593+0000] {processor.py:925} INFO - DAG(s) 'example_dag' retrieved from /opt/airflow/dags/example_dag.py
[2025-04-03T19:22:52.624+0000] {logging_mixin.py:190} INFO - [2025-04-03T19:22:52.624+0000] {dag.py:3239} INFO - Sync 1 DAGs
[2025-04-03T19:22:52.651+0000] {logging_mixin.py:190} INFO - [2025-04-03T19:22:52.651+0000] {dag.py:4180} INFO - Setting next_dagrun for example_dag to 2025-04-02 00:00:00+00:00, run_after=2025-04-03 00:00:00+00:00
[2025-04-03T19:22:52.671+0000] {processor.py:208} INFO - Processing /opt/airflow/dags/example_dag.py took 0.106 seconds
[2025-04-03T19:23:22.808+0000] {processor.py:186} INFO - Started process (PID=272) to work on /opt/airflow/dags/example_dag.py
[2025-04-03T19:23:22.810+0000] {processor.py:914} INFO - Processing file /opt/airflow/dags/example_dag.py for tasks to queue
[2025-04-03T19:23:22.814+0000] {logging_mixin.py:190} INFO - [2025-04-03T19:23:22.813+0000] {dagbag.py:588} INFO - Filling up the DagBag from /opt/airflow/dags/example_dag.py
[2025-04-03T19:23:22.828+0000] {processor.py:925} INFO - DAG(s) 'example_dag' retrieved from /opt/airflow/dags/example_dag.py
[2025-04-03T19:23:22.864+0000] {logging_mixin.py:190} INFO - [2025-04-03T19:23:22.864+0000] {dag.py:3239} INFO - Sync 1 DAGs
[2025-04-03T19:23:22.890+0000] {logging_mixin.py:190} INFO - [2025-04-03T19:23:22.890+0000] {dag.py:4180} INFO - Setting next_dagrun for example_dag to 2025-04-02 00:00:00+00:00, run_after=2025-04-03 00:00:00+00:00
[2025-04-03T19:23:22.912+0000] {processor.py:208} INFO - Processing /opt/airflow/dags/example_dag.py took 0.113 seconds
[2025-04-03T19:23:53.090+0000] {processor.py:186} INFO - Started process (PID=277) to work on /opt/airflow/dags/example_dag.py
[2025-04-03T19:23:53.093+0000] {processor.py:914} INFO - Processing file /opt/airflow/dags/example_dag.py for tasks to queue
[2025-04-03T19:23:53.096+0000] {logging_mixin.py:190} INFO - [2025-04-03T19:23:53.095+0000] {dagbag.py:588} INFO - Filling up the DagBag from /opt/airflow/dags/example_dag.py
[2025-04-03T19:23:53.108+0000] {processor.py:925} INFO - DAG(s) 'example_dag' retrieved from /opt/airflow/dags/example_dag.py
[2025-04-03T19:23:53.137+0000] {logging_mixin.py:190} INFO - [2025-04-03T19:23:53.137+0000] {dag.py:3239} INFO - Sync 1 DAGs
[2025-04-03T19:23:53.167+0000] {logging_mixin.py:190} INFO - [2025-04-03T19:23:53.167+0000] {dag.py:4180} INFO - Setting next_dagrun for example_dag to 2025-04-02 00:00:00+00:00, run_after=2025-04-03 00:00:00+00:00
[2025-04-03T19:23:53.198+0000] {processor.py:208} INFO - Processing /opt/airflow/dags/example_dag.py took 0.115 seconds
[2025-04-03T19:24:24.148+0000] {processor.py:186} INFO - Started process (PID=282) to work on /opt/airflow/dags/example_dag.py
[2025-04-03T19:24:24.152+0000] {processor.py:914} INFO - Processing file /opt/airflow/dags/example_dag.py for tasks to queue
[2025-04-03T19:24:24.168+0000] {logging_mixin.py:190} INFO - [2025-04-03T19:24:24.166+0000] {dagbag.py:588} INFO - Filling up the DagBag from /opt/airflow/dags/example_dag.py
[2025-04-03T19:24:24.229+0000] {processor.py:925} INFO - DAG(s) 'example_dag' retrieved from /opt/airflow/dags/example_dag.py
[2025-04-03T19:24:24.334+0000] {logging_mixin.py:190} INFO - [2025-04-03T19:24:24.333+0000] {dag.py:3239} INFO - Sync 1 DAGs
[2025-04-03T19:24:24.383+0000] {logging_mixin.py:190} INFO - [2025-04-03T19:24:24.383+0000] {dag.py:4180} INFO - Setting next_dagrun for example_dag to 2025-04-02 00:00:00+00:00, run_after=2025-04-03 00:00:00+00:00
[2025-04-03T19:24:24.411+0000] {processor.py:208} INFO - Processing /opt/airflow/dags/example_dag.py took 0.292 seconds
[2025-04-03T19:24:54.486+0000] {processor.py:186} INFO - Started process (PID=287) to work on /opt/airflow/dags/example_dag.py
[2025-04-03T19:24:54.490+0000] {processor.py:914} INFO - Processing file /opt/airflow/dags/example_dag.py for tasks to queue
[2025-04-03T19:24:54.493+0000] {logging_mixin.py:190} INFO - [2025-04-03T19:24:54.493+0000] {dagbag.py:588} INFO - Filling up the DagBag from /opt/airflow/dags/example_dag.py
[2025-04-03T19:24:54.509+0000] {processor.py:925} INFO - DAG(s) 'example_dag' retrieved from /opt/airflow/dags/example_dag.py
[2025-04-03T19:24:54.558+0000] {logging_mixin.py:190} INFO - [2025-04-03T19:24:54.557+0000] {dag.py:3239} INFO - Sync 1 DAGs
[2025-04-03T19:24:54.594+0000] {logging_mixin.py:190} INFO - [2025-04-03T19:24:54.593+0000] {dag.py:4180} INFO - Setting next_dagrun for example_dag to 2025-04-02 00:00:00+00:00, run_after=2025-04-03 00:00:00+00:00
[2025-04-03T19:24:54.614+0000] {processor.py:208} INFO - Processing /opt/airflow/dags/example_dag.py took 0.138 seconds
[2025-04-03T19:25:24.783+0000] {processor.py:186} INFO - Started process (PID=292) to work on /opt/airflow/dags/example_dag.py
[2025-04-03T19:25:24.785+0000] {processor.py:914} INFO - Processing file /opt/airflow/dags/example_dag.py for tasks to queue
[2025-04-03T19:25:24.788+0000] {logging_mixin.py:190} INFO - [2025-04-03T19:25:24.788+0000] {dagbag.py:588} INFO - Filling up the DagBag from /opt/airflow/dags/example_dag.py
[2025-04-03T19:25:24.801+0000] {processor.py:925} INFO - DAG(s) 'example_dag' retrieved from /opt/airflow/dags/example_dag.py
[2025-04-03T19:25:24.831+0000] {logging_mixin.py:190} INFO - [2025-04-03T19:25:24.830+0000] {dag.py:3239} INFO - Sync 1 DAGs
[2025-04-03T19:25:24.855+0000] {logging_mixin.py:190} INFO - [2025-04-03T19:25:24.855+0000] {dag.py:4180} INFO - Setting next_dagrun for example_dag to 2025-04-02 00:00:00+00:00, run_after=2025-04-03 00:00:00+00:00
[2025-04-03T19:25:24.873+0000] {processor.py:208} INFO - Processing /opt/airflow/dags/example_dag.py took 0.099 seconds
[2025-04-03T19:25:55.726+0000] {processor.py:186} INFO - Started process (PID=297) to work on /opt/airflow/dags/example_dag.py
[2025-04-03T19:25:55.728+0000] {processor.py:914} INFO - Processing file /opt/airflow/dags/example_dag.py for tasks to queue
[2025-04-03T19:25:55.731+0000] {logging_mixin.py:190} INFO - [2025-04-03T19:25:55.731+0000] {dagbag.py:588} INFO - Filling up the DagBag from /opt/airflow/dags/example_dag.py
[2025-04-03T19:25:55.744+0000] {processor.py:925} INFO - DAG(s) 'example_dag' retrieved from /opt/airflow/dags/example_dag.py
[2025-04-03T19:25:55.774+0000] {logging_mixin.py:190} INFO - [2025-04-03T19:25:55.774+0000] {dag.py:3239} INFO - Sync 1 DAGs
[2025-04-03T19:25:55.799+0000] {logging_mixin.py:190} INFO - [2025-04-03T19:25:55.798+0000] {dag.py:4180} INFO - Setting next_dagrun for example_dag to 2025-04-02 00:00:00+00:00, run_after=2025-04-03 00:00:00+00:00
[2025-04-03T19:25:55.816+0000] {processor.py:208} INFO - Processing /opt/airflow/dags/example_dag.py took 0.100 seconds
[2025-04-03T19:26:26.276+0000] {processor.py:186} INFO - Started process (PID=302) to work on /opt/airflow/dags/example_dag.py
[2025-04-03T19:26:26.278+0000] {processor.py:914} INFO - Processing file /opt/airflow/dags/example_dag.py for tasks to queue
[2025-04-03T19:26:26.281+0000] {logging_mixin.py:190} INFO - [2025-04-03T19:26:26.281+0000] {dagbag.py:588} INFO - Filling up the DagBag from /opt/airflow/dags/example_dag.py
[2025-04-03T19:26:26.295+0000] {processor.py:925} INFO - DAG(s) 'example_dag' retrieved from /opt/airflow/dags/example_dag.py
[2025-04-03T19:26:26.328+0000] {logging_mixin.py:190} INFO - [2025-04-03T19:26:26.327+0000] {dag.py:3239} INFO - Sync 1 DAGs
[2025-04-03T19:26:26.356+0000] {logging_mixin.py:190} INFO - [2025-04-03T19:26:26.355+0000] {dag.py:4180} INFO - Setting next_dagrun for example_dag to 2025-04-02 00:00:00+00:00, run_after=2025-04-03 00:00:00+00:00
[2025-04-03T19:26:26.376+0000] {processor.py:208} INFO - Processing /opt/airflow/dags/example_dag.py took 0.108 seconds
[2025-04-03T19:26:56.509+0000] {processor.py:186} INFO - Started process (PID=307) to work on /opt/airflow/dags/example_dag.py
[2025-04-03T19:26:56.513+0000] {processor.py:914} INFO - Processing file /opt/airflow/dags/example_dag.py for tasks to queue
[2025-04-03T19:26:56.517+0000] {logging_mixin.py:190} INFO - [2025-04-03T19:26:56.516+0000] {dagbag.py:588} INFO - Filling up the DagBag from /opt/airflow/dags/example_dag.py
[2025-04-03T19:26:56.529+0000] {processor.py:925} INFO - DAG(s) 'example_dag' retrieved from /opt/airflow/dags/example_dag.py
[2025-04-03T19:26:56.563+0000] {logging_mixin.py:190} INFO - [2025-04-03T19:26:56.562+0000] {dag.py:3239} INFO - Sync 1 DAGs
[2025-04-03T19:26:56.589+0000] {logging_mixin.py:190} INFO - [2025-04-03T19:26:56.588+0000] {dag.py:4180} INFO - Setting next_dagrun for example_dag to 2025-04-02 00:00:00+00:00, run_after=2025-04-03 00:00:00+00:00
[2025-04-03T19:26:56.610+0000] {processor.py:208} INFO - Processing /opt/airflow/dags/example_dag.py took 0.111 seconds
[2025-04-03T19:27:26.757+0000] {processor.py:186} INFO - Started process (PID=312) to work on /opt/airflow/dags/example_dag.py
[2025-04-03T19:27:26.759+0000] {processor.py:914} INFO - Processing file /opt/airflow/dags/example_dag.py for tasks to queue
[2025-04-03T19:27:26.763+0000] {logging_mixin.py:190} INFO - [2025-04-03T19:27:26.763+0000] {dagbag.py:588} INFO - Filling up the DagBag from /opt/airflow/dags/example_dag.py
[2025-04-03T19:27:26.778+0000] {processor.py:925} INFO - DAG(s) 'example_dag' retrieved from /opt/airflow/dags/example_dag.py
[2025-04-03T19:27:26.817+0000] {logging_mixin.py:190} INFO - [2025-04-03T19:27:26.816+0000] {dag.py:3239} INFO - Sync 1 DAGs
[2025-04-03T19:27:26.851+0000] {logging_mixin.py:190} INFO - [2025-04-03T19:27:26.851+0000] {dag.py:4180} INFO - Setting next_dagrun for example_dag to 2025-04-02 00:00:00+00:00, run_after=2025-04-03 00:00:00+00:00
[2025-04-03T19:27:26.875+0000] {processor.py:208} INFO - Processing /opt/airflow/dags/example_dag.py took 0.127 seconds
[2025-04-03T19:27:57.079+0000] {processor.py:186} INFO - Started process (PID=317) to work on /opt/airflow/dags/example_dag.py
[2025-04-03T19:27:57.083+0000] {processor.py:914} INFO - Processing file /opt/airflow/dags/example_dag.py for tasks to queue
[2025-04-03T19:27:57.090+0000] {logging_mixin.py:190} INFO - [2025-04-03T19:27:57.089+0000] {dagbag.py:588} INFO - Filling up the DagBag from /opt/airflow/dags/example_dag.py
[2025-04-03T19:27:57.104+0000] {processor.py:925} INFO - DAG(s) 'example_dag' retrieved from /opt/airflow/dags/example_dag.py
[2025-04-03T19:27:57.134+0000] {logging_mixin.py:190} INFO - [2025-04-03T19:27:57.134+0000] {dag.py:3239} INFO - Sync 1 DAGs
[2025-04-03T19:27:57.161+0000] {logging_mixin.py:190} INFO - [2025-04-03T19:27:57.161+0000] {dag.py:4180} INFO - Setting next_dagrun for example_dag to 2025-04-02 00:00:00+00:00, run_after=2025-04-03 00:00:00+00:00
[2025-04-03T19:27:57.179+0000] {processor.py:208} INFO - Processing /opt/airflow/dags/example_dag.py took 0.109 seconds
[2025-04-03T19:28:27.293+0000] {processor.py:186} INFO - Started process (PID=322) to work on /opt/airflow/dags/example_dag.py
[2025-04-03T19:28:27.295+0000] {processor.py:914} INFO - Processing file /opt/airflow/dags/example_dag.py for tasks to queue
[2025-04-03T19:28:27.299+0000] {logging_mixin.py:190} INFO - [2025-04-03T19:28:27.298+0000] {dagbag.py:588} INFO - Filling up the DagBag from /opt/airflow/dags/example_dag.py
[2025-04-03T19:28:27.314+0000] {processor.py:925} INFO - DAG(s) 'example_dag' retrieved from /opt/airflow/dags/example_dag.py
[2025-04-03T19:28:27.345+0000] {logging_mixin.py:190} INFO - [2025-04-03T19:28:27.345+0000] {dag.py:3239} INFO - Sync 1 DAGs
[2025-04-03T19:28:27.372+0000] {logging_mixin.py:190} INFO - [2025-04-03T19:28:27.372+0000] {dag.py:4180} INFO - Setting next_dagrun for example_dag to 2025-04-02 00:00:00+00:00, run_after=2025-04-03 00:00:00+00:00
[2025-04-03T19:28:27.395+0000] {processor.py:208} INFO - Processing /opt/airflow/dags/example_dag.py took 0.111 seconds
[2025-04-03T19:28:57.574+0000] {processor.py:186} INFO - Started process (PID=327) to work on /opt/airflow/dags/example_dag.py
[2025-04-03T19:28:57.577+0000] {processor.py:914} INFO - Processing file /opt/airflow/dags/example_dag.py for tasks to queue
[2025-04-03T19:28:57.581+0000] {logging_mixin.py:190} INFO - [2025-04-03T19:28:57.580+0000] {dagbag.py:588} INFO - Filling up the DagBag from /opt/airflow/dags/example_dag.py
[2025-04-03T19:28:57.595+0000] {processor.py:925} INFO - DAG(s) 'example_dag' retrieved from /opt/airflow/dags/example_dag.py
[2025-04-03T19:28:57.631+0000] {logging_mixin.py:190} INFO - [2025-04-03T19:28:57.630+0000] {dag.py:3239} INFO - Sync 1 DAGs
[2025-04-03T19:28:57.658+0000] {logging_mixin.py:190} INFO - [2025-04-03T19:28:57.658+0000] {dag.py:4180} INFO - Setting next_dagrun for example_dag to 2025-04-02 00:00:00+00:00, run_after=2025-04-03 00:00:00+00:00
[2025-04-03T19:28:57.677+0000] {processor.py:208} INFO - Processing /opt/airflow/dags/example_dag.py took 0.112 seconds
[2025-04-03T19:29:27.828+0000] {processor.py:186} INFO - Started process (PID=332) to work on /opt/airflow/dags/example_dag.py
[2025-04-03T19:29:27.831+0000] {processor.py:914} INFO - Processing file /opt/airflow/dags/example_dag.py for tasks to queue
[2025-04-03T19:29:27.835+0000] {logging_mixin.py:190} INFO - [2025-04-03T19:29:27.834+0000] {dagbag.py:588} INFO - Filling up the DagBag from /opt/airflow/dags/example_dag.py
[2025-04-03T19:29:27.851+0000] {processor.py:925} INFO - DAG(s) 'example_dag' retrieved from /opt/airflow/dags/example_dag.py
[2025-04-03T19:29:27.886+0000] {logging_mixin.py:190} INFO - [2025-04-03T19:29:27.885+0000] {dag.py:3239} INFO - Sync 1 DAGs
[2025-04-03T19:29:27.914+0000] {logging_mixin.py:190} INFO - [2025-04-03T19:29:27.914+0000] {dag.py:4180} INFO - Setting next_dagrun for example_dag to 2025-04-02 00:00:00+00:00, run_after=2025-04-03 00:00:00+00:00
[2025-04-03T19:29:27.936+0000] {processor.py:208} INFO - Processing /opt/airflow/dags/example_dag.py took 0.117 seconds
[2025-04-03T19:29:58.054+0000] {processor.py:186} INFO - Started process (PID=337) to work on /opt/airflow/dags/example_dag.py
[2025-04-03T19:29:58.057+0000] {processor.py:914} INFO - Processing file /opt/airflow/dags/example_dag.py for tasks to queue
[2025-04-03T19:29:58.060+0000] {logging_mixin.py:190} INFO - [2025-04-03T19:29:58.060+0000] {dagbag.py:588} INFO - Filling up the DagBag from /opt/airflow/dags/example_dag.py
[2025-04-03T19:29:58.074+0000] {processor.py:925} INFO - DAG(s) 'example_dag' retrieved from /opt/airflow/dags/example_dag.py
[2025-04-03T19:29:58.111+0000] {logging_mixin.py:190} INFO - [2025-04-03T19:29:58.111+0000] {dag.py:3239} INFO - Sync 1 DAGs
[2025-04-03T19:29:58.149+0000] {logging_mixin.py:190} INFO - [2025-04-03T19:29:58.148+0000] {dag.py:4180} INFO - Setting next_dagrun for example_dag to 2025-04-02 00:00:00+00:00, run_after=2025-04-03 00:00:00+00:00
[2025-04-03T19:29:58.176+0000] {processor.py:208} INFO - Processing /opt/airflow/dags/example_dag.py took 0.132 seconds
[2025-04-03T19:30:28.355+0000] {processor.py:186} INFO - Started process (PID=342) to work on /opt/airflow/dags/example_dag.py
[2025-04-03T19:30:28.358+0000] {processor.py:914} INFO - Processing file /opt/airflow/dags/example_dag.py for tasks to queue
[2025-04-03T19:30:28.361+0000] {logging_mixin.py:190} INFO - [2025-04-03T19:30:28.361+0000] {dagbag.py:588} INFO - Filling up the DagBag from /opt/airflow/dags/example_dag.py
[2025-04-03T19:30:28.376+0000] {processor.py:925} INFO - DAG(s) 'example_dag' retrieved from /opt/airflow/dags/example_dag.py
[2025-04-03T19:30:28.409+0000] {logging_mixin.py:190} INFO - [2025-04-03T19:30:28.409+0000] {dag.py:3239} INFO - Sync 1 DAGs
[2025-04-03T19:30:28.435+0000] {logging_mixin.py:190} INFO - [2025-04-03T19:30:28.435+0000] {dag.py:4180} INFO - Setting next_dagrun for example_dag to 2025-04-02 00:00:00+00:00, run_after=2025-04-03 00:00:00+00:00
[2025-04-03T19:30:28.455+0000] {processor.py:208} INFO - Processing /opt/airflow/dags/example_dag.py took 0.109 seconds
[2025-04-03T19:30:58.579+0000] {processor.py:186} INFO - Started process (PID=347) to work on /opt/airflow/dags/example_dag.py
[2025-04-03T19:30:58.581+0000] {processor.py:914} INFO - Processing file /opt/airflow/dags/example_dag.py for tasks to queue
[2025-04-03T19:30:58.585+0000] {logging_mixin.py:190} INFO - [2025-04-03T19:30:58.584+0000] {dagbag.py:588} INFO - Filling up the DagBag from /opt/airflow/dags/example_dag.py
[2025-04-03T19:30:58.598+0000] {processor.py:925} INFO - DAG(s) 'example_dag' retrieved from /opt/airflow/dags/example_dag.py
[2025-04-03T19:30:58.627+0000] {logging_mixin.py:190} INFO - [2025-04-03T19:30:58.626+0000] {dag.py:3239} INFO - Sync 1 DAGs
[2025-04-03T19:30:58.652+0000] {logging_mixin.py:190} INFO - [2025-04-03T19:30:58.652+0000] {dag.py:4180} INFO - Setting next_dagrun for example_dag to 2025-04-02 00:00:00+00:00, run_after=2025-04-03 00:00:00+00:00
[2025-04-03T19:30:58.670+0000] {processor.py:208} INFO - Processing /opt/airflow/dags/example_dag.py took 0.100 seconds
[2025-04-03T19:31:28.863+0000] {processor.py:186} INFO - Started process (PID=352) to work on /opt/airflow/dags/example_dag.py
[2025-04-03T19:31:28.865+0000] {processor.py:914} INFO - Processing file /opt/airflow/dags/example_dag.py for tasks to queue
[2025-04-03T19:31:28.868+0000] {logging_mixin.py:190} INFO - [2025-04-03T19:31:28.867+0000] {dagbag.py:588} INFO - Filling up the DagBag from /opt/airflow/dags/example_dag.py
[2025-04-03T19:31:28.879+0000] {processor.py:925} INFO - DAG(s) 'example_dag' retrieved from /opt/airflow/dags/example_dag.py
[2025-04-03T19:31:28.910+0000] {logging_mixin.py:190} INFO - [2025-04-03T19:31:28.910+0000] {dag.py:3239} INFO - Sync 1 DAGs
[2025-04-03T19:31:28.935+0000] {logging_mixin.py:190} INFO - [2025-04-03T19:31:28.935+0000] {dag.py:4180} INFO - Setting next_dagrun for example_dag to 2025-04-02 00:00:00+00:00, run_after=2025-04-03 00:00:00+00:00
[2025-04-03T19:31:28.953+0000] {processor.py:208} INFO - Processing /opt/airflow/dags/example_dag.py took 0.099 seconds
[2025-04-03T19:31:59.114+0000] {processor.py:186} INFO - Started process (PID=357) to work on /opt/airflow/dags/example_dag.py
[2025-04-03T19:31:59.116+0000] {processor.py:914} INFO - Processing file /opt/airflow/dags/example_dag.py for tasks to queue
[2025-04-03T19:31:59.121+0000] {logging_mixin.py:190} INFO - [2025-04-03T19:31:59.121+0000] {dagbag.py:588} INFO - Filling up the DagBag from /opt/airflow/dags/example_dag.py
[2025-04-03T19:31:59.135+0000] {processor.py:925} INFO - DAG(s) 'example_dag' retrieved from /opt/airflow/dags/example_dag.py
[2025-04-03T19:31:59.164+0000] {logging_mixin.py:190} INFO - [2025-04-03T19:31:59.163+0000] {dag.py:3239} INFO - Sync 1 DAGs
[2025-04-03T19:31:59.189+0000] {logging_mixin.py:190} INFO - [2025-04-03T19:31:59.189+0000] {dag.py:4180} INFO - Setting next_dagrun for example_dag to 2025-04-02 00:00:00+00:00, run_after=2025-04-03 00:00:00+00:00
[2025-04-03T19:31:59.209+0000] {processor.py:208} INFO - Processing /opt/airflow/dags/example_dag.py took 0.106 seconds
[2025-04-03T19:32:29.459+0000] {processor.py:186} INFO - Started process (PID=362) to work on /opt/airflow/dags/example_dag.py
[2025-04-03T19:32:29.463+0000] {processor.py:914} INFO - Processing file /opt/airflow/dags/example_dag.py for tasks to queue
[2025-04-03T19:32:29.467+0000] {logging_mixin.py:190} INFO - [2025-04-03T19:32:29.467+0000] {dagbag.py:588} INFO - Filling up the DagBag from /opt/airflow/dags/example_dag.py
[2025-04-03T19:32:29.485+0000] {processor.py:925} INFO - DAG(s) 'example_dag' retrieved from /opt/airflow/dags/example_dag.py
[2025-04-03T19:32:29.552+0000] {logging_mixin.py:190} INFO - [2025-04-03T19:32:29.552+0000] {dag.py:3239} INFO - Sync 1 DAGs
[2025-04-03T19:32:29.607+0000] {logging_mixin.py:190} INFO - [2025-04-03T19:32:29.606+0000] {dag.py:4180} INFO - Setting next_dagrun for example_dag to 2025-04-02 00:00:00+00:00, run_after=2025-04-03 00:00:00+00:00
[2025-04-03T19:32:29.647+0000] {processor.py:208} INFO - Processing /opt/airflow/dags/example_dag.py took 0.198 seconds
[2025-04-03T19:32:59.877+0000] {processor.py:186} INFO - Started process (PID=372) to work on /opt/airflow/dags/example_dag.py
[2025-04-03T19:32:59.879+0000] {processor.py:914} INFO - Processing file /opt/airflow/dags/example_dag.py for tasks to queue
[2025-04-03T19:32:59.883+0000] {logging_mixin.py:190} INFO - [2025-04-03T19:32:59.882+0000] {dagbag.py:588} INFO - Filling up the DagBag from /opt/airflow/dags/example_dag.py
[2025-04-03T19:32:59.897+0000] {processor.py:925} INFO - DAG(s) 'example_dag' retrieved from /opt/airflow/dags/example_dag.py
[2025-04-03T19:32:59.927+0000] {logging_mixin.py:190} INFO - [2025-04-03T19:32:59.927+0000] {dag.py:3239} INFO - Sync 1 DAGs
[2025-04-03T19:32:59.954+0000] {logging_mixin.py:190} INFO - [2025-04-03T19:32:59.954+0000] {dag.py:4180} INFO - Setting next_dagrun for example_dag to 2025-04-02 00:00:00+00:00, run_after=2025-04-03 00:00:00+00:00
[2025-04-03T19:32:59.973+0000] {processor.py:208} INFO - Processing /opt/airflow/dags/example_dag.py took 0.105 seconds
[2025-04-03T19:33:30.202+0000] {processor.py:186} INFO - Started process (PID=382) to work on /opt/airflow/dags/example_dag.py
[2025-04-03T19:33:30.204+0000] {processor.py:914} INFO - Processing file /opt/airflow/dags/example_dag.py for tasks to queue
[2025-04-03T19:33:30.208+0000] {logging_mixin.py:190} INFO - [2025-04-03T19:33:30.207+0000] {dagbag.py:588} INFO - Filling up the DagBag from /opt/airflow/dags/example_dag.py
[2025-04-03T19:33:30.225+0000] {processor.py:925} INFO - DAG(s) 'example_dag' retrieved from /opt/airflow/dags/example_dag.py
[2025-04-03T19:33:30.262+0000] {logging_mixin.py:190} INFO - [2025-04-03T19:33:30.262+0000] {dag.py:3239} INFO - Sync 1 DAGs
[2025-04-03T19:33:30.296+0000] {logging_mixin.py:190} INFO - [2025-04-03T19:33:30.296+0000] {dag.py:4180} INFO - Setting next_dagrun for example_dag to 2025-04-02 00:00:00+00:00, run_after=2025-04-03 00:00:00+00:00
[2025-04-03T19:33:30.320+0000] {processor.py:208} INFO - Processing /opt/airflow/dags/example_dag.py took 0.129 seconds
[2025-04-03T19:34:00.583+0000] {processor.py:186} INFO - Started process (PID=392) to work on /opt/airflow/dags/example_dag.py
[2025-04-03T19:34:00.586+0000] {processor.py:914} INFO - Processing file /opt/airflow/dags/example_dag.py for tasks to queue
[2025-04-03T19:34:00.590+0000] {logging_mixin.py:190} INFO - [2025-04-03T19:34:00.589+0000] {dagbag.py:588} INFO - Filling up the DagBag from /opt/airflow/dags/example_dag.py
[2025-04-03T19:34:00.607+0000] {processor.py:925} INFO - DAG(s) 'example_dag' retrieved from /opt/airflow/dags/example_dag.py
[2025-04-03T19:34:00.642+0000] {logging_mixin.py:190} INFO - [2025-04-03T19:34:00.641+0000] {dag.py:3239} INFO - Sync 1 DAGs
[2025-04-03T19:34:00.677+0000] {logging_mixin.py:190} INFO - [2025-04-03T19:34:00.676+0000] {dag.py:4180} INFO - Setting next_dagrun for example_dag to 2025-04-02 00:00:00+00:00, run_after=2025-04-03 00:00:00+00:00
[2025-04-03T19:34:00.700+0000] {processor.py:208} INFO - Processing /opt/airflow/dags/example_dag.py took 0.128 seconds
[2025-04-03T19:34:30.902+0000] {processor.py:186} INFO - Started process (PID=402) to work on /opt/airflow/dags/example_dag.py
[2025-04-03T19:34:30.905+0000] {processor.py:914} INFO - Processing file /opt/airflow/dags/example_dag.py for tasks to queue
[2025-04-03T19:34:30.908+0000] {logging_mixin.py:190} INFO - [2025-04-03T19:34:30.908+0000] {dagbag.py:588} INFO - Filling up the DagBag from /opt/airflow/dags/example_dag.py
[2025-04-03T19:34:30.920+0000] {processor.py:925} INFO - DAG(s) 'example_dag' retrieved from /opt/airflow/dags/example_dag.py
[2025-04-03T19:34:30.950+0000] {logging_mixin.py:190} INFO - [2025-04-03T19:34:30.949+0000] {dag.py:3239} INFO - Sync 1 DAGs
[2025-04-03T19:34:30.975+0000] {logging_mixin.py:190} INFO - [2025-04-03T19:34:30.975+0000] {dag.py:4180} INFO - Setting next_dagrun for example_dag to 2025-04-02 00:00:00+00:00, run_after=2025-04-03 00:00:00+00:00
[2025-04-03T19:34:30.992+0000] {processor.py:208} INFO - Processing /opt/airflow/dags/example_dag.py took 0.100 seconds
[2025-04-03T19:35:01.229+0000] {processor.py:186} INFO - Started process (PID=412) to work on /opt/airflow/dags/example_dag.py
[2025-04-03T19:35:01.231+0000] {processor.py:914} INFO - Processing file /opt/airflow/dags/example_dag.py for tasks to queue
[2025-04-03T19:35:01.235+0000] {logging_mixin.py:190} INFO - [2025-04-03T19:35:01.234+0000] {dagbag.py:588} INFO - Filling up the DagBag from /opt/airflow/dags/example_dag.py
[2025-04-03T19:35:01.248+0000] {processor.py:925} INFO - DAG(s) 'example_dag' retrieved from /opt/airflow/dags/example_dag.py
[2025-04-03T19:35:01.282+0000] {logging_mixin.py:190} INFO - [2025-04-03T19:35:01.281+0000] {dag.py:3239} INFO - Sync 1 DAGs
[2025-04-03T19:35:01.308+0000] {logging_mixin.py:190} INFO - [2025-04-03T19:35:01.308+0000] {dag.py:4180} INFO - Setting next_dagrun for example_dag to 2025-04-02 00:00:00+00:00, run_after=2025-04-03 00:00:00+00:00
[2025-04-03T19:35:01.331+0000] {processor.py:208} INFO - Processing /opt/airflow/dags/example_dag.py took 0.112 seconds
[2025-04-03T19:35:31.608+0000] {processor.py:186} INFO - Started process (PID=422) to work on /opt/airflow/dags/example_dag.py
[2025-04-03T19:35:31.611+0000] {processor.py:914} INFO - Processing file /opt/airflow/dags/example_dag.py for tasks to queue
[2025-04-03T19:35:31.617+0000] {logging_mixin.py:190} INFO - [2025-04-03T19:35:31.616+0000] {dagbag.py:588} INFO - Filling up the DagBag from /opt/airflow/dags/example_dag.py
[2025-04-03T19:35:31.642+0000] {processor.py:925} INFO - DAG(s) 'example_dag' retrieved from /opt/airflow/dags/example_dag.py
[2025-04-03T19:35:31.694+0000] {logging_mixin.py:190} INFO - [2025-04-03T19:35:31.693+0000] {dag.py:3239} INFO - Sync 1 DAGs
[2025-04-03T19:35:31.727+0000] {logging_mixin.py:190} INFO - [2025-04-03T19:35:31.727+0000] {dag.py:4180} INFO - Setting next_dagrun for example_dag to 2025-04-02 00:00:00+00:00, run_after=2025-04-03 00:00:00+00:00
[2025-04-03T19:35:31.750+0000] {processor.py:208} INFO - Processing /opt/airflow/dags/example_dag.py took 0.160 seconds
[2025-04-03T19:36:02.008+0000] {processor.py:186} INFO - Started process (PID=432) to work on /opt/airflow/dags/example_dag.py
[2025-04-03T19:36:02.011+0000] {processor.py:914} INFO - Processing file /opt/airflow/dags/example_dag.py for tasks to queue
[2025-04-03T19:36:02.014+0000] {logging_mixin.py:190} INFO - [2025-04-03T19:36:02.014+0000] {dagbag.py:588} INFO - Filling up the DagBag from /opt/airflow/dags/example_dag.py
[2025-04-03T19:36:02.028+0000] {processor.py:925} INFO - DAG(s) 'example_dag' retrieved from /opt/airflow/dags/example_dag.py
[2025-04-03T19:36:02.066+0000] {logging_mixin.py:190} INFO - [2025-04-03T19:36:02.066+0000] {dag.py:3239} INFO - Sync 1 DAGs
[2025-04-03T19:36:02.103+0000] {logging_mixin.py:190} INFO - [2025-04-03T19:36:02.103+0000] {dag.py:4180} INFO - Setting next_dagrun for example_dag to 2025-04-02 00:00:00+00:00, run_after=2025-04-03 00:00:00+00:00
[2025-04-03T19:36:02.128+0000] {processor.py:208} INFO - Processing /opt/airflow/dags/example_dag.py took 0.131 seconds
[2025-04-03T19:36:32.381+0000] {processor.py:186} INFO - Started process (PID=442) to work on /opt/airflow/dags/example_dag.py
[2025-04-03T19:36:32.385+0000] {processor.py:914} INFO - Processing file /opt/airflow/dags/example_dag.py for tasks to queue
[2025-04-03T19:36:32.388+0000] {logging_mixin.py:190} INFO - [2025-04-03T19:36:32.388+0000] {dagbag.py:588} INFO - Filling up the DagBag from /opt/airflow/dags/example_dag.py
[2025-04-03T19:36:32.402+0000] {processor.py:925} INFO - DAG(s) 'example_dag' retrieved from /opt/airflow/dags/example_dag.py
[2025-04-03T19:36:32.439+0000] {logging_mixin.py:190} INFO - [2025-04-03T19:36:32.439+0000] {dag.py:3239} INFO - Sync 1 DAGs
[2025-04-03T19:36:32.469+0000] {logging_mixin.py:190} INFO - [2025-04-03T19:36:32.469+0000] {dag.py:4180} INFO - Setting next_dagrun for example_dag to 2025-04-02 00:00:00+00:00, run_after=2025-04-03 00:00:00+00:00
[2025-04-03T19:36:32.488+0000] {processor.py:208} INFO - Processing /opt/airflow/dags/example_dag.py took 0.116 seconds
[2025-04-03T19:37:02.759+0000] {processor.py:186} INFO - Started process (PID=452) to work on /opt/airflow/dags/example_dag.py
[2025-04-03T19:37:02.761+0000] {processor.py:914} INFO - Processing file /opt/airflow/dags/example_dag.py for tasks to queue
[2025-04-03T19:37:02.764+0000] {logging_mixin.py:190} INFO - [2025-04-03T19:37:02.764+0000] {dagbag.py:588} INFO - Filling up the DagBag from /opt/airflow/dags/example_dag.py
[2025-04-03T19:37:02.777+0000] {processor.py:925} INFO - DAG(s) 'example_dag' retrieved from /opt/airflow/dags/example_dag.py
[2025-04-03T19:37:02.808+0000] {logging_mixin.py:190} INFO - [2025-04-03T19:37:02.807+0000] {dag.py:3239} INFO - Sync 1 DAGs
[2025-04-03T19:37:02.836+0000] {logging_mixin.py:190} INFO - [2025-04-03T19:37:02.835+0000] {dag.py:4180} INFO - Setting next_dagrun for example_dag to 2025-04-02 00:00:00+00:00, run_after=2025-04-03 00:00:00+00:00
[2025-04-03T19:37:02.856+0000] {processor.py:208} INFO - Processing /opt/airflow/dags/example_dag.py took 0.108 seconds
[2025-04-03T19:37:33.125+0000] {processor.py:186} INFO - Started process (PID=462) to work on /opt/airflow/dags/example_dag.py
[2025-04-03T19:37:33.128+0000] {processor.py:914} INFO - Processing file /opt/airflow/dags/example_dag.py for tasks to queue
[2025-04-03T19:37:33.132+0000] {logging_mixin.py:190} INFO - [2025-04-03T19:37:33.131+0000] {dagbag.py:588} INFO - Filling up the DagBag from /opt/airflow/dags/example_dag.py
[2025-04-03T19:37:33.146+0000] {processor.py:925} INFO - DAG(s) 'example_dag' retrieved from /opt/airflow/dags/example_dag.py
[2025-04-03T19:37:33.178+0000] {logging_mixin.py:190} INFO - [2025-04-03T19:37:33.178+0000] {dag.py:3239} INFO - Sync 1 DAGs
[2025-04-03T19:37:33.206+0000] {logging_mixin.py:190} INFO - [2025-04-03T19:37:33.206+0000] {dag.py:4180} INFO - Setting next_dagrun for example_dag to 2025-04-02 00:00:00+00:00, run_after=2025-04-03 00:00:00+00:00
[2025-04-03T19:37:33.225+0000] {processor.py:208} INFO - Processing /opt/airflow/dags/example_dag.py took 0.110 seconds
[2025-04-03T19:38:03.524+0000] {processor.py:186} INFO - Started process (PID=472) to work on /opt/airflow/dags/example_dag.py
[2025-04-03T19:38:03.527+0000] {processor.py:914} INFO - Processing file /opt/airflow/dags/example_dag.py for tasks to queue
[2025-04-03T19:38:03.530+0000] {logging_mixin.py:190} INFO - [2025-04-03T19:38:03.530+0000] {dagbag.py:588} INFO - Filling up the DagBag from /opt/airflow/dags/example_dag.py
[2025-04-03T19:38:03.544+0000] {processor.py:925} INFO - DAG(s) 'example_dag' retrieved from /opt/airflow/dags/example_dag.py
[2025-04-03T19:38:03.574+0000] {logging_mixin.py:190} INFO - [2025-04-03T19:38:03.574+0000] {dag.py:3239} INFO - Sync 1 DAGs
[2025-04-03T19:38:03.600+0000] {logging_mixin.py:190} INFO - [2025-04-03T19:38:03.600+0000] {dag.py:4180} INFO - Setting next_dagrun for example_dag to 2025-04-02 00:00:00+00:00, run_after=2025-04-03 00:00:00+00:00
[2025-04-03T19:38:03.638+0000] {processor.py:208} INFO - Processing /opt/airflow/dags/example_dag.py took 0.122 seconds
[2025-04-03T19:38:33.923+0000] {processor.py:186} INFO - Started process (PID=482) to work on /opt/airflow/dags/example_dag.py
[2025-04-03T19:38:33.926+0000] {processor.py:914} INFO - Processing file /opt/airflow/dags/example_dag.py for tasks to queue
[2025-04-03T19:38:33.930+0000] {logging_mixin.py:190} INFO - [2025-04-03T19:38:33.929+0000] {dagbag.py:588} INFO - Filling up the DagBag from /opt/airflow/dags/example_dag.py
[2025-04-03T19:38:33.943+0000] {processor.py:925} INFO - DAG(s) 'example_dag' retrieved from /opt/airflow/dags/example_dag.py
[2025-04-03T19:38:33.972+0000] {logging_mixin.py:190} INFO - [2025-04-03T19:38:33.972+0000] {dag.py:3239} INFO - Sync 1 DAGs
[2025-04-03T19:38:33.999+0000] {logging_mixin.py:190} INFO - [2025-04-03T19:38:33.999+0000] {dag.py:4180} INFO - Setting next_dagrun for example_dag to 2025-04-02 00:00:00+00:00, run_after=2025-04-03 00:00:00+00:00
[2025-04-03T19:38:34.018+0000] {processor.py:208} INFO - Processing /opt/airflow/dags/example_dag.py took 0.103 seconds
[2025-04-03T19:39:04.277+0000] {processor.py:186} INFO - Started process (PID=492) to work on /opt/airflow/dags/example_dag.py
[2025-04-03T19:39:04.280+0000] {processor.py:914} INFO - Processing file /opt/airflow/dags/example_dag.py for tasks to queue
[2025-04-03T19:39:04.283+0000] {logging_mixin.py:190} INFO - [2025-04-03T19:39:04.283+0000] {dagbag.py:588} INFO - Filling up the DagBag from /opt/airflow/dags/example_dag.py
[2025-04-03T19:39:04.297+0000] {processor.py:925} INFO - DAG(s) 'example_dag' retrieved from /opt/airflow/dags/example_dag.py
[2025-04-03T19:39:04.326+0000] {logging_mixin.py:190} INFO - [2025-04-03T19:39:04.326+0000] {dag.py:3239} INFO - Sync 1 DAGs
[2025-04-03T19:39:04.352+0000] {logging_mixin.py:190} INFO - [2025-04-03T19:39:04.351+0000] {dag.py:4180} INFO - Setting next_dagrun for example_dag to 2025-04-02 00:00:00+00:00, run_after=2025-04-03 00:00:00+00:00
[2025-04-03T19:39:04.371+0000] {processor.py:208} INFO - Processing /opt/airflow/dags/example_dag.py took 0.103 seconds
[2025-04-03T19:39:34.624+0000] {processor.py:186} INFO - Started process (PID=502) to work on /opt/airflow/dags/example_dag.py
[2025-04-03T19:39:34.627+0000] {processor.py:914} INFO - Processing file /opt/airflow/dags/example_dag.py for tasks to queue
[2025-04-03T19:39:34.631+0000] {logging_mixin.py:190} INFO - [2025-04-03T19:39:34.631+0000] {dagbag.py:588} INFO - Filling up the DagBag from /opt/airflow/dags/example_dag.py
[2025-04-03T19:39:34.645+0000] {processor.py:925} INFO - DAG(s) 'example_dag' retrieved from /opt/airflow/dags/example_dag.py
[2025-04-03T19:39:34.679+0000] {logging_mixin.py:190} INFO - [2025-04-03T19:39:34.679+0000] {dag.py:3239} INFO - Sync 1 DAGs
[2025-04-03T19:39:34.712+0000] {logging_mixin.py:190} INFO - [2025-04-03T19:39:34.712+0000] {dag.py:4180} INFO - Setting next_dagrun for example_dag to 2025-04-02 00:00:00+00:00, run_after=2025-04-03 00:00:00+00:00
[2025-04-03T19:39:34.733+0000] {processor.py:208} INFO - Processing /opt/airflow/dags/example_dag.py took 0.118 seconds
[2025-04-03T19:40:04.993+0000] {processor.py:186} INFO - Started process (PID=512) to work on /opt/airflow/dags/example_dag.py
[2025-04-03T19:40:04.996+0000] {processor.py:914} INFO - Processing file /opt/airflow/dags/example_dag.py for tasks to queue
[2025-04-03T19:40:04.999+0000] {logging_mixin.py:190} INFO - [2025-04-03T19:40:04.999+0000] {dagbag.py:588} INFO - Filling up the DagBag from /opt/airflow/dags/example_dag.py
[2025-04-03T19:40:05.014+0000] {processor.py:925} INFO - DAG(s) 'example_dag' retrieved from /opt/airflow/dags/example_dag.py
[2025-04-03T19:40:05.046+0000] {logging_mixin.py:190} INFO - [2025-04-03T19:40:05.046+0000] {dag.py:3239} INFO - Sync 1 DAGs
[2025-04-03T19:40:05.073+0000] {logging_mixin.py:190} INFO - [2025-04-03T19:40:05.073+0000] {dag.py:4180} INFO - Setting next_dagrun for example_dag to 2025-04-02 00:00:00+00:00, run_after=2025-04-03 00:00:00+00:00
[2025-04-03T19:40:05.092+0000] {processor.py:208} INFO - Processing /opt/airflow/dags/example_dag.py took 0.108 seconds
[2025-04-03T19:40:35.334+0000] {processor.py:186} INFO - Started process (PID=522) to work on /opt/airflow/dags/example_dag.py
[2025-04-03T19:40:35.336+0000] {processor.py:914} INFO - Processing file /opt/airflow/dags/example_dag.py for tasks to queue
[2025-04-03T19:40:35.340+0000] {logging_mixin.py:190} INFO - [2025-04-03T19:40:35.339+0000] {dagbag.py:588} INFO - Filling up the DagBag from /opt/airflow/dags/example_dag.py
[2025-04-03T19:40:35.353+0000] {processor.py:925} INFO - DAG(s) 'example_dag' retrieved from /opt/airflow/dags/example_dag.py
[2025-04-03T19:40:35.385+0000] {logging_mixin.py:190} INFO - [2025-04-03T19:40:35.384+0000] {dag.py:3239} INFO - Sync 1 DAGs
[2025-04-03T19:40:35.411+0000] {logging_mixin.py:190} INFO - [2025-04-03T19:40:35.411+0000] {dag.py:4180} INFO - Setting next_dagrun for example_dag to 2025-04-02 00:00:00+00:00, run_after=2025-04-03 00:00:00+00:00
[2025-04-03T19:40:35.430+0000] {processor.py:208} INFO - Processing /opt/airflow/dags/example_dag.py took 0.105 seconds
[2025-04-03T19:41:05.666+0000] {processor.py:186} INFO - Started process (PID=532) to work on /opt/airflow/dags/example_dag.py
[2025-04-03T19:41:05.669+0000] {processor.py:914} INFO - Processing file /opt/airflow/dags/example_dag.py for tasks to queue
[2025-04-03T19:41:05.672+0000] {logging_mixin.py:190} INFO - [2025-04-03T19:41:05.672+0000] {dagbag.py:588} INFO - Filling up the DagBag from /opt/airflow/dags/example_dag.py
[2025-04-03T19:41:05.685+0000] {processor.py:925} INFO - DAG(s) 'example_dag' retrieved from /opt/airflow/dags/example_dag.py
[2025-04-03T19:41:05.714+0000] {logging_mixin.py:190} INFO - [2025-04-03T19:41:05.714+0000] {dag.py:3239} INFO - Sync 1 DAGs
[2025-04-03T19:41:05.744+0000] {logging_mixin.py:190} INFO - [2025-04-03T19:41:05.744+0000] {dag.py:4180} INFO - Setting next_dagrun for example_dag to 2025-04-02 00:00:00+00:00, run_after=2025-04-03 00:00:00+00:00
[2025-04-03T19:41:05.766+0000] {processor.py:208} INFO - Processing /opt/airflow/dags/example_dag.py took 0.109 seconds
[2025-04-03T19:41:36.019+0000] {processor.py:186} INFO - Started process (PID=542) to work on /opt/airflow/dags/example_dag.py
[2025-04-03T19:41:36.021+0000] {processor.py:914} INFO - Processing file /opt/airflow/dags/example_dag.py for tasks to queue
[2025-04-03T19:41:36.025+0000] {logging_mixin.py:190} INFO - [2025-04-03T19:41:36.024+0000] {dagbag.py:588} INFO - Filling up the DagBag from /opt/airflow/dags/example_dag.py
[2025-04-03T19:41:36.038+0000] {processor.py:925} INFO - DAG(s) 'example_dag' retrieved from /opt/airflow/dags/example_dag.py
[2025-04-03T19:41:36.068+0000] {logging_mixin.py:190} INFO - [2025-04-03T19:41:36.068+0000] {dag.py:3239} INFO - Sync 1 DAGs
[2025-04-03T19:41:36.095+0000] {logging_mixin.py:190} INFO - [2025-04-03T19:41:36.095+0000] {dag.py:4180} INFO - Setting next_dagrun for example_dag to 2025-04-02 00:00:00+00:00, run_after=2025-04-03 00:00:00+00:00
[2025-04-03T19:41:36.115+0000] {processor.py:208} INFO - Processing /opt/airflow/dags/example_dag.py took 0.105 seconds
[2025-04-03T19:42:06.349+0000] {processor.py:186} INFO - Started process (PID=552) to work on /opt/airflow/dags/example_dag.py
[2025-04-03T19:42:06.352+0000] {processor.py:914} INFO - Processing file /opt/airflow/dags/example_dag.py for tasks to queue
[2025-04-03T19:42:06.356+0000] {logging_mixin.py:190} INFO - [2025-04-03T19:42:06.355+0000] {dagbag.py:588} INFO - Filling up the DagBag from /opt/airflow/dags/example_dag.py
[2025-04-03T19:42:06.370+0000] {processor.py:925} INFO - DAG(s) 'example_dag' retrieved from /opt/airflow/dags/example_dag.py
[2025-04-03T19:42:06.399+0000] {logging_mixin.py:190} INFO - [2025-04-03T19:42:06.399+0000] {dag.py:3239} INFO - Sync 1 DAGs
[2025-04-03T19:42:06.426+0000] {logging_mixin.py:190} INFO - [2025-04-03T19:42:06.426+0000] {dag.py:4180} INFO - Setting next_dagrun for example_dag to 2025-04-02 00:00:00+00:00, run_after=2025-04-03 00:00:00+00:00
[2025-04-03T19:42:06.444+0000] {processor.py:208} INFO - Processing /opt/airflow/dags/example_dag.py took 0.104 seconds
[2025-04-03T19:42:36.668+0000] {processor.py:186} INFO - Started process (PID=562) to work on /opt/airflow/dags/example_dag.py
[2025-04-03T19:42:36.671+0000] {processor.py:914} INFO - Processing file /opt/airflow/dags/example_dag.py for tasks to queue
[2025-04-03T19:42:36.674+0000] {logging_mixin.py:190} INFO - [2025-04-03T19:42:36.674+0000] {dagbag.py:588} INFO - Filling up the DagBag from /opt/airflow/dags/example_dag.py
[2025-04-03T19:42:36.688+0000] {processor.py:925} INFO - DAG(s) 'example_dag' retrieved from /opt/airflow/dags/example_dag.py
[2025-04-03T19:42:36.720+0000] {logging_mixin.py:190} INFO - [2025-04-03T19:42:36.720+0000] {dag.py:3239} INFO - Sync 1 DAGs
[2025-04-03T19:42:36.746+0000] {logging_mixin.py:190} INFO - [2025-04-03T19:42:36.746+0000] {dag.py:4180} INFO - Setting next_dagrun for example_dag to 2025-04-02 00:00:00+00:00, run_after=2025-04-03 00:00:00+00:00
[2025-04-03T19:42:36.767+0000] {processor.py:208} INFO - Processing /opt/airflow/dags/example_dag.py took 0.110 seconds
[2025-04-03T19:43:07.080+0000] {processor.py:186} INFO - Started process (PID=572) to work on /opt/airflow/dags/example_dag.py
[2025-04-03T19:43:07.082+0000] {processor.py:914} INFO - Processing file /opt/airflow/dags/example_dag.py for tasks to queue
[2025-04-03T19:43:07.085+0000] {logging_mixin.py:190} INFO - [2025-04-03T19:43:07.085+0000] {dagbag.py:588} INFO - Filling up the DagBag from /opt/airflow/dags/example_dag.py
[2025-04-03T19:43:07.099+0000] {processor.py:925} INFO - DAG(s) 'example_dag' retrieved from /opt/airflow/dags/example_dag.py
[2025-04-03T19:43:07.138+0000] {logging_mixin.py:190} INFO - [2025-04-03T19:43:07.138+0000] {dag.py:3239} INFO - Sync 1 DAGs
[2025-04-03T19:43:07.167+0000] {logging_mixin.py:190} INFO - [2025-04-03T19:43:07.166+0000] {dag.py:4180} INFO - Setting next_dagrun for example_dag to 2025-04-02 00:00:00+00:00, run_after=2025-04-03 00:00:00+00:00
[2025-04-03T19:43:07.184+0000] {processor.py:208} INFO - Processing /opt/airflow/dags/example_dag.py took 0.113 seconds
[2025-04-03T19:43:37.425+0000] {processor.py:186} INFO - Started process (PID=582) to work on /opt/airflow/dags/example_dag.py
[2025-04-03T19:43:37.429+0000] {processor.py:914} INFO - Processing file /opt/airflow/dags/example_dag.py for tasks to queue
[2025-04-03T19:43:37.436+0000] {logging_mixin.py:190} INFO - [2025-04-03T19:43:37.435+0000] {dagbag.py:588} INFO - Filling up the DagBag from /opt/airflow/dags/example_dag.py
[2025-04-03T19:43:37.459+0000] {processor.py:925} INFO - DAG(s) 'example_dag' retrieved from /opt/airflow/dags/example_dag.py
[2025-04-03T19:43:37.512+0000] {logging_mixin.py:190} INFO - [2025-04-03T19:43:37.512+0000] {dag.py:3239} INFO - Sync 1 DAGs
[2025-04-03T19:43:37.553+0000] {logging_mixin.py:190} INFO - [2025-04-03T19:43:37.553+0000] {dag.py:4180} INFO - Setting next_dagrun for example_dag to 2025-04-02 00:00:00+00:00, run_after=2025-04-03 00:00:00+00:00
[2025-04-03T19:43:37.577+0000] {processor.py:208} INFO - Processing /opt/airflow/dags/example_dag.py took 0.163 seconds
[2025-04-03T19:44:07.794+0000] {processor.py:186} INFO - Started process (PID=592) to work on /opt/airflow/dags/example_dag.py
[2025-04-03T19:44:07.796+0000] {processor.py:914} INFO - Processing file /opt/airflow/dags/example_dag.py for tasks to queue
[2025-04-03T19:44:07.800+0000] {logging_mixin.py:190} INFO - [2025-04-03T19:44:07.799+0000] {dagbag.py:588} INFO - Filling up the DagBag from /opt/airflow/dags/example_dag.py
[2025-04-03T19:44:07.812+0000] {processor.py:925} INFO - DAG(s) 'example_dag' retrieved from /opt/airflow/dags/example_dag.py
[2025-04-03T19:44:07.844+0000] {logging_mixin.py:190} INFO - [2025-04-03T19:44:07.844+0000] {dag.py:3239} INFO - Sync 1 DAGs
[2025-04-03T19:44:07.872+0000] {logging_mixin.py:190} INFO - [2025-04-03T19:44:07.872+0000] {dag.py:4180} INFO - Setting next_dagrun for example_dag to 2025-04-02 00:00:00+00:00, run_after=2025-04-03 00:00:00+00:00
[2025-04-03T19:44:07.893+0000] {processor.py:208} INFO - Processing /opt/airflow/dags/example_dag.py took 0.109 seconds
[2025-04-03T19:44:38.165+0000] {processor.py:186} INFO - Started process (PID=602) to work on /opt/airflow/dags/example_dag.py
[2025-04-03T19:44:38.167+0000] {processor.py:914} INFO - Processing file /opt/airflow/dags/example_dag.py for tasks to queue
[2025-04-03T19:44:38.171+0000] {logging_mixin.py:190} INFO - [2025-04-03T19:44:38.170+0000] {dagbag.py:588} INFO - Filling up the DagBag from /opt/airflow/dags/example_dag.py
[2025-04-03T19:44:38.185+0000] {processor.py:925} INFO - DAG(s) 'example_dag' retrieved from /opt/airflow/dags/example_dag.py
[2025-04-03T19:44:38.217+0000] {logging_mixin.py:190} INFO - [2025-04-03T19:44:38.217+0000] {dag.py:3239} INFO - Sync 1 DAGs
[2025-04-03T19:44:38.244+0000] {logging_mixin.py:190} INFO - [2025-04-03T19:44:38.244+0000] {dag.py:4180} INFO - Setting next_dagrun for example_dag to 2025-04-02 00:00:00+00:00, run_after=2025-04-03 00:00:00+00:00
[2025-04-03T19:44:38.262+0000] {processor.py:208} INFO - Processing /opt/airflow/dags/example_dag.py took 0.107 seconds
[2025-04-03T19:45:08.593+0000] {processor.py:186} INFO - Started process (PID=612) to work on /opt/airflow/dags/example_dag.py
[2025-04-03T19:45:08.596+0000] {processor.py:914} INFO - Processing file /opt/airflow/dags/example_dag.py for tasks to queue
[2025-04-03T19:45:08.600+0000] {logging_mixin.py:190} INFO - [2025-04-03T19:45:08.600+0000] {dagbag.py:588} INFO - Filling up the DagBag from /opt/airflow/dags/example_dag.py
[2025-04-03T19:45:08.616+0000] {processor.py:925} INFO - DAG(s) 'example_dag' retrieved from /opt/airflow/dags/example_dag.py
[2025-04-03T19:45:08.661+0000] {logging_mixin.py:190} INFO - [2025-04-03T19:45:08.660+0000] {dag.py:3239} INFO - Sync 1 DAGs
[2025-04-03T19:45:08.705+0000] {logging_mixin.py:190} INFO - [2025-04-03T19:45:08.705+0000] {dag.py:4180} INFO - Setting next_dagrun for example_dag to 2025-04-02 00:00:00+00:00, run_after=2025-04-03 00:00:00+00:00
[2025-04-03T19:45:08.737+0000] {processor.py:208} INFO - Processing /opt/airflow/dags/example_dag.py took 0.154 seconds
[2025-04-03T19:45:39.068+0000] {processor.py:186} INFO - Started process (PID=622) to work on /opt/airflow/dags/example_dag.py
[2025-04-03T19:45:39.071+0000] {processor.py:914} INFO - Processing file /opt/airflow/dags/example_dag.py for tasks to queue
[2025-04-03T19:45:39.073+0000] {logging_mixin.py:190} INFO - [2025-04-03T19:45:39.073+0000] {dagbag.py:588} INFO - Filling up the DagBag from /opt/airflow/dags/example_dag.py
[2025-04-03T19:45:39.086+0000] {processor.py:925} INFO - DAG(s) 'example_dag' retrieved from /opt/airflow/dags/example_dag.py
[2025-04-03T19:45:39.115+0000] {logging_mixin.py:190} INFO - [2025-04-03T19:45:39.115+0000] {dag.py:3239} INFO - Sync 1 DAGs
[2025-04-03T19:45:39.141+0000] {logging_mixin.py:190} INFO - [2025-04-03T19:45:39.141+0000] {dag.py:4180} INFO - Setting next_dagrun for example_dag to 2025-04-02 00:00:00+00:00, run_after=2025-04-03 00:00:00+00:00
[2025-04-03T19:45:39.163+0000] {processor.py:208} INFO - Processing /opt/airflow/dags/example_dag.py took 0.104 seconds
[2025-04-03T19:46:09.391+0000] {processor.py:186} INFO - Started process (PID=632) to work on /opt/airflow/dags/example_dag.py
[2025-04-03T19:46:09.393+0000] {processor.py:914} INFO - Processing file /opt/airflow/dags/example_dag.py for tasks to queue
[2025-04-03T19:46:09.397+0000] {logging_mixin.py:190} INFO - [2025-04-03T19:46:09.397+0000] {dagbag.py:588} INFO - Filling up the DagBag from /opt/airflow/dags/example_dag.py
[2025-04-03T19:46:09.413+0000] {processor.py:925} INFO - DAG(s) 'example_dag' retrieved from /opt/airflow/dags/example_dag.py
[2025-04-03T19:46:09.450+0000] {logging_mixin.py:190} INFO - [2025-04-03T19:46:09.450+0000] {dag.py:3239} INFO - Sync 1 DAGs
[2025-04-03T19:46:09.487+0000] {logging_mixin.py:190} INFO - [2025-04-03T19:46:09.486+0000] {dag.py:4180} INFO - Setting next_dagrun for example_dag to 2025-04-02 00:00:00+00:00, run_after=2025-04-03 00:00:00+00:00
[2025-04-03T19:46:09.936+0000] {processor.py:208} INFO - Processing /opt/airflow/dags/example_dag.py took 0.555 seconds
[2025-04-03T19:46:40.059+0000] {processor.py:186} INFO - Started process (PID=642) to work on /opt/airflow/dags/example_dag.py
[2025-04-03T19:46:40.061+0000] {processor.py:914} INFO - Processing file /opt/airflow/dags/example_dag.py for tasks to queue
[2025-04-03T19:46:40.065+0000] {logging_mixin.py:190} INFO - [2025-04-03T19:46:40.064+0000] {dagbag.py:588} INFO - Filling up the DagBag from /opt/airflow/dags/example_dag.py
[2025-04-03T19:46:40.080+0000] {processor.py:925} INFO - DAG(s) 'example_dag' retrieved from /opt/airflow/dags/example_dag.py
[2025-04-03T19:46:40.110+0000] {logging_mixin.py:190} INFO - [2025-04-03T19:46:40.110+0000] {dag.py:3239} INFO - Sync 1 DAGs
[2025-04-03T19:46:40.137+0000] {logging_mixin.py:190} INFO - [2025-04-03T19:46:40.137+0000] {dag.py:4180} INFO - Setting next_dagrun for example_dag to 2025-04-02 00:00:00+00:00, run_after=2025-04-03 00:00:00+00:00
[2025-04-03T19:46:40.155+0000] {processor.py:208} INFO - Processing /opt/airflow/dags/example_dag.py took 0.105 seconds
[2025-04-03T19:47:10.380+0000] {processor.py:186} INFO - Started process (PID=652) to work on /opt/airflow/dags/example_dag.py
[2025-04-03T19:47:10.383+0000] {processor.py:914} INFO - Processing file /opt/airflow/dags/example_dag.py for tasks to queue
[2025-04-03T19:47:10.387+0000] {logging_mixin.py:190} INFO - [2025-04-03T19:47:10.387+0000] {dagbag.py:588} INFO - Filling up the DagBag from /opt/airflow/dags/example_dag.py
[2025-04-03T19:47:10.402+0000] {processor.py:925} INFO - DAG(s) 'example_dag' retrieved from /opt/airflow/dags/example_dag.py
[2025-04-03T19:47:10.437+0000] {logging_mixin.py:190} INFO - [2025-04-03T19:47:10.437+0000] {dag.py:3239} INFO - Sync 1 DAGs
[2025-04-03T19:47:10.629+0000] {logging_mixin.py:190} INFO - [2025-04-03T19:47:10.629+0000] {dag.py:4180} INFO - Setting next_dagrun for example_dag to 2025-04-02 00:00:00+00:00, run_after=2025-04-03 00:00:00+00:00
[2025-04-03T19:47:10.657+0000] {processor.py:208} INFO - Processing /opt/airflow/dags/example_dag.py took 0.287 seconds
[2025-04-03T19:47:40.979+0000] {processor.py:186} INFO - Started process (PID=662) to work on /opt/airflow/dags/example_dag.py
[2025-04-03T19:47:40.984+0000] {processor.py:914} INFO - Processing file /opt/airflow/dags/example_dag.py for tasks to queue
[2025-04-03T19:47:40.989+0000] {logging_mixin.py:190} INFO - [2025-04-03T19:47:40.988+0000] {dagbag.py:588} INFO - Filling up the DagBag from /opt/airflow/dags/example_dag.py
[2025-04-03T19:47:41.010+0000] {processor.py:925} INFO - DAG(s) 'example_dag' retrieved from /opt/airflow/dags/example_dag.py
[2025-04-03T19:47:41.061+0000] {logging_mixin.py:190} INFO - [2025-04-03T19:47:41.061+0000] {dag.py:3239} INFO - Sync 1 DAGs
[2025-04-03T19:47:41.109+0000] {logging_mixin.py:190} INFO - [2025-04-03T19:47:41.109+0000] {dag.py:4180} INFO - Setting next_dagrun for example_dag to 2025-04-02 00:00:00+00:00, run_after=2025-04-03 00:00:00+00:00
[2025-04-03T19:47:41.146+0000] {processor.py:208} INFO - Processing /opt/airflow/dags/example_dag.py took 0.180 seconds
[2025-04-03T19:48:11.638+0000] {processor.py:186} INFO - Started process (PID=682) to work on /opt/airflow/dags/example_dag.py
[2025-04-03T19:48:11.641+0000] {processor.py:914} INFO - Processing file /opt/airflow/dags/example_dag.py for tasks to queue
[2025-04-03T19:48:11.644+0000] {logging_mixin.py:190} INFO - [2025-04-03T19:48:11.644+0000] {dagbag.py:588} INFO - Filling up the DagBag from /opt/airflow/dags/example_dag.py
[2025-04-03T19:48:11.660+0000] {processor.py:925} INFO - DAG(s) 'example_dag' retrieved from /opt/airflow/dags/example_dag.py
[2025-04-03T19:48:11.691+0000] {logging_mixin.py:190} INFO - [2025-04-03T19:48:11.691+0000] {dag.py:3239} INFO - Sync 1 DAGs
[2025-04-03T19:48:11.719+0000] {logging_mixin.py:190} INFO - [2025-04-03T19:48:11.719+0000] {dag.py:4180} INFO - Setting next_dagrun for example_dag to 2025-04-02 00:00:00+00:00, run_after=2025-04-03 00:00:00+00:00
[2025-04-03T19:48:11.736+0000] {processor.py:208} INFO - Processing /opt/airflow/dags/example_dag.py took 0.107 seconds
[2025-04-03T19:48:42.101+0000] {processor.py:186} INFO - Started process (PID=707) to work on /opt/airflow/dags/example_dag.py
[2025-04-03T19:48:42.103+0000] {processor.py:914} INFO - Processing file /opt/airflow/dags/example_dag.py for tasks to queue
[2025-04-03T19:48:42.106+0000] {logging_mixin.py:190} INFO - [2025-04-03T19:48:42.105+0000] {dagbag.py:588} INFO - Filling up the DagBag from /opt/airflow/dags/example_dag.py
[2025-04-03T19:48:42.123+0000] {processor.py:925} INFO - DAG(s) 'example_dag' retrieved from /opt/airflow/dags/example_dag.py
[2025-04-03T19:48:42.160+0000] {logging_mixin.py:190} INFO - [2025-04-03T19:48:42.160+0000] {dag.py:3239} INFO - Sync 1 DAGs
[2025-04-03T19:48:42.340+0000] {logging_mixin.py:190} INFO - [2025-04-03T19:48:42.340+0000] {dag.py:4180} INFO - Setting next_dagrun for example_dag to 2025-04-02 00:00:00+00:00, run_after=2025-04-03 00:00:00+00:00
[2025-04-03T19:48:42.365+0000] {processor.py:208} INFO - Processing /opt/airflow/dags/example_dag.py took 0.274 seconds
[2025-04-03T19:49:12.548+0000] {processor.py:186} INFO - Started process (PID=727) to work on /opt/airflow/dags/example_dag.py
[2025-04-03T19:49:12.551+0000] {processor.py:914} INFO - Processing file /opt/airflow/dags/example_dag.py for tasks to queue
[2025-04-03T19:49:12.552+0000] {logging_mixin.py:190} INFO - [2025-04-03T19:49:12.552+0000] {dagbag.py:588} INFO - Filling up the DagBag from /opt/airflow/dags/example_dag.py
[2025-04-03T19:49:12.565+0000] {processor.py:925} INFO - DAG(s) 'example_dag' retrieved from /opt/airflow/dags/example_dag.py
[2025-04-03T19:49:12.595+0000] {logging_mixin.py:190} INFO - [2025-04-03T19:49:12.595+0000] {dag.py:3239} INFO - Sync 1 DAGs
[2025-04-03T19:49:12.620+0000] {logging_mixin.py:190} INFO - [2025-04-03T19:49:12.620+0000] {dag.py:4180} INFO - Setting next_dagrun for example_dag to 2025-04-02 00:00:00+00:00, run_after=2025-04-03 00:00:00+00:00
[2025-04-03T19:49:12.637+0000] {processor.py:208} INFO - Processing /opt/airflow/dags/example_dag.py took 0.097 seconds
[2025-04-03T19:49:43.112+0000] {processor.py:186} INFO - Started process (PID=769) to work on /opt/airflow/dags/example_dag.py
[2025-04-03T19:49:43.116+0000] {processor.py:914} INFO - Processing file /opt/airflow/dags/example_dag.py for tasks to queue
[2025-04-03T19:49:43.123+0000] {logging_mixin.py:190} INFO - [2025-04-03T19:49:43.122+0000] {dagbag.py:588} INFO - Filling up the DagBag from /opt/airflow/dags/example_dag.py
[2025-04-03T19:49:43.168+0000] {processor.py:925} INFO - DAG(s) 'example_dag' retrieved from /opt/airflow/dags/example_dag.py
[2025-04-03T19:49:43.240+0000] {logging_mixin.py:190} INFO - [2025-04-03T19:49:43.240+0000] {dag.py:3239} INFO - Sync 1 DAGs
[2025-04-03T19:49:43.754+0000] {logging_mixin.py:190} INFO - [2025-04-03T19:49:43.754+0000] {dag.py:4180} INFO - Setting next_dagrun for example_dag to 2025-04-02 00:00:00+00:00, run_after=2025-04-03 00:00:00+00:00
[2025-04-03T19:49:43.795+0000] {processor.py:208} INFO - Processing /opt/airflow/dags/example_dag.py took 0.720 seconds
[2025-04-03T19:50:14.356+0000] {processor.py:186} INFO - Started process (PID=789) to work on /opt/airflow/dags/example_dag.py
[2025-04-03T19:50:14.359+0000] {processor.py:914} INFO - Processing file /opt/airflow/dags/example_dag.py for tasks to queue
[2025-04-03T19:50:14.361+0000] {logging_mixin.py:190} INFO - [2025-04-03T19:50:14.361+0000] {dagbag.py:588} INFO - Filling up the DagBag from /opt/airflow/dags/example_dag.py
[2025-04-03T19:50:14.377+0000] {processor.py:925} INFO - DAG(s) 'example_dag' retrieved from /opt/airflow/dags/example_dag.py
[2025-04-03T19:50:14.408+0000] {logging_mixin.py:190} INFO - [2025-04-03T19:50:14.407+0000] {dag.py:3239} INFO - Sync 1 DAGs
[2025-04-03T19:50:14.434+0000] {logging_mixin.py:190} INFO - [2025-04-03T19:50:14.434+0000] {dag.py:4180} INFO - Setting next_dagrun for example_dag to 2025-04-02 00:00:00+00:00, run_after=2025-04-03 00:00:00+00:00
[2025-04-03T19:50:14.452+0000] {processor.py:208} INFO - Processing /opt/airflow/dags/example_dag.py took 0.105 seconds
[2025-04-03T19:50:44.819+0000] {processor.py:186} INFO - Started process (PID=815) to work on /opt/airflow/dags/example_dag.py
[2025-04-03T19:50:44.822+0000] {processor.py:914} INFO - Processing file /opt/airflow/dags/example_dag.py for tasks to queue
[2025-04-03T19:50:44.825+0000] {logging_mixin.py:190} INFO - [2025-04-03T19:50:44.825+0000] {dagbag.py:588} INFO - Filling up the DagBag from /opt/airflow/dags/example_dag.py
[2025-04-03T19:50:44.846+0000] {processor.py:925} INFO - DAG(s) 'example_dag' retrieved from /opt/airflow/dags/example_dag.py
[2025-04-03T19:50:44.884+0000] {logging_mixin.py:190} INFO - [2025-04-03T19:50:44.884+0000] {dag.py:3239} INFO - Sync 1 DAGs
[2025-04-03T19:50:45.093+0000] {logging_mixin.py:190} INFO - [2025-04-03T19:50:45.093+0000] {dag.py:4180} INFO - Setting next_dagrun for example_dag to 2025-04-02 00:00:00+00:00, run_after=2025-04-03 00:00:00+00:00
[2025-04-03T19:50:45.117+0000] {processor.py:208} INFO - Processing /opt/airflow/dags/example_dag.py took 0.308 seconds
[2025-04-03T19:51:15.191+0000] {processor.py:186} INFO - Started process (PID=835) to work on /opt/airflow/dags/example_dag.py
[2025-04-03T19:51:15.193+0000] {processor.py:914} INFO - Processing file /opt/airflow/dags/example_dag.py for tasks to queue
[2025-04-03T19:51:15.196+0000] {logging_mixin.py:190} INFO - [2025-04-03T19:51:15.195+0000] {dagbag.py:588} INFO - Filling up the DagBag from /opt/airflow/dags/example_dag.py
[2025-04-03T19:51:15.214+0000] {processor.py:925} INFO - DAG(s) 'example_dag' retrieved from /opt/airflow/dags/example_dag.py
[2025-04-03T19:51:15.399+0000] {logging_mixin.py:190} INFO - [2025-04-03T19:51:15.398+0000] {dag.py:3239} INFO - Sync 1 DAGs
[2025-04-03T19:51:15.430+0000] {logging_mixin.py:190} INFO - [2025-04-03T19:51:15.430+0000] {dag.py:4180} INFO - Setting next_dagrun for example_dag to 2025-04-02 00:00:00+00:00, run_after=2025-04-03 00:00:00+00:00
[2025-04-03T19:51:15.454+0000] {processor.py:208} INFO - Processing /opt/airflow/dags/example_dag.py took 0.274 seconds
[2025-04-03T19:51:45.608+0000] {processor.py:186} INFO - Started process (PID=855) to work on /opt/airflow/dags/example_dag.py
[2025-04-03T19:51:45.610+0000] {processor.py:914} INFO - Processing file /opt/airflow/dags/example_dag.py for tasks to queue
[2025-04-03T19:51:45.613+0000] {logging_mixin.py:190} INFO - [2025-04-03T19:51:45.613+0000] {dagbag.py:588} INFO - Filling up the DagBag from /opt/airflow/dags/example_dag.py
[2025-04-03T19:51:45.631+0000] {processor.py:925} INFO - DAG(s) 'example_dag' retrieved from /opt/airflow/dags/example_dag.py
[2025-04-03T19:51:45.673+0000] {logging_mixin.py:190} INFO - [2025-04-03T19:51:45.672+0000] {dag.py:3239} INFO - Sync 1 DAGs
[2025-04-03T19:51:45.907+0000] {logging_mixin.py:190} INFO - [2025-04-03T19:51:45.907+0000] {dag.py:4180} INFO - Setting next_dagrun for example_dag to 2025-04-02 00:00:00+00:00, run_after=2025-04-03 00:00:00+00:00
[2025-04-03T19:51:45.940+0000] {processor.py:208} INFO - Processing /opt/airflow/dags/example_dag.py took 0.341 seconds
[2025-04-03T19:52:16.881+0000] {processor.py:186} INFO - Started process (PID=875) to work on /opt/airflow/dags/example_dag.py
[2025-04-03T19:52:16.887+0000] {processor.py:914} INFO - Processing file /opt/airflow/dags/example_dag.py for tasks to queue
[2025-04-03T19:52:16.889+0000] {logging_mixin.py:190} INFO - [2025-04-03T19:52:16.888+0000] {dagbag.py:588} INFO - Filling up the DagBag from /opt/airflow/dags/example_dag.py
[2025-04-03T19:52:16.903+0000] {processor.py:925} INFO - DAG(s) 'example_dag' retrieved from /opt/airflow/dags/example_dag.py
[2025-04-03T19:52:17.117+0000] {logging_mixin.py:190} INFO - [2025-04-03T19:52:17.116+0000] {dag.py:3239} INFO - Sync 1 DAGs
[2025-04-03T19:52:17.149+0000] {logging_mixin.py:190} INFO - [2025-04-03T19:52:17.149+0000] {dag.py:4180} INFO - Setting next_dagrun for example_dag to 2025-04-02 00:00:00+00:00, run_after=2025-04-03 00:00:00+00:00
[2025-04-03T19:52:17.174+0000] {processor.py:208} INFO - Processing /opt/airflow/dags/example_dag.py took 0.304 seconds
[2025-04-03T19:52:47.486+0000] {processor.py:186} INFO - Started process (PID=895) to work on /opt/airflow/dags/example_dag.py
[2025-04-03T19:52:47.489+0000] {processor.py:914} INFO - Processing file /opt/airflow/dags/example_dag.py for tasks to queue
[2025-04-03T19:52:47.491+0000] {logging_mixin.py:190} INFO - [2025-04-03T19:52:47.491+0000] {dagbag.py:588} INFO - Filling up the DagBag from /opt/airflow/dags/example_dag.py
[2025-04-03T19:52:47.507+0000] {processor.py:925} INFO - DAG(s) 'example_dag' retrieved from /opt/airflow/dags/example_dag.py
[2025-04-03T19:52:47.541+0000] {logging_mixin.py:190} INFO - [2025-04-03T19:52:47.541+0000] {dag.py:3239} INFO - Sync 1 DAGs
[2025-04-03T19:52:47.715+0000] {logging_mixin.py:190} INFO - [2025-04-03T19:52:47.715+0000] {dag.py:4180} INFO - Setting next_dagrun for example_dag to 2025-04-02 00:00:00+00:00, run_after=2025-04-03 00:00:00+00:00
[2025-04-03T19:52:47.740+0000] {processor.py:208} INFO - Processing /opt/airflow/dags/example_dag.py took 0.264 seconds
[2025-04-03T19:53:18.019+0000] {processor.py:186} INFO - Started process (PID=915) to work on /opt/airflow/dags/example_dag.py
[2025-04-03T19:53:18.022+0000] {processor.py:914} INFO - Processing file /opt/airflow/dags/example_dag.py for tasks to queue
[2025-04-03T19:53:18.025+0000] {logging_mixin.py:190} INFO - [2025-04-03T19:53:18.024+0000] {dagbag.py:588} INFO - Filling up the DagBag from /opt/airflow/dags/example_dag.py
[2025-04-03T19:53:18.041+0000] {processor.py:925} INFO - DAG(s) 'example_dag' retrieved from /opt/airflow/dags/example_dag.py
[2025-04-03T19:53:18.230+0000] {logging_mixin.py:190} INFO - [2025-04-03T19:53:18.229+0000] {dag.py:3239} INFO - Sync 1 DAGs
[2025-04-03T19:53:18.257+0000] {logging_mixin.py:190} INFO - [2025-04-03T19:53:18.257+0000] {dag.py:4180} INFO - Setting next_dagrun for example_dag to 2025-04-02 00:00:00+00:00, run_after=2025-04-03 00:00:00+00:00
[2025-04-03T19:53:18.278+0000] {processor.py:208} INFO - Processing /opt/airflow/dags/example_dag.py took 0.269 seconds
[2025-04-03T19:53:48.788+0000] {processor.py:186} INFO - Started process (PID=947) to work on /opt/airflow/dags/example_dag.py
[2025-04-03T19:53:48.790+0000] {processor.py:914} INFO - Processing file /opt/airflow/dags/example_dag.py for tasks to queue
[2025-04-03T19:53:48.792+0000] {logging_mixin.py:190} INFO - [2025-04-03T19:53:48.792+0000] {dagbag.py:588} INFO - Filling up the DagBag from /opt/airflow/dags/example_dag.py
[2025-04-03T19:53:48.805+0000] {processor.py:925} INFO - DAG(s) 'example_dag' retrieved from /opt/airflow/dags/example_dag.py
[2025-04-03T19:53:48.834+0000] {logging_mixin.py:190} INFO - [2025-04-03T19:53:48.834+0000] {dag.py:3239} INFO - Sync 1 DAGs
[2025-04-03T19:53:48.858+0000] {logging_mixin.py:190} INFO - [2025-04-03T19:53:48.858+0000] {dag.py:4180} INFO - Setting next_dagrun for example_dag to 2025-04-02 00:00:00+00:00, run_after=2025-04-03 00:00:00+00:00
[2025-04-03T19:53:48.874+0000] {processor.py:208} INFO - Processing /opt/airflow/dags/example_dag.py took 0.095 seconds
[2025-04-03T19:54:18.969+0000] {processor.py:186} INFO - Started process (PID=985) to work on /opt/airflow/dags/example_dag.py
[2025-04-03T19:54:18.972+0000] {processor.py:914} INFO - Processing file /opt/airflow/dags/example_dag.py for tasks to queue
[2025-04-03T19:54:18.974+0000] {logging_mixin.py:190} INFO - [2025-04-03T19:54:18.974+0000] {dagbag.py:588} INFO - Filling up the DagBag from /opt/airflow/dags/example_dag.py
[2025-04-03T19:54:18.990+0000] {processor.py:925} INFO - DAG(s) 'example_dag' retrieved from /opt/airflow/dags/example_dag.py
[2025-04-03T19:54:19.027+0000] {logging_mixin.py:190} INFO - [2025-04-03T19:54:19.026+0000] {dag.py:3239} INFO - Sync 1 DAGs
[2025-04-03T19:54:19.060+0000] {logging_mixin.py:190} INFO - [2025-04-03T19:54:19.060+0000] {dag.py:4180} INFO - Setting next_dagrun for example_dag to 2025-04-02 00:00:00+00:00, run_after=2025-04-03 00:00:00+00:00
[2025-04-03T19:54:19.086+0000] {processor.py:208} INFO - Processing /opt/airflow/dags/example_dag.py took 0.127 seconds
[2025-04-03T19:54:49.457+0000] {processor.py:186} INFO - Started process (PID=1025) to work on /opt/airflow/dags/example_dag.py
[2025-04-03T19:54:49.459+0000] {processor.py:914} INFO - Processing file /opt/airflow/dags/example_dag.py for tasks to queue
[2025-04-03T19:54:49.462+0000] {logging_mixin.py:190} INFO - [2025-04-03T19:54:49.461+0000] {dagbag.py:588} INFO - Filling up the DagBag from /opt/airflow/dags/example_dag.py
[2025-04-03T19:54:49.478+0000] {processor.py:925} INFO - DAG(s) 'example_dag' retrieved from /opt/airflow/dags/example_dag.py
[2025-04-03T19:54:49.510+0000] {logging_mixin.py:190} INFO - [2025-04-03T19:54:49.510+0000] {dag.py:3239} INFO - Sync 1 DAGs
[2025-04-03T19:54:49.538+0000] {logging_mixin.py:190} INFO - [2025-04-03T19:54:49.538+0000] {dag.py:4180} INFO - Setting next_dagrun for example_dag to 2025-04-02 00:00:00+00:00, run_after=2025-04-03 00:00:00+00:00
[2025-04-03T19:54:49.556+0000] {processor.py:208} INFO - Processing /opt/airflow/dags/example_dag.py took 0.108 seconds
[2025-04-03T19:55:19.892+0000] {processor.py:186} INFO - Started process (PID=1057) to work on /opt/airflow/dags/example_dag.py
[2025-04-03T19:55:19.895+0000] {processor.py:914} INFO - Processing file /opt/airflow/dags/example_dag.py for tasks to queue
[2025-04-03T19:55:19.897+0000] {logging_mixin.py:190} INFO - [2025-04-03T19:55:19.897+0000] {dagbag.py:588} INFO - Filling up the DagBag from /opt/airflow/dags/example_dag.py
[2025-04-03T19:55:19.913+0000] {processor.py:925} INFO - DAG(s) 'example_dag' retrieved from /opt/airflow/dags/example_dag.py
[2025-04-03T19:55:19.946+0000] {logging_mixin.py:190} INFO - [2025-04-03T19:55:19.946+0000] {dag.py:3239} INFO - Sync 1 DAGs
[2025-04-03T19:55:19.977+0000] {logging_mixin.py:190} INFO - [2025-04-03T19:55:19.977+0000] {dag.py:4180} INFO - Setting next_dagrun for example_dag to 2025-04-02 00:00:00+00:00, run_after=2025-04-03 00:00:00+00:00
[2025-04-03T19:55:19.995+0000] {processor.py:208} INFO - Processing /opt/airflow/dags/example_dag.py took 0.113 seconds
[2025-04-03T19:55:50.437+0000] {processor.py:186} INFO - Started process (PID=1083) to work on /opt/airflow/dags/example_dag.py
[2025-04-03T19:55:50.439+0000] {processor.py:914} INFO - Processing file /opt/airflow/dags/example_dag.py for tasks to queue
[2025-04-03T19:55:50.442+0000] {logging_mixin.py:190} INFO - [2025-04-03T19:55:50.441+0000] {dagbag.py:588} INFO - Filling up the DagBag from /opt/airflow/dags/example_dag.py
[2025-04-03T19:55:50.535+0000] {processor.py:925} INFO - DAG(s) 'example_dag' retrieved from /opt/airflow/dags/example_dag.py
[2025-04-03T19:55:50.582+0000] {logging_mixin.py:190} INFO - [2025-04-03T19:55:50.582+0000] {dag.py:3239} INFO - Sync 1 DAGs
[2025-04-03T19:55:50.619+0000] {logging_mixin.py:190} INFO - [2025-04-03T19:55:50.618+0000] {dag.py:4180} INFO - Setting next_dagrun for example_dag to 2025-04-02 00:00:00+00:00, run_after=2025-04-03 00:00:00+00:00
[2025-04-03T19:55:50.642+0000] {processor.py:208} INFO - Processing /opt/airflow/dags/example_dag.py took 0.215 seconds
[2025-04-03T19:56:20.981+0000] {processor.py:186} INFO - Started process (PID=1109) to work on /opt/airflow/dags/example_dag.py
[2025-04-03T19:56:20.984+0000] {processor.py:914} INFO - Processing file /opt/airflow/dags/example_dag.py for tasks to queue
[2025-04-03T19:56:20.987+0000] {logging_mixin.py:190} INFO - [2025-04-03T19:56:20.987+0000] {dagbag.py:588} INFO - Filling up the DagBag from /opt/airflow/dags/example_dag.py
[2025-04-03T19:56:21.004+0000] {processor.py:925} INFO - DAG(s) 'example_dag' retrieved from /opt/airflow/dags/example_dag.py
[2025-04-03T19:56:21.040+0000] {logging_mixin.py:190} INFO - [2025-04-03T19:56:21.039+0000] {dag.py:3239} INFO - Sync 1 DAGs
[2025-04-03T19:56:21.068+0000] {logging_mixin.py:190} INFO - [2025-04-03T19:56:21.068+0000] {dag.py:4180} INFO - Setting next_dagrun for example_dag to 2025-04-02 00:00:00+00:00, run_after=2025-04-03 00:00:00+00:00
[2025-04-03T19:56:21.086+0000] {processor.py:208} INFO - Processing /opt/airflow/dags/example_dag.py took 0.114 seconds
[2025-04-03T19:56:51.429+0000] {processor.py:186} INFO - Started process (PID=1129) to work on /opt/airflow/dags/example_dag.py
[2025-04-03T19:56:51.432+0000] {processor.py:914} INFO - Processing file /opt/airflow/dags/example_dag.py for tasks to queue
[2025-04-03T19:56:51.436+0000] {logging_mixin.py:190} INFO - [2025-04-03T19:56:51.435+0000] {dagbag.py:588} INFO - Filling up the DagBag from /opt/airflow/dags/example_dag.py
[2025-04-03T19:56:51.453+0000] {processor.py:925} INFO - DAG(s) 'example_dag' retrieved from /opt/airflow/dags/example_dag.py
[2025-04-03T19:56:51.490+0000] {logging_mixin.py:190} INFO - [2025-04-03T19:56:51.490+0000] {dag.py:3239} INFO - Sync 1 DAGs
[2025-04-03T19:56:51.523+0000] {logging_mixin.py:190} INFO - [2025-04-03T19:56:51.523+0000] {dag.py:4180} INFO - Setting next_dagrun for example_dag to 2025-04-02 00:00:00+00:00, run_after=2025-04-03 00:00:00+00:00
[2025-04-03T19:56:51.547+0000] {processor.py:208} INFO - Processing /opt/airflow/dags/example_dag.py took 0.128 seconds
[2025-04-03T19:57:41.865+0000] {processor.py:186} INFO - Started process (PID=214) to work on /opt/airflow/dags/example_dag.py
[2025-04-03T19:57:41.868+0000] {processor.py:914} INFO - Processing file /opt/airflow/dags/example_dag.py for tasks to queue
[2025-04-03T19:57:41.874+0000] {logging_mixin.py:190} INFO - [2025-04-03T19:57:41.873+0000] {dagbag.py:588} INFO - Filling up the DagBag from /opt/airflow/dags/example_dag.py
[2025-04-03T19:57:41.895+0000] {processor.py:925} INFO - DAG(s) 'example_dag' retrieved from /opt/airflow/dags/example_dag.py
[2025-04-03T19:57:41.952+0000] {logging_mixin.py:190} INFO - [2025-04-03T19:57:41.951+0000] {dag.py:3239} INFO - Sync 1 DAGs
[2025-04-03T19:57:42.007+0000] {logging_mixin.py:190} INFO - [2025-04-03T19:57:42.006+0000] {dag.py:4180} INFO - Setting next_dagrun for example_dag to 2025-04-02 00:00:00+00:00, run_after=2025-04-03 00:00:00+00:00
[2025-04-03T19:57:42.059+0000] {processor.py:208} INFO - Processing /opt/airflow/dags/example_dag.py took 0.209 seconds
[2025-04-03T19:58:12.282+0000] {processor.py:186} INFO - Started process (PID=239) to work on /opt/airflow/dags/example_dag.py
[2025-04-03T19:58:12.285+0000] {processor.py:914} INFO - Processing file /opt/airflow/dags/example_dag.py for tasks to queue
[2025-04-03T19:58:12.288+0000] {logging_mixin.py:190} INFO - [2025-04-03T19:58:12.288+0000] {dagbag.py:588} INFO - Filling up the DagBag from /opt/airflow/dags/example_dag.py
[2025-04-03T19:58:12.309+0000] {processor.py:925} INFO - DAG(s) 'example_dag' retrieved from /opt/airflow/dags/example_dag.py
[2025-04-03T19:58:12.359+0000] {logging_mixin.py:190} INFO - [2025-04-03T19:58:12.358+0000] {dag.py:3239} INFO - Sync 1 DAGs
[2025-04-03T19:58:12.394+0000] {logging_mixin.py:190} INFO - [2025-04-03T19:58:12.394+0000] {dag.py:4180} INFO - Setting next_dagrun for example_dag to 2025-04-02 00:00:00+00:00, run_after=2025-04-03 00:00:00+00:00
[2025-04-03T19:58:12.461+0000] {processor.py:208} INFO - Processing /opt/airflow/dags/example_dag.py took 0.191 seconds
[2025-04-03T19:58:42.972+0000] {processor.py:186} INFO - Started process (PID=262) to work on /opt/airflow/dags/example_dag.py
[2025-04-03T19:58:42.978+0000] {processor.py:914} INFO - Processing file /opt/airflow/dags/example_dag.py for tasks to queue
[2025-04-03T19:58:42.984+0000] {logging_mixin.py:190} INFO - [2025-04-03T19:58:42.983+0000] {dagbag.py:588} INFO - Filling up the DagBag from /opt/airflow/dags/example_dag.py
[2025-04-03T19:58:43.017+0000] {processor.py:925} INFO - DAG(s) 'example_dag' retrieved from /opt/airflow/dags/example_dag.py
[2025-04-03T19:58:43.078+0000] {logging_mixin.py:190} INFO - [2025-04-03T19:58:43.077+0000] {dag.py:3239} INFO - Sync 1 DAGs
[2025-04-03T19:58:43.145+0000] {logging_mixin.py:190} INFO - [2025-04-03T19:58:43.145+0000] {dag.py:4180} INFO - Setting next_dagrun for example_dag to 2025-04-02 00:00:00+00:00, run_after=2025-04-03 00:00:00+00:00
[2025-04-03T19:58:43.230+0000] {processor.py:208} INFO - Processing /opt/airflow/dags/example_dag.py took 0.270 seconds
[2025-04-03T19:59:13.674+0000] {processor.py:186} INFO - Started process (PID=282) to work on /opt/airflow/dags/example_dag.py
[2025-04-03T19:59:13.676+0000] {processor.py:914} INFO - Processing file /opt/airflow/dags/example_dag.py for tasks to queue
[2025-04-03T19:59:13.679+0000] {logging_mixin.py:190} INFO - [2025-04-03T19:59:13.679+0000] {dagbag.py:588} INFO - Filling up the DagBag from /opt/airflow/dags/example_dag.py
[2025-04-03T19:59:13.693+0000] {processor.py:925} INFO - DAG(s) 'example_dag' retrieved from /opt/airflow/dags/example_dag.py
[2025-04-03T19:59:13.728+0000] {logging_mixin.py:190} INFO - [2025-04-03T19:59:13.728+0000] {dag.py:3239} INFO - Sync 1 DAGs
[2025-04-03T19:59:13.756+0000] {logging_mixin.py:190} INFO - [2025-04-03T19:59:13.756+0000] {dag.py:4180} INFO - Setting next_dagrun for example_dag to 2025-04-02 00:00:00+00:00, run_after=2025-04-03 00:00:00+00:00
[2025-04-03T19:59:13.778+0000] {processor.py:208} INFO - Processing /opt/airflow/dags/example_dag.py took 0.113 seconds
[2025-04-03T19:59:44.111+0000] {processor.py:186} INFO - Started process (PID=302) to work on /opt/airflow/dags/example_dag.py
[2025-04-03T19:59:44.113+0000] {processor.py:914} INFO - Processing file /opt/airflow/dags/example_dag.py for tasks to queue
[2025-04-03T19:59:44.117+0000] {logging_mixin.py:190} INFO - [2025-04-03T19:59:44.117+0000] {dagbag.py:588} INFO - Filling up the DagBag from /opt/airflow/dags/example_dag.py
[2025-04-03T19:59:44.132+0000] {processor.py:925} INFO - DAG(s) 'example_dag' retrieved from /opt/airflow/dags/example_dag.py
[2025-04-03T19:59:44.172+0000] {logging_mixin.py:190} INFO - [2025-04-03T19:59:44.171+0000] {dag.py:3239} INFO - Sync 1 DAGs
[2025-04-03T19:59:44.202+0000] {logging_mixin.py:190} INFO - [2025-04-03T19:59:44.201+0000] {dag.py:4180} INFO - Setting next_dagrun for example_dag to 2025-04-02 00:00:00+00:00, run_after=2025-04-03 00:00:00+00:00
[2025-04-03T19:59:44.224+0000] {processor.py:208} INFO - Processing /opt/airflow/dags/example_dag.py took 0.123 seconds
[2025-04-03T20:00:14.587+0000] {processor.py:186} INFO - Started process (PID=322) to work on /opt/airflow/dags/example_dag.py
[2025-04-03T20:00:14.591+0000] {processor.py:914} INFO - Processing file /opt/airflow/dags/example_dag.py for tasks to queue
[2025-04-03T20:00:14.597+0000] {logging_mixin.py:190} INFO - [2025-04-03T20:00:14.596+0000] {dagbag.py:588} INFO - Filling up the DagBag from /opt/airflow/dags/example_dag.py
[2025-04-03T20:00:14.616+0000] {processor.py:925} INFO - DAG(s) 'example_dag' retrieved from /opt/airflow/dags/example_dag.py
[2025-04-03T20:00:14.656+0000] {logging_mixin.py:190} INFO - [2025-04-03T20:00:14.655+0000] {dag.py:3239} INFO - Sync 1 DAGs
[2025-04-03T20:00:14.691+0000] {logging_mixin.py:190} INFO - [2025-04-03T20:00:14.691+0000] {dag.py:4180} INFO - Setting next_dagrun for example_dag to 2025-04-02 00:00:00+00:00, run_after=2025-04-03 00:00:00+00:00
[2025-04-03T20:00:14.718+0000] {processor.py:208} INFO - Processing /opt/airflow/dags/example_dag.py took 0.142 seconds
[2025-04-03T20:00:45.088+0000] {processor.py:186} INFO - Started process (PID=342) to work on /opt/airflow/dags/example_dag.py
[2025-04-03T20:00:45.090+0000] {processor.py:914} INFO - Processing file /opt/airflow/dags/example_dag.py for tasks to queue
[2025-04-03T20:00:45.093+0000] {logging_mixin.py:190} INFO - [2025-04-03T20:00:45.093+0000] {dagbag.py:588} INFO - Filling up the DagBag from /opt/airflow/dags/example_dag.py
[2025-04-03T20:00:45.110+0000] {processor.py:925} INFO - DAG(s) 'example_dag' retrieved from /opt/airflow/dags/example_dag.py
[2025-04-03T20:00:45.151+0000] {logging_mixin.py:190} INFO - [2025-04-03T20:00:45.150+0000] {dag.py:3239} INFO - Sync 1 DAGs
[2025-04-03T20:00:45.185+0000] {logging_mixin.py:190} INFO - [2025-04-03T20:00:45.185+0000] {dag.py:4180} INFO - Setting next_dagrun for example_dag to 2025-04-02 00:00:00+00:00, run_after=2025-04-03 00:00:00+00:00
[2025-04-03T20:00:45.211+0000] {processor.py:208} INFO - Processing /opt/airflow/dags/example_dag.py took 0.134 seconds
