[2025-04-03T19:47:49.187+0000] {processor.py:186} INFO - Started process (PID=667) to work on /opt/airflow/dags/pokemon_replay_etl_dag.py
[2025-04-03T19:47:49.189+0000] {processor.py:914} INFO - Processing file /opt/airflow/dags/pokemon_replay_etl_dag.py for tasks to queue
[2025-04-03T19:47:49.191+0000] {logging_mixin.py:190} INFO - [2025-04-03T19:47:49.190+0000] {dagbag.py:588} INFO - Filling up the DagBag from /opt/airflow/dags/pokemon_replay_etl_dag.py
[2025-04-03T19:47:49.280+0000] {processor.py:925} INFO - DAG(s) 'pokemon_replay_etl' retrieved from /opt/airflow/dags/pokemon_replay_etl_dag.py
[2025-04-03T19:47:49.625+0000] {logging_mixin.py:190} INFO - [2025-04-03T19:47:49.625+0000] {dag.py:3239} INFO - Sync 1 DAGs
[2025-04-03T19:47:49.668+0000] {logging_mixin.py:190} INFO - [2025-04-03T19:47:49.668+0000] {dag.py:4180} INFO - Setting next_dagrun for pokemon_replay_etl to 2025-04-02 00:00:00+00:00, run_after=2025-04-03 00:00:00+00:00
[2025-04-03T19:47:49.716+0000] {processor.py:208} INFO - Processing /opt/airflow/dags/pokemon_replay_etl_dag.py took 0.537 seconds
[2025-04-03T19:48:19.827+0000] {processor.py:186} INFO - Started process (PID=697) to work on /opt/airflow/dags/pokemon_replay_etl_dag.py
[2025-04-03T19:48:19.829+0000] {processor.py:914} INFO - Processing file /opt/airflow/dags/pokemon_replay_etl_dag.py for tasks to queue
[2025-04-03T19:48:19.833+0000] {logging_mixin.py:190} INFO - [2025-04-03T19:48:19.832+0000] {dagbag.py:588} INFO - Filling up the DagBag from /opt/airflow/dags/pokemon_replay_etl_dag.py
[2025-04-03T19:48:19.888+0000] {processor.py:925} INFO - DAG(s) 'pokemon_replay_etl' retrieved from /opt/airflow/dags/pokemon_replay_etl_dag.py
[2025-04-03T19:48:19.922+0000] {logging_mixin.py:190} INFO - [2025-04-03T19:48:19.922+0000] {dag.py:3239} INFO - Sync 1 DAGs
[2025-04-03T19:48:19.947+0000] {logging_mixin.py:190} INFO - [2025-04-03T19:48:19.946+0000] {dag.py:4180} INFO - Setting next_dagrun for pokemon_replay_etl to 2025-04-02 00:00:00+00:00, run_after=2025-04-03 00:00:00+00:00
[2025-04-03T19:48:19.964+0000] {processor.py:208} INFO - Processing /opt/airflow/dags/pokemon_replay_etl_dag.py took 0.147 seconds
[2025-04-03T19:48:50.217+0000] {processor.py:186} INFO - Started process (PID=712) to work on /opt/airflow/dags/pokemon_replay_etl_dag.py
[2025-04-03T19:48:50.257+0000] {processor.py:914} INFO - Processing file /opt/airflow/dags/pokemon_replay_etl_dag.py for tasks to queue
[2025-04-03T19:48:50.261+0000] {logging_mixin.py:190} INFO - [2025-04-03T19:48:50.261+0000] {dagbag.py:588} INFO - Filling up the DagBag from /opt/airflow/dags/pokemon_replay_etl_dag.py
[2025-04-03T19:48:50.304+0000] {processor.py:925} INFO - DAG(s) 'pokemon_replay_etl' retrieved from /opt/airflow/dags/pokemon_replay_etl_dag.py
[2025-04-03T19:48:50.355+0000] {logging_mixin.py:190} INFO - [2025-04-03T19:48:50.354+0000] {dag.py:3239} INFO - Sync 1 DAGs
[2025-04-03T19:48:50.553+0000] {logging_mixin.py:190} INFO - [2025-04-03T19:48:50.553+0000] {dag.py:4180} INFO - Setting next_dagrun for pokemon_replay_etl to 2025-04-02 00:00:00+00:00, run_after=2025-04-03 00:00:00+00:00
[2025-04-03T19:48:50.588+0000] {processor.py:208} INFO - Processing /opt/airflow/dags/pokemon_replay_etl_dag.py took 0.380 seconds
[2025-04-03T19:49:20.711+0000] {processor.py:186} INFO - Started process (PID=735) to work on /opt/airflow/dags/pokemon_replay_etl_dag.py
[2025-04-03T19:49:20.714+0000] {processor.py:914} INFO - Processing file /opt/airflow/dags/pokemon_replay_etl_dag.py for tasks to queue
[2025-04-03T19:49:20.716+0000] {logging_mixin.py:190} INFO - [2025-04-03T19:49:20.716+0000] {dagbag.py:588} INFO - Filling up the DagBag from /opt/airflow/dags/pokemon_replay_etl_dag.py
[2025-04-03T19:49:20.755+0000] {processor.py:925} INFO - DAG(s) 'pokemon_replay_etl' retrieved from /opt/airflow/dags/pokemon_replay_etl_dag.py
[2025-04-03T19:49:20.804+0000] {logging_mixin.py:190} INFO - [2025-04-03T19:49:20.804+0000] {dag.py:3239} INFO - Sync 1 DAGs
[2025-04-03T19:49:20.838+0000] {logging_mixin.py:190} INFO - [2025-04-03T19:49:20.837+0000] {dag.py:4180} INFO - Setting next_dagrun for pokemon_replay_etl to 2025-04-02 00:00:00+00:00, run_after=2025-04-03 00:00:00+00:00
[2025-04-03T19:49:20.864+0000] {processor.py:208} INFO - Processing /opt/airflow/dags/pokemon_replay_etl_dag.py took 0.162 seconds
[2025-04-03T19:49:50.970+0000] {processor.py:186} INFO - Started process (PID=774) to work on /opt/airflow/dags/pokemon_replay_etl_dag.py
[2025-04-03T19:49:50.973+0000] {processor.py:914} INFO - Processing file /opt/airflow/dags/pokemon_replay_etl_dag.py for tasks to queue
[2025-04-03T19:49:50.977+0000] {logging_mixin.py:190} INFO - [2025-04-03T19:49:50.976+0000] {dagbag.py:588} INFO - Filling up the DagBag from /opt/airflow/dags/pokemon_replay_etl_dag.py
[2025-04-03T19:49:51.007+0000] {processor.py:925} INFO - DAG(s) 'pokemon_replay_etl' retrieved from /opt/airflow/dags/pokemon_replay_etl_dag.py
[2025-04-03T19:49:51.306+0000] {logging_mixin.py:190} INFO - [2025-04-03T19:49:51.305+0000] {dag.py:3239} INFO - Sync 1 DAGs
[2025-04-03T19:49:51.332+0000] {logging_mixin.py:190} INFO - [2025-04-03T19:49:51.331+0000] {dag.py:4180} INFO - Setting next_dagrun for pokemon_replay_etl to 2025-04-03 00:00:00+00:00, run_after=2025-04-04 00:00:00+00:00
[2025-04-03T19:49:51.349+0000] {processor.py:208} INFO - Processing /opt/airflow/dags/pokemon_replay_etl_dag.py took 0.390 seconds
[2025-04-03T19:50:21.474+0000] {processor.py:186} INFO - Started process (PID=794) to work on /opt/airflow/dags/pokemon_replay_etl_dag.py
[2025-04-03T19:50:21.477+0000] {processor.py:914} INFO - Processing file /opt/airflow/dags/pokemon_replay_etl_dag.py for tasks to queue
[2025-04-03T19:50:21.479+0000] {logging_mixin.py:190} INFO - [2025-04-03T19:50:21.479+0000] {dagbag.py:588} INFO - Filling up the DagBag from /opt/airflow/dags/pokemon_replay_etl_dag.py
[2025-04-03T19:50:21.511+0000] {processor.py:925} INFO - DAG(s) 'pokemon_replay_etl' retrieved from /opt/airflow/dags/pokemon_replay_etl_dag.py
[2025-04-03T19:50:21.553+0000] {logging_mixin.py:190} INFO - [2025-04-03T19:50:21.552+0000] {dag.py:3239} INFO - Sync 1 DAGs
[2025-04-03T19:50:21.585+0000] {logging_mixin.py:190} INFO - [2025-04-03T19:50:21.584+0000] {dag.py:4180} INFO - Setting next_dagrun for pokemon_replay_etl to 2025-04-03 00:00:00+00:00, run_after=2025-04-04 00:00:00+00:00
[2025-04-03T19:50:21.603+0000] {processor.py:208} INFO - Processing /opt/airflow/dags/pokemon_replay_etl_dag.py took 0.139 seconds
[2025-04-03T19:50:51.908+0000] {processor.py:186} INFO - Started process (PID=820) to work on /opt/airflow/dags/pokemon_replay_etl_dag.py
[2025-04-03T19:50:51.910+0000] {processor.py:914} INFO - Processing file /opt/airflow/dags/pokemon_replay_etl_dag.py for tasks to queue
[2025-04-03T19:50:51.913+0000] {logging_mixin.py:190} INFO - [2025-04-03T19:50:51.912+0000] {dagbag.py:588} INFO - Filling up the DagBag from /opt/airflow/dags/pokemon_replay_etl_dag.py
[2025-04-03T19:50:51.950+0000] {processor.py:925} INFO - DAG(s) 'pokemon_replay_etl' retrieved from /opt/airflow/dags/pokemon_replay_etl_dag.py
[2025-04-03T19:50:51.996+0000] {logging_mixin.py:190} INFO - [2025-04-03T19:50:51.996+0000] {dag.py:3239} INFO - Sync 1 DAGs
[2025-04-03T19:50:52.157+0000] {logging_mixin.py:190} INFO - [2025-04-03T19:50:52.157+0000] {dag.py:4180} INFO - Setting next_dagrun for pokemon_replay_etl to 2025-04-03 00:00:00+00:00, run_after=2025-04-04 00:00:00+00:00
[2025-04-03T19:50:52.183+0000] {processor.py:208} INFO - Processing /opt/airflow/dags/pokemon_replay_etl_dag.py took 0.287 seconds
[2025-04-03T19:51:22.350+0000] {processor.py:186} INFO - Started process (PID=840) to work on /opt/airflow/dags/pokemon_replay_etl_dag.py
[2025-04-03T19:51:22.352+0000] {processor.py:914} INFO - Processing file /opt/airflow/dags/pokemon_replay_etl_dag.py for tasks to queue
[2025-04-03T19:51:22.354+0000] {logging_mixin.py:190} INFO - [2025-04-03T19:51:22.354+0000] {dagbag.py:588} INFO - Filling up the DagBag from /opt/airflow/dags/pokemon_replay_etl_dag.py
[2025-04-03T19:51:22.384+0000] {processor.py:925} INFO - DAG(s) 'pokemon_replay_etl' retrieved from /opt/airflow/dags/pokemon_replay_etl_dag.py
[2025-04-03T19:51:22.427+0000] {logging_mixin.py:190} INFO - [2025-04-03T19:51:22.426+0000] {dag.py:3239} INFO - Sync 1 DAGs
[2025-04-03T19:51:22.463+0000] {logging_mixin.py:190} INFO - [2025-04-03T19:51:22.463+0000] {dag.py:4180} INFO - Setting next_dagrun for pokemon_replay_etl to 2025-04-03 00:00:00+00:00, run_after=2025-04-04 00:00:00+00:00
[2025-04-03T19:51:22.486+0000] {processor.py:208} INFO - Processing /opt/airflow/dags/pokemon_replay_etl_dag.py took 0.146 seconds
[2025-04-03T19:51:52.691+0000] {processor.py:186} INFO - Started process (PID=860) to work on /opt/airflow/dags/pokemon_replay_etl_dag.py
[2025-04-03T19:51:52.694+0000] {processor.py:914} INFO - Processing file /opt/airflow/dags/pokemon_replay_etl_dag.py for tasks to queue
[2025-04-03T19:51:52.697+0000] {logging_mixin.py:190} INFO - [2025-04-03T19:51:52.696+0000] {dagbag.py:588} INFO - Filling up the DagBag from /opt/airflow/dags/pokemon_replay_etl_dag.py
[2025-04-03T19:51:52.728+0000] {processor.py:925} INFO - DAG(s) 'pokemon_replay_etl' retrieved from /opt/airflow/dags/pokemon_replay_etl_dag.py
[2025-04-03T19:51:52.776+0000] {logging_mixin.py:190} INFO - [2025-04-03T19:51:52.776+0000] {dag.py:3239} INFO - Sync 1 DAGs
[2025-04-03T19:51:52.973+0000] {logging_mixin.py:190} INFO - [2025-04-03T19:51:52.972+0000] {dag.py:4180} INFO - Setting next_dagrun for pokemon_replay_etl to 2025-04-03 00:00:00+00:00, run_after=2025-04-04 00:00:00+00:00
[2025-04-03T19:51:53.001+0000] {processor.py:208} INFO - Processing /opt/airflow/dags/pokemon_replay_etl_dag.py took 0.322 seconds
[2025-04-03T19:52:23.288+0000] {processor.py:186} INFO - Started process (PID=880) to work on /opt/airflow/dags/pokemon_replay_etl_dag.py
[2025-04-03T19:52:23.292+0000] {processor.py:914} INFO - Processing file /opt/airflow/dags/pokemon_replay_etl_dag.py for tasks to queue
[2025-04-03T19:52:23.294+0000] {logging_mixin.py:190} INFO - [2025-04-03T19:52:23.294+0000] {dagbag.py:588} INFO - Filling up the DagBag from /opt/airflow/dags/pokemon_replay_etl_dag.py
[2025-04-03T19:52:23.321+0000] {processor.py:925} INFO - DAG(s) 'pokemon_replay_etl' retrieved from /opt/airflow/dags/pokemon_replay_etl_dag.py
[2025-04-03T19:52:23.357+0000] {logging_mixin.py:190} INFO - [2025-04-03T19:52:23.357+0000] {dag.py:3239} INFO - Sync 1 DAGs
[2025-04-03T19:52:23.389+0000] {logging_mixin.py:190} INFO - [2025-04-03T19:52:23.389+0000] {dag.py:4180} INFO - Setting next_dagrun for pokemon_replay_etl to 2025-04-03 00:00:00+00:00, run_after=2025-04-04 00:00:00+00:00
[2025-04-03T19:52:23.411+0000] {processor.py:208} INFO - Processing /opt/airflow/dags/pokemon_replay_etl_dag.py took 0.132 seconds
[2025-04-03T19:52:53.628+0000] {processor.py:186} INFO - Started process (PID=900) to work on /opt/airflow/dags/pokemon_replay_etl_dag.py
[2025-04-03T19:52:53.631+0000] {processor.py:914} INFO - Processing file /opt/airflow/dags/pokemon_replay_etl_dag.py for tasks to queue
[2025-04-03T19:52:53.633+0000] {logging_mixin.py:190} INFO - [2025-04-03T19:52:53.633+0000] {dagbag.py:588} INFO - Filling up the DagBag from /opt/airflow/dags/pokemon_replay_etl_dag.py
[2025-04-03T19:52:53.660+0000] {processor.py:925} INFO - DAG(s) 'pokemon_replay_etl' retrieved from /opt/airflow/dags/pokemon_replay_etl_dag.py
[2025-04-03T19:52:53.698+0000] {logging_mixin.py:190} INFO - [2025-04-03T19:52:53.698+0000] {dag.py:3239} INFO - Sync 1 DAGs
[2025-04-03T19:52:53.876+0000] {logging_mixin.py:190} INFO - [2025-04-03T19:52:53.876+0000] {dag.py:4180} INFO - Setting next_dagrun for pokemon_replay_etl to 2025-04-03 00:00:00+00:00, run_after=2025-04-04 00:00:00+00:00
[2025-04-03T19:52:53.900+0000] {processor.py:208} INFO - Processing /opt/airflow/dags/pokemon_replay_etl_dag.py took 0.281 seconds
[2025-04-03T19:53:24.129+0000] {processor.py:186} INFO - Started process (PID=920) to work on /opt/airflow/dags/pokemon_replay_etl_dag.py
[2025-04-03T19:53:24.131+0000] {processor.py:914} INFO - Processing file /opt/airflow/dags/pokemon_replay_etl_dag.py for tasks to queue
[2025-04-03T19:53:24.133+0000] {logging_mixin.py:190} INFO - [2025-04-03T19:53:24.133+0000] {dagbag.py:588} INFO - Filling up the DagBag from /opt/airflow/dags/pokemon_replay_etl_dag.py
[2025-04-03T19:53:24.324+0000] {processor.py:925} INFO - DAG(s) 'pokemon_replay_etl' retrieved from /opt/airflow/dags/pokemon_replay_etl_dag.py
[2025-04-03T19:53:24.367+0000] {logging_mixin.py:190} INFO - [2025-04-03T19:53:24.367+0000] {dag.py:3239} INFO - Sync 1 DAGs
[2025-04-03T19:53:24.400+0000] {logging_mixin.py:190} INFO - [2025-04-03T19:53:24.399+0000] {dag.py:4180} INFO - Setting next_dagrun for pokemon_replay_etl to 2025-04-03 00:00:00+00:00, run_after=2025-04-04 00:00:00+00:00
[2025-04-03T19:53:24.425+0000] {processor.py:208} INFO - Processing /opt/airflow/dags/pokemon_replay_etl_dag.py took 0.306 seconds
[2025-04-03T19:53:54.940+0000] {processor.py:186} INFO - Started process (PID=958) to work on /opt/airflow/dags/pokemon_replay_etl_dag.py
[2025-04-03T19:53:54.943+0000] {processor.py:914} INFO - Processing file /opt/airflow/dags/pokemon_replay_etl_dag.py for tasks to queue
[2025-04-03T19:53:54.945+0000] {logging_mixin.py:190} INFO - [2025-04-03T19:53:54.945+0000] {dagbag.py:588} INFO - Filling up the DagBag from /opt/airflow/dags/pokemon_replay_etl_dag.py
[2025-04-03T19:53:54.973+0000] {processor.py:925} INFO - DAG(s) 'pokemon_replay_etl' retrieved from /opt/airflow/dags/pokemon_replay_etl_dag.py
[2025-04-03T19:53:55.009+0000] {logging_mixin.py:190} INFO - [2025-04-03T19:53:55.009+0000] {dag.py:3239} INFO - Sync 1 DAGs
[2025-04-03T19:53:55.039+0000] {logging_mixin.py:190} INFO - [2025-04-03T19:53:55.039+0000] {dag.py:4180} INFO - Setting next_dagrun for pokemon_replay_etl to 2025-04-03 00:00:00+00:00, run_after=2025-04-04 00:00:00+00:00
[2025-04-03T19:53:55.057+0000] {processor.py:208} INFO - Processing /opt/airflow/dags/pokemon_replay_etl_dag.py took 0.126 seconds
[2025-04-03T19:54:25.172+0000] {processor.py:186} INFO - Started process (PID=1003) to work on /opt/airflow/dags/pokemon_replay_etl_dag.py
[2025-04-03T19:54:25.176+0000] {processor.py:914} INFO - Processing file /opt/airflow/dags/pokemon_replay_etl_dag.py for tasks to queue
[2025-04-03T19:54:25.178+0000] {logging_mixin.py:190} INFO - [2025-04-03T19:54:25.177+0000] {dagbag.py:588} INFO - Filling up the DagBag from /opt/airflow/dags/pokemon_replay_etl_dag.py
[2025-04-03T19:54:25.203+0000] {processor.py:925} INFO - DAG(s) 'pokemon_replay_etl' retrieved from /opt/airflow/dags/pokemon_replay_etl_dag.py
[2025-04-03T19:54:25.238+0000] {logging_mixin.py:190} INFO - [2025-04-03T19:54:25.238+0000] {dag.py:3239} INFO - Sync 1 DAGs
[2025-04-03T19:54:25.264+0000] {logging_mixin.py:190} INFO - [2025-04-03T19:54:25.264+0000] {dag.py:4180} INFO - Setting next_dagrun for pokemon_replay_etl to 2025-04-03 00:00:00+00:00, run_after=2025-04-04 00:00:00+00:00
[2025-04-03T19:54:25.281+0000] {processor.py:208} INFO - Processing /opt/airflow/dags/pokemon_replay_etl_dag.py took 0.119 seconds
[2025-04-03T19:54:55.532+0000] {processor.py:186} INFO - Started process (PID=1030) to work on /opt/airflow/dags/pokemon_replay_etl_dag.py
[2025-04-03T19:54:55.534+0000] {processor.py:914} INFO - Processing file /opt/airflow/dags/pokemon_replay_etl_dag.py for tasks to queue
[2025-04-03T19:54:55.536+0000] {logging_mixin.py:190} INFO - [2025-04-03T19:54:55.535+0000] {dagbag.py:588} INFO - Filling up the DagBag from /opt/airflow/dags/pokemon_replay_etl_dag.py
[2025-04-03T19:54:55.561+0000] {processor.py:925} INFO - DAG(s) 'pokemon_replay_etl' retrieved from /opt/airflow/dags/pokemon_replay_etl_dag.py
[2025-04-03T19:54:55.598+0000] {logging_mixin.py:190} INFO - [2025-04-03T19:54:55.598+0000] {dag.py:3239} INFO - Sync 1 DAGs
[2025-04-03T19:54:55.626+0000] {logging_mixin.py:190} INFO - [2025-04-03T19:54:55.626+0000] {dag.py:4180} INFO - Setting next_dagrun for pokemon_replay_etl to 2025-04-03 00:00:00+00:00, run_after=2025-04-04 00:00:00+00:00
[2025-04-03T19:54:55.644+0000] {processor.py:208} INFO - Processing /opt/airflow/dags/pokemon_replay_etl_dag.py took 0.122 seconds
[2025-04-03T19:55:26.042+0000] {processor.py:186} INFO - Started process (PID=1068) to work on /opt/airflow/dags/pokemon_replay_etl_dag.py
[2025-04-03T19:55:26.045+0000] {processor.py:914} INFO - Processing file /opt/airflow/dags/pokemon_replay_etl_dag.py for tasks to queue
[2025-04-03T19:55:26.049+0000] {logging_mixin.py:190} INFO - [2025-04-03T19:55:26.048+0000] {dagbag.py:588} INFO - Filling up the DagBag from /opt/airflow/dags/pokemon_replay_etl_dag.py
[2025-04-03T19:55:26.079+0000] {processor.py:925} INFO - DAG(s) 'pokemon_replay_etl' retrieved from /opt/airflow/dags/pokemon_replay_etl_dag.py
[2025-04-03T19:55:26.113+0000] {logging_mixin.py:190} INFO - [2025-04-03T19:55:26.113+0000] {dag.py:3239} INFO - Sync 1 DAGs
[2025-04-03T19:55:26.141+0000] {logging_mixin.py:190} INFO - [2025-04-03T19:55:26.141+0000] {dag.py:4180} INFO - Setting next_dagrun for pokemon_replay_etl to 2025-04-03 00:00:00+00:00, run_after=2025-04-04 00:00:00+00:00
[2025-04-03T19:55:26.162+0000] {processor.py:208} INFO - Processing /opt/airflow/dags/pokemon_replay_etl_dag.py took 0.131 seconds
[2025-04-03T19:55:56.537+0000] {processor.py:186} INFO - Started process (PID=1088) to work on /opt/airflow/dags/pokemon_replay_etl_dag.py
[2025-04-03T19:55:56.541+0000] {processor.py:914} INFO - Processing file /opt/airflow/dags/pokemon_replay_etl_dag.py for tasks to queue
[2025-04-03T19:55:56.545+0000] {logging_mixin.py:190} INFO - [2025-04-03T19:55:56.544+0000] {dagbag.py:588} INFO - Filling up the DagBag from /opt/airflow/dags/pokemon_replay_etl_dag.py
[2025-04-03T19:55:56.580+0000] {processor.py:925} INFO - DAG(s) 'pokemon_replay_etl' retrieved from /opt/airflow/dags/pokemon_replay_etl_dag.py
[2025-04-03T19:55:56.635+0000] {logging_mixin.py:190} INFO - [2025-04-03T19:55:56.635+0000] {dag.py:3239} INFO - Sync 1 DAGs
[2025-04-03T19:55:56.678+0000] {logging_mixin.py:190} INFO - [2025-04-03T19:55:56.678+0000] {dag.py:4180} INFO - Setting next_dagrun for pokemon_replay_etl to 2025-04-03 00:00:00+00:00, run_after=2025-04-04 00:00:00+00:00
[2025-04-03T19:55:56.713+0000] {processor.py:208} INFO - Processing /opt/airflow/dags/pokemon_replay_etl_dag.py took 0.188 seconds
[2025-04-03T19:56:27.085+0000] {processor.py:186} INFO - Started process (PID=1114) to work on /opt/airflow/dags/pokemon_replay_etl_dag.py
[2025-04-03T19:56:27.089+0000] {processor.py:914} INFO - Processing file /opt/airflow/dags/pokemon_replay_etl_dag.py for tasks to queue
[2025-04-03T19:56:27.093+0000] {logging_mixin.py:190} INFO - [2025-04-03T19:56:27.092+0000] {dagbag.py:588} INFO - Filling up the DagBag from /opt/airflow/dags/pokemon_replay_etl_dag.py
[2025-04-03T19:56:27.130+0000] {processor.py:925} INFO - DAG(s) 'pokemon_replay_etl' retrieved from /opt/airflow/dags/pokemon_replay_etl_dag.py
[2025-04-03T19:56:27.176+0000] {logging_mixin.py:190} INFO - [2025-04-03T19:56:27.175+0000] {dag.py:3239} INFO - Sync 1 DAGs
[2025-04-03T19:56:27.204+0000] {logging_mixin.py:190} INFO - [2025-04-03T19:56:27.204+0000] {dag.py:4180} INFO - Setting next_dagrun for pokemon_replay_etl to 2025-04-03 00:00:00+00:00, run_after=2025-04-04 00:00:00+00:00
[2025-04-03T19:56:27.222+0000] {processor.py:208} INFO - Processing /opt/airflow/dags/pokemon_replay_etl_dag.py took 0.151 seconds
[2025-04-03T19:57:41.800+0000] {processor.py:186} INFO - Started process (PID=211) to work on /opt/airflow/dags/pokemon_replay_etl_dag.py
[2025-04-03T19:57:41.805+0000] {processor.py:914} INFO - Processing file /opt/airflow/dags/pokemon_replay_etl_dag.py for tasks to queue
[2025-04-03T19:57:41.812+0000] {logging_mixin.py:190} INFO - [2025-04-03T19:57:41.811+0000] {dagbag.py:588} INFO - Filling up the DagBag from /opt/airflow/dags/pokemon_replay_etl_dag.py
[2025-04-03T19:57:41.854+0000] {processor.py:925} INFO - DAG(s) 'pokemon_replay_etl' retrieved from /opt/airflow/dags/pokemon_replay_etl_dag.py
[2025-04-03T19:57:41.944+0000] {logging_mixin.py:190} INFO - [2025-04-03T19:57:41.944+0000] {dag.py:3239} INFO - Sync 1 DAGs
[2025-04-03T19:57:42.003+0000] {logging_mixin.py:190} INFO - [2025-04-03T19:57:42.003+0000] {dag.py:4180} INFO - Setting next_dagrun for pokemon_replay_etl to 2025-04-03 00:00:00+00:00, run_after=2025-04-04 00:00:00+00:00
[2025-04-03T19:57:42.056+0000] {processor.py:208} INFO - Processing /opt/airflow/dags/pokemon_replay_etl_dag.py took 0.270 seconds
[2025-04-03T19:58:12.198+0000] {processor.py:186} INFO - Started process (PID=234) to work on /opt/airflow/dags/pokemon_replay_etl_dag.py
[2025-04-03T19:58:12.201+0000] {processor.py:914} INFO - Processing file /opt/airflow/dags/pokemon_replay_etl_dag.py for tasks to queue
[2025-04-03T19:58:12.205+0000] {logging_mixin.py:190} INFO - [2025-04-03T19:58:12.204+0000] {dagbag.py:588} INFO - Filling up the DagBag from /opt/airflow/dags/pokemon_replay_etl_dag.py
[2025-04-03T19:58:12.237+0000] {processor.py:925} INFO - DAG(s) 'pokemon_replay_etl' retrieved from /opt/airflow/dags/pokemon_replay_etl_dag.py
[2025-04-03T19:58:12.288+0000] {logging_mixin.py:190} INFO - [2025-04-03T19:58:12.287+0000] {dag.py:3239} INFO - Sync 1 DAGs
[2025-04-03T19:58:12.332+0000] {logging_mixin.py:190} INFO - [2025-04-03T19:58:12.332+0000] {dag.py:4180} INFO - Setting next_dagrun for pokemon_replay_etl to 2025-04-03 00:00:00+00:00, run_after=2025-04-04 00:00:00+00:00
[2025-04-03T19:58:12.362+0000] {processor.py:208} INFO - Processing /opt/airflow/dags/pokemon_replay_etl_dag.py took 0.174 seconds
[2025-04-03T19:58:42.895+0000] {processor.py:186} INFO - Started process (PID=257) to work on /opt/airflow/dags/pokemon_replay_etl_dag.py
[2025-04-03T19:58:42.900+0000] {processor.py:914} INFO - Processing file /opt/airflow/dags/pokemon_replay_etl_dag.py for tasks to queue
[2025-04-03T19:58:42.908+0000] {logging_mixin.py:190} INFO - [2025-04-03T19:58:42.907+0000] {dagbag.py:588} INFO - Filling up the DagBag from /opt/airflow/dags/pokemon_replay_etl_dag.py
[2025-04-03T19:58:42.974+0000] {processor.py:925} INFO - DAG(s) 'pokemon_replay_etl' retrieved from /opt/airflow/dags/pokemon_replay_etl_dag.py
[2025-04-03T19:58:43.050+0000] {logging_mixin.py:190} INFO - [2025-04-03T19:58:43.049+0000] {dag.py:3239} INFO - Sync 1 DAGs
[2025-04-03T19:58:43.131+0000] {logging_mixin.py:190} INFO - [2025-04-03T19:58:43.130+0000] {dag.py:4180} INFO - Setting next_dagrun for pokemon_replay_etl to 2025-04-03 00:00:00+00:00, run_after=2025-04-04 00:00:00+00:00
[2025-04-03T19:58:43.197+0000] {processor.py:208} INFO - Processing /opt/airflow/dags/pokemon_replay_etl_dag.py took 0.326 seconds
[2025-04-03T19:59:13.645+0000] {processor.py:186} INFO - Started process (PID=279) to work on /opt/airflow/dags/pokemon_replay_etl_dag.py
[2025-04-03T19:59:13.647+0000] {processor.py:914} INFO - Processing file /opt/airflow/dags/pokemon_replay_etl_dag.py for tasks to queue
[2025-04-03T19:59:13.651+0000] {logging_mixin.py:190} INFO - [2025-04-03T19:59:13.651+0000] {dagbag.py:588} INFO - Filling up the DagBag from /opt/airflow/dags/pokemon_replay_etl_dag.py
[2025-04-03T19:59:13.676+0000] {processor.py:925} INFO - DAG(s) 'pokemon_replay_etl' retrieved from /opt/airflow/dags/pokemon_replay_etl_dag.py
[2025-04-03T19:59:13.716+0000] {logging_mixin.py:190} INFO - [2025-04-03T19:59:13.716+0000] {dag.py:3239} INFO - Sync 1 DAGs
[2025-04-03T19:59:13.744+0000] {logging_mixin.py:190} INFO - [2025-04-03T19:59:13.744+0000] {dag.py:4180} INFO - Setting next_dagrun for pokemon_replay_etl to 2025-04-03 00:00:00+00:00, run_after=2025-04-04 00:00:00+00:00
[2025-04-03T19:59:13.766+0000] {processor.py:208} INFO - Processing /opt/airflow/dags/pokemon_replay_etl_dag.py took 0.129 seconds
[2025-04-03T19:59:44.083+0000] {processor.py:186} INFO - Started process (PID=298) to work on /opt/airflow/dags/pokemon_replay_etl_dag.py
[2025-04-03T19:59:44.085+0000] {processor.py:914} INFO - Processing file /opt/airflow/dags/pokemon_replay_etl_dag.py for tasks to queue
[2025-04-03T19:59:44.088+0000] {logging_mixin.py:190} INFO - [2025-04-03T19:59:44.088+0000] {dagbag.py:588} INFO - Filling up the DagBag from /opt/airflow/dags/pokemon_replay_etl_dag.py
[2025-04-03T19:59:44.117+0000] {processor.py:925} INFO - DAG(s) 'pokemon_replay_etl' retrieved from /opt/airflow/dags/pokemon_replay_etl_dag.py
[2025-04-03T19:59:44.161+0000] {logging_mixin.py:190} INFO - [2025-04-03T19:59:44.160+0000] {dag.py:3239} INFO - Sync 1 DAGs
[2025-04-03T19:59:44.199+0000] {logging_mixin.py:190} INFO - [2025-04-03T19:59:44.198+0000] {dag.py:4180} INFO - Setting next_dagrun for pokemon_replay_etl to 2025-04-03 00:00:00+00:00, run_after=2025-04-04 00:00:00+00:00
[2025-04-03T19:59:44.224+0000] {processor.py:208} INFO - Processing /opt/airflow/dags/pokemon_replay_etl_dag.py took 0.151 seconds
[2025-04-03T20:00:14.540+0000] {processor.py:186} INFO - Started process (PID=318) to work on /opt/airflow/dags/pokemon_replay_etl_dag.py
[2025-04-03T20:00:14.543+0000] {processor.py:914} INFO - Processing file /opt/airflow/dags/pokemon_replay_etl_dag.py for tasks to queue
[2025-04-03T20:00:14.551+0000] {logging_mixin.py:190} INFO - [2025-04-03T20:00:14.550+0000] {dagbag.py:588} INFO - Filling up the DagBag from /opt/airflow/dags/pokemon_replay_etl_dag.py
[2025-04-03T20:00:14.596+0000] {processor.py:925} INFO - DAG(s) 'pokemon_replay_etl' retrieved from /opt/airflow/dags/pokemon_replay_etl_dag.py
[2025-04-03T20:00:14.646+0000] {logging_mixin.py:190} INFO - [2025-04-03T20:00:14.645+0000] {dag.py:3239} INFO - Sync 1 DAGs
[2025-04-03T20:00:14.684+0000] {logging_mixin.py:190} INFO - [2025-04-03T20:00:14.684+0000] {dag.py:4180} INFO - Setting next_dagrun for pokemon_replay_etl to 2025-04-03 00:00:00+00:00, run_after=2025-04-04 00:00:00+00:00
[2025-04-03T20:00:14.709+0000] {processor.py:208} INFO - Processing /opt/airflow/dags/pokemon_replay_etl_dag.py took 0.189 seconds
[2025-04-03T20:00:45.060+0000] {processor.py:186} INFO - Started process (PID=339) to work on /opt/airflow/dags/pokemon_replay_etl_dag.py
[2025-04-03T20:00:45.063+0000] {processor.py:914} INFO - Processing file /opt/airflow/dags/pokemon_replay_etl_dag.py for tasks to queue
[2025-04-03T20:00:45.066+0000] {logging_mixin.py:190} INFO - [2025-04-03T20:00:45.066+0000] {dagbag.py:588} INFO - Filling up the DagBag from /opt/airflow/dags/pokemon_replay_etl_dag.py
[2025-04-03T20:00:45.100+0000] {processor.py:925} INFO - DAG(s) 'pokemon_replay_etl' retrieved from /opt/airflow/dags/pokemon_replay_etl_dag.py
[2025-04-03T20:00:45.146+0000] {logging_mixin.py:190} INFO - [2025-04-03T20:00:45.146+0000] {dag.py:3239} INFO - Sync 1 DAGs
[2025-04-03T20:00:45.185+0000] {logging_mixin.py:190} INFO - [2025-04-03T20:00:45.184+0000] {dag.py:4180} INFO - Setting next_dagrun for pokemon_replay_etl to 2025-04-03 00:00:00+00:00, run_after=2025-04-04 00:00:00+00:00
[2025-04-03T20:00:45.210+0000] {processor.py:208} INFO - Processing /opt/airflow/dags/pokemon_replay_etl_dag.py took 0.161 seconds
[2025-04-03T20:00:47.127+0000] {processor.py:186} INFO - Started process (PID=349) to work on /opt/airflow/dags/pokemon_replay_etl_dag.py
[2025-04-03T20:00:47.130+0000] {processor.py:914} INFO - Processing file /opt/airflow/dags/pokemon_replay_etl_dag.py for tasks to queue
[2025-04-03T20:00:47.134+0000] {logging_mixin.py:190} INFO - [2025-04-03T20:00:47.134+0000] {dagbag.py:588} INFO - Filling up the DagBag from /opt/airflow/dags/pokemon_replay_etl_dag.py
[2025-04-03T20:00:47.187+0000] {processor.py:925} INFO - DAG(s) 'pokemon_replay_etl' retrieved from /opt/airflow/dags/pokemon_replay_etl_dag.py
[2025-04-03T20:00:47.243+0000] {logging_mixin.py:190} INFO - [2025-04-03T20:00:47.243+0000] {dag.py:3239} INFO - Sync 1 DAGs
[2025-04-03T20:00:47.283+0000] {logging_mixin.py:190} INFO - [2025-04-03T20:00:47.283+0000] {dag.py:4180} INFO - Setting next_dagrun for pokemon_replay_etl to 2025-04-03 00:00:00+00:00, run_after=2025-04-04 00:00:00+00:00
[2025-04-03T20:00:47.321+0000] {processor.py:208} INFO - Processing /opt/airflow/dags/pokemon_replay_etl_dag.py took 0.207 seconds
[2025-04-03T20:01:17.570+0000] {processor.py:186} INFO - Started process (PID=364) to work on /opt/airflow/dags/pokemon_replay_etl_dag.py
[2025-04-03T20:01:17.572+0000] {processor.py:914} INFO - Processing file /opt/airflow/dags/pokemon_replay_etl_dag.py for tasks to queue
[2025-04-03T20:01:17.574+0000] {logging_mixin.py:190} INFO - [2025-04-03T20:01:17.573+0000] {dagbag.py:588} INFO - Filling up the DagBag from /opt/airflow/dags/pokemon_replay_etl_dag.py
[2025-04-03T20:01:17.604+0000] {processor.py:925} INFO - DAG(s) 'pokemon_replay_etl' retrieved from /opt/airflow/dags/pokemon_replay_etl_dag.py
[2025-04-03T20:01:17.639+0000] {logging_mixin.py:190} INFO - [2025-04-03T20:01:17.639+0000] {dag.py:3239} INFO - Sync 1 DAGs
[2025-04-03T20:01:17.667+0000] {logging_mixin.py:190} INFO - [2025-04-03T20:01:17.666+0000] {dag.py:4180} INFO - Setting next_dagrun for pokemon_replay_etl to 2025-04-03 00:00:00+00:00, run_after=2025-04-04 00:00:00+00:00
[2025-04-03T20:01:17.686+0000] {processor.py:208} INFO - Processing /opt/airflow/dags/pokemon_replay_etl_dag.py took 0.123 seconds
[2025-04-03T20:01:47.864+0000] {processor.py:186} INFO - Started process (PID=379) to work on /opt/airflow/dags/pokemon_replay_etl_dag.py
[2025-04-03T20:01:47.865+0000] {processor.py:914} INFO - Processing file /opt/airflow/dags/pokemon_replay_etl_dag.py for tasks to queue
[2025-04-03T20:01:47.867+0000] {logging_mixin.py:190} INFO - [2025-04-03T20:01:47.867+0000] {dagbag.py:588} INFO - Filling up the DagBag from /opt/airflow/dags/pokemon_replay_etl_dag.py
[2025-04-03T20:01:47.893+0000] {processor.py:925} INFO - DAG(s) 'pokemon_replay_etl' retrieved from /opt/airflow/dags/pokemon_replay_etl_dag.py
[2025-04-03T20:01:47.928+0000] {logging_mixin.py:190} INFO - [2025-04-03T20:01:47.928+0000] {dag.py:3239} INFO - Sync 1 DAGs
[2025-04-03T20:01:47.954+0000] {logging_mixin.py:190} INFO - [2025-04-03T20:01:47.954+0000] {dag.py:4180} INFO - Setting next_dagrun for pokemon_replay_etl to 2025-04-03 00:00:00+00:00, run_after=2025-04-04 00:00:00+00:00
[2025-04-03T20:01:47.973+0000] {processor.py:208} INFO - Processing /opt/airflow/dags/pokemon_replay_etl_dag.py took 0.116 seconds
[2025-04-03T20:02:18.149+0000] {processor.py:186} INFO - Started process (PID=394) to work on /opt/airflow/dags/pokemon_replay_etl_dag.py
[2025-04-03T20:02:18.152+0000] {processor.py:914} INFO - Processing file /opt/airflow/dags/pokemon_replay_etl_dag.py for tasks to queue
[2025-04-03T20:02:18.155+0000] {logging_mixin.py:190} INFO - [2025-04-03T20:02:18.154+0000] {dagbag.py:588} INFO - Filling up the DagBag from /opt/airflow/dags/pokemon_replay_etl_dag.py
[2025-04-03T20:02:18.184+0000] {processor.py:925} INFO - DAG(s) 'pokemon_replay_etl' retrieved from /opt/airflow/dags/pokemon_replay_etl_dag.py
[2025-04-03T20:02:18.221+0000] {logging_mixin.py:190} INFO - [2025-04-03T20:02:18.221+0000] {dag.py:3239} INFO - Sync 1 DAGs
[2025-04-03T20:02:18.248+0000] {logging_mixin.py:190} INFO - [2025-04-03T20:02:18.248+0000] {dag.py:4180} INFO - Setting next_dagrun for pokemon_replay_etl to 2025-04-03 00:00:00+00:00, run_after=2025-04-04 00:00:00+00:00
[2025-04-03T20:02:18.269+0000] {processor.py:208} INFO - Processing /opt/airflow/dags/pokemon_replay_etl_dag.py took 0.128 seconds
[2025-04-03T20:02:48.551+0000] {processor.py:186} INFO - Started process (PID=409) to work on /opt/airflow/dags/pokemon_replay_etl_dag.py
[2025-04-03T20:02:48.553+0000] {processor.py:914} INFO - Processing file /opt/airflow/dags/pokemon_replay_etl_dag.py for tasks to queue
[2025-04-03T20:02:48.555+0000] {logging_mixin.py:190} INFO - [2025-04-03T20:02:48.555+0000] {dagbag.py:588} INFO - Filling up the DagBag from /opt/airflow/dags/pokemon_replay_etl_dag.py
[2025-04-03T20:02:48.584+0000] {processor.py:925} INFO - DAG(s) 'pokemon_replay_etl' retrieved from /opt/airflow/dags/pokemon_replay_etl_dag.py
[2025-04-03T20:02:48.620+0000] {logging_mixin.py:190} INFO - [2025-04-03T20:02:48.619+0000] {dag.py:3239} INFO - Sync 1 DAGs
[2025-04-03T20:02:48.645+0000] {logging_mixin.py:190} INFO - [2025-04-03T20:02:48.645+0000] {dag.py:4180} INFO - Setting next_dagrun for pokemon_replay_etl to 2025-04-03 00:00:00+00:00, run_after=2025-04-04 00:00:00+00:00
[2025-04-03T20:02:48.670+0000] {processor.py:208} INFO - Processing /opt/airflow/dags/pokemon_replay_etl_dag.py took 0.128 seconds
[2025-04-03T20:03:18.938+0000] {processor.py:186} INFO - Started process (PID=424) to work on /opt/airflow/dags/pokemon_replay_etl_dag.py
[2025-04-03T20:03:18.942+0000] {processor.py:914} INFO - Processing file /opt/airflow/dags/pokemon_replay_etl_dag.py for tasks to queue
[2025-04-03T20:03:18.945+0000] {logging_mixin.py:190} INFO - [2025-04-03T20:03:18.945+0000] {dagbag.py:588} INFO - Filling up the DagBag from /opt/airflow/dags/pokemon_replay_etl_dag.py
[2025-04-03T20:03:18.990+0000] {processor.py:925} INFO - DAG(s) 'pokemon_replay_etl' retrieved from /opt/airflow/dags/pokemon_replay_etl_dag.py
[2025-04-03T20:03:19.037+0000] {logging_mixin.py:190} INFO - [2025-04-03T20:03:19.037+0000] {dag.py:3239} INFO - Sync 1 DAGs
[2025-04-03T20:03:19.074+0000] {logging_mixin.py:190} INFO - [2025-04-03T20:03:19.074+0000] {dag.py:4180} INFO - Setting next_dagrun for pokemon_replay_etl to 2025-04-03 00:00:00+00:00, run_after=2025-04-04 00:00:00+00:00
[2025-04-03T20:03:19.099+0000] {processor.py:208} INFO - Processing /opt/airflow/dags/pokemon_replay_etl_dag.py took 0.172 seconds
[2025-04-03T20:03:49.297+0000] {processor.py:186} INFO - Started process (PID=439) to work on /opt/airflow/dags/pokemon_replay_etl_dag.py
[2025-04-03T20:03:49.299+0000] {processor.py:914} INFO - Processing file /opt/airflow/dags/pokemon_replay_etl_dag.py for tasks to queue
[2025-04-03T20:03:49.301+0000] {logging_mixin.py:190} INFO - [2025-04-03T20:03:49.301+0000] {dagbag.py:588} INFO - Filling up the DagBag from /opt/airflow/dags/pokemon_replay_etl_dag.py
[2025-04-03T20:03:49.326+0000] {processor.py:925} INFO - DAG(s) 'pokemon_replay_etl' retrieved from /opt/airflow/dags/pokemon_replay_etl_dag.py
[2025-04-03T20:03:49.362+0000] {logging_mixin.py:190} INFO - [2025-04-03T20:03:49.362+0000] {dag.py:3239} INFO - Sync 1 DAGs
[2025-04-03T20:03:49.390+0000] {logging_mixin.py:190} INFO - [2025-04-03T20:03:49.390+0000] {dag.py:4180} INFO - Setting next_dagrun for pokemon_replay_etl to 2025-04-03 00:00:00+00:00, run_after=2025-04-04 00:00:00+00:00
[2025-04-03T20:03:49.410+0000] {processor.py:208} INFO - Processing /opt/airflow/dags/pokemon_replay_etl_dag.py took 0.121 seconds
[2025-04-03T20:04:19.623+0000] {processor.py:186} INFO - Started process (PID=454) to work on /opt/airflow/dags/pokemon_replay_etl_dag.py
[2025-04-03T20:04:19.626+0000] {processor.py:914} INFO - Processing file /opt/airflow/dags/pokemon_replay_etl_dag.py for tasks to queue
[2025-04-03T20:04:19.630+0000] {logging_mixin.py:190} INFO - [2025-04-03T20:04:19.629+0000] {dagbag.py:588} INFO - Filling up the DagBag from /opt/airflow/dags/pokemon_replay_etl_dag.py
[2025-04-03T20:04:19.685+0000] {processor.py:925} INFO - DAG(s) 'pokemon_replay_etl' retrieved from /opt/airflow/dags/pokemon_replay_etl_dag.py
[2025-04-03T20:04:19.738+0000] {logging_mixin.py:190} INFO - [2025-04-03T20:04:19.737+0000] {dag.py:3239} INFO - Sync 1 DAGs
[2025-04-03T20:04:19.771+0000] {logging_mixin.py:190} INFO - [2025-04-03T20:04:19.770+0000] {dag.py:4180} INFO - Setting next_dagrun for pokemon_replay_etl to 2025-04-03 00:00:00+00:00, run_after=2025-04-04 00:00:00+00:00
[2025-04-03T20:04:19.792+0000] {processor.py:208} INFO - Processing /opt/airflow/dags/pokemon_replay_etl_dag.py took 0.183 seconds
[2025-04-03T20:04:49.946+0000] {processor.py:186} INFO - Started process (PID=469) to work on /opt/airflow/dags/pokemon_replay_etl_dag.py
[2025-04-03T20:04:49.949+0000] {processor.py:914} INFO - Processing file /opt/airflow/dags/pokemon_replay_etl_dag.py for tasks to queue
[2025-04-03T20:04:49.952+0000] {logging_mixin.py:190} INFO - [2025-04-03T20:04:49.951+0000] {dagbag.py:588} INFO - Filling up the DagBag from /opt/airflow/dags/pokemon_replay_etl_dag.py
[2025-04-03T20:04:49.981+0000] {processor.py:925} INFO - DAG(s) 'pokemon_replay_etl' retrieved from /opt/airflow/dags/pokemon_replay_etl_dag.py
[2025-04-03T20:04:50.018+0000] {logging_mixin.py:190} INFO - [2025-04-03T20:04:50.018+0000] {dag.py:3239} INFO - Sync 1 DAGs
[2025-04-03T20:04:50.051+0000] {logging_mixin.py:190} INFO - [2025-04-03T20:04:50.050+0000] {dag.py:4180} INFO - Setting next_dagrun for pokemon_replay_etl to 2025-04-03 00:00:00+00:00, run_after=2025-04-04 00:00:00+00:00
[2025-04-03T20:04:50.079+0000] {processor.py:208} INFO - Processing /opt/airflow/dags/pokemon_replay_etl_dag.py took 0.143 seconds
[2025-04-03T20:05:20.270+0000] {processor.py:186} INFO - Started process (PID=484) to work on /opt/airflow/dags/pokemon_replay_etl_dag.py
[2025-04-03T20:05:20.278+0000] {processor.py:914} INFO - Processing file /opt/airflow/dags/pokemon_replay_etl_dag.py for tasks to queue
[2025-04-03T20:05:20.284+0000] {logging_mixin.py:190} INFO - [2025-04-03T20:05:20.283+0000] {dagbag.py:588} INFO - Filling up the DagBag from /opt/airflow/dags/pokemon_replay_etl_dag.py
[2025-04-03T20:05:20.335+0000] {processor.py:925} INFO - DAG(s) 'pokemon_replay_etl' retrieved from /opt/airflow/dags/pokemon_replay_etl_dag.py
[2025-04-03T20:05:20.395+0000] {logging_mixin.py:190} INFO - [2025-04-03T20:05:20.394+0000] {dag.py:3239} INFO - Sync 1 DAGs
[2025-04-03T20:05:20.447+0000] {logging_mixin.py:190} INFO - [2025-04-03T20:05:20.447+0000] {dag.py:4180} INFO - Setting next_dagrun for pokemon_replay_etl to 2025-04-03 00:00:00+00:00, run_after=2025-04-04 00:00:00+00:00
[2025-04-03T20:05:20.476+0000] {processor.py:208} INFO - Processing /opt/airflow/dags/pokemon_replay_etl_dag.py took 0.220 seconds
[2025-04-03T20:05:50.620+0000] {processor.py:186} INFO - Started process (PID=499) to work on /opt/airflow/dags/pokemon_replay_etl_dag.py
[2025-04-03T20:05:50.622+0000] {processor.py:914} INFO - Processing file /opt/airflow/dags/pokemon_replay_etl_dag.py for tasks to queue
[2025-04-03T20:05:50.625+0000] {logging_mixin.py:190} INFO - [2025-04-03T20:05:50.625+0000] {dagbag.py:588} INFO - Filling up the DagBag from /opt/airflow/dags/pokemon_replay_etl_dag.py
[2025-04-03T20:05:50.651+0000] {processor.py:925} INFO - DAG(s) 'pokemon_replay_etl' retrieved from /opt/airflow/dags/pokemon_replay_etl_dag.py
[2025-04-03T20:05:50.696+0000] {logging_mixin.py:190} INFO - [2025-04-03T20:05:50.696+0000] {dag.py:3239} INFO - Sync 1 DAGs
[2025-04-03T20:05:50.735+0000] {logging_mixin.py:190} INFO - [2025-04-03T20:05:50.734+0000] {dag.py:4180} INFO - Setting next_dagrun for pokemon_replay_etl to 2025-04-03 00:00:00+00:00, run_after=2025-04-04 00:00:00+00:00
[2025-04-03T20:05:50.767+0000] {processor.py:208} INFO - Processing /opt/airflow/dags/pokemon_replay_etl_dag.py took 0.154 seconds
[2025-04-03T20:06:21.090+0000] {processor.py:186} INFO - Started process (PID=514) to work on /opt/airflow/dags/pokemon_replay_etl_dag.py
[2025-04-03T20:06:21.092+0000] {processor.py:914} INFO - Processing file /opt/airflow/dags/pokemon_replay_etl_dag.py for tasks to queue
[2025-04-03T20:06:21.094+0000] {logging_mixin.py:190} INFO - [2025-04-03T20:06:21.094+0000] {dagbag.py:588} INFO - Filling up the DagBag from /opt/airflow/dags/pokemon_replay_etl_dag.py
[2025-04-03T20:06:21.134+0000] {processor.py:925} INFO - DAG(s) 'pokemon_replay_etl' retrieved from /opt/airflow/dags/pokemon_replay_etl_dag.py
[2025-04-03T20:06:21.173+0000] {logging_mixin.py:190} INFO - [2025-04-03T20:06:21.173+0000] {dag.py:3239} INFO - Sync 1 DAGs
[2025-04-03T20:06:21.198+0000] {logging_mixin.py:190} INFO - [2025-04-03T20:06:21.198+0000] {dag.py:4180} INFO - Setting next_dagrun for pokemon_replay_etl to 2025-04-03 00:00:00+00:00, run_after=2025-04-04 00:00:00+00:00
[2025-04-03T20:06:21.215+0000] {processor.py:208} INFO - Processing /opt/airflow/dags/pokemon_replay_etl_dag.py took 0.134 seconds
[2025-04-03T20:06:31.266+0000] {processor.py:186} INFO - Started process (PID=524) to work on /opt/airflow/dags/pokemon_replay_etl_dag.py
[2025-04-03T20:06:31.269+0000] {processor.py:914} INFO - Processing file /opt/airflow/dags/pokemon_replay_etl_dag.py for tasks to queue
[2025-04-03T20:06:31.272+0000] {logging_mixin.py:190} INFO - [2025-04-03T20:06:31.271+0000] {dagbag.py:588} INFO - Filling up the DagBag from /opt/airflow/dags/pokemon_replay_etl_dag.py
[2025-04-03T20:06:31.310+0000] {processor.py:925} INFO - DAG(s) 'pokemon_replay_etl' retrieved from /opt/airflow/dags/pokemon_replay_etl_dag.py
[2025-04-03T20:06:31.348+0000] {logging_mixin.py:190} INFO - [2025-04-03T20:06:31.348+0000] {dag.py:3239} INFO - Sync 1 DAGs
[2025-04-03T20:06:31.378+0000] {logging_mixin.py:190} INFO - [2025-04-03T20:06:31.378+0000] {dag.py:4180} INFO - Setting next_dagrun for pokemon_replay_etl to 2025-04-03 00:00:00+00:00, run_after=2025-04-04 00:00:00+00:00
[2025-04-03T20:06:31.399+0000] {processor.py:208} INFO - Processing /opt/airflow/dags/pokemon_replay_etl_dag.py took 0.144 seconds
[2025-04-03T20:06:48.461+0000] {processor.py:186} INFO - Started process (PID=534) to work on /opt/airflow/dags/pokemon_replay_etl_dag.py
[2025-04-03T20:06:48.463+0000] {processor.py:914} INFO - Processing file /opt/airflow/dags/pokemon_replay_etl_dag.py for tasks to queue
[2025-04-03T20:06:48.465+0000] {logging_mixin.py:190} INFO - [2025-04-03T20:06:48.465+0000] {dagbag.py:588} INFO - Filling up the DagBag from /opt/airflow/dags/pokemon_replay_etl_dag.py
[2025-04-03T20:06:48.504+0000] {processor.py:925} INFO - DAG(s) 'pokemon_replay_etl' retrieved from /opt/airflow/dags/pokemon_replay_etl_dag.py
[2025-04-03T20:06:48.841+0000] {logging_mixin.py:190} INFO - [2025-04-03T20:06:48.840+0000] {dag.py:3239} INFO - Sync 1 DAGs
[2025-04-03T20:06:48.864+0000] {logging_mixin.py:190} INFO - [2025-04-03T20:06:48.864+0000] {dag.py:4180} INFO - Setting next_dagrun for pokemon_replay_etl to 2025-04-03 00:00:00+00:00, run_after=2025-04-04 00:00:00+00:00
[2025-04-03T20:06:48.887+0000] {processor.py:208} INFO - Processing /opt/airflow/dags/pokemon_replay_etl_dag.py took 0.436 seconds
[2025-04-03T20:07:19.825+0000] {processor.py:186} INFO - Started process (PID=549) to work on /opt/airflow/dags/pokemon_replay_etl_dag.py
[2025-04-03T20:07:19.827+0000] {processor.py:914} INFO - Processing file /opt/airflow/dags/pokemon_replay_etl_dag.py for tasks to queue
[2025-04-03T20:07:19.832+0000] {logging_mixin.py:190} INFO - [2025-04-03T20:07:19.831+0000] {dagbag.py:588} INFO - Filling up the DagBag from /opt/airflow/dags/pokemon_replay_etl_dag.py
[2025-04-03T20:07:19.875+0000] {processor.py:925} INFO - DAG(s) 'pokemon_replay_etl' retrieved from /opt/airflow/dags/pokemon_replay_etl_dag.py
[2025-04-03T20:07:19.945+0000] {logging_mixin.py:190} INFO - [2025-04-03T20:07:19.944+0000] {dag.py:3239} INFO - Sync 1 DAGs
[2025-04-03T20:07:19.994+0000] {logging_mixin.py:190} INFO - [2025-04-03T20:07:19.994+0000] {dag.py:4180} INFO - Setting next_dagrun for pokemon_replay_etl to 2025-04-03 00:00:00+00:00, run_after=2025-04-04 00:00:00+00:00
[2025-04-03T20:07:20.027+0000] {processor.py:208} INFO - Processing /opt/airflow/dags/pokemon_replay_etl_dag.py took 0.214 seconds
