[2025-04-03T19:32:47.742+0000] {processor.py:186} INFO - Started process (PID=367) to work on /opt/airflow/dags/pokemon_replay_etl.py
[2025-04-03T19:32:47.744+0000] {processor.py:914} INFO - Processing file /opt/airflow/dags/pokemon_replay_etl.py for tasks to queue
[2025-04-03T19:32:47.747+0000] {logging_mixin.py:190} INFO - [2025-04-03T19:32:47.747+0000] {dagbag.py:588} INFO - Filling up the DagBag from /opt/airflow/dags/pokemon_replay_etl.py
[2025-04-03T19:32:47.818+0000] {processor.py:925} INFO - DAG(s) 'pokemon_replay_etl' retrieved from /opt/airflow/dags/pokemon_replay_etl.py
[2025-04-03T19:32:48.268+0000] {logging_mixin.py:190} INFO - [2025-04-03T19:32:48.267+0000] {override.py:1912} INFO - Created Permission View: can delete on DAG:pokemon_replay_etl
[2025-04-03T19:32:48.288+0000] {logging_mixin.py:190} INFO - [2025-04-03T19:32:48.288+0000] {override.py:1912} INFO - Created Permission View: can edit on DAG:pokemon_replay_etl
[2025-04-03T19:32:48.299+0000] {logging_mixin.py:190} INFO - [2025-04-03T19:32:48.299+0000] {override.py:1912} INFO - Created Permission View: can read on DAG:pokemon_replay_etl
[2025-04-03T19:32:48.310+0000] {logging_mixin.py:190} INFO - [2025-04-03T19:32:48.309+0000] {override.py:1912} INFO - Created Permission View: can delete on DAG Run:pokemon_replay_etl
[2025-04-03T19:32:48.322+0000] {logging_mixin.py:190} INFO - [2025-04-03T19:32:48.321+0000] {override.py:1912} INFO - Created Permission View: can create on DAG Run:pokemon_replay_etl
[2025-04-03T19:32:48.332+0000] {logging_mixin.py:190} INFO - [2025-04-03T19:32:48.332+0000] {override.py:1912} INFO - Created Permission View: menu access on DAG Run:pokemon_replay_etl
[2025-04-03T19:32:48.340+0000] {logging_mixin.py:190} INFO - [2025-04-03T19:32:48.340+0000] {override.py:1912} INFO - Created Permission View: can read on DAG Run:pokemon_replay_etl
[2025-04-03T19:32:48.342+0000] {logging_mixin.py:190} INFO - [2025-04-03T19:32:48.341+0000] {dag.py:3239} INFO - Sync 1 DAGs
[2025-04-03T19:32:48.365+0000] {logging_mixin.py:190} INFO - [2025-04-03T19:32:48.364+0000] {dag.py:3262} INFO - Creating ORM DAG for pokemon_replay_etl
[2025-04-03T19:32:48.384+0000] {logging_mixin.py:190} INFO - [2025-04-03T19:32:48.383+0000] {dag.py:4180} INFO - Setting next_dagrun for pokemon_replay_etl to 2025-04-02 00:00:00+00:00, run_after=2025-04-03 00:00:00+00:00
[2025-04-03T19:32:48.411+0000] {processor.py:208} INFO - Processing /opt/airflow/dags/pokemon_replay_etl.py took 0.676 seconds
[2025-04-03T19:33:19.006+0000] {processor.py:186} INFO - Started process (PID=377) to work on /opt/airflow/dags/pokemon_replay_etl.py
[2025-04-03T19:33:19.008+0000] {processor.py:914} INFO - Processing file /opt/airflow/dags/pokemon_replay_etl.py for tasks to queue
[2025-04-03T19:33:19.012+0000] {logging_mixin.py:190} INFO - [2025-04-03T19:33:19.012+0000] {dagbag.py:588} INFO - Filling up the DagBag from /opt/airflow/dags/pokemon_replay_etl.py
[2025-04-03T19:33:19.035+0000] {processor.py:925} INFO - DAG(s) 'pokemon_replay_etl' retrieved from /opt/airflow/dags/pokemon_replay_etl.py
[2025-04-03T19:33:19.073+0000] {logging_mixin.py:190} INFO - [2025-04-03T19:33:19.073+0000] {dag.py:3239} INFO - Sync 1 DAGs
[2025-04-03T19:33:19.100+0000] {logging_mixin.py:190} INFO - [2025-04-03T19:33:19.100+0000] {dag.py:4180} INFO - Setting next_dagrun for pokemon_replay_etl to 2025-04-02 00:00:00+00:00, run_after=2025-04-03 00:00:00+00:00
[2025-04-03T19:33:19.118+0000] {processor.py:208} INFO - Processing /opt/airflow/dags/pokemon_replay_etl.py took 0.121 seconds
[2025-04-03T19:33:49.370+0000] {processor.py:186} INFO - Started process (PID=387) to work on /opt/airflow/dags/pokemon_replay_etl.py
[2025-04-03T19:33:49.373+0000] {processor.py:914} INFO - Processing file /opt/airflow/dags/pokemon_replay_etl.py for tasks to queue
[2025-04-03T19:33:49.377+0000] {logging_mixin.py:190} INFO - [2025-04-03T19:33:49.376+0000] {dagbag.py:588} INFO - Filling up the DagBag from /opt/airflow/dags/pokemon_replay_etl.py
[2025-04-03T19:33:49.397+0000] {processor.py:925} INFO - DAG(s) 'pokemon_replay_etl' retrieved from /opt/airflow/dags/pokemon_replay_etl.py
[2025-04-03T19:33:49.438+0000] {logging_mixin.py:190} INFO - [2025-04-03T19:33:49.437+0000] {dag.py:3239} INFO - Sync 1 DAGs
[2025-04-03T19:33:49.464+0000] {logging_mixin.py:190} INFO - [2025-04-03T19:33:49.464+0000] {dag.py:4180} INFO - Setting next_dagrun for pokemon_replay_etl to 2025-04-02 00:00:00+00:00, run_after=2025-04-03 00:00:00+00:00
[2025-04-03T19:33:49.484+0000] {processor.py:208} INFO - Processing /opt/airflow/dags/pokemon_replay_etl.py took 0.124 seconds
[2025-04-03T19:34:19.729+0000] {processor.py:186} INFO - Started process (PID=397) to work on /opt/airflow/dags/pokemon_replay_etl.py
[2025-04-03T19:34:19.732+0000] {processor.py:914} INFO - Processing file /opt/airflow/dags/pokemon_replay_etl.py for tasks to queue
[2025-04-03T19:34:19.734+0000] {logging_mixin.py:190} INFO - [2025-04-03T19:34:19.734+0000] {dagbag.py:588} INFO - Filling up the DagBag from /opt/airflow/dags/pokemon_replay_etl.py
[2025-04-03T19:34:19.751+0000] {processor.py:925} INFO - DAG(s) 'pokemon_replay_etl' retrieved from /opt/airflow/dags/pokemon_replay_etl.py
[2025-04-03T19:34:19.796+0000] {logging_mixin.py:190} INFO - [2025-04-03T19:34:19.795+0000] {dag.py:3239} INFO - Sync 1 DAGs
[2025-04-03T19:34:19.828+0000] {logging_mixin.py:190} INFO - [2025-04-03T19:34:19.828+0000] {dag.py:4180} INFO - Setting next_dagrun for pokemon_replay_etl to 2025-04-02 00:00:00+00:00, run_after=2025-04-03 00:00:00+00:00
[2025-04-03T19:34:19.852+0000] {processor.py:208} INFO - Processing /opt/airflow/dags/pokemon_replay_etl.py took 0.131 seconds
[2025-04-03T19:34:50.094+0000] {processor.py:186} INFO - Started process (PID=407) to work on /opt/airflow/dags/pokemon_replay_etl.py
[2025-04-03T19:34:50.096+0000] {processor.py:914} INFO - Processing file /opt/airflow/dags/pokemon_replay_etl.py for tasks to queue
[2025-04-03T19:34:50.101+0000] {logging_mixin.py:190} INFO - [2025-04-03T19:34:50.100+0000] {dagbag.py:588} INFO - Filling up the DagBag from /opt/airflow/dags/pokemon_replay_etl.py
[2025-04-03T19:34:50.122+0000] {processor.py:925} INFO - DAG(s) 'pokemon_replay_etl' retrieved from /opt/airflow/dags/pokemon_replay_etl.py
[2025-04-03T19:34:50.164+0000] {logging_mixin.py:190} INFO - [2025-04-03T19:34:50.163+0000] {dag.py:3239} INFO - Sync 1 DAGs
[2025-04-03T19:34:50.193+0000] {logging_mixin.py:190} INFO - [2025-04-03T19:34:50.193+0000] {dag.py:4180} INFO - Setting next_dagrun for pokemon_replay_etl to 2025-04-02 00:00:00+00:00, run_after=2025-04-03 00:00:00+00:00
[2025-04-03T19:34:50.214+0000] {processor.py:208} INFO - Processing /opt/airflow/dags/pokemon_replay_etl.py took 0.129 seconds
[2025-04-03T19:35:20.466+0000] {processor.py:186} INFO - Started process (PID=417) to work on /opt/airflow/dags/pokemon_replay_etl.py
[2025-04-03T19:35:20.468+0000] {processor.py:914} INFO - Processing file /opt/airflow/dags/pokemon_replay_etl.py for tasks to queue
[2025-04-03T19:35:20.471+0000] {logging_mixin.py:190} INFO - [2025-04-03T19:35:20.470+0000] {dagbag.py:588} INFO - Filling up the DagBag from /opt/airflow/dags/pokemon_replay_etl.py
[2025-04-03T19:35:20.488+0000] {processor.py:925} INFO - DAG(s) 'pokemon_replay_etl' retrieved from /opt/airflow/dags/pokemon_replay_etl.py
[2025-04-03T19:35:20.521+0000] {logging_mixin.py:190} INFO - [2025-04-03T19:35:20.521+0000] {dag.py:3239} INFO - Sync 1 DAGs
[2025-04-03T19:35:20.547+0000] {logging_mixin.py:190} INFO - [2025-04-03T19:35:20.546+0000] {dag.py:4180} INFO - Setting next_dagrun for pokemon_replay_etl to 2025-04-02 00:00:00+00:00, run_after=2025-04-03 00:00:00+00:00
[2025-04-03T19:35:20.569+0000] {processor.py:208} INFO - Processing /opt/airflow/dags/pokemon_replay_etl.py took 0.112 seconds
[2025-04-03T19:35:50.900+0000] {processor.py:186} INFO - Started process (PID=427) to work on /opt/airflow/dags/pokemon_replay_etl.py
[2025-04-03T19:35:50.902+0000] {processor.py:914} INFO - Processing file /opt/airflow/dags/pokemon_replay_etl.py for tasks to queue
[2025-04-03T19:35:50.905+0000] {logging_mixin.py:190} INFO - [2025-04-03T19:35:50.904+0000] {dagbag.py:588} INFO - Filling up the DagBag from /opt/airflow/dags/pokemon_replay_etl.py
[2025-04-03T19:35:50.921+0000] {processor.py:925} INFO - DAG(s) 'pokemon_replay_etl' retrieved from /opt/airflow/dags/pokemon_replay_etl.py
[2025-04-03T19:35:50.955+0000] {logging_mixin.py:190} INFO - [2025-04-03T19:35:50.955+0000] {dag.py:3239} INFO - Sync 1 DAGs
[2025-04-03T19:35:50.984+0000] {logging_mixin.py:190} INFO - [2025-04-03T19:35:50.984+0000] {dag.py:4180} INFO - Setting next_dagrun for pokemon_replay_etl to 2025-04-02 00:00:00+00:00, run_after=2025-04-03 00:00:00+00:00
[2025-04-03T19:35:51.005+0000] {processor.py:208} INFO - Processing /opt/airflow/dags/pokemon_replay_etl.py took 0.113 seconds
[2025-04-03T19:36:21.253+0000] {processor.py:186} INFO - Started process (PID=437) to work on /opt/airflow/dags/pokemon_replay_etl.py
[2025-04-03T19:36:21.257+0000] {processor.py:914} INFO - Processing file /opt/airflow/dags/pokemon_replay_etl.py for tasks to queue
[2025-04-03T19:36:21.261+0000] {logging_mixin.py:190} INFO - [2025-04-03T19:36:21.261+0000] {dagbag.py:588} INFO - Filling up the DagBag from /opt/airflow/dags/pokemon_replay_etl.py
[2025-04-03T19:36:21.283+0000] {processor.py:925} INFO - DAG(s) 'pokemon_replay_etl' retrieved from /opt/airflow/dags/pokemon_replay_etl.py
[2025-04-03T19:36:21.328+0000] {logging_mixin.py:190} INFO - [2025-04-03T19:36:21.328+0000] {dag.py:3239} INFO - Sync 1 DAGs
[2025-04-03T19:36:21.360+0000] {logging_mixin.py:190} INFO - [2025-04-03T19:36:21.360+0000] {dag.py:4180} INFO - Setting next_dagrun for pokemon_replay_etl to 2025-04-02 00:00:00+00:00, run_after=2025-04-03 00:00:00+00:00
[2025-04-03T19:36:21.386+0000] {processor.py:208} INFO - Processing /opt/airflow/dags/pokemon_replay_etl.py took 0.143 seconds
[2025-04-03T19:36:51.649+0000] {processor.py:186} INFO - Started process (PID=447) to work on /opt/airflow/dags/pokemon_replay_etl.py
[2025-04-03T19:36:51.652+0000] {processor.py:914} INFO - Processing file /opt/airflow/dags/pokemon_replay_etl.py for tasks to queue
[2025-04-03T19:36:51.655+0000] {logging_mixin.py:190} INFO - [2025-04-03T19:36:51.655+0000] {dagbag.py:588} INFO - Filling up the DagBag from /opt/airflow/dags/pokemon_replay_etl.py
[2025-04-03T19:36:51.674+0000] {processor.py:925} INFO - DAG(s) 'pokemon_replay_etl' retrieved from /opt/airflow/dags/pokemon_replay_etl.py
[2025-04-03T19:36:51.714+0000] {logging_mixin.py:190} INFO - [2025-04-03T19:36:51.714+0000] {dag.py:3239} INFO - Sync 1 DAGs
[2025-04-03T19:36:51.746+0000] {logging_mixin.py:190} INFO - [2025-04-03T19:36:51.746+0000] {dag.py:4180} INFO - Setting next_dagrun for pokemon_replay_etl to 2025-04-02 00:00:00+00:00, run_after=2025-04-03 00:00:00+00:00
[2025-04-03T19:36:51.773+0000] {processor.py:208} INFO - Processing /opt/airflow/dags/pokemon_replay_etl.py took 0.133 seconds
[2025-04-03T19:37:05.814+0000] {processor.py:186} INFO - Started process (PID=457) to work on /opt/airflow/dags/pokemon_replay_etl.py
[2025-04-03T19:37:05.816+0000] {processor.py:914} INFO - Processing file /opt/airflow/dags/pokemon_replay_etl.py for tasks to queue
[2025-04-03T19:37:05.820+0000] {logging_mixin.py:190} INFO - [2025-04-03T19:37:05.819+0000] {dagbag.py:588} INFO - Filling up the DagBag from /opt/airflow/dags/pokemon_replay_etl.py
[2025-04-03T19:37:05.855+0000] {processor.py:925} INFO - DAG(s) 'pokemon_replay_etl' retrieved from /opt/airflow/dags/pokemon_replay_etl.py
[2025-04-03T19:37:06.007+0000] {logging_mixin.py:190} INFO - [2025-04-03T19:37:06.006+0000] {dag.py:3239} INFO - Sync 1 DAGs
[2025-04-03T19:37:06.041+0000] {logging_mixin.py:190} INFO - [2025-04-03T19:37:06.041+0000] {dag.py:4180} INFO - Setting next_dagrun for pokemon_replay_etl to 2025-04-02 00:00:00+00:00, run_after=2025-04-03 00:00:00+00:00
[2025-04-03T19:37:06.074+0000] {processor.py:208} INFO - Processing /opt/airflow/dags/pokemon_replay_etl.py took 0.271 seconds
[2025-04-03T19:37:36.158+0000] {processor.py:186} INFO - Started process (PID=467) to work on /opt/airflow/dags/pokemon_replay_etl.py
[2025-04-03T19:37:36.161+0000] {processor.py:914} INFO - Processing file /opt/airflow/dags/pokemon_replay_etl.py for tasks to queue
[2025-04-03T19:37:36.165+0000] {logging_mixin.py:190} INFO - [2025-04-03T19:37:36.165+0000] {dagbag.py:588} INFO - Filling up the DagBag from /opt/airflow/dags/pokemon_replay_etl.py
[2025-04-03T19:37:36.183+0000] {processor.py:925} INFO - DAG(s) 'pokemon_replay_etl' retrieved from /opt/airflow/dags/pokemon_replay_etl.py
[2025-04-03T19:37:36.218+0000] {logging_mixin.py:190} INFO - [2025-04-03T19:37:36.218+0000] {dag.py:3239} INFO - Sync 1 DAGs
[2025-04-03T19:37:36.246+0000] {logging_mixin.py:190} INFO - [2025-04-03T19:37:36.246+0000] {dag.py:4180} INFO - Setting next_dagrun for pokemon_replay_etl to 2025-04-02 00:00:00+00:00, run_after=2025-04-03 00:00:00+00:00
[2025-04-03T19:37:36.269+0000] {processor.py:208} INFO - Processing /opt/airflow/dags/pokemon_replay_etl.py took 0.119 seconds
[2025-04-03T19:38:06.583+0000] {processor.py:186} INFO - Started process (PID=477) to work on /opt/airflow/dags/pokemon_replay_etl.py
[2025-04-03T19:38:06.586+0000] {processor.py:914} INFO - Processing file /opt/airflow/dags/pokemon_replay_etl.py for tasks to queue
[2025-04-03T19:38:06.590+0000] {logging_mixin.py:190} INFO - [2025-04-03T19:38:06.590+0000] {dagbag.py:588} INFO - Filling up the DagBag from /opt/airflow/dags/pokemon_replay_etl.py
[2025-04-03T19:38:06.613+0000] {processor.py:925} INFO - DAG(s) 'pokemon_replay_etl' retrieved from /opt/airflow/dags/pokemon_replay_etl.py
[2025-04-03T19:38:06.663+0000] {logging_mixin.py:190} INFO - [2025-04-03T19:38:06.663+0000] {dag.py:3239} INFO - Sync 1 DAGs
[2025-04-03T19:38:06.703+0000] {logging_mixin.py:190} INFO - [2025-04-03T19:38:06.703+0000] {dag.py:4180} INFO - Setting next_dagrun for pokemon_replay_etl to 2025-04-02 00:00:00+00:00, run_after=2025-04-03 00:00:00+00:00
[2025-04-03T19:38:06.732+0000] {processor.py:208} INFO - Processing /opt/airflow/dags/pokemon_replay_etl.py took 0.161 seconds
[2025-04-03T19:38:36.970+0000] {processor.py:186} INFO - Started process (PID=487) to work on /opt/airflow/dags/pokemon_replay_etl.py
[2025-04-03T19:38:36.974+0000] {processor.py:914} INFO - Processing file /opt/airflow/dags/pokemon_replay_etl.py for tasks to queue
[2025-04-03T19:38:36.978+0000] {logging_mixin.py:190} INFO - [2025-04-03T19:38:36.977+0000] {dagbag.py:588} INFO - Filling up the DagBag from /opt/airflow/dags/pokemon_replay_etl.py
[2025-04-03T19:38:36.997+0000] {processor.py:925} INFO - DAG(s) 'pokemon_replay_etl' retrieved from /opt/airflow/dags/pokemon_replay_etl.py
[2025-04-03T19:38:37.036+0000] {logging_mixin.py:190} INFO - [2025-04-03T19:38:37.035+0000] {dag.py:3239} INFO - Sync 1 DAGs
[2025-04-03T19:38:37.064+0000] {logging_mixin.py:190} INFO - [2025-04-03T19:38:37.064+0000] {dag.py:4180} INFO - Setting next_dagrun for pokemon_replay_etl to 2025-04-02 00:00:00+00:00, run_after=2025-04-03 00:00:00+00:00
[2025-04-03T19:38:37.084+0000] {processor.py:208} INFO - Processing /opt/airflow/dags/pokemon_replay_etl.py took 0.123 seconds
[2025-04-03T19:39:07.352+0000] {processor.py:186} INFO - Started process (PID=497) to work on /opt/airflow/dags/pokemon_replay_etl.py
[2025-04-03T19:39:07.354+0000] {processor.py:914} INFO - Processing file /opt/airflow/dags/pokemon_replay_etl.py for tasks to queue
[2025-04-03T19:39:07.358+0000] {logging_mixin.py:190} INFO - [2025-04-03T19:39:07.357+0000] {dagbag.py:588} INFO - Filling up the DagBag from /opt/airflow/dags/pokemon_replay_etl.py
[2025-04-03T19:39:07.377+0000] {processor.py:925} INFO - DAG(s) 'pokemon_replay_etl' retrieved from /opt/airflow/dags/pokemon_replay_etl.py
[2025-04-03T19:39:07.415+0000] {logging_mixin.py:190} INFO - [2025-04-03T19:39:07.415+0000] {dag.py:3239} INFO - Sync 1 DAGs
[2025-04-03T19:39:07.443+0000] {logging_mixin.py:190} INFO - [2025-04-03T19:39:07.442+0000] {dag.py:4180} INFO - Setting next_dagrun for pokemon_replay_etl to 2025-04-02 00:00:00+00:00, run_after=2025-04-03 00:00:00+00:00
[2025-04-03T19:39:07.465+0000] {processor.py:208} INFO - Processing /opt/airflow/dags/pokemon_replay_etl.py took 0.121 seconds
[2025-04-03T19:39:37.694+0000] {processor.py:186} INFO - Started process (PID=507) to work on /opt/airflow/dags/pokemon_replay_etl.py
[2025-04-03T19:39:37.697+0000] {processor.py:914} INFO - Processing file /opt/airflow/dags/pokemon_replay_etl.py for tasks to queue
[2025-04-03T19:39:37.700+0000] {logging_mixin.py:190} INFO - [2025-04-03T19:39:37.700+0000] {dagbag.py:588} INFO - Filling up the DagBag from /opt/airflow/dags/pokemon_replay_etl.py
[2025-04-03T19:39:37.720+0000] {processor.py:925} INFO - DAG(s) 'pokemon_replay_etl' retrieved from /opt/airflow/dags/pokemon_replay_etl.py
[2025-04-03T19:39:37.761+0000] {logging_mixin.py:190} INFO - [2025-04-03T19:39:37.760+0000] {dag.py:3239} INFO - Sync 1 DAGs
[2025-04-03T19:39:37.787+0000] {logging_mixin.py:190} INFO - [2025-04-03T19:39:37.787+0000] {dag.py:4180} INFO - Setting next_dagrun for pokemon_replay_etl to 2025-04-02 00:00:00+00:00, run_after=2025-04-03 00:00:00+00:00
[2025-04-03T19:39:37.810+0000] {processor.py:208} INFO - Processing /opt/airflow/dags/pokemon_replay_etl.py took 0.126 seconds
[2025-04-03T19:40:08.042+0000] {processor.py:186} INFO - Started process (PID=517) to work on /opt/airflow/dags/pokemon_replay_etl.py
[2025-04-03T19:40:08.046+0000] {processor.py:914} INFO - Processing file /opt/airflow/dags/pokemon_replay_etl.py for tasks to queue
[2025-04-03T19:40:08.049+0000] {logging_mixin.py:190} INFO - [2025-04-03T19:40:08.048+0000] {dagbag.py:588} INFO - Filling up the DagBag from /opt/airflow/dags/pokemon_replay_etl.py
[2025-04-03T19:40:08.066+0000] {processor.py:925} INFO - DAG(s) 'pokemon_replay_etl' retrieved from /opt/airflow/dags/pokemon_replay_etl.py
[2025-04-03T19:40:08.103+0000] {logging_mixin.py:190} INFO - [2025-04-03T19:40:08.103+0000] {dag.py:3239} INFO - Sync 1 DAGs
[2025-04-03T19:40:08.130+0000] {logging_mixin.py:190} INFO - [2025-04-03T19:40:08.130+0000] {dag.py:4180} INFO - Setting next_dagrun for pokemon_replay_etl to 2025-04-02 00:00:00+00:00, run_after=2025-04-03 00:00:00+00:00
[2025-04-03T19:40:08.150+0000] {processor.py:208} INFO - Processing /opt/airflow/dags/pokemon_replay_etl.py took 0.115 seconds
[2025-04-03T19:40:38.382+0000] {processor.py:186} INFO - Started process (PID=527) to work on /opt/airflow/dags/pokemon_replay_etl.py
[2025-04-03T19:40:38.384+0000] {processor.py:914} INFO - Processing file /opt/airflow/dags/pokemon_replay_etl.py for tasks to queue
[2025-04-03T19:40:38.387+0000] {logging_mixin.py:190} INFO - [2025-04-03T19:40:38.387+0000] {dagbag.py:588} INFO - Filling up the DagBag from /opt/airflow/dags/pokemon_replay_etl.py
[2025-04-03T19:40:38.408+0000] {processor.py:925} INFO - DAG(s) 'pokemon_replay_etl' retrieved from /opt/airflow/dags/pokemon_replay_etl.py
[2025-04-03T19:40:38.446+0000] {logging_mixin.py:190} INFO - [2025-04-03T19:40:38.446+0000] {dag.py:3239} INFO - Sync 1 DAGs
[2025-04-03T19:40:38.473+0000] {logging_mixin.py:190} INFO - [2025-04-03T19:40:38.473+0000] {dag.py:4180} INFO - Setting next_dagrun for pokemon_replay_etl to 2025-04-02 00:00:00+00:00, run_after=2025-04-03 00:00:00+00:00
[2025-04-03T19:40:38.493+0000] {processor.py:208} INFO - Processing /opt/airflow/dags/pokemon_replay_etl.py took 0.122 seconds
[2025-04-03T19:41:08.727+0000] {processor.py:186} INFO - Started process (PID=537) to work on /opt/airflow/dags/pokemon_replay_etl.py
[2025-04-03T19:41:08.730+0000] {processor.py:914} INFO - Processing file /opt/airflow/dags/pokemon_replay_etl.py for tasks to queue
[2025-04-03T19:41:08.733+0000] {logging_mixin.py:190} INFO - [2025-04-03T19:41:08.733+0000] {dagbag.py:588} INFO - Filling up the DagBag from /opt/airflow/dags/pokemon_replay_etl.py
[2025-04-03T19:41:08.752+0000] {processor.py:925} INFO - DAG(s) 'pokemon_replay_etl' retrieved from /opt/airflow/dags/pokemon_replay_etl.py
[2025-04-03T19:41:08.789+0000] {logging_mixin.py:190} INFO - [2025-04-03T19:41:08.789+0000] {dag.py:3239} INFO - Sync 1 DAGs
[2025-04-03T19:41:08.816+0000] {logging_mixin.py:190} INFO - [2025-04-03T19:41:08.816+0000] {dag.py:4180} INFO - Setting next_dagrun for pokemon_replay_etl to 2025-04-02 00:00:00+00:00, run_after=2025-04-03 00:00:00+00:00
[2025-04-03T19:41:08.835+0000] {processor.py:208} INFO - Processing /opt/airflow/dags/pokemon_replay_etl.py took 0.118 seconds
[2025-04-03T19:41:39.081+0000] {processor.py:186} INFO - Started process (PID=547) to work on /opt/airflow/dags/pokemon_replay_etl.py
[2025-04-03T19:41:39.083+0000] {processor.py:914} INFO - Processing file /opt/airflow/dags/pokemon_replay_etl.py for tasks to queue
[2025-04-03T19:41:39.086+0000] {logging_mixin.py:190} INFO - [2025-04-03T19:41:39.086+0000] {dagbag.py:588} INFO - Filling up the DagBag from /opt/airflow/dags/pokemon_replay_etl.py
[2025-04-03T19:41:39.104+0000] {processor.py:925} INFO - DAG(s) 'pokemon_replay_etl' retrieved from /opt/airflow/dags/pokemon_replay_etl.py
[2025-04-03T19:41:39.141+0000] {logging_mixin.py:190} INFO - [2025-04-03T19:41:39.141+0000] {dag.py:3239} INFO - Sync 1 DAGs
[2025-04-03T19:41:39.169+0000] {logging_mixin.py:190} INFO - [2025-04-03T19:41:39.169+0000] {dag.py:4180} INFO - Setting next_dagrun for pokemon_replay_etl to 2025-04-02 00:00:00+00:00, run_after=2025-04-03 00:00:00+00:00
[2025-04-03T19:41:39.189+0000] {processor.py:208} INFO - Processing /opt/airflow/dags/pokemon_replay_etl.py took 0.117 seconds
[2025-04-03T19:42:09.417+0000] {processor.py:186} INFO - Started process (PID=557) to work on /opt/airflow/dags/pokemon_replay_etl.py
[2025-04-03T19:42:09.420+0000] {processor.py:914} INFO - Processing file /opt/airflow/dags/pokemon_replay_etl.py for tasks to queue
[2025-04-03T19:42:09.424+0000] {logging_mixin.py:190} INFO - [2025-04-03T19:42:09.424+0000] {dagbag.py:588} INFO - Filling up the DagBag from /opt/airflow/dags/pokemon_replay_etl.py
[2025-04-03T19:42:09.444+0000] {processor.py:925} INFO - DAG(s) 'pokemon_replay_etl' retrieved from /opt/airflow/dags/pokemon_replay_etl.py
[2025-04-03T19:42:09.480+0000] {logging_mixin.py:190} INFO - [2025-04-03T19:42:09.480+0000] {dag.py:3239} INFO - Sync 1 DAGs
[2025-04-03T19:42:09.507+0000] {logging_mixin.py:190} INFO - [2025-04-03T19:42:09.506+0000] {dag.py:4180} INFO - Setting next_dagrun for pokemon_replay_etl to 2025-04-02 00:00:00+00:00, run_after=2025-04-03 00:00:00+00:00
[2025-04-03T19:42:09.526+0000] {processor.py:208} INFO - Processing /opt/airflow/dags/pokemon_replay_etl.py took 0.119 seconds
[2025-04-03T19:42:39.735+0000] {processor.py:186} INFO - Started process (PID=567) to work on /opt/airflow/dags/pokemon_replay_etl.py
[2025-04-03T19:42:39.737+0000] {processor.py:914} INFO - Processing file /opt/airflow/dags/pokemon_replay_etl.py for tasks to queue
[2025-04-03T19:42:39.740+0000] {logging_mixin.py:190} INFO - [2025-04-03T19:42:39.740+0000] {dagbag.py:588} INFO - Filling up the DagBag from /opt/airflow/dags/pokemon_replay_etl.py
[2025-04-03T19:42:39.758+0000] {processor.py:925} INFO - DAG(s) 'pokemon_replay_etl' retrieved from /opt/airflow/dags/pokemon_replay_etl.py
[2025-04-03T19:42:39.801+0000] {logging_mixin.py:190} INFO - [2025-04-03T19:42:39.801+0000] {dag.py:3239} INFO - Sync 1 DAGs
[2025-04-03T19:42:39.832+0000] {logging_mixin.py:190} INFO - [2025-04-03T19:42:39.832+0000] {dag.py:4180} INFO - Setting next_dagrun for pokemon_replay_etl to 2025-04-02 00:00:00+00:00, run_after=2025-04-03 00:00:00+00:00
[2025-04-03T19:42:39.852+0000] {processor.py:208} INFO - Processing /opt/airflow/dags/pokemon_replay_etl.py took 0.126 seconds
[2025-04-03T19:43:10.127+0000] {processor.py:186} INFO - Started process (PID=577) to work on /opt/airflow/dags/pokemon_replay_etl.py
[2025-04-03T19:43:10.129+0000] {processor.py:914} INFO - Processing file /opt/airflow/dags/pokemon_replay_etl.py for tasks to queue
[2025-04-03T19:43:10.132+0000] {logging_mixin.py:190} INFO - [2025-04-03T19:43:10.132+0000] {dagbag.py:588} INFO - Filling up the DagBag from /opt/airflow/dags/pokemon_replay_etl.py
[2025-04-03T19:43:10.152+0000] {processor.py:925} INFO - DAG(s) 'pokemon_replay_etl' retrieved from /opt/airflow/dags/pokemon_replay_etl.py
[2025-04-03T19:43:10.263+0000] {logging_mixin.py:190} INFO - [2025-04-03T19:43:10.263+0000] {dag.py:3239} INFO - Sync 1 DAGs
[2025-04-03T19:43:10.296+0000] {logging_mixin.py:190} INFO - [2025-04-03T19:43:10.295+0000] {dag.py:4180} INFO - Setting next_dagrun for pokemon_replay_etl to 2025-04-02 00:00:00+00:00, run_after=2025-04-03 00:00:00+00:00
[2025-04-03T19:43:10.320+0000] {processor.py:208} INFO - Processing /opt/airflow/dags/pokemon_replay_etl.py took 0.202 seconds
[2025-04-03T19:43:40.535+0000] {processor.py:186} INFO - Started process (PID=587) to work on /opt/airflow/dags/pokemon_replay_etl.py
[2025-04-03T19:43:40.538+0000] {processor.py:914} INFO - Processing file /opt/airflow/dags/pokemon_replay_etl.py for tasks to queue
[2025-04-03T19:43:40.541+0000] {logging_mixin.py:190} INFO - [2025-04-03T19:43:40.541+0000] {dagbag.py:588} INFO - Filling up the DagBag from /opt/airflow/dags/pokemon_replay_etl.py
[2025-04-03T19:43:40.558+0000] {processor.py:925} INFO - DAG(s) 'pokemon_replay_etl' retrieved from /opt/airflow/dags/pokemon_replay_etl.py
[2025-04-03T19:43:40.601+0000] {logging_mixin.py:190} INFO - [2025-04-03T19:43:40.600+0000] {dag.py:3239} INFO - Sync 1 DAGs
[2025-04-03T19:43:40.640+0000] {logging_mixin.py:190} INFO - [2025-04-03T19:43:40.640+0000] {dag.py:4180} INFO - Setting next_dagrun for pokemon_replay_etl to 2025-04-02 00:00:00+00:00, run_after=2025-04-03 00:00:00+00:00
[2025-04-03T19:43:40.664+0000] {processor.py:208} INFO - Processing /opt/airflow/dags/pokemon_replay_etl.py took 0.137 seconds
[2025-04-03T19:44:10.896+0000] {processor.py:186} INFO - Started process (PID=597) to work on /opt/airflow/dags/pokemon_replay_etl.py
[2025-04-03T19:44:10.899+0000] {processor.py:914} INFO - Processing file /opt/airflow/dags/pokemon_replay_etl.py for tasks to queue
[2025-04-03T19:44:10.903+0000] {logging_mixin.py:190} INFO - [2025-04-03T19:44:10.902+0000] {dagbag.py:588} INFO - Filling up the DagBag from /opt/airflow/dags/pokemon_replay_etl.py
[2025-04-03T19:44:10.921+0000] {processor.py:925} INFO - DAG(s) 'pokemon_replay_etl' retrieved from /opt/airflow/dags/pokemon_replay_etl.py
[2025-04-03T19:44:10.958+0000] {logging_mixin.py:190} INFO - [2025-04-03T19:44:10.958+0000] {dag.py:3239} INFO - Sync 1 DAGs
[2025-04-03T19:44:10.992+0000] {logging_mixin.py:190} INFO - [2025-04-03T19:44:10.992+0000] {dag.py:4180} INFO - Setting next_dagrun for pokemon_replay_etl to 2025-04-02 00:00:00+00:00, run_after=2025-04-03 00:00:00+00:00
[2025-04-03T19:44:11.021+0000] {processor.py:208} INFO - Processing /opt/airflow/dags/pokemon_replay_etl.py took 0.136 seconds
[2025-04-03T19:44:41.240+0000] {processor.py:186} INFO - Started process (PID=607) to work on /opt/airflow/dags/pokemon_replay_etl.py
[2025-04-03T19:44:41.243+0000] {processor.py:914} INFO - Processing file /opt/airflow/dags/pokemon_replay_etl.py for tasks to queue
[2025-04-03T19:44:41.246+0000] {logging_mixin.py:190} INFO - [2025-04-03T19:44:41.246+0000] {dagbag.py:588} INFO - Filling up the DagBag from /opt/airflow/dags/pokemon_replay_etl.py
[2025-04-03T19:44:41.269+0000] {processor.py:925} INFO - DAG(s) 'pokemon_replay_etl' retrieved from /opt/airflow/dags/pokemon_replay_etl.py
[2025-04-03T19:44:41.310+0000] {logging_mixin.py:190} INFO - [2025-04-03T19:44:41.310+0000] {dag.py:3239} INFO - Sync 1 DAGs
[2025-04-03T19:44:41.339+0000] {logging_mixin.py:190} INFO - [2025-04-03T19:44:41.339+0000] {dag.py:4180} INFO - Setting next_dagrun for pokemon_replay_etl to 2025-04-02 00:00:00+00:00, run_after=2025-04-03 00:00:00+00:00
[2025-04-03T19:44:41.361+0000] {processor.py:208} INFO - Processing /opt/airflow/dags/pokemon_replay_etl.py took 0.131 seconds
[2025-04-03T19:45:11.620+0000] {processor.py:186} INFO - Started process (PID=617) to work on /opt/airflow/dags/pokemon_replay_etl.py
[2025-04-03T19:45:11.625+0000] {processor.py:914} INFO - Processing file /opt/airflow/dags/pokemon_replay_etl.py for tasks to queue
[2025-04-03T19:45:11.628+0000] {logging_mixin.py:190} INFO - [2025-04-03T19:45:11.628+0000] {dagbag.py:588} INFO - Filling up the DagBag from /opt/airflow/dags/pokemon_replay_etl.py
[2025-04-03T19:45:11.647+0000] {processor.py:925} INFO - DAG(s) 'pokemon_replay_etl' retrieved from /opt/airflow/dags/pokemon_replay_etl.py
[2025-04-03T19:45:11.692+0000] {logging_mixin.py:190} INFO - [2025-04-03T19:45:11.692+0000] {dag.py:3239} INFO - Sync 1 DAGs
[2025-04-03T19:45:11.727+0000] {logging_mixin.py:190} INFO - [2025-04-03T19:45:11.727+0000] {dag.py:4180} INFO - Setting next_dagrun for pokemon_replay_etl to 2025-04-02 00:00:00+00:00, run_after=2025-04-03 00:00:00+00:00
[2025-04-03T19:45:11.755+0000] {processor.py:208} INFO - Processing /opt/airflow/dags/pokemon_replay_etl.py took 0.145 seconds
[2025-04-03T19:45:42.102+0000] {processor.py:186} INFO - Started process (PID=627) to work on /opt/airflow/dags/pokemon_replay_etl.py
[2025-04-03T19:45:42.105+0000] {processor.py:914} INFO - Processing file /opt/airflow/dags/pokemon_replay_etl.py for tasks to queue
[2025-04-03T19:45:42.108+0000] {logging_mixin.py:190} INFO - [2025-04-03T19:45:42.108+0000] {dagbag.py:588} INFO - Filling up the DagBag from /opt/airflow/dags/pokemon_replay_etl.py
[2025-04-03T19:45:42.127+0000] {processor.py:925} INFO - DAG(s) 'pokemon_replay_etl' retrieved from /opt/airflow/dags/pokemon_replay_etl.py
[2025-04-03T19:45:42.175+0000] {logging_mixin.py:190} INFO - [2025-04-03T19:45:42.174+0000] {dag.py:3239} INFO - Sync 1 DAGs
[2025-04-03T19:45:42.203+0000] {logging_mixin.py:190} INFO - [2025-04-03T19:45:42.203+0000] {dag.py:4180} INFO - Setting next_dagrun for pokemon_replay_etl to 2025-04-02 00:00:00+00:00, run_after=2025-04-03 00:00:00+00:00
[2025-04-03T19:45:42.226+0000] {processor.py:208} INFO - Processing /opt/airflow/dags/pokemon_replay_etl.py took 0.133 seconds
[2025-04-03T19:46:12.472+0000] {processor.py:186} INFO - Started process (PID=637) to work on /opt/airflow/dags/pokemon_replay_etl.py
[2025-04-03T19:46:12.477+0000] {processor.py:914} INFO - Processing file /opt/airflow/dags/pokemon_replay_etl.py for tasks to queue
[2025-04-03T19:46:12.484+0000] {logging_mixin.py:190} INFO - [2025-04-03T19:46:12.483+0000] {dagbag.py:588} INFO - Filling up the DagBag from /opt/airflow/dags/pokemon_replay_etl.py
[2025-04-03T19:46:12.532+0000] {processor.py:925} INFO - DAG(s) 'pokemon_replay_etl' retrieved from /opt/airflow/dags/pokemon_replay_etl.py
[2025-04-03T19:46:12.613+0000] {logging_mixin.py:190} INFO - [2025-04-03T19:46:12.612+0000] {dag.py:3239} INFO - Sync 1 DAGs
[2025-04-03T19:46:12.679+0000] {logging_mixin.py:190} INFO - [2025-04-03T19:46:12.678+0000] {dag.py:4180} INFO - Setting next_dagrun for pokemon_replay_etl to 2025-04-02 00:00:00+00:00, run_after=2025-04-03 00:00:00+00:00
[2025-04-03T19:46:12.734+0000] {processor.py:208} INFO - Processing /opt/airflow/dags/pokemon_replay_etl.py took 0.282 seconds
[2025-04-03T19:46:43.065+0000] {processor.py:186} INFO - Started process (PID=647) to work on /opt/airflow/dags/pokemon_replay_etl.py
[2025-04-03T19:46:43.067+0000] {processor.py:914} INFO - Processing file /opt/airflow/dags/pokemon_replay_etl.py for tasks to queue
[2025-04-03T19:46:43.071+0000] {logging_mixin.py:190} INFO - [2025-04-03T19:46:43.071+0000] {dagbag.py:588} INFO - Filling up the DagBag from /opt/airflow/dags/pokemon_replay_etl.py
[2025-04-03T19:46:43.090+0000] {processor.py:925} INFO - DAG(s) 'pokemon_replay_etl' retrieved from /opt/airflow/dags/pokemon_replay_etl.py
[2025-04-03T19:46:43.127+0000] {logging_mixin.py:190} INFO - [2025-04-03T19:46:43.127+0000] {dag.py:3239} INFO - Sync 1 DAGs
[2025-04-03T19:46:43.157+0000] {logging_mixin.py:190} INFO - [2025-04-03T19:46:43.157+0000] {dag.py:4180} INFO - Setting next_dagrun for pokemon_replay_etl to 2025-04-02 00:00:00+00:00, run_after=2025-04-03 00:00:00+00:00
[2025-04-03T19:46:43.372+0000] {processor.py:208} INFO - Processing /opt/airflow/dags/pokemon_replay_etl.py took 0.316 seconds
[2025-04-03T19:47:13.722+0000] {processor.py:186} INFO - Started process (PID=657) to work on /opt/airflow/dags/pokemon_replay_etl.py
[2025-04-03T19:47:13.726+0000] {processor.py:914} INFO - Processing file /opt/airflow/dags/pokemon_replay_etl.py for tasks to queue
[2025-04-03T19:47:13.729+0000] {logging_mixin.py:190} INFO - [2025-04-03T19:47:13.729+0000] {dagbag.py:588} INFO - Filling up the DagBag from /opt/airflow/dags/pokemon_replay_etl.py
[2025-04-03T19:47:13.753+0000] {processor.py:925} INFO - DAG(s) 'pokemon_replay_etl' retrieved from /opt/airflow/dags/pokemon_replay_etl.py
[2025-04-03T19:47:13.794+0000] {logging_mixin.py:190} INFO - [2025-04-03T19:47:13.793+0000] {dag.py:3239} INFO - Sync 1 DAGs
[2025-04-03T19:47:13.823+0000] {logging_mixin.py:190} INFO - [2025-04-03T19:47:13.823+0000] {dag.py:4180} INFO - Setting next_dagrun for pokemon_replay_etl to 2025-04-02 00:00:00+00:00, run_after=2025-04-03 00:00:00+00:00
[2025-04-03T19:47:13.842+0000] {processor.py:208} INFO - Processing /opt/airflow/dags/pokemon_replay_etl.py took 0.130 seconds
