[2025-04-03T19:47:49.333+0000] {processor.py:186} INFO - Started process (PID=675) to work on /opt/airflow/dags/pokemon_replay_etl/constants.py
[2025-04-03T19:47:49.335+0000] {processor.py:914} INFO - Processing file /opt/airflow/dags/pokemon_replay_etl/constants.py for tasks to queue
[2025-04-03T19:47:49.337+0000] {logging_mixin.py:190} INFO - [2025-04-03T19:47:49.337+0000] {dagbag.py:588} INFO - Filling up the DagBag from /opt/airflow/dags/pokemon_replay_etl/constants.py
[2025-04-03T19:47:49.345+0000] {processor.py:927} WARNING - No viable dags retrieved from /opt/airflow/dags/pokemon_replay_etl/constants.py
[2025-04-03T19:47:49.363+0000] {processor.py:208} INFO - Processing /opt/airflow/dags/pokemon_replay_etl/constants.py took 0.039 seconds
[2025-04-03T19:48:19.732+0000] {processor.py:186} INFO - Started process (PID=690) to work on /opt/airflow/dags/pokemon_replay_etl/constants.py
[2025-04-03T19:48:19.734+0000] {processor.py:914} INFO - Processing file /opt/airflow/dags/pokemon_replay_etl/constants.py for tasks to queue
[2025-04-03T19:48:19.737+0000] {logging_mixin.py:190} INFO - [2025-04-03T19:48:19.736+0000] {dagbag.py:588} INFO - Filling up the DagBag from /opt/airflow/dags/pokemon_replay_etl/constants.py
[2025-04-03T19:48:19.746+0000] {processor.py:927} WARNING - No viable dags retrieved from /opt/airflow/dags/pokemon_replay_etl/constants.py
[2025-04-03T19:48:19.770+0000] {processor.py:208} INFO - Processing /opt/airflow/dags/pokemon_replay_etl/constants.py took 0.048 seconds
[2025-04-03T19:48:50.270+0000] {processor.py:186} INFO - Started process (PID=715) to work on /opt/airflow/dags/pokemon_replay_etl/constants.py
[2025-04-03T19:48:50.273+0000] {processor.py:914} INFO - Processing file /opt/airflow/dags/pokemon_replay_etl/constants.py for tasks to queue
[2025-04-03T19:48:50.276+0000] {logging_mixin.py:190} INFO - [2025-04-03T19:48:50.275+0000] {dagbag.py:588} INFO - Filling up the DagBag from /opt/airflow/dags/pokemon_replay_etl/constants.py
[2025-04-03T19:48:50.284+0000] {processor.py:927} WARNING - No viable dags retrieved from /opt/airflow/dags/pokemon_replay_etl/constants.py
[2025-04-03T19:48:50.304+0000] {processor.py:208} INFO - Processing /opt/airflow/dags/pokemon_replay_etl/constants.py took 0.046 seconds
[2025-04-03T19:49:20.703+0000] {processor.py:186} INFO - Started process (PID=732) to work on /opt/airflow/dags/pokemon_replay_etl/constants.py
[2025-04-03T19:49:20.706+0000] {processor.py:914} INFO - Processing file /opt/airflow/dags/pokemon_replay_etl/constants.py for tasks to queue
[2025-04-03T19:49:20.709+0000] {logging_mixin.py:190} INFO - [2025-04-03T19:49:20.708+0000] {dagbag.py:588} INFO - Filling up the DagBag from /opt/airflow/dags/pokemon_replay_etl/constants.py
[2025-04-03T19:49:20.727+0000] {processor.py:927} WARNING - No viable dags retrieved from /opt/airflow/dags/pokemon_replay_etl/constants.py
[2025-04-03T19:49:20.747+0000] {processor.py:208} INFO - Processing /opt/airflow/dags/pokemon_replay_etl/constants.py took 0.053 seconds
[2025-04-03T19:49:25.842+0000] {processor.py:186} INFO - Started process (PID=742) to work on /opt/airflow/dags/pokemon_replay_etl/constants.py
[2025-04-03T19:49:25.844+0000] {processor.py:914} INFO - Processing file /opt/airflow/dags/pokemon_replay_etl/constants.py for tasks to queue
[2025-04-03T19:49:25.846+0000] {logging_mixin.py:190} INFO - [2025-04-03T19:49:25.845+0000] {dagbag.py:588} INFO - Filling up the DagBag from /opt/airflow/dags/pokemon_replay_etl/constants.py
[2025-04-03T19:49:25.857+0000] {processor.py:927} WARNING - No viable dags retrieved from /opt/airflow/dags/pokemon_replay_etl/constants.py
[2025-04-03T19:49:25.873+0000] {processor.py:208} INFO - Processing /opt/airflow/dags/pokemon_replay_etl/constants.py took 0.039 seconds
[2025-04-03T19:49:27.942+0000] {processor.py:186} INFO - Started process (PID=752) to work on /opt/airflow/dags/pokemon_replay_etl/constants.py
[2025-04-03T19:49:27.944+0000] {processor.py:914} INFO - Processing file /opt/airflow/dags/pokemon_replay_etl/constants.py for tasks to queue
[2025-04-03T19:49:27.947+0000] {logging_mixin.py:190} INFO - [2025-04-03T19:49:27.947+0000] {dagbag.py:588} INFO - Filling up the DagBag from /opt/airflow/dags/pokemon_replay_etl/constants.py
[2025-04-03T19:49:27.961+0000] {processor.py:927} WARNING - No viable dags retrieved from /opt/airflow/dags/pokemon_replay_etl/constants.py
[2025-04-03T19:49:27.978+0000] {processor.py:208} INFO - Processing /opt/airflow/dags/pokemon_replay_etl/constants.py took 0.046 seconds
[2025-04-03T19:49:58.258+0000] {processor.py:186} INFO - Started process (PID=784) to work on /opt/airflow/dags/pokemon_replay_etl/constants.py
[2025-04-03T19:49:58.260+0000] {processor.py:914} INFO - Processing file /opt/airflow/dags/pokemon_replay_etl/constants.py for tasks to queue
[2025-04-03T19:49:58.264+0000] {logging_mixin.py:190} INFO - [2025-04-03T19:49:58.263+0000] {dagbag.py:588} INFO - Filling up the DagBag from /opt/airflow/dags/pokemon_replay_etl/constants.py
[2025-04-03T19:49:58.272+0000] {processor.py:927} WARNING - No viable dags retrieved from /opt/airflow/dags/pokemon_replay_etl/constants.py
[2025-04-03T19:49:58.297+0000] {processor.py:208} INFO - Processing /opt/airflow/dags/pokemon_replay_etl/constants.py took 0.051 seconds
[2025-04-03T19:50:28.607+0000] {processor.py:186} INFO - Started process (PID=804) to work on /opt/airflow/dags/pokemon_replay_etl/constants.py
[2025-04-03T19:50:28.610+0000] {processor.py:914} INFO - Processing file /opt/airflow/dags/pokemon_replay_etl/constants.py for tasks to queue
[2025-04-03T19:50:28.613+0000] {logging_mixin.py:190} INFO - [2025-04-03T19:50:28.612+0000] {dagbag.py:588} INFO - Filling up the DagBag from /opt/airflow/dags/pokemon_replay_etl/constants.py
[2025-04-03T19:50:28.619+0000] {processor.py:927} WARNING - No viable dags retrieved from /opt/airflow/dags/pokemon_replay_etl/constants.py
[2025-04-03T19:50:28.636+0000] {processor.py:208} INFO - Processing /opt/airflow/dags/pokemon_replay_etl/constants.py took 0.038 seconds
[2025-04-03T19:50:59.011+0000] {processor.py:186} INFO - Started process (PID=830) to work on /opt/airflow/dags/pokemon_replay_etl/constants.py
[2025-04-03T19:50:59.017+0000] {processor.py:914} INFO - Processing file /opt/airflow/dags/pokemon_replay_etl/constants.py for tasks to queue
[2025-04-03T19:50:59.025+0000] {logging_mixin.py:190} INFO - [2025-04-03T19:50:59.023+0000] {dagbag.py:588} INFO - Filling up the DagBag from /opt/airflow/dags/pokemon_replay_etl/constants.py
[2025-04-03T19:50:59.047+0000] {processor.py:927} WARNING - No viable dags retrieved from /opt/airflow/dags/pokemon_replay_etl/constants.py
[2025-04-03T19:50:59.110+0000] {processor.py:208} INFO - Processing /opt/airflow/dags/pokemon_replay_etl/constants.py took 0.125 seconds
[2025-04-03T19:51:29.418+0000] {processor.py:186} INFO - Started process (PID=850) to work on /opt/airflow/dags/pokemon_replay_etl/constants.py
[2025-04-03T19:51:29.420+0000] {processor.py:914} INFO - Processing file /opt/airflow/dags/pokemon_replay_etl/constants.py for tasks to queue
[2025-04-03T19:51:29.422+0000] {logging_mixin.py:190} INFO - [2025-04-03T19:51:29.422+0000] {dagbag.py:588} INFO - Filling up the DagBag from /opt/airflow/dags/pokemon_replay_etl/constants.py
[2025-04-03T19:51:29.429+0000] {processor.py:927} WARNING - No viable dags retrieved from /opt/airflow/dags/pokemon_replay_etl/constants.py
[2025-04-03T19:51:29.446+0000] {processor.py:208} INFO - Processing /opt/airflow/dags/pokemon_replay_etl/constants.py took 0.039 seconds
[2025-04-03T19:51:59.759+0000] {processor.py:186} INFO - Started process (PID=870) to work on /opt/airflow/dags/pokemon_replay_etl/constants.py
[2025-04-03T19:51:59.763+0000] {processor.py:914} INFO - Processing file /opt/airflow/dags/pokemon_replay_etl/constants.py for tasks to queue
[2025-04-03T19:51:59.766+0000] {logging_mixin.py:190} INFO - [2025-04-03T19:51:59.765+0000] {dagbag.py:588} INFO - Filling up the DagBag from /opt/airflow/dags/pokemon_replay_etl/constants.py
[2025-04-03T19:51:59.772+0000] {processor.py:927} WARNING - No viable dags retrieved from /opt/airflow/dags/pokemon_replay_etl/constants.py
[2025-04-03T19:51:59.793+0000] {processor.py:208} INFO - Processing /opt/airflow/dags/pokemon_replay_etl/constants.py took 0.044 seconds
[2025-04-03T19:52:30.361+0000] {processor.py:186} INFO - Started process (PID=890) to work on /opt/airflow/dags/pokemon_replay_etl/constants.py
[2025-04-03T19:52:30.364+0000] {processor.py:914} INFO - Processing file /opt/airflow/dags/pokemon_replay_etl/constants.py for tasks to queue
[2025-04-03T19:52:30.366+0000] {logging_mixin.py:190} INFO - [2025-04-03T19:52:30.366+0000] {dagbag.py:588} INFO - Filling up the DagBag from /opt/airflow/dags/pokemon_replay_etl/constants.py
[2025-04-03T19:52:30.375+0000] {processor.py:927} WARNING - No viable dags retrieved from /opt/airflow/dags/pokemon_replay_etl/constants.py
[2025-04-03T19:52:30.395+0000] {processor.py:208} INFO - Processing /opt/airflow/dags/pokemon_replay_etl/constants.py took 0.044 seconds
[2025-04-03T19:53:00.909+0000] {processor.py:186} INFO - Started process (PID=910) to work on /opt/airflow/dags/pokemon_replay_etl/constants.py
[2025-04-03T19:53:00.912+0000] {processor.py:914} INFO - Processing file /opt/airflow/dags/pokemon_replay_etl/constants.py for tasks to queue
[2025-04-03T19:53:00.914+0000] {logging_mixin.py:190} INFO - [2025-04-03T19:53:00.913+0000] {dagbag.py:588} INFO - Filling up the DagBag from /opt/airflow/dags/pokemon_replay_etl/constants.py
[2025-04-03T19:53:00.920+0000] {processor.py:927} WARNING - No viable dags retrieved from /opt/airflow/dags/pokemon_replay_etl/constants.py
[2025-04-03T19:53:00.941+0000] {processor.py:208} INFO - Processing /opt/airflow/dags/pokemon_replay_etl/constants.py took 0.043 seconds
[2025-04-03T19:53:31.623+0000] {processor.py:186} INFO - Started process (PID=930) to work on /opt/airflow/dags/pokemon_replay_etl/constants.py
[2025-04-03T19:53:31.625+0000] {processor.py:914} INFO - Processing file /opt/airflow/dags/pokemon_replay_etl/constants.py for tasks to queue
[2025-04-03T19:53:31.628+0000] {logging_mixin.py:190} INFO - [2025-04-03T19:53:31.628+0000] {dagbag.py:588} INFO - Filling up the DagBag from /opt/airflow/dags/pokemon_replay_etl/constants.py
[2025-04-03T19:53:31.635+0000] {processor.py:927} WARNING - No viable dags retrieved from /opt/airflow/dags/pokemon_replay_etl/constants.py
[2025-04-03T19:53:31.656+0000] {processor.py:208} INFO - Processing /opt/airflow/dags/pokemon_replay_etl/constants.py took 0.044 seconds
[2025-04-03T19:54:02.615+0000] {processor.py:186} INFO - Started process (PID=968) to work on /opt/airflow/dags/pokemon_replay_etl/constants.py
[2025-04-03T19:54:02.623+0000] {processor.py:914} INFO - Processing file /opt/airflow/dags/pokemon_replay_etl/constants.py for tasks to queue
[2025-04-03T19:54:02.628+0000] {logging_mixin.py:190} INFO - [2025-04-03T19:54:02.627+0000] {dagbag.py:588} INFO - Filling up the DagBag from /opt/airflow/dags/pokemon_replay_etl/constants.py
[2025-04-03T19:54:02.679+0000] {processor.py:927} WARNING - No viable dags retrieved from /opt/airflow/dags/pokemon_replay_etl/constants.py
[2025-04-03T19:54:02.807+0000] {processor.py:208} INFO - Processing /opt/airflow/dags/pokemon_replay_etl/constants.py took 0.245 seconds
[2025-04-03T19:54:33.262+0000] {processor.py:186} INFO - Started process (PID=1013) to work on /opt/airflow/dags/pokemon_replay_etl/constants.py
[2025-04-03T19:54:33.264+0000] {processor.py:914} INFO - Processing file /opt/airflow/dags/pokemon_replay_etl/constants.py for tasks to queue
[2025-04-03T19:54:33.267+0000] {logging_mixin.py:190} INFO - [2025-04-03T19:54:33.267+0000] {dagbag.py:588} INFO - Filling up the DagBag from /opt/airflow/dags/pokemon_replay_etl/constants.py
[2025-04-03T19:54:33.274+0000] {processor.py:927} WARNING - No viable dags retrieved from /opt/airflow/dags/pokemon_replay_etl/constants.py
[2025-04-03T19:54:33.296+0000] {processor.py:208} INFO - Processing /opt/airflow/dags/pokemon_replay_etl/constants.py took 0.047 seconds
[2025-04-03T19:55:03.762+0000] {processor.py:186} INFO - Started process (PID=1040) to work on /opt/airflow/dags/pokemon_replay_etl/constants.py
[2025-04-03T19:55:03.764+0000] {processor.py:914} INFO - Processing file /opt/airflow/dags/pokemon_replay_etl/constants.py for tasks to queue
[2025-04-03T19:55:03.767+0000] {logging_mixin.py:190} INFO - [2025-04-03T19:55:03.766+0000] {dagbag.py:588} INFO - Filling up the DagBag from /opt/airflow/dags/pokemon_replay_etl/constants.py
[2025-04-03T19:55:03.773+0000] {processor.py:927} WARNING - No viable dags retrieved from /opt/airflow/dags/pokemon_replay_etl/constants.py
[2025-04-03T19:55:03.791+0000] {processor.py:208} INFO - Processing /opt/airflow/dags/pokemon_replay_etl/constants.py took 0.040 seconds
[2025-04-03T19:55:34.282+0000] {processor.py:186} INFO - Started process (PID=1078) to work on /opt/airflow/dags/pokemon_replay_etl/constants.py
[2025-04-03T19:55:34.285+0000] {processor.py:914} INFO - Processing file /opt/airflow/dags/pokemon_replay_etl/constants.py for tasks to queue
[2025-04-03T19:55:34.288+0000] {logging_mixin.py:190} INFO - [2025-04-03T19:55:34.287+0000] {dagbag.py:588} INFO - Filling up the DagBag from /opt/airflow/dags/pokemon_replay_etl/constants.py
[2025-04-03T19:55:34.296+0000] {processor.py:927} WARNING - No viable dags retrieved from /opt/airflow/dags/pokemon_replay_etl/constants.py
[2025-04-03T19:55:34.316+0000] {processor.py:208} INFO - Processing /opt/airflow/dags/pokemon_replay_etl/constants.py took 0.045 seconds
[2025-04-03T19:56:04.843+0000] {processor.py:186} INFO - Started process (PID=1098) to work on /opt/airflow/dags/pokemon_replay_etl/constants.py
[2025-04-03T19:56:04.848+0000] {processor.py:914} INFO - Processing file /opt/airflow/dags/pokemon_replay_etl/constants.py for tasks to queue
[2025-04-03T19:56:04.852+0000] {logging_mixin.py:190} INFO - [2025-04-03T19:56:04.851+0000] {dagbag.py:588} INFO - Filling up the DagBag from /opt/airflow/dags/pokemon_replay_etl/constants.py
[2025-04-03T19:56:04.862+0000] {processor.py:927} WARNING - No viable dags retrieved from /opt/airflow/dags/pokemon_replay_etl/constants.py
[2025-04-03T19:56:04.887+0000] {processor.py:208} INFO - Processing /opt/airflow/dags/pokemon_replay_etl/constants.py took 0.062 seconds
[2025-04-03T19:56:35.260+0000] {processor.py:186} INFO - Started process (PID=1124) to work on /opt/airflow/dags/pokemon_replay_etl/constants.py
[2025-04-03T19:56:35.264+0000] {processor.py:914} INFO - Processing file /opt/airflow/dags/pokemon_replay_etl/constants.py for tasks to queue
[2025-04-03T19:56:35.267+0000] {logging_mixin.py:190} INFO - [2025-04-03T19:56:35.266+0000] {dagbag.py:588} INFO - Filling up the DagBag from /opt/airflow/dags/pokemon_replay_etl/constants.py
[2025-04-03T19:56:35.275+0000] {processor.py:927} WARNING - No viable dags retrieved from /opt/airflow/dags/pokemon_replay_etl/constants.py
[2025-04-03T19:56:35.302+0000] {processor.py:208} INFO - Processing /opt/airflow/dags/pokemon_replay_etl/constants.py took 0.055 seconds
[2025-04-03T19:57:41.650+0000] {processor.py:186} INFO - Started process (PID=201) to work on /opt/airflow/dags/pokemon_replay_etl/constants.py
[2025-04-03T19:57:41.655+0000] {processor.py:914} INFO - Processing file /opt/airflow/dags/pokemon_replay_etl/constants.py for tasks to queue
[2025-04-03T19:57:41.663+0000] {logging_mixin.py:190} INFO - [2025-04-03T19:57:41.662+0000] {dagbag.py:588} INFO - Filling up the DagBag from /opt/airflow/dags/pokemon_replay_etl/constants.py
[2025-04-03T19:57:41.678+0000] {processor.py:927} WARNING - No viable dags retrieved from /opt/airflow/dags/pokemon_replay_etl/constants.py
[2025-04-03T19:57:41.708+0000] {processor.py:208} INFO - Processing /opt/airflow/dags/pokemon_replay_etl/constants.py took 0.071 seconds
[2025-04-03T19:58:12.072+0000] {processor.py:186} INFO - Started process (PID=226) to work on /opt/airflow/dags/pokemon_replay_etl/constants.py
[2025-04-03T19:58:12.075+0000] {processor.py:914} INFO - Processing file /opt/airflow/dags/pokemon_replay_etl/constants.py for tasks to queue
[2025-04-03T19:58:12.079+0000] {logging_mixin.py:190} INFO - [2025-04-03T19:58:12.079+0000] {dagbag.py:588} INFO - Filling up the DagBag from /opt/airflow/dags/pokemon_replay_etl/constants.py
[2025-04-03T19:58:12.089+0000] {processor.py:927} WARNING - No viable dags retrieved from /opt/airflow/dags/pokemon_replay_etl/constants.py
[2025-04-03T19:58:12.119+0000] {processor.py:208} INFO - Processing /opt/airflow/dags/pokemon_replay_etl/constants.py took 0.056 seconds
[2025-04-03T19:58:42.719+0000] {processor.py:186} INFO - Started process (PID=249) to work on /opt/airflow/dags/pokemon_replay_etl/constants.py
[2025-04-03T19:58:42.724+0000] {processor.py:914} INFO - Processing file /opt/airflow/dags/pokemon_replay_etl/constants.py for tasks to queue
[2025-04-03T19:58:42.732+0000] {logging_mixin.py:190} INFO - [2025-04-03T19:58:42.730+0000] {dagbag.py:588} INFO - Filling up the DagBag from /opt/airflow/dags/pokemon_replay_etl/constants.py
[2025-04-03T19:58:42.743+0000] {processor.py:927} WARNING - No viable dags retrieved from /opt/airflow/dags/pokemon_replay_etl/constants.py
[2025-04-03T19:58:42.778+0000] {processor.py:208} INFO - Processing /opt/airflow/dags/pokemon_replay_etl/constants.py took 0.078 seconds
[2025-04-03T19:59:13.568+0000] {processor.py:186} INFO - Started process (PID=269) to work on /opt/airflow/dags/pokemon_replay_etl/constants.py
[2025-04-03T19:59:13.570+0000] {processor.py:914} INFO - Processing file /opt/airflow/dags/pokemon_replay_etl/constants.py for tasks to queue
[2025-04-03T19:59:13.574+0000] {logging_mixin.py:190} INFO - [2025-04-03T19:59:13.574+0000] {dagbag.py:588} INFO - Filling up the DagBag from /opt/airflow/dags/pokemon_replay_etl/constants.py
[2025-04-03T19:59:13.582+0000] {processor.py:927} WARNING - No viable dags retrieved from /opt/airflow/dags/pokemon_replay_etl/constants.py
[2025-04-03T19:59:13.601+0000] {processor.py:208} INFO - Processing /opt/airflow/dags/pokemon_replay_etl/constants.py took 0.041 seconds
[2025-04-03T19:59:44.002+0000] {processor.py:186} INFO - Started process (PID=289) to work on /opt/airflow/dags/pokemon_replay_etl/constants.py
[2025-04-03T19:59:44.004+0000] {processor.py:914} INFO - Processing file /opt/airflow/dags/pokemon_replay_etl/constants.py for tasks to queue
[2025-04-03T19:59:44.009+0000] {logging_mixin.py:190} INFO - [2025-04-03T19:59:44.009+0000] {dagbag.py:588} INFO - Filling up the DagBag from /opt/airflow/dags/pokemon_replay_etl/constants.py
[2025-04-03T19:59:44.016+0000] {processor.py:927} WARNING - No viable dags retrieved from /opt/airflow/dags/pokemon_replay_etl/constants.py
[2025-04-03T19:59:44.037+0000] {processor.py:208} INFO - Processing /opt/airflow/dags/pokemon_replay_etl/constants.py took 0.045 seconds
[2025-04-03T20:00:14.373+0000] {processor.py:186} INFO - Started process (PID=309) to work on /opt/airflow/dags/pokemon_replay_etl/constants.py
[2025-04-03T20:00:14.378+0000] {processor.py:914} INFO - Processing file /opt/airflow/dags/pokemon_replay_etl/constants.py for tasks to queue
[2025-04-03T20:00:14.387+0000] {logging_mixin.py:190} INFO - [2025-04-03T20:00:14.386+0000] {dagbag.py:588} INFO - Filling up the DagBag from /opt/airflow/dags/pokemon_replay_etl/constants.py
[2025-04-03T20:00:14.404+0000] {processor.py:927} WARNING - No viable dags retrieved from /opt/airflow/dags/pokemon_replay_etl/constants.py
[2025-04-03T20:00:14.445+0000] {processor.py:208} INFO - Processing /opt/airflow/dags/pokemon_replay_etl/constants.py took 0.093 seconds
[2025-04-03T20:00:44.963+0000] {processor.py:186} INFO - Started process (PID=329) to work on /opt/airflow/dags/pokemon_replay_etl/constants.py
[2025-04-03T20:00:44.968+0000] {processor.py:914} INFO - Processing file /opt/airflow/dags/pokemon_replay_etl/constants.py for tasks to queue
[2025-04-03T20:00:44.972+0000] {logging_mixin.py:190} INFO - [2025-04-03T20:00:44.972+0000] {dagbag.py:588} INFO - Filling up the DagBag from /opt/airflow/dags/pokemon_replay_etl/constants.py
[2025-04-03T20:00:44.983+0000] {processor.py:927} WARNING - No viable dags retrieved from /opt/airflow/dags/pokemon_replay_etl/constants.py
[2025-04-03T20:00:45.006+0000] {processor.py:208} INFO - Processing /opt/airflow/dags/pokemon_replay_etl/constants.py took 0.055 seconds
[2025-04-03T20:01:15.486+0000] {processor.py:186} INFO - Started process (PID=354) to work on /opt/airflow/dags/pokemon_replay_etl/constants.py
[2025-04-03T20:01:15.489+0000] {processor.py:914} INFO - Processing file /opt/airflow/dags/pokemon_replay_etl/constants.py for tasks to queue
[2025-04-03T20:01:15.492+0000] {logging_mixin.py:190} INFO - [2025-04-03T20:01:15.491+0000] {dagbag.py:588} INFO - Filling up the DagBag from /opt/airflow/dags/pokemon_replay_etl/constants.py
[2025-04-03T20:01:15.497+0000] {processor.py:927} WARNING - No viable dags retrieved from /opt/airflow/dags/pokemon_replay_etl/constants.py
[2025-04-03T20:01:15.513+0000] {processor.py:208} INFO - Processing /opt/airflow/dags/pokemon_replay_etl/constants.py took 0.035 seconds
[2025-04-03T20:01:45.779+0000] {processor.py:186} INFO - Started process (PID=369) to work on /opt/airflow/dags/pokemon_replay_etl/constants.py
[2025-04-03T20:01:45.781+0000] {processor.py:914} INFO - Processing file /opt/airflow/dags/pokemon_replay_etl/constants.py for tasks to queue
[2025-04-03T20:01:45.784+0000] {logging_mixin.py:190} INFO - [2025-04-03T20:01:45.783+0000] {dagbag.py:588} INFO - Filling up the DagBag from /opt/airflow/dags/pokemon_replay_etl/constants.py
[2025-04-03T20:01:45.790+0000] {processor.py:927} WARNING - No viable dags retrieved from /opt/airflow/dags/pokemon_replay_etl/constants.py
[2025-04-03T20:01:45.809+0000] {processor.py:208} INFO - Processing /opt/airflow/dags/pokemon_replay_etl/constants.py took 0.038 seconds
[2025-04-03T20:02:16.066+0000] {processor.py:186} INFO - Started process (PID=384) to work on /opt/airflow/dags/pokemon_replay_etl/constants.py
[2025-04-03T20:02:16.069+0000] {processor.py:914} INFO - Processing file /opt/airflow/dags/pokemon_replay_etl/constants.py for tasks to queue
[2025-04-03T20:02:16.071+0000] {logging_mixin.py:190} INFO - [2025-04-03T20:02:16.070+0000] {dagbag.py:588} INFO - Filling up the DagBag from /opt/airflow/dags/pokemon_replay_etl/constants.py
[2025-04-03T20:02:16.076+0000] {processor.py:927} WARNING - No viable dags retrieved from /opt/airflow/dags/pokemon_replay_etl/constants.py
[2025-04-03T20:02:16.094+0000] {processor.py:208} INFO - Processing /opt/airflow/dags/pokemon_replay_etl/constants.py took 0.037 seconds
[2025-04-03T20:02:46.450+0000] {processor.py:186} INFO - Started process (PID=399) to work on /opt/airflow/dags/pokemon_replay_etl/constants.py
[2025-04-03T20:02:46.453+0000] {processor.py:914} INFO - Processing file /opt/airflow/dags/pokemon_replay_etl/constants.py for tasks to queue
[2025-04-03T20:02:46.456+0000] {logging_mixin.py:190} INFO - [2025-04-03T20:02:46.455+0000] {dagbag.py:588} INFO - Filling up the DagBag from /opt/airflow/dags/pokemon_replay_etl/constants.py
[2025-04-03T20:02:46.463+0000] {processor.py:927} WARNING - No viable dags retrieved from /opt/airflow/dags/pokemon_replay_etl/constants.py
[2025-04-03T20:02:46.486+0000] {processor.py:208} INFO - Processing /opt/airflow/dags/pokemon_replay_etl/constants.py took 0.048 seconds
[2025-04-03T20:03:16.801+0000] {processor.py:186} INFO - Started process (PID=414) to work on /opt/airflow/dags/pokemon_replay_etl/constants.py
[2025-04-03T20:03:16.806+0000] {processor.py:914} INFO - Processing file /opt/airflow/dags/pokemon_replay_etl/constants.py for tasks to queue
[2025-04-03T20:03:16.809+0000] {logging_mixin.py:190} INFO - [2025-04-03T20:03:16.808+0000] {dagbag.py:588} INFO - Filling up the DagBag from /opt/airflow/dags/pokemon_replay_etl/constants.py
[2025-04-03T20:03:16.820+0000] {processor.py:927} WARNING - No viable dags retrieved from /opt/airflow/dags/pokemon_replay_etl/constants.py
[2025-04-03T20:03:16.853+0000] {processor.py:208} INFO - Processing /opt/airflow/dags/pokemon_replay_etl/constants.py took 0.067 seconds
[2025-04-03T20:03:47.137+0000] {processor.py:186} INFO - Started process (PID=429) to work on /opt/airflow/dags/pokemon_replay_etl/constants.py
[2025-04-03T20:03:47.142+0000] {processor.py:914} INFO - Processing file /opt/airflow/dags/pokemon_replay_etl/constants.py for tasks to queue
[2025-04-03T20:03:47.149+0000] {logging_mixin.py:190} INFO - [2025-04-03T20:03:47.148+0000] {dagbag.py:588} INFO - Filling up the DagBag from /opt/airflow/dags/pokemon_replay_etl/constants.py
[2025-04-03T20:03:47.165+0000] {processor.py:927} WARNING - No viable dags retrieved from /opt/airflow/dags/pokemon_replay_etl/constants.py
[2025-04-03T20:03:47.214+0000] {processor.py:208} INFO - Processing /opt/airflow/dags/pokemon_replay_etl/constants.py took 0.088 seconds
[2025-04-03T20:04:17.511+0000] {processor.py:186} INFO - Started process (PID=444) to work on /opt/airflow/dags/pokemon_replay_etl/constants.py
[2025-04-03T20:04:17.514+0000] {processor.py:914} INFO - Processing file /opt/airflow/dags/pokemon_replay_etl/constants.py for tasks to queue
[2025-04-03T20:04:17.516+0000] {logging_mixin.py:190} INFO - [2025-04-03T20:04:17.516+0000] {dagbag.py:588} INFO - Filling up the DagBag from /opt/airflow/dags/pokemon_replay_etl/constants.py
[2025-04-03T20:04:17.525+0000] {processor.py:927} WARNING - No viable dags retrieved from /opt/airflow/dags/pokemon_replay_etl/constants.py
[2025-04-03T20:04:17.547+0000] {processor.py:208} INFO - Processing /opt/airflow/dags/pokemon_replay_etl/constants.py took 0.047 seconds
[2025-04-03T20:04:47.845+0000] {processor.py:186} INFO - Started process (PID=459) to work on /opt/airflow/dags/pokemon_replay_etl/constants.py
[2025-04-03T20:04:47.849+0000] {processor.py:914} INFO - Processing file /opt/airflow/dags/pokemon_replay_etl/constants.py for tasks to queue
[2025-04-03T20:04:47.852+0000] {logging_mixin.py:190} INFO - [2025-04-03T20:04:47.851+0000] {dagbag.py:588} INFO - Filling up the DagBag from /opt/airflow/dags/pokemon_replay_etl/constants.py
[2025-04-03T20:04:47.858+0000] {processor.py:927} WARNING - No viable dags retrieved from /opt/airflow/dags/pokemon_replay_etl/constants.py
[2025-04-03T20:04:47.879+0000] {processor.py:208} INFO - Processing /opt/airflow/dags/pokemon_replay_etl/constants.py took 0.045 seconds
[2025-04-03T20:05:18.157+0000] {processor.py:186} INFO - Started process (PID=474) to work on /opt/airflow/dags/pokemon_replay_etl/constants.py
[2025-04-03T20:05:18.160+0000] {processor.py:914} INFO - Processing file /opt/airflow/dags/pokemon_replay_etl/constants.py for tasks to queue
[2025-04-03T20:05:18.162+0000] {logging_mixin.py:190} INFO - [2025-04-03T20:05:18.162+0000] {dagbag.py:588} INFO - Filling up the DagBag from /opt/airflow/dags/pokemon_replay_etl/constants.py
[2025-04-03T20:05:18.169+0000] {processor.py:927} WARNING - No viable dags retrieved from /opt/airflow/dags/pokemon_replay_etl/constants.py
[2025-04-03T20:05:18.192+0000] {processor.py:208} INFO - Processing /opt/airflow/dags/pokemon_replay_etl/constants.py took 0.046 seconds
[2025-04-03T20:05:48.517+0000] {processor.py:186} INFO - Started process (PID=489) to work on /opt/airflow/dags/pokemon_replay_etl/constants.py
[2025-04-03T20:05:48.519+0000] {processor.py:914} INFO - Processing file /opt/airflow/dags/pokemon_replay_etl/constants.py for tasks to queue
[2025-04-03T20:05:48.522+0000] {logging_mixin.py:190} INFO - [2025-04-03T20:05:48.521+0000] {dagbag.py:588} INFO - Filling up the DagBag from /opt/airflow/dags/pokemon_replay_etl/constants.py
[2025-04-03T20:05:48.531+0000] {processor.py:927} WARNING - No viable dags retrieved from /opt/airflow/dags/pokemon_replay_etl/constants.py
[2025-04-03T20:05:48.557+0000] {processor.py:208} INFO - Processing /opt/airflow/dags/pokemon_replay_etl/constants.py took 0.053 seconds
[2025-04-03T20:05:55.856+0000] {processor.py:186} INFO - Started process (PID=504) to work on /opt/airflow/dags/pokemon_replay_etl/constants.py
[2025-04-03T20:05:55.858+0000] {processor.py:914} INFO - Processing file /opt/airflow/dags/pokemon_replay_etl/constants.py for tasks to queue
[2025-04-03T20:05:55.861+0000] {logging_mixin.py:190} INFO - [2025-04-03T20:05:55.861+0000] {dagbag.py:588} INFO - Filling up the DagBag from /opt/airflow/dags/pokemon_replay_etl/constants.py
[2025-04-03T20:05:55.874+0000] {processor.py:927} WARNING - No viable dags retrieved from /opt/airflow/dags/pokemon_replay_etl/constants.py
[2025-04-03T20:05:55.890+0000] {processor.py:208} INFO - Processing /opt/airflow/dags/pokemon_replay_etl/constants.py took 0.044 seconds
[2025-04-03T20:06:26.212+0000] {processor.py:186} INFO - Started process (PID=519) to work on /opt/airflow/dags/pokemon_replay_etl/constants.py
[2025-04-03T20:06:26.215+0000] {processor.py:914} INFO - Processing file /opt/airflow/dags/pokemon_replay_etl/constants.py for tasks to queue
[2025-04-03T20:06:26.217+0000] {logging_mixin.py:190} INFO - [2025-04-03T20:06:26.217+0000] {dagbag.py:588} INFO - Filling up the DagBag from /opt/airflow/dags/pokemon_replay_etl/constants.py
[2025-04-03T20:06:26.225+0000] {processor.py:927} WARNING - No viable dags retrieved from /opt/airflow/dags/pokemon_replay_etl/constants.py
[2025-04-03T20:06:26.242+0000] {processor.py:208} INFO - Processing /opt/airflow/dags/pokemon_replay_etl/constants.py took 0.043 seconds
[2025-04-03T20:06:56.600+0000] {processor.py:186} INFO - Started process (PID=539) to work on /opt/airflow/dags/pokemon_replay_etl/constants.py
[2025-04-03T20:06:56.610+0000] {processor.py:914} INFO - Processing file /opt/airflow/dags/pokemon_replay_etl/constants.py for tasks to queue
[2025-04-03T20:06:56.612+0000] {logging_mixin.py:190} INFO - [2025-04-03T20:06:56.612+0000] {dagbag.py:588} INFO - Filling up the DagBag from /opt/airflow/dags/pokemon_replay_etl/constants.py
[2025-04-03T20:06:56.622+0000] {processor.py:927} WARNING - No viable dags retrieved from /opt/airflow/dags/pokemon_replay_etl/constants.py
[2025-04-03T20:06:56.639+0000] {processor.py:208} INFO - Processing /opt/airflow/dags/pokemon_replay_etl/constants.py took 0.048 seconds
