[2025-04-03T19:49:42.652+0000] {local_task_job_runner.py:123} INFO - ::group::Pre task execution logs
[2025-04-03T19:49:42.684+0000] {taskinstance.py:2614} INFO - Dependencies all met for dep_context=non-requeueable deps ti=<TaskInstance: pokemon_replay_etl.download_replays scheduled__2025-04-02T00:00:00+00:00 [queued]>
[2025-04-03T19:49:42.703+0000] {taskinstance.py:2614} INFO - Dependencies all met for dep_context=requeueable deps ti=<TaskInstance: pokemon_replay_etl.download_replays scheduled__2025-04-02T00:00:00+00:00 [queued]>
[2025-04-03T19:49:42.706+0000] {taskinstance.py:2867} INFO - Starting attempt 1 of 2
[2025-04-03T19:49:42.731+0000] {taskinstance.py:2890} INFO - Executing <Task(PythonOperator): download_replays> on 2025-04-02 00:00:00+00:00
[2025-04-03T19:49:42.747+0000] {standard_task_runner.py:72} INFO - Started process 765 to run task
[2025-04-03T19:49:42.755+0000] {standard_task_runner.py:104} INFO - Running: ['***', 'tasks', 'run', 'pokemon_replay_etl', 'download_replays', 'scheduled__2025-04-02T00:00:00+00:00', '--job-id', '4', '--raw', '--subdir', 'DAGS_FOLDER/pokemon_replay_etl_dag.py', '--cfg-path', '/tmp/tmp0eyql4o2']
[2025-04-03T19:49:42.762+0000] {standard_task_runner.py:105} INFO - Job 4: Subtask download_replays
[2025-04-03T19:49:42.883+0000] {task_command.py:467} INFO - Running <TaskInstance: pokemon_replay_etl.download_replays scheduled__2025-04-02T00:00:00+00:00 [running]> on host 93470d874d0b
[2025-04-03T19:49:43.047+0000] {taskinstance.py:3134} INFO - Exporting env vars: AIRFLOW_CTX_DAG_OWNER='***' AIRFLOW_CTX_DAG_ID='pokemon_replay_etl' AIRFLOW_CTX_TASK_ID='download_replays' AIRFLOW_CTX_EXECUTION_DATE='2025-04-02T00:00:00+00:00' AIRFLOW_CTX_TRY_NUMBER='1' AIRFLOW_CTX_DAG_RUN_ID='scheduled__2025-04-02T00:00:00+00:00'
[2025-04-03T19:49:43.053+0000] {taskinstance.py:732} INFO - ::endgroup::
[2025-04-03T19:49:43.137+0000] {tasks.py:141} INFO - Processing 255 replays
[2025-04-03T19:49:43.140+0000] {tasks.py:157} INFO - Downloading replay: gen9vgc2024regh-2273232611
[2025-04-03T19:49:43.370+0000] {tasks.py:157} INFO - Downloading replay: gen9vgc2024regh-2273231908
[2025-04-03T19:49:43.583+0000] {tasks.py:157} INFO - Downloading replay: gen9vgc2024regh-2273231934
[2025-04-03T19:49:43.775+0000] {tasks.py:157} INFO - Downloading replay: gen9vgc2024regh-2273232103
[2025-04-03T19:49:43.967+0000] {tasks.py:157} INFO - Downloading replay: gen9vgc2024regh-2273230773
[2025-04-03T19:49:44.197+0000] {tasks.py:157} INFO - Downloading replay: gen9vgc2024regh-2273231017
[2025-04-03T19:49:44.393+0000] {tasks.py:157} INFO - Downloading replay: gen9vgc2024regh-2273228865
[2025-04-03T19:49:44.617+0000] {tasks.py:157} INFO - Downloading replay: gen9vgc2024regh-2273230292
[2025-04-03T19:49:44.845+0000] {tasks.py:157} INFO - Downloading replay: gen9vgc2024regh-2273228131
[2025-04-03T19:49:45.047+0000] {tasks.py:157} INFO - Downloading replay: gen9vgc2024regh-2273227995
[2025-04-03T19:49:45.292+0000] {tasks.py:157} INFO - Downloading replay: gen9vgc2024regh-2273226407
[2025-04-03T19:49:45.478+0000] {tasks.py:157} INFO - Downloading replay: gen9vgc2024regh-2273228617
[2025-04-03T19:49:45.696+0000] {tasks.py:157} INFO - Downloading replay: gen9vgc2024regh-2273226618
[2025-04-03T19:49:45.890+0000] {tasks.py:157} INFO - Downloading replay: gen9vgc2024regh-2273226938
[2025-04-03T19:49:46.102+0000] {tasks.py:157} INFO - Downloading replay: gen9vgc2024regh-2273226620
[2025-04-03T19:49:46.298+0000] {tasks.py:157} INFO - Downloading replay: gen9vgc2024regh-2273226343
[2025-04-03T19:49:46.539+0000] {tasks.py:157} INFO - Downloading replay: gen9vgc2024regh-2273226013
[2025-04-03T19:49:46.780+0000] {tasks.py:157} INFO - Downloading replay: gen9vgc2024regh-2273228495
[2025-04-03T19:49:46.985+0000] {tasks.py:157} INFO - Downloading replay: gen9vgc2024regh-2273224440
[2025-04-03T19:49:47.164+0000] {tasks.py:157} INFO - Downloading replay: gen9vgc2024regh-2273224139
[2025-04-03T19:49:47.383+0000] {tasks.py:157} INFO - Downloading replay: gen9vgc2024regh-2273224017
[2025-04-03T19:49:47.685+0000] {tasks.py:157} INFO - Downloading replay: gen9vgc2024regh-2273223933
[2025-04-03T19:49:47.876+0000] {tasks.py:157} INFO - Downloading replay: gen9vgc2024regh-2273223830
[2025-04-03T19:49:48.063+0000] {tasks.py:157} INFO - Downloading replay: gen9vgc2024regh-2273222953
[2025-04-03T19:49:48.252+0000] {tasks.py:157} INFO - Downloading replay: gen9vgc2024regh-2273222549
[2025-04-03T19:49:48.548+0000] {tasks.py:157} INFO - Downloading replay: gen9vgc2024regh-2273220755
[2025-04-03T19:49:48.777+0000] {tasks.py:157} INFO - Downloading replay: gen9vgc2024regh-2273223547
[2025-04-03T19:49:48.978+0000] {tasks.py:157} INFO - Downloading replay: gen9vgc2024regh-2273221171
[2025-04-03T19:49:49.176+0000] {tasks.py:157} INFO - Downloading replay: gen9vgc2024regh-2273221037
[2025-04-03T19:49:49.415+0000] {tasks.py:157} INFO - Downloading replay: gen9vgc2024regh-2273220961
[2025-04-03T19:49:49.631+0000] {tasks.py:157} INFO - Downloading replay: gen9vgc2024regh-2273218733
[2025-04-03T19:49:49.848+0000] {tasks.py:157} INFO - Downloading replay: gen9vgc2024regh-2273217277
[2025-04-03T19:49:50.054+0000] {tasks.py:157} INFO - Downloading replay: gen9vgc2024regh-2273217186
[2025-04-03T19:49:50.236+0000] {tasks.py:157} INFO - Downloading replay: gen9vgc2024regh-2273217172
[2025-04-03T19:49:50.430+0000] {tasks.py:157} INFO - Downloading replay: gen9vgc2024regh-2273215549
[2025-04-03T19:49:50.612+0000] {tasks.py:157} INFO - Downloading replay: gen9vgc2024regh-2273218468
[2025-04-03T19:49:50.787+0000] {tasks.py:157} INFO - Downloading replay: gen9vgc2024regh-2273215648
[2025-04-03T19:49:50.994+0000] {tasks.py:157} INFO - Downloading replay: gen9vgc2024regh-2273215425
[2025-04-03T19:49:51.190+0000] {tasks.py:157} INFO - Downloading replay: gen9vgc2024regh-2273215377
[2025-04-03T19:49:51.443+0000] {tasks.py:157} INFO - Downloading replay: gen9vgc2024regh-2273217838
[2025-04-03T19:49:51.725+0000] {tasks.py:157} INFO - Downloading replay: gen9vgc2024regh-2273214476
[2025-04-03T19:49:51.912+0000] {tasks.py:157} INFO - Downloading replay: gen9vgc2024regh-2273216192
[2025-04-03T19:49:52.173+0000] {tasks.py:157} INFO - Downloading replay: gen9vgc2024regh-2273213586
[2025-04-03T19:49:52.401+0000] {tasks.py:157} INFO - Downloading replay: gen9vgc2024regh-2273213554
[2025-04-03T19:49:52.613+0000] {tasks.py:157} INFO - Downloading replay: gen9vgc2024regh-2273212624
[2025-04-03T19:49:52.816+0000] {tasks.py:157} INFO - Downloading replay: gen9vgc2024regh-2273212502
[2025-04-03T19:49:53.022+0000] {tasks.py:157} INFO - Downloading replay: gen9vgc2024regh-2273212448
[2025-04-03T19:49:53.239+0000] {tasks.py:157} INFO - Downloading replay: gen9vgc2024regh-2273200931
[2025-04-03T19:49:53.521+0000] {tasks.py:157} INFO - Downloading replay: gen9vgc2024regh-2273200203
[2025-04-03T19:49:53.720+0000] {tasks.py:157} INFO - Downloading replay: gen9vgc2024regh-2273201149
[2025-04-03T19:49:53.905+0000] {tasks.py:157} INFO - Downloading replay: gen9vgc2024regh-2273200033
[2025-04-03T19:49:54.082+0000] {tasks.py:157} INFO - Downloading replay: gen9vgc2024regh-2273201260
[2025-04-03T19:49:54.274+0000] {tasks.py:157} INFO - Downloading replay: gen9vgc2024regh-2273198642
[2025-04-03T19:49:54.462+0000] {tasks.py:157} INFO - Downloading replay: gen9vgc2024regh-2273196413
[2025-04-03T19:49:54.705+0000] {tasks.py:157} INFO - Downloading replay: gen9vgc2024regh-2273196273
[2025-04-03T19:49:54.871+0000] {tasks.py:157} INFO - Downloading replay: gen9vgc2024regh-2273195885
[2025-04-03T19:49:55.072+0000] {tasks.py:157} INFO - Downloading replay: gen9vgc2024regh-2273194965
[2025-04-03T19:49:55.267+0000] {tasks.py:157} INFO - Downloading replay: gen9vgc2024regh-2273195572
[2025-04-03T19:49:55.461+0000] {tasks.py:157} INFO - Downloading replay: gen9vgc2024regh-2273195539
[2025-04-03T19:49:55.649+0000] {tasks.py:157} INFO - Downloading replay: gen9vgc2024regh-2273195970
[2025-04-03T19:49:55.837+0000] {tasks.py:157} INFO - Downloading replay: gen9vgc2024regh-2273194228
[2025-04-03T19:49:56.006+0000] {tasks.py:157} INFO - Downloading replay: gen9vgc2024regh-2273193832
[2025-04-03T19:49:56.485+0000] {tasks.py:157} INFO - Downloading replay: gen9vgc2024regh-2273193284
[2025-04-03T19:49:56.840+0000] {tasks.py:157} INFO - Downloading replay: gen9vgc2024regh-2273192917
[2025-04-03T19:49:57.056+0000] {tasks.py:157} INFO - Downloading replay: gen9vgc2024regh-2273192346
[2025-04-03T19:49:57.265+0000] {tasks.py:157} INFO - Downloading replay: gen9vgc2024regh-2273193786
[2025-04-03T19:49:57.479+0000] {tasks.py:157} INFO - Downloading replay: gen9vgc2024regh-2273192648
[2025-04-03T19:49:57.691+0000] {tasks.py:157} INFO - Downloading replay: gen9vgc2024regh-2273191093
[2025-04-03T19:49:57.912+0000] {tasks.py:157} INFO - Downloading replay: gen9vgc2024regh-2273190780
[2025-04-03T19:49:58.134+0000] {tasks.py:157} INFO - Downloading replay: gen9vgc2024regh-2273190756
[2025-04-03T19:49:58.311+0000] {tasks.py:157} INFO - Downloading replay: gen9vgc2024regh-2273190518
[2025-04-03T19:49:58.512+0000] {tasks.py:157} INFO - Downloading replay: gen9vgc2024regh-2273190497
[2025-04-03T19:49:58.739+0000] {tasks.py:157} INFO - Downloading replay: gen9vgc2024regh-2273189676
[2025-04-03T19:49:58.975+0000] {tasks.py:157} INFO - Downloading replay: gen9vgc2024regh-2273189108
[2025-04-03T19:49:59.191+0000] {tasks.py:157} INFO - Downloading replay: gen9vgc2024regh-2273188656
[2025-04-03T19:49:59.394+0000] {tasks.py:157} INFO - Downloading replay: gen9vgc2024regh-2273188392
[2025-04-03T19:49:59.585+0000] {tasks.py:157} INFO - Downloading replay: gen9vgc2024regh-2273188135
[2025-04-03T19:49:59.767+0000] {tasks.py:157} INFO - Downloading replay: gen9vgc2024regh-2273187350
[2025-04-03T19:50:00.007+0000] {tasks.py:157} INFO - Downloading replay: gen9vgc2024regh-2273188985
[2025-04-03T19:50:00.329+0000] {tasks.py:157} INFO - Downloading replay: gen9vgc2024regh-2273187406
[2025-04-03T19:50:00.528+0000] {tasks.py:157} INFO - Downloading replay: gen9vgc2024regh-2273186264
[2025-04-03T19:50:00.702+0000] {tasks.py:157} INFO - Downloading replay: gen9vgc2024regh-2273185810
[2025-04-03T19:50:00.930+0000] {tasks.py:157} INFO - Downloading replay: gen9vgc2024regh-2273185773
[2025-04-03T19:50:01.131+0000] {tasks.py:157} INFO - Downloading replay: gen9vgc2024regh-2273185364
[2025-04-03T19:50:01.322+0000] {tasks.py:157} INFO - Downloading replay: gen9vgc2024regh-2273185206
[2025-04-03T19:50:01.504+0000] {tasks.py:157} INFO - Downloading replay: gen9vgc2024regh-2273185078
[2025-04-03T19:50:01.731+0000] {tasks.py:157} INFO - Downloading replay: gen9vgc2024regh-2273182372
[2025-04-03T19:50:01.927+0000] {tasks.py:157} INFO - Downloading replay: gen9vgc2024regh-2273184396
[2025-04-03T19:50:02.110+0000] {tasks.py:157} INFO - Downloading replay: gen9vgc2024regh-2273184083
[2025-04-03T19:50:02.320+0000] {tasks.py:157} INFO - Downloading replay: gen9vgc2024regh-2273184053
[2025-04-03T19:50:02.526+0000] {tasks.py:157} INFO - Downloading replay: gen9vgc2024regh-2273182715
[2025-04-03T19:50:02.719+0000] {tasks.py:157} INFO - Downloading replay: gen9vgc2024regh-2273182462
[2025-04-03T19:50:02.907+0000] {tasks.py:157} INFO - Downloading replay: gen9vgc2024regh-2273179620
[2025-04-03T19:50:03.106+0000] {tasks.py:157} INFO - Downloading replay: gen9vgc2024regh-2273182693
[2025-04-03T19:50:03.295+0000] {tasks.py:157} INFO - Downloading replay: gen9vgc2024regh-2273178581
[2025-04-03T19:50:03.528+0000] {tasks.py:157} INFO - Downloading replay: gen9vgc2024regh-2273177630
[2025-04-03T19:50:03.718+0000] {tasks.py:157} INFO - Downloading replay: gen9vgc2024regh-2273181373
[2025-04-03T19:50:03.947+0000] {tasks.py:157} INFO - Downloading replay: gen9vgc2024regh-2273177141
[2025-04-03T19:50:04.161+0000] {tasks.py:157} INFO - Downloading replay: gen9vgc2024regh-2273174131
[2025-04-03T19:50:04.347+0000] {tasks.py:157} INFO - Downloading replay: gen9vgc2024regh-2273173668
[2025-04-03T19:50:04.546+0000] {tasks.py:157} INFO - Downloading replay: gen9vgc2024regh-2273172092
[2025-04-03T19:50:04.766+0000] {tasks.py:157} INFO - Downloading replay: gen9vgc2024regh-2273173775
[2025-04-03T19:50:04.974+0000] {tasks.py:157} INFO - Downloading replay: gen9vgc2024regh-2273172160
[2025-04-03T19:50:05.247+0000] {tasks.py:157} INFO - Downloading replay: gen9vgc2024regh-2273170448
[2025-04-03T19:50:05.456+0000] {tasks.py:157} INFO - Downloading replay: gen9vgc2024regh-2273169605
[2025-04-03T19:50:05.646+0000] {tasks.py:157} INFO - Downloading replay: gen9vgc2024regh-2273169057
[2025-04-03T19:50:05.865+0000] {tasks.py:157} INFO - Downloading replay: gen9vgc2024regh-2273169772
[2025-04-03T19:50:06.114+0000] {tasks.py:157} INFO - Downloading replay: gen9vgc2024regh-2273168403
[2025-04-03T19:50:06.324+0000] {tasks.py:157} INFO - Downloading replay: gen9vgc2024regh-2273169722
[2025-04-03T19:50:06.520+0000] {tasks.py:157} INFO - Downloading replay: gen9vgc2024regh-2273168048
[2025-04-03T19:50:06.735+0000] {tasks.py:157} INFO - Downloading replay: gen9vgc2024regh-2273167661
[2025-04-03T19:50:06.921+0000] {tasks.py:157} INFO - Downloading replay: gen9vgc2024regh-2273165771
[2025-04-03T19:50:07.114+0000] {tasks.py:157} INFO - Downloading replay: gen9vgc2024regh-2273165488
[2025-04-03T19:50:07.310+0000] {tasks.py:157} INFO - Downloading replay: gen9vgc2024regh-2273165895
[2025-04-03T19:50:07.495+0000] {tasks.py:157} INFO - Downloading replay: gen9vgc2024regh-2273165024
[2025-04-03T19:50:07.827+0000] {tasks.py:157} INFO - Downloading replay: gen9vgc2024regh-2273164294
[2025-04-03T19:50:07.999+0000] {tasks.py:157} INFO - Downloading replay: gen9vgc2024regh-2273166469
[2025-04-03T19:50:08.194+0000] {tasks.py:157} INFO - Downloading replay: gen9vgc2024regh-2273164093
[2025-04-03T19:50:08.431+0000] {tasks.py:157} INFO - Downloading replay: gen9vgc2024regh-2273164038
[2025-04-03T19:50:08.629+0000] {tasks.py:157} INFO - Downloading replay: gen9vgc2024regh-2273163430
[2025-04-03T19:50:08.808+0000] {tasks.py:157} INFO - Downloading replay: gen9vgc2024regh-2273163387
[2025-04-03T19:50:09.092+0000] {tasks.py:157} INFO - Downloading replay: gen9vgc2024regh-2273162925
[2025-04-03T19:50:09.283+0000] {tasks.py:157} INFO - Downloading replay: gen9vgc2024regh-2273164971
[2025-04-03T19:50:09.473+0000] {tasks.py:157} INFO - Downloading replay: gen9vgc2024regh-2273162887
[2025-04-03T19:50:09.676+0000] {tasks.py:157} INFO - Downloading replay: gen9vgc2024regh-2273161498
[2025-04-03T19:50:09.865+0000] {tasks.py:157} INFO - Downloading replay: gen9vgc2024regh-2273160638
[2025-04-03T19:50:10.093+0000] {tasks.py:157} INFO - Downloading replay: gen9vgc2024regh-2273161575
[2025-04-03T19:50:10.249+0000] {tasks.py:157} INFO - Downloading replay: gen9vgc2024regh-2273161010
[2025-04-03T19:50:10.441+0000] {tasks.py:157} INFO - Downloading replay: gen9vgc2024regh-2273161726
[2025-04-03T19:50:10.646+0000] {tasks.py:157} INFO - Downloading replay: gen9vgc2024regh-2273160847
[2025-04-03T19:50:10.841+0000] {tasks.py:157} INFO - Downloading replay: gen9vgc2024regh-2273160570
[2025-04-03T19:50:11.088+0000] {tasks.py:157} INFO - Downloading replay: gen9vgc2024regh-2273160028
[2025-04-03T19:50:11.273+0000] {tasks.py:157} INFO - Downloading replay: gen9vgc2024regh-2273159091
[2025-04-03T19:50:11.468+0000] {tasks.py:157} INFO - Downloading replay: gen9vgc2024regh-2273160657
[2025-04-03T19:50:11.665+0000] {tasks.py:157} INFO - Downloading replay: gen9vgc2024regh-2273155913
[2025-04-03T19:50:11.883+0000] {tasks.py:157} INFO - Downloading replay: gen9vgc2024regh-2273156631
[2025-04-03T19:50:12.071+0000] {tasks.py:157} INFO - Downloading replay: gen9vgc2024regh-2273155655
[2025-04-03T19:50:12.282+0000] {tasks.py:157} INFO - Downloading replay: gen9vgc2024regh-2273156474
[2025-04-03T19:50:12.465+0000] {tasks.py:157} INFO - Downloading replay: gen9vgc2024regh-2273156142
[2025-04-03T19:50:12.761+0000] {tasks.py:157} INFO - Downloading replay: gen9vgc2024regh-2273154589
[2025-04-03T19:50:12.963+0000] {tasks.py:157} INFO - Downloading replay: gen9vgc2024regh-2273154367
[2025-04-03T19:50:13.214+0000] {tasks.py:157} INFO - Downloading replay: gen9vgc2024regh-2273154149
[2025-04-03T19:50:13.401+0000] {tasks.py:157} INFO - Downloading replay: gen9vgc2024regh-2273153859
[2025-04-03T19:50:13.597+0000] {tasks.py:157} INFO - Downloading replay: gen9vgc2024regh-2273153816
[2025-04-03T19:50:13.829+0000] {tasks.py:157} INFO - Downloading replay: gen9vgc2024regh-2273153587
[2025-04-03T19:50:14.055+0000] {tasks.py:157} INFO - Downloading replay: gen9vgc2024regh-2273152478
[2025-04-03T19:50:14.253+0000] {tasks.py:157} INFO - Downloading replay: gen9vgc2024regh-2273151431
[2025-04-03T19:50:14.479+0000] {tasks.py:157} INFO - Downloading replay: gen9vgc2024regh-2273151208
[2025-04-03T19:50:14.689+0000] {tasks.py:157} INFO - Downloading replay: gen9vgc2024regh-2273149545
[2025-04-03T19:50:14.872+0000] {tasks.py:157} INFO - Downloading replay: gen9vgc2024regh-2273149096
[2025-04-03T19:50:15.058+0000] {tasks.py:157} INFO - Downloading replay: gen9vgc2024regh-2273148587
[2025-04-03T19:50:15.267+0000] {tasks.py:157} INFO - Downloading replay: gen9vgc2024regh-2273147823
[2025-04-03T19:50:15.447+0000] {tasks.py:157} INFO - Downloading replay: gen9vgc2024regh-2273146988
[2025-04-03T19:50:15.647+0000] {tasks.py:157} INFO - Downloading replay: gen9vgc2024regh-2273146867
[2025-04-03T19:50:15.856+0000] {tasks.py:157} INFO - Downloading replay: gen9vgc2024regh-2273146800
[2025-04-03T19:50:16.072+0000] {tasks.py:157} INFO - Downloading replay: gen9vgc2024regh-2273146240
[2025-04-03T19:50:16.243+0000] {tasks.py:157} INFO - Downloading replay: gen9vgc2024regh-2273145568
[2025-04-03T19:50:16.463+0000] {tasks.py:157} INFO - Downloading replay: gen9vgc2024regh-2273145007
[2025-04-03T19:50:16.652+0000] {tasks.py:157} INFO - Downloading replay: gen9vgc2024regh-2273145107
[2025-04-03T19:50:16.851+0000] {tasks.py:157} INFO - Downloading replay: gen9vgc2024regh-2273144188
[2025-04-03T19:50:17.056+0000] {tasks.py:157} INFO - Downloading replay: gen9vgc2024regh-2273142223
[2025-04-03T19:50:17.247+0000] {tasks.py:157} INFO - Downloading replay: gen9vgc2024regh-2273141690
[2025-04-03T19:50:17.449+0000] {tasks.py:157} INFO - Downloading replay: gen9vgc2024regh-2273140865
[2025-04-03T19:50:17.667+0000] {tasks.py:157} INFO - Downloading replay: gen9vgc2024regh-2273140928
[2025-04-03T19:50:17.869+0000] {tasks.py:157} INFO - Downloading replay: gen9vgc2024regh-2273140960
[2025-04-03T19:50:18.095+0000] {tasks.py:157} INFO - Downloading replay: gen9vgc2024regh-2273140286
[2025-04-03T19:50:18.300+0000] {tasks.py:157} INFO - Downloading replay: gen9vgc2024regh-2273139685
[2025-04-03T19:50:18.491+0000] {tasks.py:157} INFO - Downloading replay: gen9vgc2024regh-2273139820
[2025-04-03T19:50:18.727+0000] {tasks.py:157} INFO - Downloading replay: gen9vgc2024regh-2273139348
[2025-04-03T19:50:18.926+0000] {tasks.py:157} INFO - Downloading replay: gen9vgc2024regh-2273139056
[2025-04-03T19:50:19.151+0000] {tasks.py:157} INFO - Downloading replay: gen9vgc2024regh-2273138252
[2025-04-03T19:50:19.351+0000] {tasks.py:157} INFO - Downloading replay: gen9vgc2024regh-2273138050
[2025-04-03T19:50:19.552+0000] {tasks.py:157} INFO - Downloading replay: gen9vgc2024regh-2273137585
[2025-04-03T19:50:19.760+0000] {tasks.py:157} INFO - Downloading replay: gen9vgc2024regh-2273137020
[2025-04-03T19:50:20.004+0000] {tasks.py:157} INFO - Downloading replay: gen9vgc2024regh-2273136389
[2025-04-03T19:50:20.217+0000] {tasks.py:157} INFO - Downloading replay: gen9vgc2024regh-2273137246
[2025-04-03T19:50:20.417+0000] {tasks.py:157} INFO - Downloading replay: gen9vgc2024regh-2273135745
[2025-04-03T19:50:20.617+0000] {tasks.py:157} INFO - Downloading replay: gen9vgc2024regh-2273134495
[2025-04-03T19:50:20.819+0000] {tasks.py:157} INFO - Downloading replay: gen9vgc2024regh-2273135966
[2025-04-03T19:50:21.003+0000] {tasks.py:157} INFO - Downloading replay: gen9vgc2024regh-2273134692
[2025-04-03T19:50:21.191+0000] {tasks.py:157} INFO - Downloading replay: gen9vgc2024regh-2273134082
[2025-04-03T19:50:21.373+0000] {tasks.py:157} INFO - Downloading replay: gen9vgc2024regh-2273135874
[2025-04-03T19:50:21.574+0000] {tasks.py:157} INFO - Downloading replay: gen9vgc2024regh-2273134462
[2025-04-03T19:50:21.771+0000] {tasks.py:157} INFO - Downloading replay: gen9vgc2024regh-2273134291
[2025-04-03T19:50:21.977+0000] {tasks.py:157} INFO - Downloading replay: gen9vgc2024regh-2273134283
[2025-04-03T19:50:22.187+0000] {tasks.py:157} INFO - Downloading replay: gen9vgc2024regh-2273133553
[2025-04-03T19:50:22.376+0000] {tasks.py:157} INFO - Downloading replay: gen9vgc2024regh-2273133405
[2025-04-03T19:50:22.574+0000] {tasks.py:157} INFO - Downloading replay: gen9vgc2024regh-2273133263
[2025-04-03T19:50:22.784+0000] {tasks.py:157} INFO - Downloading replay: gen9vgc2024regh-2273133015
[2025-04-03T19:50:22.975+0000] {tasks.py:157} INFO - Downloading replay: gen9vgc2024regh-2273132796
[2025-04-03T19:50:23.161+0000] {tasks.py:157} INFO - Downloading replay: gen9vgc2024regh-2273133470
[2025-04-03T19:50:23.350+0000] {tasks.py:157} INFO - Downloading replay: gen9vgc2024regh-2273132674
[2025-04-03T19:50:23.553+0000] {tasks.py:157} INFO - Downloading replay: gen9vgc2024regh-2273131879
[2025-04-03T19:50:23.791+0000] {tasks.py:157} INFO - Downloading replay: gen9vgc2024regh-2273131593
[2025-04-03T19:50:23.986+0000] {tasks.py:157} INFO - Downloading replay: gen9vgc2024regh-2273131524
[2025-04-03T19:50:24.270+0000] {tasks.py:157} INFO - Downloading replay: gen9vgc2024regh-2273131217
[2025-04-03T19:50:24.629+0000] {tasks.py:157} INFO - Downloading replay: gen9vgc2024regh-2273130699
[2025-04-03T19:50:24.834+0000] {tasks.py:157} INFO - Downloading replay: gen9vgc2024regh-2273130456
[2025-04-03T19:50:25.057+0000] {tasks.py:157} INFO - Downloading replay: gen9vgc2024regh-2273130401
[2025-04-03T19:50:25.245+0000] {tasks.py:157} INFO - Downloading replay: gen9vgc2024regh-2273130365
[2025-04-03T19:50:25.448+0000] {tasks.py:157} INFO - Downloading replay: gen9vgc2024regh-2273130161
[2025-04-03T19:50:25.643+0000] {tasks.py:157} INFO - Downloading replay: gen9vgc2024regh-2273129897
[2025-04-03T19:50:25.843+0000] {tasks.py:157} INFO - Downloading replay: gen9vgc2024regh-2273129392
[2025-04-03T19:50:26.049+0000] {tasks.py:157} INFO - Downloading replay: gen9vgc2024regh-2273129020
[2025-04-03T19:50:26.266+0000] {tasks.py:157} INFO - Downloading replay: gen9vgc2024regh-2273128112
[2025-04-03T19:50:26.460+0000] {tasks.py:157} INFO - Downloading replay: gen9vgc2024regh-2273122945
[2025-04-03T19:50:26.668+0000] {tasks.py:157} INFO - Downloading replay: gen9vgc2024regh-2273120274
[2025-04-03T19:50:26.913+0000] {tasks.py:157} INFO - Downloading replay: gen9vgc2024regh-2273119559
[2025-04-03T19:50:27.117+0000] {tasks.py:157} INFO - Downloading replay: gen9vgc2024regh-2273120318
[2025-04-03T19:50:27.320+0000] {tasks.py:157} INFO - Downloading replay: gen9vgc2024regh-2273119948
[2025-04-03T19:50:27.524+0000] {tasks.py:157} INFO - Downloading replay: gen9vgc2024regh-2273119277
[2025-04-03T19:50:27.726+0000] {tasks.py:157} INFO - Downloading replay: gen9vgc2024regh-2273118568
[2025-04-03T19:50:27.917+0000] {tasks.py:157} INFO - Downloading replay: gen9vgc2024regh-2273118957
[2025-04-03T19:50:28.111+0000] {tasks.py:157} INFO - Downloading replay: gen9vgc2024regh-2273118328
[2025-04-03T19:50:28.287+0000] {tasks.py:157} INFO - Downloading replay: gen9vgc2024regh-2273118217
[2025-04-03T19:50:28.476+0000] {tasks.py:157} INFO - Downloading replay: gen9vgc2024regh-2273118326
[2025-04-03T19:50:28.681+0000] {tasks.py:157} INFO - Downloading replay: gen9vgc2024regh-2273118095
[2025-04-03T19:50:28.895+0000] {tasks.py:157} INFO - Downloading replay: gen9vgc2024regh-2273117646
[2025-04-03T19:50:29.084+0000] {tasks.py:157} INFO - Downloading replay: gen9vgc2024regh-2273118151
[2025-04-03T19:50:29.282+0000] {tasks.py:157} INFO - Downloading replay: gen9vgc2024regh-2273117839
[2025-04-03T19:50:29.523+0000] {tasks.py:157} INFO - Downloading replay: gen9vgc2024regh-2273117504
[2025-04-03T19:50:29.725+0000] {tasks.py:157} INFO - Downloading replay: gen9vgc2024regh-2273117408
[2025-04-03T19:50:29.913+0000] {tasks.py:157} INFO - Downloading replay: gen9vgc2024regh-2273117321
[2025-04-03T19:50:30.099+0000] {tasks.py:157} INFO - Downloading replay: gen9vgc2024regh-2273117064
[2025-04-03T19:50:30.290+0000] {tasks.py:157} INFO - Downloading replay: gen9vgc2024regh-2273116502
[2025-04-03T19:50:30.766+0000] {tasks.py:157} INFO - Downloading replay: gen9vgc2024regh-2273116278
[2025-04-03T19:50:30.979+0000] {tasks.py:157} INFO - Downloading replay: gen9vgc2024regh-2273116005
[2025-04-03T19:50:31.182+0000] {tasks.py:157} INFO - Downloading replay: gen9vgc2024regh-2273115608
[2025-04-03T19:50:31.389+0000] {tasks.py:157} INFO - Downloading replay: gen9vgc2024regh-2273117230
[2025-04-03T19:50:31.603+0000] {tasks.py:157} INFO - Downloading replay: gen9vgc2024regh-2273116113
[2025-04-03T19:50:31.820+0000] {tasks.py:157} INFO - Downloading replay: gen9vgc2024regh-2273113782
[2025-04-03T19:50:32.016+0000] {tasks.py:157} INFO - Downloading replay: gen9vgc2024regh-2273114216
[2025-04-03T19:50:32.368+0000] {tasks.py:157} INFO - Downloading replay: gen9vgc2024regh-2273111807
[2025-04-03T19:50:32.657+0000] {tasks.py:157} INFO - Downloading replay: gen9vgc2024regh-2273110594
[2025-04-03T19:50:32.887+0000] {tasks.py:157} INFO - Downloading replay: gen9vgc2024regh-2273110488
[2025-04-03T19:50:33.104+0000] {tasks.py:157} INFO - Downloading replay: gen9vgc2024regh-2273109915
[2025-04-03T19:50:33.306+0000] {tasks.py:157} INFO - Downloading replay: gen9vgc2024regh-2273110771
[2025-04-03T19:50:33.541+0000] {tasks.py:157} INFO - Downloading replay: gen9vgc2024regh-2273109180
[2025-04-03T19:50:33.718+0000] {tasks.py:157} INFO - Downloading replay: gen9vgc2024regh-2273109452
[2025-04-03T19:50:33.925+0000] {tasks.py:157} INFO - Downloading replay: gen9vgc2024regh-2273107993
[2025-04-03T19:50:34.176+0000] {tasks.py:157} INFO - Downloading replay: gen9vgc2024regh-2273107042
[2025-04-03T19:50:34.370+0000] {tasks.py:157} INFO - Downloading replay: gen9vgc2024regh-2273106943
[2025-04-03T19:50:34.576+0000] {tasks.py:157} INFO - Downloading replay: gen9vgc2024regh-2273108385
[2025-04-03T19:50:34.933+0000] {tasks.py:157} INFO - Downloading replay: gen9vgc2024regh-2273105540
[2025-04-03T19:50:35.195+0000] {tasks.py:157} INFO - Downloading replay: gen9vgc2024regh-2273105782
[2025-04-03T19:50:35.385+0000] {tasks.py:157} INFO - Downloading replay: gen9vgc2024regh-2273105315
[2025-04-03T19:50:35.583+0000] {tasks.py:157} INFO - Downloading replay: gen9vgc2024regh-2273104562
[2025-04-03T19:50:35.780+0000] {tasks.py:157} INFO - Downloading replay: gen9vgc2024regh-2273104884
[2025-04-03T19:50:35.978+0000] {tasks.py:157} INFO - Downloading replay: gen9vgc2024regh-2273104778
[2025-04-03T19:50:36.175+0000] {tasks.py:157} INFO - Downloading replay: gen9vgc2024regh-2273104169
[2025-04-03T19:50:36.369+0000] {tasks.py:157} INFO - Downloading replay: gen9vgc2024regh-2273104220
[2025-04-03T19:50:36.591+0000] {tasks.py:157} INFO - Downloading replay: gen9vgc2024regh-2273104129
[2025-04-03T19:50:36.799+0000] {tasks.py:157} INFO - Downloading replay: gen9vgc2024regh-2273103614
[2025-04-03T19:50:37.003+0000] {tasks.py:157} INFO - Downloading replay: gen9vgc2024regh-2273103433
[2025-04-03T19:50:37.201+0000] {tasks.py:157} INFO - Downloading replay: gen9vgc2024regh-2273103153
[2025-04-03T19:50:37.431+0000] {tasks.py:201} INFO - Saved 255 processed IDs to /opt/***/data/processed_ids/gen9vgc2024regh_20250403_195037_processed.json
[2025-04-03T19:50:37.434+0000] {state.py:49} INFO - State saved to /opt/***/data/gen9vgc2024regh_state.json
[2025-04-03T19:50:37.436+0000] {tasks.py:213} INFO - Download summary: 255 downloaded, 0 failed
[2025-04-03T19:50:37.457+0000] {python.py:240} INFO - Done. Returned value was: None
[2025-04-03T19:50:37.467+0000] {taskinstance.py:341} INFO - ::group::Post task execution logs
[2025-04-03T19:50:37.469+0000] {taskinstance.py:353} INFO - Marking task as SUCCESS. dag_id=pokemon_replay_etl, task_id=download_replays, run_id=scheduled__2025-04-02T00:00:00+00:00, execution_date=20250402T000000, start_date=20250403T194942, end_date=20250403T195037
[2025-04-03T19:50:37.538+0000] {local_task_job_runner.py:266} INFO - Task exited with return code 0
[2025-04-03T19:50:37.567+0000] {taskinstance.py:3901} INFO - 1 downstream tasks scheduled from follow-on schedule check
[2025-04-03T19:50:37.573+0000] {local_task_job_runner.py:245} INFO - ::endgroup::
