[2025-04-03T19:57:44.235+0000] {local_task_job_runner.py:123} INFO - ::group::Pre task execution logs
[2025-04-03T19:57:44.283+0000] {taskinstance.py:2614} INFO - Dependencies all met for dep_context=non-requeueable deps ti=<TaskInstance: pokemon_replay_etl.download_replays manual__2025-04-03T19:57:40+00:00 [queued]>
[2025-04-03T19:57:44.314+0000] {taskinstance.py:2614} INFO - Dependencies all met for dep_context=requeueable deps ti=<TaskInstance: pokemon_replay_etl.download_replays manual__2025-04-03T19:57:40+00:00 [queued]>
[2025-04-03T19:57:44.316+0000] {taskinstance.py:2867} INFO - Starting attempt 1 of 2
[2025-04-03T19:57:44.344+0000] {taskinstance.py:2890} INFO - Executing <Task(PythonOperator): download_replays> on 2025-04-03 19:57:40+00:00
[2025-04-03T19:57:44.353+0000] {standard_task_runner.py:72} INFO - Started process 224 to run task
[2025-04-03T19:57:44.362+0000] {standard_task_runner.py:104} INFO - Running: ['***', 'tasks', 'run', 'pokemon_replay_etl', 'download_replays', 'manual__2025-04-03T19:57:40+00:00', '--job-id', '10', '--raw', '--subdir', 'DAGS_FOLDER/pokemon_replay_etl_dag.py', '--cfg-path', '/tmp/tmp69mnav0s']
[2025-04-03T19:57:44.370+0000] {standard_task_runner.py:105} INFO - Job 10: Subtask download_replays
[2025-04-03T19:57:44.474+0000] {task_command.py:467} INFO - Running <TaskInstance: pokemon_replay_etl.download_replays manual__2025-04-03T19:57:40+00:00 [running]> on host e0c678210eee
[2025-04-03T19:57:44.626+0000] {taskinstance.py:3134} INFO - Exporting env vars: AIRFLOW_CTX_DAG_OWNER='***' AIRFLOW_CTX_DAG_ID='pokemon_replay_etl' AIRFLOW_CTX_TASK_ID='download_replays' AIRFLOW_CTX_EXECUTION_DATE='2025-04-03T19:57:40+00:00' AIRFLOW_CTX_TRY_NUMBER='1' AIRFLOW_CTX_DAG_RUN_ID='manual__2025-04-03T19:57:40+00:00'
[2025-04-03T19:57:44.631+0000] {taskinstance.py:732} INFO - ::endgroup::
[2025-04-03T19:57:44.684+0000] {tasks.py:141} INFO - Processing 255 replays
[2025-04-03T19:57:44.690+0000] {tasks.py:157} INFO - Downloading replay: gen9vgc2024regh-2273232611
[2025-04-03T19:57:44.905+0000] {tasks.py:157} INFO - Downloading replay: gen9vgc2024regh-2273231908
[2025-04-03T19:57:45.208+0000] {tasks.py:157} INFO - Downloading replay: gen9vgc2024regh-2273231934
[2025-04-03T19:57:45.410+0000] {tasks.py:157} INFO - Downloading replay: gen9vgc2024regh-2273232103
[2025-04-03T19:57:45.609+0000] {tasks.py:157} INFO - Downloading replay: gen9vgc2024regh-2273230773
[2025-04-03T19:57:45.812+0000] {tasks.py:157} INFO - Downloading replay: gen9vgc2024regh-2273231017
[2025-04-03T19:57:46.021+0000] {tasks.py:157} INFO - Downloading replay: gen9vgc2024regh-2273228865
[2025-04-03T19:57:46.239+0000] {tasks.py:157} INFO - Downloading replay: gen9vgc2024regh-2273230292
[2025-04-03T19:57:46.439+0000] {tasks.py:157} INFO - Downloading replay: gen9vgc2024regh-2273228131
[2025-04-03T19:57:46.653+0000] {tasks.py:157} INFO - Downloading replay: gen9vgc2024regh-2273227995
[2025-04-03T19:57:46.863+0000] {tasks.py:157} INFO - Downloading replay: gen9vgc2024regh-2273226407
[2025-04-03T19:57:47.052+0000] {tasks.py:157} INFO - Downloading replay: gen9vgc2024regh-2273228617
[2025-04-03T19:57:47.359+0000] {tasks.py:157} INFO - Downloading replay: gen9vgc2024regh-2273226618
[2025-04-03T19:57:47.599+0000] {tasks.py:157} INFO - Downloading replay: gen9vgc2024regh-2273226938
[2025-04-03T19:57:47.793+0000] {tasks.py:157} INFO - Downloading replay: gen9vgc2024regh-2273226620
[2025-04-03T19:57:48.009+0000] {tasks.py:157} INFO - Downloading replay: gen9vgc2024regh-2273226343
[2025-04-03T19:57:48.186+0000] {tasks.py:157} INFO - Downloading replay: gen9vgc2024regh-2273226013
[2025-04-03T19:57:48.389+0000] {tasks.py:157} INFO - Downloading replay: gen9vgc2024regh-2273228495
[2025-04-03T19:57:48.598+0000] {tasks.py:157} INFO - Downloading replay: gen9vgc2024regh-2273224440
[2025-04-03T19:57:48.773+0000] {tasks.py:157} INFO - Downloading replay: gen9vgc2024regh-2273224139
[2025-04-03T19:57:49.005+0000] {tasks.py:157} INFO - Downloading replay: gen9vgc2024regh-2273224017
[2025-04-03T19:57:49.206+0000] {tasks.py:157} INFO - Downloading replay: gen9vgc2024regh-2273223933
[2025-04-03T19:57:49.532+0000] {tasks.py:157} INFO - Downloading replay: gen9vgc2024regh-2273223830
[2025-04-03T19:57:49.758+0000] {tasks.py:157} INFO - Downloading replay: gen9vgc2024regh-2273222953
[2025-04-03T19:57:49.966+0000] {tasks.py:157} INFO - Downloading replay: gen9vgc2024regh-2273222549
[2025-04-03T19:57:50.173+0000] {tasks.py:157} INFO - Downloading replay: gen9vgc2024regh-2273220755
[2025-04-03T19:57:50.348+0000] {tasks.py:157} INFO - Downloading replay: gen9vgc2024regh-2273223547
[2025-04-03T19:57:50.558+0000] {tasks.py:157} INFO - Downloading replay: gen9vgc2024regh-2273221171
[2025-04-03T19:57:50.793+0000] {tasks.py:157} INFO - Downloading replay: gen9vgc2024regh-2273221037
[2025-04-03T19:57:51.006+0000] {tasks.py:157} INFO - Downloading replay: gen9vgc2024regh-2273220961
[2025-04-03T19:57:51.242+0000] {tasks.py:157} INFO - Downloading replay: gen9vgc2024regh-2273218733
[2025-04-03T19:57:51.468+0000] {tasks.py:157} INFO - Downloading replay: gen9vgc2024regh-2273217277
[2025-04-03T19:57:51.671+0000] {tasks.py:157} INFO - Downloading replay: gen9vgc2024regh-2273217186
[2025-04-03T19:57:51.865+0000] {tasks.py:157} INFO - Downloading replay: gen9vgc2024regh-2273217172
[2025-04-03T19:57:52.075+0000] {tasks.py:157} INFO - Downloading replay: gen9vgc2024regh-2273215549
[2025-04-03T19:57:52.273+0000] {tasks.py:157} INFO - Downloading replay: gen9vgc2024regh-2273218468
[2025-04-03T19:57:52.521+0000] {tasks.py:157} INFO - Downloading replay: gen9vgc2024regh-2273215648
[2025-04-03T19:57:52.730+0000] {tasks.py:157} INFO - Downloading replay: gen9vgc2024regh-2273215425
[2025-04-03T19:57:52.984+0000] {tasks.py:157} INFO - Downloading replay: gen9vgc2024regh-2273215377
[2025-04-03T19:57:53.197+0000] {tasks.py:157} INFO - Downloading replay: gen9vgc2024regh-2273217838
[2025-04-03T19:57:53.401+0000] {tasks.py:157} INFO - Downloading replay: gen9vgc2024regh-2273214476
[2025-04-03T19:57:53.592+0000] {tasks.py:157} INFO - Downloading replay: gen9vgc2024regh-2273216192
[2025-04-03T19:57:53.798+0000] {tasks.py:157} INFO - Downloading replay: gen9vgc2024regh-2273213586
[2025-04-03T19:57:53.997+0000] {tasks.py:157} INFO - Downloading replay: gen9vgc2024regh-2273213554
[2025-04-03T19:57:54.388+0000] {tasks.py:157} INFO - Downloading replay: gen9vgc2024regh-2273212624
[2025-04-03T19:57:54.619+0000] {tasks.py:157} INFO - Downloading replay: gen9vgc2024regh-2273212502
[2025-04-03T19:57:54.858+0000] {tasks.py:157} INFO - Downloading replay: gen9vgc2024regh-2273212448
[2025-04-03T19:57:55.056+0000] {tasks.py:157} INFO - Downloading replay: gen9vgc2024regh-2273200931
[2025-04-03T19:57:55.248+0000] {tasks.py:157} INFO - Downloading replay: gen9vgc2024regh-2273200203
[2025-04-03T19:57:55.445+0000] {tasks.py:157} INFO - Downloading replay: gen9vgc2024regh-2273201149
[2025-04-03T19:57:55.658+0000] {tasks.py:157} INFO - Downloading replay: gen9vgc2024regh-2273200033
[2025-04-03T19:57:55.846+0000] {tasks.py:157} INFO - Downloading replay: gen9vgc2024regh-2273201260
[2025-04-03T19:57:56.043+0000] {tasks.py:157} INFO - Downloading replay: gen9vgc2024regh-2273198642
[2025-04-03T19:57:56.257+0000] {tasks.py:157} INFO - Downloading replay: gen9vgc2024regh-2273196413
[2025-04-03T19:57:56.455+0000] {tasks.py:157} INFO - Downloading replay: gen9vgc2024regh-2273196273
[2025-04-03T19:57:56.640+0000] {tasks.py:157} INFO - Downloading replay: gen9vgc2024regh-2273195885
[2025-04-03T19:57:56.845+0000] {tasks.py:157} INFO - Downloading replay: gen9vgc2024regh-2273194965
[2025-04-03T19:57:57.031+0000] {tasks.py:157} INFO - Downloading replay: gen9vgc2024regh-2273195572
[2025-04-03T19:57:57.249+0000] {tasks.py:157} INFO - Downloading replay: gen9vgc2024regh-2273195539
[2025-04-03T19:57:57.469+0000] {tasks.py:157} INFO - Downloading replay: gen9vgc2024regh-2273195970
[2025-04-03T19:57:57.680+0000] {tasks.py:157} INFO - Downloading replay: gen9vgc2024regh-2273194228
[2025-04-03T19:57:57.883+0000] {tasks.py:157} INFO - Downloading replay: gen9vgc2024regh-2273193832
[2025-04-03T19:57:58.072+0000] {tasks.py:157} INFO - Downloading replay: gen9vgc2024regh-2273193284
[2025-04-03T19:57:58.258+0000] {tasks.py:157} INFO - Downloading replay: gen9vgc2024regh-2273192917
[2025-04-03T19:57:58.455+0000] {tasks.py:157} INFO - Downloading replay: gen9vgc2024regh-2273192346
[2025-04-03T19:57:58.659+0000] {tasks.py:157} INFO - Downloading replay: gen9vgc2024regh-2273193786
[2025-04-03T19:57:58.853+0000] {tasks.py:157} INFO - Downloading replay: gen9vgc2024regh-2273192648
[2025-04-03T19:57:59.146+0000] {tasks.py:157} INFO - Downloading replay: gen9vgc2024regh-2273191093
[2025-04-03T19:57:59.346+0000] {tasks.py:157} INFO - Downloading replay: gen9vgc2024regh-2273190780
[2025-04-03T19:57:59.543+0000] {tasks.py:157} INFO - Downloading replay: gen9vgc2024regh-2273190756
[2025-04-03T19:57:59.918+0000] {tasks.py:157} INFO - Downloading replay: gen9vgc2024regh-2273190518
[2025-04-03T19:58:00.406+0000] {tasks.py:157} INFO - Downloading replay: gen9vgc2024regh-2273190497
[2025-04-03T19:58:00.656+0000] {tasks.py:157} INFO - Downloading replay: gen9vgc2024regh-2273189676
[2025-04-03T19:58:00.846+0000] {tasks.py:157} INFO - Downloading replay: gen9vgc2024regh-2273189108
[2025-04-03T19:58:01.066+0000] {tasks.py:157} INFO - Downloading replay: gen9vgc2024regh-2273188656
[2025-04-03T19:58:01.318+0000] {tasks.py:157} INFO - Downloading replay: gen9vgc2024regh-2273188392
[2025-04-03T19:58:01.511+0000] {tasks.py:157} INFO - Downloading replay: gen9vgc2024regh-2273188135
[2025-04-03T19:58:01.708+0000] {tasks.py:157} INFO - Downloading replay: gen9vgc2024regh-2273187350
[2025-04-03T19:58:01.909+0000] {tasks.py:157} INFO - Downloading replay: gen9vgc2024regh-2273188985
[2025-04-03T19:58:02.131+0000] {tasks.py:157} INFO - Downloading replay: gen9vgc2024regh-2273187406
[2025-04-03T19:58:02.336+0000] {tasks.py:157} INFO - Downloading replay: gen9vgc2024regh-2273186264
[2025-04-03T19:58:02.551+0000] {tasks.py:157} INFO - Downloading replay: gen9vgc2024regh-2273185810
[2025-04-03T19:58:02.765+0000] {tasks.py:157} INFO - Downloading replay: gen9vgc2024regh-2273185773
[2025-04-03T19:58:02.979+0000] {tasks.py:157} INFO - Downloading replay: gen9vgc2024regh-2273185364
[2025-04-03T19:58:03.211+0000] {tasks.py:157} INFO - Downloading replay: gen9vgc2024regh-2273185206
[2025-04-03T19:58:03.494+0000] {tasks.py:157} INFO - Downloading replay: gen9vgc2024regh-2273185078
[2025-04-03T19:58:03.717+0000] {tasks.py:157} INFO - Downloading replay: gen9vgc2024regh-2273182372
[2025-04-03T19:58:03.915+0000] {tasks.py:157} INFO - Downloading replay: gen9vgc2024regh-2273184396
[2025-04-03T19:58:04.126+0000] {tasks.py:157} INFO - Downloading replay: gen9vgc2024regh-2273184083
[2025-04-03T19:58:04.375+0000] {tasks.py:157} INFO - Downloading replay: gen9vgc2024regh-2273184053
[2025-04-03T19:58:04.576+0000] {tasks.py:157} INFO - Downloading replay: gen9vgc2024regh-2273182715
[2025-04-03T19:58:05.126+0000] {tasks.py:157} INFO - Downloading replay: gen9vgc2024regh-2273182462
[2025-04-03T19:58:05.448+0000] {tasks.py:157} INFO - Downloading replay: gen9vgc2024regh-2273179620
[2025-04-03T19:58:05.636+0000] {tasks.py:157} INFO - Downloading replay: gen9vgc2024regh-2273182693
[2025-04-03T19:58:05.858+0000] {tasks.py:157} INFO - Downloading replay: gen9vgc2024regh-2273178581
[2025-04-03T19:58:06.103+0000] {tasks.py:157} INFO - Downloading replay: gen9vgc2024regh-2273177630
[2025-04-03T19:58:06.324+0000] {tasks.py:157} INFO - Downloading replay: gen9vgc2024regh-2273181373
[2025-04-03T19:58:06.542+0000] {tasks.py:157} INFO - Downloading replay: gen9vgc2024regh-2273177141
[2025-04-03T19:58:06.742+0000] {tasks.py:157} INFO - Downloading replay: gen9vgc2024regh-2273174131
[2025-04-03T19:58:06.957+0000] {tasks.py:157} INFO - Downloading replay: gen9vgc2024regh-2273173668
[2025-04-03T19:58:07.165+0000] {tasks.py:157} INFO - Downloading replay: gen9vgc2024regh-2273172092
[2025-04-03T19:58:07.375+0000] {tasks.py:157} INFO - Downloading replay: gen9vgc2024regh-2273173775
[2025-04-03T19:58:07.591+0000] {tasks.py:157} INFO - Downloading replay: gen9vgc2024regh-2273172160
[2025-04-03T19:58:07.786+0000] {tasks.py:157} INFO - Downloading replay: gen9vgc2024regh-2273170448
[2025-04-03T19:58:07.989+0000] {tasks.py:157} INFO - Downloading replay: gen9vgc2024regh-2273169605
[2025-04-03T19:58:08.197+0000] {tasks.py:157} INFO - Downloading replay: gen9vgc2024regh-2273169057
[2025-04-03T19:58:08.400+0000] {tasks.py:157} INFO - Downloading replay: gen9vgc2024regh-2273169772
[2025-04-03T19:58:08.609+0000] {tasks.py:157} INFO - Downloading replay: gen9vgc2024regh-2273168403
[2025-04-03T19:58:08.800+0000] {tasks.py:157} INFO - Downloading replay: gen9vgc2024regh-2273169722
[2025-04-03T19:58:09.001+0000] {tasks.py:157} INFO - Downloading replay: gen9vgc2024regh-2273168048
[2025-04-03T19:58:09.214+0000] {tasks.py:157} INFO - Downloading replay: gen9vgc2024regh-2273167661
[2025-04-03T19:58:09.400+0000] {tasks.py:157} INFO - Downloading replay: gen9vgc2024regh-2273165771
[2025-04-03T19:58:09.612+0000] {tasks.py:157} INFO - Downloading replay: gen9vgc2024regh-2273165488
[2025-04-03T19:58:09.807+0000] {tasks.py:157} INFO - Downloading replay: gen9vgc2024regh-2273165895
[2025-04-03T19:58:09.986+0000] {tasks.py:157} INFO - Downloading replay: gen9vgc2024regh-2273165024
[2025-04-03T19:58:10.186+0000] {tasks.py:157} INFO - Downloading replay: gen9vgc2024regh-2273164294
[2025-04-03T19:58:10.396+0000] {tasks.py:157} INFO - Downloading replay: gen9vgc2024regh-2273166469
[2025-04-03T19:58:10.622+0000] {tasks.py:157} INFO - Downloading replay: gen9vgc2024regh-2273164093
[2025-04-03T19:58:10.824+0000] {tasks.py:157} INFO - Downloading replay: gen9vgc2024regh-2273164038
[2025-04-03T19:58:11.032+0000] {tasks.py:157} INFO - Downloading replay: gen9vgc2024regh-2273163430
[2025-04-03T19:58:11.234+0000] {tasks.py:157} INFO - Downloading replay: gen9vgc2024regh-2273163387
[2025-04-03T19:58:11.492+0000] {tasks.py:157} INFO - Downloading replay: gen9vgc2024regh-2273162925
[2025-04-03T19:58:11.691+0000] {tasks.py:157} INFO - Downloading replay: gen9vgc2024regh-2273164971
[2025-04-03T19:58:11.920+0000] {tasks.py:157} INFO - Downloading replay: gen9vgc2024regh-2273162887
[2025-04-03T19:58:12.125+0000] {tasks.py:157} INFO - Downloading replay: gen9vgc2024regh-2273161498
[2025-04-03T19:58:12.332+0000] {tasks.py:157} INFO - Downloading replay: gen9vgc2024regh-2273160638
[2025-04-03T19:58:12.958+0000] {tasks.py:157} INFO - Downloading replay: gen9vgc2024regh-2273161575
[2025-04-03T19:58:13.568+0000] {tasks.py:157} INFO - Downloading replay: gen9vgc2024regh-2273161010
[2025-04-03T19:58:13.911+0000] {tasks.py:157} INFO - Downloading replay: gen9vgc2024regh-2273161726
[2025-04-03T19:58:14.160+0000] {tasks.py:157} INFO - Downloading replay: gen9vgc2024regh-2273160847
[2025-04-03T19:58:14.377+0000] {tasks.py:157} INFO - Downloading replay: gen9vgc2024regh-2273160570
[2025-04-03T19:58:14.580+0000] {tasks.py:157} INFO - Downloading replay: gen9vgc2024regh-2273160028
[2025-04-03T19:58:14.819+0000] {tasks.py:157} INFO - Downloading replay: gen9vgc2024regh-2273159091
[2025-04-03T19:58:15.050+0000] {tasks.py:157} INFO - Downloading replay: gen9vgc2024regh-2273160657
[2025-04-03T19:58:15.284+0000] {tasks.py:157} INFO - Downloading replay: gen9vgc2024regh-2273155913
[2025-04-03T19:58:15.520+0000] {tasks.py:157} INFO - Downloading replay: gen9vgc2024regh-2273156631
[2025-04-03T19:58:15.708+0000] {tasks.py:157} INFO - Downloading replay: gen9vgc2024regh-2273155655
[2025-04-03T19:58:15.912+0000] {tasks.py:157} INFO - Downloading replay: gen9vgc2024regh-2273156474
[2025-04-03T19:58:16.119+0000] {tasks.py:157} INFO - Downloading replay: gen9vgc2024regh-2273156142
[2025-04-03T19:58:16.317+0000] {tasks.py:157} INFO - Downloading replay: gen9vgc2024regh-2273154589
[2025-04-03T19:58:16.515+0000] {tasks.py:157} INFO - Downloading replay: gen9vgc2024regh-2273154367
[2025-04-03T19:58:16.757+0000] {tasks.py:157} INFO - Downloading replay: gen9vgc2024regh-2273154149
[2025-04-03T19:58:16.953+0000] {tasks.py:157} INFO - Downloading replay: gen9vgc2024regh-2273153859
[2025-04-03T19:58:17.155+0000] {tasks.py:157} INFO - Downloading replay: gen9vgc2024regh-2273153816
[2025-04-03T19:58:17.354+0000] {tasks.py:157} INFO - Downloading replay: gen9vgc2024regh-2273153587
[2025-04-03T19:58:17.558+0000] {tasks.py:157} INFO - Downloading replay: gen9vgc2024regh-2273152478
[2025-04-03T19:58:17.759+0000] {tasks.py:157} INFO - Downloading replay: gen9vgc2024regh-2273151431
[2025-04-03T19:58:17.991+0000] {tasks.py:157} INFO - Downloading replay: gen9vgc2024regh-2273151208
[2025-04-03T19:58:18.187+0000] {tasks.py:157} INFO - Downloading replay: gen9vgc2024regh-2273149545
[2025-04-03T19:58:18.427+0000] {tasks.py:157} INFO - Downloading replay: gen9vgc2024regh-2273149096
[2025-04-03T19:58:18.620+0000] {tasks.py:157} INFO - Downloading replay: gen9vgc2024regh-2273148587
[2025-04-03T19:58:18.826+0000] {tasks.py:157} INFO - Downloading replay: gen9vgc2024regh-2273147823
[2025-04-03T19:58:19.028+0000] {tasks.py:157} INFO - Downloading replay: gen9vgc2024regh-2273146988
[2025-04-03T19:58:19.242+0000] {tasks.py:157} INFO - Downloading replay: gen9vgc2024regh-2273146867
[2025-04-03T19:58:19.437+0000] {tasks.py:157} INFO - Downloading replay: gen9vgc2024regh-2273146800
[2025-04-03T19:58:19.663+0000] {tasks.py:157} INFO - Downloading replay: gen9vgc2024regh-2273146240
[2025-04-03T19:58:19.867+0000] {tasks.py:157} INFO - Downloading replay: gen9vgc2024regh-2273145568
[2025-04-03T19:58:20.048+0000] {tasks.py:157} INFO - Downloading replay: gen9vgc2024regh-2273145007
[2025-04-03T19:58:20.274+0000] {tasks.py:157} INFO - Downloading replay: gen9vgc2024regh-2273145107
[2025-04-03T19:58:20.467+0000] {tasks.py:157} INFO - Downloading replay: gen9vgc2024regh-2273144188
[2025-04-03T19:58:20.731+0000] {tasks.py:157} INFO - Downloading replay: gen9vgc2024regh-2273142223
[2025-04-03T19:58:20.923+0000] {tasks.py:157} INFO - Downloading replay: gen9vgc2024regh-2273141690
[2025-04-03T19:58:21.115+0000] {tasks.py:157} INFO - Downloading replay: gen9vgc2024regh-2273140865
[2025-04-03T19:58:21.296+0000] {tasks.py:157} INFO - Downloading replay: gen9vgc2024regh-2273140928
[2025-04-03T19:58:21.502+0000] {tasks.py:157} INFO - Downloading replay: gen9vgc2024regh-2273140960
[2025-04-03T19:58:21.708+0000] {tasks.py:157} INFO - Downloading replay: gen9vgc2024regh-2273140286
[2025-04-03T19:58:21.902+0000] {tasks.py:157} INFO - Downloading replay: gen9vgc2024regh-2273139685
[2025-04-03T19:58:22.100+0000] {tasks.py:157} INFO - Downloading replay: gen9vgc2024regh-2273139820
[2025-04-03T19:58:22.372+0000] {tasks.py:157} INFO - Downloading replay: gen9vgc2024regh-2273139348
[2025-04-03T19:58:22.563+0000] {tasks.py:157} INFO - Downloading replay: gen9vgc2024regh-2273139056
[2025-04-03T19:58:22.782+0000] {tasks.py:157} INFO - Downloading replay: gen9vgc2024regh-2273138252
[2025-04-03T19:58:23.045+0000] {tasks.py:157} INFO - Downloading replay: gen9vgc2024regh-2273138050
[2025-04-03T19:58:23.275+0000] {tasks.py:157} INFO - Downloading replay: gen9vgc2024regh-2273137585
[2025-04-03T19:58:23.480+0000] {tasks.py:157} INFO - Downloading replay: gen9vgc2024regh-2273137020
[2025-04-03T19:58:23.671+0000] {tasks.py:157} INFO - Downloading replay: gen9vgc2024regh-2273136389
[2025-04-03T19:58:23.917+0000] {tasks.py:157} INFO - Downloading replay: gen9vgc2024regh-2273137246
[2025-04-03T19:58:24.126+0000] {tasks.py:157} INFO - Downloading replay: gen9vgc2024regh-2273135745
[2025-04-03T19:58:24.345+0000] {tasks.py:157} INFO - Downloading replay: gen9vgc2024regh-2273134495
[2025-04-03T19:58:24.553+0000] {tasks.py:157} INFO - Downloading replay: gen9vgc2024regh-2273135966
[2025-04-03T19:58:24.747+0000] {tasks.py:157} INFO - Downloading replay: gen9vgc2024regh-2273134692
[2025-04-03T19:58:24.946+0000] {tasks.py:157} INFO - Downloading replay: gen9vgc2024regh-2273134082
[2025-04-03T19:58:25.254+0000] {tasks.py:157} INFO - Downloading replay: gen9vgc2024regh-2273135874
[2025-04-03T19:58:25.484+0000] {tasks.py:157} INFO - Downloading replay: gen9vgc2024regh-2273134462
[2025-04-03T19:58:25.711+0000] {tasks.py:157} INFO - Downloading replay: gen9vgc2024regh-2273134291
[2025-04-03T19:58:25.933+0000] {tasks.py:157} INFO - Downloading replay: gen9vgc2024regh-2273134283
[2025-04-03T19:58:26.261+0000] {tasks.py:157} INFO - Downloading replay: gen9vgc2024regh-2273133553
[2025-04-03T19:58:26.461+0000] {tasks.py:157} INFO - Downloading replay: gen9vgc2024regh-2273133405
[2025-04-03T19:58:26.665+0000] {tasks.py:157} INFO - Downloading replay: gen9vgc2024regh-2273133263
[2025-04-03T19:58:26.886+0000] {tasks.py:157} INFO - Downloading replay: gen9vgc2024regh-2273133015
[2025-04-03T19:58:27.105+0000] {tasks.py:157} INFO - Downloading replay: gen9vgc2024regh-2273132796
[2025-04-03T19:58:27.303+0000] {tasks.py:157} INFO - Downloading replay: gen9vgc2024regh-2273133470
[2025-04-03T19:58:27.554+0000] {tasks.py:157} INFO - Downloading replay: gen9vgc2024regh-2273132674
[2025-04-03T19:58:27.758+0000] {tasks.py:157} INFO - Downloading replay: gen9vgc2024regh-2273131879
[2025-04-03T19:58:27.948+0000] {tasks.py:157} INFO - Downloading replay: gen9vgc2024regh-2273131593
[2025-04-03T19:58:28.140+0000] {tasks.py:157} INFO - Downloading replay: gen9vgc2024regh-2273131524
[2025-04-03T19:58:28.337+0000] {tasks.py:157} INFO - Downloading replay: gen9vgc2024regh-2273131217
[2025-04-03T19:58:28.577+0000] {tasks.py:157} INFO - Downloading replay: gen9vgc2024regh-2273130699
[2025-04-03T19:58:28.785+0000] {tasks.py:157} INFO - Downloading replay: gen9vgc2024regh-2273130456
[2025-04-03T19:58:28.960+0000] {tasks.py:157} INFO - Downloading replay: gen9vgc2024regh-2273130401
[2025-04-03T19:58:29.182+0000] {tasks.py:157} INFO - Downloading replay: gen9vgc2024regh-2273130365
[2025-04-03T19:58:29.383+0000] {tasks.py:157} INFO - Downloading replay: gen9vgc2024regh-2273130161
[2025-04-03T19:58:29.581+0000] {tasks.py:157} INFO - Downloading replay: gen9vgc2024regh-2273129897
[2025-04-03T19:58:29.765+0000] {tasks.py:157} INFO - Downloading replay: gen9vgc2024regh-2273129392
[2025-04-03T19:58:29.956+0000] {tasks.py:157} INFO - Downloading replay: gen9vgc2024regh-2273129020
[2025-04-03T19:58:30.178+0000] {tasks.py:157} INFO - Downloading replay: gen9vgc2024regh-2273128112
[2025-04-03T19:58:30.585+0000] {tasks.py:157} INFO - Downloading replay: gen9vgc2024regh-2273122945
[2025-04-03T19:58:30.824+0000] {tasks.py:157} INFO - Downloading replay: gen9vgc2024regh-2273120274
[2025-04-03T19:58:31.035+0000] {tasks.py:157} INFO - Downloading replay: gen9vgc2024regh-2273119559
[2025-04-03T19:58:31.226+0000] {tasks.py:157} INFO - Downloading replay: gen9vgc2024regh-2273120318
[2025-04-03T19:58:31.427+0000] {tasks.py:157} INFO - Downloading replay: gen9vgc2024regh-2273119948
[2025-04-03T19:58:31.615+0000] {tasks.py:157} INFO - Downloading replay: gen9vgc2024regh-2273119277
[2025-04-03T19:58:31.799+0000] {tasks.py:157} INFO - Downloading replay: gen9vgc2024regh-2273118568
[2025-04-03T19:58:31.987+0000] {tasks.py:157} INFO - Downloading replay: gen9vgc2024regh-2273118957
[2025-04-03T19:58:32.190+0000] {tasks.py:157} INFO - Downloading replay: gen9vgc2024regh-2273118328
[2025-04-03T19:58:32.405+0000] {tasks.py:157} INFO - Downloading replay: gen9vgc2024regh-2273118217
[2025-04-03T19:58:32.598+0000] {tasks.py:157} INFO - Downloading replay: gen9vgc2024regh-2273118326
[2025-04-03T19:58:32.788+0000] {tasks.py:157} INFO - Downloading replay: gen9vgc2024regh-2273118095
[2025-04-03T19:58:32.989+0000] {tasks.py:157} INFO - Downloading replay: gen9vgc2024regh-2273117646
[2025-04-03T19:58:33.246+0000] {tasks.py:157} INFO - Downloading replay: gen9vgc2024regh-2273118151
[2025-04-03T19:58:33.605+0000] {tasks.py:157} INFO - Downloading replay: gen9vgc2024regh-2273117839
[2025-04-03T19:58:33.914+0000] {tasks.py:157} INFO - Downloading replay: gen9vgc2024regh-2273117504
[2025-04-03T19:58:34.150+0000] {tasks.py:157} INFO - Downloading replay: gen9vgc2024regh-2273117408
[2025-04-03T19:58:34.385+0000] {tasks.py:157} INFO - Downloading replay: gen9vgc2024regh-2273117321
[2025-04-03T19:58:34.602+0000] {tasks.py:157} INFO - Downloading replay: gen9vgc2024regh-2273117064
[2025-04-03T19:58:34.819+0000] {tasks.py:157} INFO - Downloading replay: gen9vgc2024regh-2273116502
[2025-04-03T19:58:35.082+0000] {tasks.py:157} INFO - Downloading replay: gen9vgc2024regh-2273116278
[2025-04-03T19:58:35.265+0000] {tasks.py:157} INFO - Downloading replay: gen9vgc2024regh-2273116005
[2025-04-03T19:58:35.476+0000] {tasks.py:157} INFO - Downloading replay: gen9vgc2024regh-2273115608
[2025-04-03T19:58:35.672+0000] {tasks.py:157} INFO - Downloading replay: gen9vgc2024regh-2273117230
[2025-04-03T19:58:35.871+0000] {tasks.py:157} INFO - Downloading replay: gen9vgc2024regh-2273116113
[2025-04-03T19:58:36.078+0000] {tasks.py:157} INFO - Downloading replay: gen9vgc2024regh-2273113782
[2025-04-03T19:58:36.265+0000] {tasks.py:157} INFO - Downloading replay: gen9vgc2024regh-2273114216
[2025-04-03T19:58:36.478+0000] {tasks.py:157} INFO - Downloading replay: gen9vgc2024regh-2273111807
[2025-04-03T19:58:36.671+0000] {tasks.py:157} INFO - Downloading replay: gen9vgc2024regh-2273110594
[2025-04-03T19:58:36.895+0000] {tasks.py:157} INFO - Downloading replay: gen9vgc2024regh-2273110488
[2025-04-03T19:58:37.102+0000] {tasks.py:157} INFO - Downloading replay: gen9vgc2024regh-2273109915
[2025-04-03T19:58:37.333+0000] {tasks.py:157} INFO - Downloading replay: gen9vgc2024regh-2273110771
[2025-04-03T19:58:37.528+0000] {tasks.py:157} INFO - Downloading replay: gen9vgc2024regh-2273109180
[2025-04-03T19:58:37.739+0000] {tasks.py:157} INFO - Downloading replay: gen9vgc2024regh-2273109452
[2025-04-03T19:58:37.940+0000] {tasks.py:157} INFO - Downloading replay: gen9vgc2024regh-2273107993
[2025-04-03T19:58:38.166+0000] {tasks.py:157} INFO - Downloading replay: gen9vgc2024regh-2273107042
[2025-04-03T19:58:38.385+0000] {tasks.py:157} INFO - Downloading replay: gen9vgc2024regh-2273106943
[2025-04-03T19:58:38.576+0000] {tasks.py:157} INFO - Downloading replay: gen9vgc2024regh-2273108385
[2025-04-03T19:58:38.756+0000] {tasks.py:157} INFO - Downloading replay: gen9vgc2024regh-2273105540
[2025-04-03T19:58:38.951+0000] {tasks.py:157} INFO - Downloading replay: gen9vgc2024regh-2273105782
[2025-04-03T19:58:39.173+0000] {tasks.py:157} INFO - Downloading replay: gen9vgc2024regh-2273105315
[2025-04-03T19:58:39.451+0000] {tasks.py:157} INFO - Downloading replay: gen9vgc2024regh-2273104562
[2025-04-03T19:58:39.632+0000] {tasks.py:157} INFO - Downloading replay: gen9vgc2024regh-2273104884
[2025-04-03T19:58:39.816+0000] {tasks.py:157} INFO - Downloading replay: gen9vgc2024regh-2273104778
[2025-04-03T19:58:40.006+0000] {tasks.py:157} INFO - Downloading replay: gen9vgc2024regh-2273104169
[2025-04-03T19:58:40.186+0000] {tasks.py:157} INFO - Downloading replay: gen9vgc2024regh-2273104220
[2025-04-03T19:58:40.382+0000] {tasks.py:157} INFO - Downloading replay: gen9vgc2024regh-2273104129
[2025-04-03T19:58:40.584+0000] {tasks.py:157} INFO - Downloading replay: gen9vgc2024regh-2273103614
[2025-04-03T19:58:40.779+0000] {tasks.py:157} INFO - Downloading replay: gen9vgc2024regh-2273103433
[2025-04-03T19:58:40.984+0000] {tasks.py:157} INFO - Downloading replay: gen9vgc2024regh-2273103153
[2025-04-03T19:58:41.205+0000] {tasks.py:201} INFO - Saved 255 processed IDs to /opt/***/data/processed_ids/gen9vgc2024regh_20250403_195841_processed.json
[2025-04-03T19:58:41.219+0000] {state.py:49} INFO - State saved to /opt/***/data/gen9vgc2024regh_state.json
[2025-04-03T19:58:41.222+0000] {tasks.py:213} INFO - Download summary: 255 downloaded, 0 failed
[2025-04-03T19:58:41.410+0000] {python.py:240} INFO - Done. Returned value was: None
[2025-04-03T19:58:41.450+0000] {taskinstance.py:341} INFO - ::group::Post task execution logs
[2025-04-03T19:58:41.453+0000] {taskinstance.py:353} INFO - Marking task as SUCCESS. dag_id=pokemon_replay_etl, task_id=download_replays, run_id=manual__2025-04-03T19:57:40+00:00, execution_date=20250403T195740, start_date=20250403T195744, end_date=20250403T195841
[2025-04-03T19:58:41.566+0000] {local_task_job_runner.py:266} INFO - Task exited with return code 0
[2025-04-03T19:58:41.617+0000] {taskinstance.py:3901} INFO - 0 downstream tasks scheduled from follow-on schedule check
[2025-04-03T19:58:41.621+0000] {local_task_job_runner.py:245} INFO - ::endgroup::
