[2025-04-03T19:49:40.385+0000] {local_task_job_runner.py:123} INFO - ::group::Pre task execution logs
[2025-04-03T19:49:40.415+0000] {taskinstance.py:2614} INFO - Dependencies all met for dep_context=non-requeueable deps ti=<TaskInstance: pokemon_replay_etl.get_replay_ids manual__2025-04-03T19:49:31+00:00 [queued]>
[2025-04-03T19:49:40.428+0000] {taskinstance.py:2614} INFO - Dependencies all met for dep_context=requeueable deps ti=<TaskInstance: pokemon_replay_etl.get_replay_ids manual__2025-04-03T19:49:31+00:00 [queued]>
[2025-04-03T19:49:40.429+0000] {taskinstance.py:2867} INFO - Starting attempt 1 of 2
[2025-04-03T19:49:40.450+0000] {taskinstance.py:2890} INFO - Executing <Task(PythonOperator): get_replay_ids> on 2025-04-03 19:49:31+00:00
[2025-04-03T19:49:40.461+0000] {standard_task_runner.py:72} INFO - Started process 761 to run task
[2025-04-03T19:49:40.472+0000] {standard_task_runner.py:104} INFO - Running: ['***', 'tasks', 'run', 'pokemon_replay_etl', 'get_replay_ids', 'manual__2025-04-03T19:49:31+00:00', '--job-id', '3', '--raw', '--subdir', 'DAGS_FOLDER/pokemon_replay_etl_dag.py', '--cfg-path', '/tmp/tmpgjfof28v']
[2025-04-03T19:49:40.478+0000] {standard_task_runner.py:105} INFO - Job 3: Subtask get_replay_ids
[2025-04-03T19:49:40.566+0000] {task_command.py:467} INFO - Running <TaskInstance: pokemon_replay_etl.get_replay_ids manual__2025-04-03T19:49:31+00:00 [running]> on host 93470d874d0b
[2025-04-03T19:49:40.683+0000] {taskinstance.py:3134} INFO - Exporting env vars: AIRFLOW_CTX_DAG_OWNER='***' AIRFLOW_CTX_DAG_ID='pokemon_replay_etl' AIRFLOW_CTX_TASK_ID='get_replay_ids' AIRFLOW_CTX_EXECUTION_DATE='2025-04-03T19:49:31+00:00' AIRFLOW_CTX_TRY_NUMBER='1' AIRFLOW_CTX_DAG_RUN_ID='manual__2025-04-03T19:49:31+00:00'
[2025-04-03T19:49:40.686+0000] {taskinstance.py:732} INFO - ::endgroup::
[2025-04-03T19:49:40.745+0000] {tasks.py:32} INFO - Fetching replay IDs for format: gen9vgc2024regh, max pages: 5
[2025-04-03T19:49:40.747+0000] {tasks.py:50} INFO - Fetching page 1 for gen9vgc2024regh
[2025-04-03T19:49:41.184+0000] {tasks.py:59} INFO - Found 51 replays on page 1
[2025-04-03T19:49:41.186+0000] {tasks.py:50} INFO - Fetching page 2 for gen9vgc2024regh
[2025-04-03T19:49:41.359+0000] {tasks.py:59} INFO - Found 51 replays on page 2
[2025-04-03T19:49:41.361+0000] {tasks.py:50} INFO - Fetching page 3 for gen9vgc2024regh
[2025-04-03T19:49:41.534+0000] {tasks.py:59} INFO - Found 51 replays on page 3
[2025-04-03T19:49:41.536+0000] {tasks.py:50} INFO - Fetching page 4 for gen9vgc2024regh
[2025-04-03T19:49:41.735+0000] {tasks.py:59} INFO - Found 51 replays on page 4
[2025-04-03T19:49:41.738+0000] {tasks.py:50} INFO - Fetching page 5 for gen9vgc2024regh
[2025-04-03T19:49:41.927+0000] {tasks.py:59} INFO - Found 51 replays on page 5
[2025-04-03T19:49:41.931+0000] {tasks.py:107} INFO - Saved 255 replay IDs to /opt/***/data/replay_ids/gen9vgc2024regh_20250403_194940.json
[2025-04-03T19:49:41.933+0000] {state.py:49} INFO - State saved to /opt/***/data/gen9vgc2024regh_state.json
[2025-04-03T19:49:41.965+0000] {python.py:240} INFO - Done. Returned value was: None
[2025-04-03T19:49:41.978+0000] {taskinstance.py:341} INFO - ::group::Post task execution logs
[2025-04-03T19:49:41.984+0000] {taskinstance.py:353} INFO - Marking task as SUCCESS. dag_id=pokemon_replay_etl, task_id=get_replay_ids, run_id=manual__2025-04-03T19:49:31+00:00, execution_date=20250403T194931, start_date=20250403T194940, end_date=20250403T194941
[2025-04-03T19:49:42.061+0000] {local_task_job_runner.py:266} INFO - Task exited with return code 0
[2025-04-03T19:49:42.117+0000] {taskinstance.py:3901} INFO - 1 downstream tasks scheduled from follow-on schedule check
[2025-04-03T19:49:42.122+0000] {local_task_job_runner.py:245} INFO - ::endgroup::
