[2025-04-03T19:12:45.915+0000] {manager.py:483} INFO - Processing files using up to 2 processes at a time 
[2025-04-03T19:12:45.921+0000] {manager.py:484} INFO - Process each file at most once every 30 seconds
[2025-04-03T19:12:45.924+0000] {manager.py:485} INFO - Checking for new files in /opt/airflow/dags every 300 seconds
[2025-04-03T19:12:45.926+0000] {manager.py:821} INFO - Searching for files in /opt/airflow/dags
[2025-04-03T19:12:45.935+0000] {manager.py:824} INFO - There are 1 files in /opt/airflow/dags
[2025-04-03T19:12:46.003+0000] {manager.py:997} INFO - 
================================================================================
DAG File Processing Stats

File Path                           PID  Runtime      # DAGs    # Errors  Last Runtime    Last Run      Last # of DB Queries
--------------------------------  -----  ---------  --------  ----------  --------------  ----------  ----------------------
/opt/airflow/dags/example_dag.py    167  0.02s             0           0                                                   0
================================================================================
[2025-04-03T19:13:16.140+0000] {manager.py:997} INFO - 
================================================================================
DAG File Processing Stats

File Path                         PID    Runtime      # DAGs    # Errors  Last Runtime    Last Run               Last # of DB Queries
--------------------------------  -----  ---------  --------  ----------  --------------  -------------------  ----------------------
/opt/airflow/dags/example_dag.py                           1           0  0.54s           2025-04-03T19:12:46                      45
================================================================================
[2025-04-03T19:13:46.909+0000] {manager.py:997} INFO - 
================================================================================
DAG File Processing Stats

File Path                           PID  Runtime      # DAGs    # Errors  Last Runtime    Last Run               Last # of DB Queries
--------------------------------  -----  ---------  --------  ----------  --------------  -------------------  ----------------------
/opt/airflow/dags/example_dag.py    177  0.01s             1           0  0.22s           2025-04-03T19:13:16                      12
================================================================================
[2025-04-03T19:14:17.378+0000] {manager.py:997} INFO - 
================================================================================
DAG File Processing Stats

File Path                           PID  Runtime      # DAGs    # Errors  Last Runtime    Last Run               Last # of DB Queries
--------------------------------  -----  ---------  --------  ----------  --------------  -------------------  ----------------------
/opt/airflow/dags/example_dag.py    182  0.01s             1           0  0.26s           2025-04-03T19:13:47                      12
================================================================================
[2025-04-03T19:14:47.596+0000] {manager.py:997} INFO - 
================================================================================
DAG File Processing Stats

File Path                           PID  Runtime      # DAGs    # Errors  Last Runtime    Last Run               Last # of DB Queries
--------------------------------  -----  ---------  --------  ----------  --------------  -------------------  ----------------------
/opt/airflow/dags/example_dag.py    187  0.01s             1           0  0.14s           2025-04-03T19:14:17                      12
================================================================================
[2025-04-03T19:15:17.875+0000] {manager.py:997} INFO - 
================================================================================
DAG File Processing Stats

File Path                           PID  Runtime      # DAGs    # Errors  Last Runtime    Last Run               Last # of DB Queries
--------------------------------  -----  ---------  --------  ----------  --------------  -------------------  ----------------------
/opt/airflow/dags/example_dag.py    192  0.01s             1           0  0.15s           2025-04-03T19:14:47                      12
================================================================================
[2025-04-03T19:15:48.154+0000] {manager.py:997} INFO - 
================================================================================
DAG File Processing Stats

File Path                           PID  Runtime      # DAGs    # Errors  Last Runtime    Last Run               Last # of DB Queries
--------------------------------  -----  ---------  --------  ----------  --------------  -------------------  ----------------------
/opt/airflow/dags/example_dag.py    197  0.01s             1           0  0.18s           2025-04-03T19:15:18                      12
================================================================================
[2025-04-03T19:16:18.461+0000] {manager.py:997} INFO - 
================================================================================
DAG File Processing Stats

File Path                           PID  Runtime      # DAGs    # Errors  Last Runtime    Last Run               Last # of DB Queries
--------------------------------  -----  ---------  --------  ----------  --------------  -------------------  ----------------------
/opt/airflow/dags/example_dag.py    202  0.01s             1           0  0.17s           2025-04-03T19:15:48                      12
================================================================================
[2025-04-03T19:16:48.716+0000] {manager.py:997} INFO - 
================================================================================
DAG File Processing Stats

File Path                           PID  Runtime      # DAGs    # Errors  Last Runtime    Last Run               Last # of DB Queries
--------------------------------  -----  ---------  --------  ----------  --------------  -------------------  ----------------------
/opt/airflow/dags/example_dag.py    207  0.01s             1           0  0.13s           2025-04-03T19:16:18                      12
================================================================================
[2025-04-03T19:17:19.007+0000] {manager.py:997} INFO - 
================================================================================
DAG File Processing Stats

File Path                           PID  Runtime      # DAGs    # Errors  Last Runtime    Last Run               Last # of DB Queries
--------------------------------  -----  ---------  --------  ----------  --------------  -------------------  ----------------------
/opt/airflow/dags/example_dag.py    212  0.01s             1           0  0.14s           2025-04-03T19:16:48                      12
================================================================================
[2025-04-03T19:17:46.216+0000] {manager.py:821} INFO - Searching for files in /opt/airflow/dags
[2025-04-03T19:17:46.231+0000] {manager.py:824} INFO - There are 1 files in /opt/airflow/dags
[2025-04-03T19:17:49.275+0000] {manager.py:997} INFO - 
================================================================================
DAG File Processing Stats

File Path                           PID  Runtime      # DAGs    # Errors  Last Runtime    Last Run               Last # of DB Queries
--------------------------------  -----  ---------  --------  ----------  --------------  -------------------  ----------------------
/opt/airflow/dags/example_dag.py    217  0.01s             1           0  0.15s           2025-04-03T19:17:19                      12
================================================================================
[2025-04-03T19:18:19.517+0000] {manager.py:997} INFO - 
================================================================================
DAG File Processing Stats

File Path                           PID  Runtime      # DAGs    # Errors  Last Runtime    Last Run               Last # of DB Queries
--------------------------------  -----  ---------  --------  ----------  --------------  -------------------  ----------------------
/opt/airflow/dags/example_dag.py    222  0.01s             1           0  0.13s           2025-04-03T19:17:49                      12
================================================================================
[2025-04-03T19:18:49.778+0000] {manager.py:997} INFO - 
================================================================================
DAG File Processing Stats

File Path                           PID  Runtime      # DAGs    # Errors  Last Runtime    Last Run               Last # of DB Queries
--------------------------------  -----  ---------  --------  ----------  --------------  -------------------  ----------------------
/opt/airflow/dags/example_dag.py    227  0.01s             1           0  0.14s           2025-04-03T19:18:19                      12
================================================================================
[2025-04-03T19:19:20.062+0000] {manager.py:997} INFO - 
================================================================================
DAG File Processing Stats

File Path                           PID  Runtime      # DAGs    # Errors  Last Runtime    Last Run               Last # of DB Queries
--------------------------------  -----  ---------  --------  ----------  --------------  -------------------  ----------------------
/opt/airflow/dags/example_dag.py    232  0.01s             1           0  0.14s           2025-04-03T19:18:49                      12
================================================================================
[2025-04-03T19:19:50.362+0000] {manager.py:997} INFO - 
================================================================================
DAG File Processing Stats

File Path                           PID  Runtime      # DAGs    # Errors  Last Runtime    Last Run               Last # of DB Queries
--------------------------------  -----  ---------  --------  ----------  --------------  -------------------  ----------------------
/opt/airflow/dags/example_dag.py    237  0.01s             1           0  0.26s           2025-04-03T19:19:20                      12
================================================================================
[2025-04-03T19:20:20.685+0000] {manager.py:997} INFO - 
================================================================================
DAG File Processing Stats

File Path                           PID  Runtime      # DAGs    # Errors  Last Runtime    Last Run               Last # of DB Queries
--------------------------------  -----  ---------  --------  ----------  --------------  -------------------  ----------------------
/opt/airflow/dags/example_dag.py    242  0.01s             1           0  0.16s           2025-04-03T19:19:50                      12
================================================================================
[2025-04-03T19:20:51.133+0000] {manager.py:997} INFO - 
================================================================================
DAG File Processing Stats

File Path                           PID  Runtime      # DAGs    # Errors  Last Runtime    Last Run               Last # of DB Queries
--------------------------------  -----  ---------  --------  ----------  --------------  -------------------  ----------------------
/opt/airflow/dags/example_dag.py    247  0.01s             1           0  0.13s           2025-04-03T19:20:20                      12
================================================================================
[2025-04-03T19:21:21.403+0000] {manager.py:997} INFO - 
================================================================================
DAG File Processing Stats

File Path                         PID    Runtime      # DAGs    # Errors  Last Runtime    Last Run               Last # of DB Queries
--------------------------------  -----  ---------  --------  ----------  --------------  -------------------  ----------------------
/opt/airflow/dags/example_dag.py                           1           0  0.36s           2025-04-03T19:20:51                      12
================================================================================
[2025-04-03T19:21:51.937+0000] {manager.py:997} INFO - 
================================================================================
DAG File Processing Stats

File Path                           PID  Runtime      # DAGs    # Errors  Last Runtime    Last Run               Last # of DB Queries
--------------------------------  -----  ---------  --------  ----------  --------------  -------------------  ----------------------
/opt/airflow/dags/example_dag.py    257  0.01s             1           0  0.14s           2025-04-03T19:21:21                      12
================================================================================
[2025-04-03T19:22:22.204+0000] {manager.py:997} INFO - 
================================================================================
DAG File Processing Stats

File Path                           PID  Runtime      # DAGs    # Errors  Last Runtime    Last Run               Last # of DB Queries
--------------------------------  -----  ---------  --------  ----------  --------------  -------------------  ----------------------
/opt/airflow/dags/example_dag.py    262  0.01s             1           0  0.24s           2025-04-03T19:21:52                      12
================================================================================
[2025-04-03T19:22:46.456+0000] {manager.py:821} INFO - Searching for files in /opt/airflow/dags
[2025-04-03T19:22:46.469+0000] {manager.py:824} INFO - There are 1 files in /opt/airflow/dags
[2025-04-03T19:22:52.554+0000] {manager.py:997} INFO - 
================================================================================
DAG File Processing Stats

File Path                           PID  Runtime      # DAGs    # Errors  Last Runtime    Last Run               Last # of DB Queries
--------------------------------  -----  ---------  --------  ----------  --------------  -------------------  ----------------------
/opt/airflow/dags/example_dag.py    267  0.01s             1           0  0.14s           2025-04-03T19:22:22                      12
================================================================================
[2025-04-03T19:23:22.787+0000] {manager.py:997} INFO - 
================================================================================
DAG File Processing Stats

File Path                           PID  Runtime      # DAGs    # Errors  Last Runtime    Last Run               Last # of DB Queries
--------------------------------  -----  ---------  --------  ----------  --------------  -------------------  ----------------------
/opt/airflow/dags/example_dag.py    272  0.01s             1           0  0.14s           2025-04-03T19:22:52                      12
================================================================================
[2025-04-03T19:23:53.074+0000] {manager.py:997} INFO - 
================================================================================
DAG File Processing Stats

File Path                           PID  Runtime      # DAGs    # Errors  Last Runtime    Last Run               Last # of DB Queries
--------------------------------  -----  ---------  --------  ----------  --------------  -------------------  ----------------------
/opt/airflow/dags/example_dag.py    277  0.00s             1           0  0.15s           2025-04-03T19:23:22                      12
================================================================================
[2025-04-03T19:24:23.171+0000] {manager.py:997} INFO - 
================================================================================
DAG File Processing Stats

File Path                         PID    Runtime      # DAGs    # Errors  Last Runtime    Last Run               Last # of DB Queries
--------------------------------  -----  ---------  --------  ----------  --------------  -------------------  ----------------------
/opt/airflow/dags/example_dag.py                           1           0  0.15s           2025-04-03T19:23:53                      12
================================================================================
[2025-04-03T19:24:53.433+0000] {manager.py:997} INFO - 
================================================================================
DAG File Processing Stats

File Path                         PID    Runtime      # DAGs    # Errors  Last Runtime    Last Run               Last # of DB Queries
--------------------------------  -----  ---------  --------  ----------  --------------  -------------------  ----------------------
/opt/airflow/dags/example_dag.py                           1           0  0.38s           2025-04-03T19:24:24                      12
================================================================================
[2025-04-03T19:25:23.743+0000] {manager.py:997} INFO - 
================================================================================
DAG File Processing Stats

File Path                         PID    Runtime      # DAGs    # Errors  Last Runtime    Last Run               Last # of DB Queries
--------------------------------  -----  ---------  --------  ----------  --------------  -------------------  ----------------------
/opt/airflow/dags/example_dag.py                           1           0  0.17s           2025-04-03T19:24:54                      12
================================================================================
[2025-04-03T19:25:53.677+0000] {manager.py:997} INFO - 
================================================================================
DAG File Processing Stats

File Path                         PID    Runtime      # DAGs    # Errors  Last Runtime    Last Run               Last # of DB Queries
--------------------------------  -----  ---------  --------  ----------  --------------  -------------------  ----------------------
/opt/airflow/dags/example_dag.py                           1           0  0.13s           2025-04-03T19:25:24                      12
================================================================================
[2025-04-03T19:26:24.232+0000] {manager.py:997} INFO - 
================================================================================
DAG File Processing Stats

File Path                         PID    Runtime      # DAGs    # Errors  Last Runtime    Last Run               Last # of DB Queries
--------------------------------  -----  ---------  --------  ----------  --------------  -------------------  ----------------------
/opt/airflow/dags/example_dag.py                           1           0  0.13s           2025-04-03T19:25:55                      12
================================================================================
[2025-04-03T19:26:54.451+0000] {manager.py:997} INFO - 
================================================================================
DAG File Processing Stats

File Path                         PID    Runtime      # DAGs    # Errors  Last Runtime    Last Run               Last # of DB Queries
--------------------------------  -----  ---------  --------  ----------  --------------  -------------------  ----------------------
/opt/airflow/dags/example_dag.py                           1           0  0.14s           2025-04-03T19:26:26                      12
================================================================================
[2025-04-03T19:27:24.695+0000] {manager.py:997} INFO - 
================================================================================
DAG File Processing Stats

File Path                         PID    Runtime      # DAGs    # Errors  Last Runtime    Last Run               Last # of DB Queries
--------------------------------  -----  ---------  --------  ----------  --------------  -------------------  ----------------------
/opt/airflow/dags/example_dag.py                           1           0  0.15s           2025-04-03T19:26:56                      12
================================================================================
[2025-04-03T19:27:46.945+0000] {manager.py:821} INFO - Searching for files in /opt/airflow/dags
[2025-04-03T19:27:46.955+0000] {manager.py:824} INFO - There are 1 files in /opt/airflow/dags
[2025-04-03T19:27:55.028+0000] {manager.py:997} INFO - 
================================================================================
DAG File Processing Stats

File Path                         PID    Runtime      # DAGs    # Errors  Last Runtime    Last Run               Last # of DB Queries
--------------------------------  -----  ---------  --------  ----------  --------------  -------------------  ----------------------
/opt/airflow/dags/example_dag.py                           1           0  0.17s           2025-04-03T19:27:26                      12
================================================================================
[2025-04-03T19:28:25.249+0000] {manager.py:997} INFO - 
================================================================================
DAG File Processing Stats

File Path                         PID    Runtime      # DAGs    # Errors  Last Runtime    Last Run               Last # of DB Queries
--------------------------------  -----  ---------  --------  ----------  --------------  -------------------  ----------------------
/opt/airflow/dags/example_dag.py                           1           0  0.14s           2025-04-03T19:27:57                      12
================================================================================
[2025-04-03T19:28:55.523+0000] {manager.py:997} INFO - 
================================================================================
DAG File Processing Stats

File Path                         PID    Runtime      # DAGs    # Errors  Last Runtime    Last Run               Last # of DB Queries
--------------------------------  -----  ---------  --------  ----------  --------------  -------------------  ----------------------
/opt/airflow/dags/example_dag.py                           1           0  0.14s           2025-04-03T19:28:27                      12
================================================================================
[2025-04-03T19:29:25.781+0000] {manager.py:997} INFO - 
================================================================================
DAG File Processing Stats

File Path                         PID    Runtime      # DAGs    # Errors  Last Runtime    Last Run               Last # of DB Queries
--------------------------------  -----  ---------  --------  ----------  --------------  -------------------  ----------------------
/opt/airflow/dags/example_dag.py                           1           0  0.14s           2025-04-03T19:28:57                      12
================================================================================
[2025-04-03T19:29:56.003+0000] {manager.py:997} INFO - 
================================================================================
DAG File Processing Stats

File Path                         PID    Runtime      # DAGs    # Errors  Last Runtime    Last Run               Last # of DB Queries
--------------------------------  -----  ---------  --------  ----------  --------------  -------------------  ----------------------
/opt/airflow/dags/example_dag.py                           1           0  0.15s           2025-04-03T19:29:27                      12
================================================================================
[2025-04-03T19:30:26.305+0000] {manager.py:997} INFO - 
================================================================================
DAG File Processing Stats

File Path                         PID    Runtime      # DAGs    # Errors  Last Runtime    Last Run               Last # of DB Queries
--------------------------------  -----  ---------  --------  ----------  --------------  -------------------  ----------------------
/opt/airflow/dags/example_dag.py                           1           0  0.16s           2025-04-03T19:29:58                      12
================================================================================
[2025-04-03T19:30:56.525+0000] {manager.py:997} INFO - 
================================================================================
DAG File Processing Stats

File Path                         PID    Runtime      # DAGs    # Errors  Last Runtime    Last Run               Last # of DB Queries
--------------------------------  -----  ---------  --------  ----------  --------------  -------------------  ----------------------
/opt/airflow/dags/example_dag.py                           1           0  0.14s           2025-04-03T19:30:28                      12
================================================================================
[2025-04-03T19:31:26.819+0000] {manager.py:997} INFO - 
================================================================================
DAG File Processing Stats

File Path                         PID    Runtime      # DAGs    # Errors  Last Runtime    Last Run               Last # of DB Queries
--------------------------------  -----  ---------  --------  ----------  --------------  -------------------  ----------------------
/opt/airflow/dags/example_dag.py                           1           0  0.13s           2025-04-03T19:30:58                      12
================================================================================
[2025-04-03T19:31:57.063+0000] {manager.py:997} INFO - 
================================================================================
DAG File Processing Stats

File Path                         PID    Runtime      # DAGs    # Errors  Last Runtime    Last Run               Last # of DB Queries
--------------------------------  -----  ---------  --------  ----------  --------------  -------------------  ----------------------
/opt/airflow/dags/example_dag.py                           1           0  0.13s           2025-04-03T19:31:28                      12
================================================================================
[2025-04-03T19:32:27.397+0000] {manager.py:997} INFO - 
================================================================================
DAG File Processing Stats

File Path                         PID    Runtime      # DAGs    # Errors  Last Runtime    Last Run               Last # of DB Queries
--------------------------------  -----  ---------  --------  ----------  --------------  -------------------  ----------------------
/opt/airflow/dags/example_dag.py                           1           0  0.14s           2025-04-03T19:31:59                      12
================================================================================
[2025-04-03T19:32:47.566+0000] {manager.py:821} INFO - Searching for files in /opt/airflow/dags
[2025-04-03T19:32:47.596+0000] {manager.py:824} INFO - There are 2 files in /opt/airflow/dags
[2025-04-03T19:32:57.516+0000] {manager.py:997} INFO - 
================================================================================
DAG File Processing Stats

File Path                                PID    Runtime      # DAGs    # Errors  Last Runtime    Last Run               Last # of DB Queries
---------------------------------------  -----  ---------  --------  ----------  --------------  -------------------  ----------------------
/opt/airflow/dags/pokemon_replay_etl.py                           1           0  0.73s           2025-04-03T19:32:48                      45
/opt/airflow/dags/example_dag.py                                  1           0  0.25s           2025-04-03T19:32:29                      12
================================================================================
[2025-04-03T19:33:28.149+0000] {manager.py:997} INFO - 
================================================================================
DAG File Processing Stats

File Path                                PID    Runtime      # DAGs    # Errors  Last Runtime    Last Run               Last # of DB Queries
---------------------------------------  -----  ---------  --------  ----------  --------------  -------------------  ----------------------
/opt/airflow/dags/pokemon_replay_etl.py                           1           0  0.15s           2025-04-03T19:33:19                      12
/opt/airflow/dags/example_dag.py                                  1           0  0.14s           2025-04-03T19:32:59                      12
================================================================================
[2025-04-03T19:33:58.531+0000] {manager.py:997} INFO - 
================================================================================
DAG File Processing Stats

File Path                                PID    Runtime      # DAGs    # Errors  Last Runtime    Last Run               Last # of DB Queries
---------------------------------------  -----  ---------  --------  ----------  --------------  -------------------  ----------------------
/opt/airflow/dags/example_dag.py                                  1           0  0.16s           2025-04-03T19:33:30                      12
/opt/airflow/dags/pokemon_replay_etl.py                           1           0  0.16s           2025-04-03T19:33:49                      12
================================================================================
[2025-04-03T19:34:28.851+0000] {manager.py:997} INFO - 
================================================================================
DAG File Processing Stats

File Path                                PID    Runtime      # DAGs    # Errors  Last Runtime    Last Run               Last # of DB Queries
---------------------------------------  -----  ---------  --------  ----------  --------------  -------------------  ----------------------
/opt/airflow/dags/pokemon_replay_etl.py                           1           0  0.16s           2025-04-03T19:34:19                      12
/opt/airflow/dags/example_dag.py                                  1           0  0.16s           2025-04-03T19:34:00                      12
================================================================================
[2025-04-03T19:34:59.182+0000] {manager.py:997} INFO - 
================================================================================
DAG File Processing Stats

File Path                                PID    Runtime      # DAGs    # Errors  Last Runtime    Last Run               Last # of DB Queries
---------------------------------------  -----  ---------  --------  ----------  --------------  -------------------  ----------------------
/opt/airflow/dags/pokemon_replay_etl.py                           1           0  0.16s           2025-04-03T19:34:50                      12
/opt/airflow/dags/example_dag.py                                  1           0  0.13s           2025-04-03T19:34:31                      12
================================================================================
[2025-04-03T19:35:29.535+0000] {manager.py:997} INFO - 
================================================================================
DAG File Processing Stats

File Path                                PID    Runtime      # DAGs    # Errors  Last Runtime    Last Run               Last # of DB Queries
---------------------------------------  -----  ---------  --------  ----------  --------------  -------------------  ----------------------
/opt/airflow/dags/example_dag.py                                  1           0  0.14s           2025-04-03T19:35:01                      12
/opt/airflow/dags/pokemon_replay_etl.py                           1           0  0.14s           2025-04-03T19:35:20                      12
================================================================================
[2025-04-03T19:35:59.950+0000] {manager.py:997} INFO - 
================================================================================
DAG File Processing Stats

File Path                                PID    Runtime      # DAGs    # Errors  Last Runtime    Last Run               Last # of DB Queries
---------------------------------------  -----  ---------  --------  ----------  --------------  -------------------  ----------------------
/opt/airflow/dags/example_dag.py                                  1           0  0.21s           2025-04-03T19:35:31                      12
/opt/airflow/dags/pokemon_replay_etl.py                           1           0  0.14s           2025-04-03T19:35:51                      12
================================================================================
[2025-04-03T19:36:30.329+0000] {manager.py:997} INFO - 
================================================================================
DAG File Processing Stats

File Path                                PID    Runtime      # DAGs    # Errors  Last Runtime    Last Run               Last # of DB Queries
---------------------------------------  -----  ---------  --------  ----------  --------------  -------------------  ----------------------
/opt/airflow/dags/pokemon_replay_etl.py                           1           0  0.18s           2025-04-03T19:36:21                      12
/opt/airflow/dags/example_dag.py                                  1           0  0.17s           2025-04-03T19:36:02                      12
================================================================================
[2025-04-03T19:37:00.704+0000] {manager.py:997} INFO - 
================================================================================
DAG File Processing Stats

File Path                                PID    Runtime      # DAGs    # Errors  Last Runtime    Last Run               Last # of DB Queries
---------------------------------------  -----  ---------  --------  ----------  --------------  -------------------  ----------------------
/opt/airflow/dags/pokemon_replay_etl.py                           1           0  0.17s           2025-04-03T19:36:51                      12
/opt/airflow/dags/example_dag.py                                  1           0  0.15s           2025-04-03T19:36:32                      12
================================================================================
[2025-04-03T19:37:31.077+0000] {manager.py:997} INFO - 
================================================================================
DAG File Processing Stats

File Path                                PID    Runtime      # DAGs    # Errors  Last Runtime    Last Run               Last # of DB Queries
---------------------------------------  -----  ---------  --------  ----------  --------------  -------------------  ----------------------
/opt/airflow/dags/pokemon_replay_etl.py                           1           0  0.31s           2025-04-03T19:37:06                      34
/opt/airflow/dags/example_dag.py                                  1           0  0.14s           2025-04-03T19:37:02                      12
================================================================================
[2025-04-03T19:37:48.343+0000] {manager.py:821} INFO - Searching for files in /opt/airflow/dags
[2025-04-03T19:37:48.363+0000] {manager.py:824} INFO - There are 2 files in /opt/airflow/dags
[2025-04-03T19:38:01.480+0000] {manager.py:997} INFO - 
================================================================================
DAG File Processing Stats

File Path                                PID    Runtime      # DAGs    # Errors  Last Runtime    Last Run               Last # of DB Queries
---------------------------------------  -----  ---------  --------  ----------  --------------  -------------------  ----------------------
/opt/airflow/dags/pokemon_replay_etl.py                           1           0  0.15s           2025-04-03T19:37:36                      12
/opt/airflow/dags/example_dag.py                                  1           0  0.14s           2025-04-03T19:37:33                      12
================================================================================
[2025-04-03T19:38:31.878+0000] {manager.py:997} INFO - 
================================================================================
DAG File Processing Stats

File Path                                PID    Runtime      # DAGs    # Errors  Last Runtime    Last Run               Last # of DB Queries
---------------------------------------  -----  ---------  --------  ----------  --------------  -------------------  ----------------------
/opt/airflow/dags/pokemon_replay_etl.py                           1           0  0.20s           2025-04-03T19:38:06                      12
/opt/airflow/dags/example_dag.py                                  1           0  0.18s           2025-04-03T19:38:03                      12
================================================================================
[2025-04-03T19:39:02.227+0000] {manager.py:997} INFO - 
================================================================================
DAG File Processing Stats

File Path                                PID    Runtime      # DAGs    # Errors  Last Runtime    Last Run               Last # of DB Queries
---------------------------------------  -----  ---------  --------  ----------  --------------  -------------------  ----------------------
/opt/airflow/dags/pokemon_replay_etl.py                           1           0  0.16s           2025-04-03T19:38:37                      12
/opt/airflow/dags/example_dag.py                                  1           0  0.13s           2025-04-03T19:38:34                      12
================================================================================
[2025-04-03T19:39:32.578+0000] {manager.py:997} INFO - 
================================================================================
DAG File Processing Stats

File Path                                PID    Runtime      # DAGs    # Errors  Last Runtime    Last Run               Last # of DB Queries
---------------------------------------  -----  ---------  --------  ----------  --------------  -------------------  ----------------------
/opt/airflow/dags/pokemon_replay_etl.py                           1           0  0.15s           2025-04-03T19:39:07                      12
/opt/airflow/dags/example_dag.py                                  1           0  0.13s           2025-04-03T19:39:04                      12
================================================================================
[2025-04-03T19:40:02.943+0000] {manager.py:997} INFO - 
================================================================================
DAG File Processing Stats

File Path                                PID    Runtime      # DAGs    # Errors  Last Runtime    Last Run               Last # of DB Queries
---------------------------------------  -----  ---------  --------  ----------  --------------  -------------------  ----------------------
/opt/airflow/dags/pokemon_replay_etl.py                           1           0  0.16s           2025-04-03T19:39:37                      12
/opt/airflow/dags/example_dag.py                                  1           0  0.15s           2025-04-03T19:39:34                      12
================================================================================
[2025-04-03T19:40:33.283+0000] {manager.py:997} INFO - 
================================================================================
DAG File Processing Stats

File Path                                PID    Runtime      # DAGs    # Errors  Last Runtime    Last Run               Last # of DB Queries
---------------------------------------  -----  ---------  --------  ----------  --------------  -------------------  ----------------------
/opt/airflow/dags/pokemon_replay_etl.py                           1           0  0.15s           2025-04-03T19:40:08                      12
/opt/airflow/dags/example_dag.py                                  1           0  0.14s           2025-04-03T19:40:05                      12
================================================================================
[2025-04-03T19:41:03.616+0000] {manager.py:997} INFO - 
================================================================================
DAG File Processing Stats

File Path                                PID    Runtime      # DAGs    # Errors  Last Runtime    Last Run               Last # of DB Queries
---------------------------------------  -----  ---------  --------  ----------  --------------  -------------------  ----------------------
/opt/airflow/dags/pokemon_replay_etl.py                           1           0  0.15s           2025-04-03T19:40:38                      12
/opt/airflow/dags/example_dag.py                                  1           0  0.13s           2025-04-03T19:40:35                      12
================================================================================
[2025-04-03T19:41:33.969+0000] {manager.py:997} INFO - 
================================================================================
DAG File Processing Stats

File Path                                PID    Runtime      # DAGs    # Errors  Last Runtime    Last Run               Last # of DB Queries
---------------------------------------  -----  ---------  --------  ----------  --------------  -------------------  ----------------------
/opt/airflow/dags/pokemon_replay_etl.py                           1           0  0.15s           2025-04-03T19:41:08                      12
/opt/airflow/dags/example_dag.py                                  1           0  0.14s           2025-04-03T19:41:05                      12
================================================================================
[2025-04-03T19:42:04.300+0000] {manager.py:997} INFO - 
================================================================================
DAG File Processing Stats

File Path                                PID    Runtime      # DAGs    # Errors  Last Runtime    Last Run               Last # of DB Queries
---------------------------------------  -----  ---------  --------  ----------  --------------  -------------------  ----------------------
/opt/airflow/dags/pokemon_replay_etl.py                           1           0  0.15s           2025-04-03T19:41:39                      12
/opt/airflow/dags/example_dag.py                                  1           0  0.14s           2025-04-03T19:41:36                      12
================================================================================
[2025-04-03T19:42:34.617+0000] {manager.py:997} INFO - 
================================================================================
DAG File Processing Stats

File Path                                PID    Runtime      # DAGs    # Errors  Last Runtime    Last Run               Last # of DB Queries
---------------------------------------  -----  ---------  --------  ----------  --------------  -------------------  ----------------------
/opt/airflow/dags/pokemon_replay_etl.py                           1           0  0.15s           2025-04-03T19:42:09                      12
/opt/airflow/dags/example_dag.py                                  1           0  0.13s           2025-04-03T19:42:06                      12
================================================================================
[2025-04-03T19:42:48.868+0000] {manager.py:821} INFO - Searching for files in /opt/airflow/dags
[2025-04-03T19:42:48.880+0000] {manager.py:824} INFO - There are 2 files in /opt/airflow/dags
[2025-04-03T19:43:05.030+0000] {manager.py:997} INFO - 
================================================================================
DAG File Processing Stats

File Path                                PID    Runtime      # DAGs    # Errors  Last Runtime    Last Run               Last # of DB Queries
---------------------------------------  -----  ---------  --------  ----------  --------------  -------------------  ----------------------
/opt/airflow/dags/pokemon_replay_etl.py                           1           0  0.15s           2025-04-03T19:42:39                      12
/opt/airflow/dags/example_dag.py                                  1           0  0.14s           2025-04-03T19:42:36                      12
================================================================================
[2025-04-03T19:43:35.373+0000] {manager.py:997} INFO - 
================================================================================
DAG File Processing Stats

File Path                                PID    Runtime      # DAGs    # Errors  Last Runtime    Last Run               Last # of DB Queries
---------------------------------------  -----  ---------  --------  ----------  --------------  -------------------  ----------------------
/opt/airflow/dags/pokemon_replay_etl.py                           1           0  0.23s           2025-04-03T19:43:10                      12
/opt/airflow/dags/example_dag.py                                  1           0  0.14s           2025-04-03T19:43:07                      12
================================================================================
[2025-04-03T19:44:05.750+0000] {manager.py:997} INFO - 
================================================================================
DAG File Processing Stats

File Path                                PID    Runtime      # DAGs    # Errors  Last Runtime    Last Run               Last # of DB Queries
---------------------------------------  -----  ---------  --------  ----------  --------------  -------------------  ----------------------
/opt/airflow/dags/example_dag.py                                  1           0  0.20s           2025-04-03T19:43:37                      12
/opt/airflow/dags/pokemon_replay_etl.py                           1           0  0.17s           2025-04-03T19:43:40                      12
================================================================================
[2025-04-03T19:44:36.110+0000] {manager.py:997} INFO - 
================================================================================
DAG File Processing Stats

File Path                                PID    Runtime      # DAGs    # Errors  Last Runtime    Last Run               Last # of DB Queries
---------------------------------------  -----  ---------  --------  ----------  --------------  -------------------  ----------------------
/opt/airflow/dags/pokemon_replay_etl.py                           1           0  0.16s           2025-04-03T19:44:11                      12
/opt/airflow/dags/example_dag.py                                  1           0  0.14s           2025-04-03T19:44:07                      12
================================================================================
[2025-04-03T19:45:06.541+0000] {manager.py:997} INFO - 
================================================================================
DAG File Processing Stats

File Path                                PID    Runtime      # DAGs    # Errors  Last Runtime    Last Run               Last # of DB Queries
---------------------------------------  -----  ---------  --------  ----------  --------------  -------------------  ----------------------
/opt/airflow/dags/pokemon_replay_etl.py                           1           0  0.16s           2025-04-03T19:44:41                      12
/opt/airflow/dags/example_dag.py                                  1           0  0.14s           2025-04-03T19:44:38                      12
================================================================================
[2025-04-03T19:45:37.017+0000] {manager.py:997} INFO - 
================================================================================
DAG File Processing Stats

File Path                                PID    Runtime      # DAGs    # Errors  Last Runtime    Last Run               Last # of DB Queries
---------------------------------------  -----  ---------  --------  ----------  --------------  -------------------  ----------------------
/opt/airflow/dags/example_dag.py                                  1           0  0.19s           2025-04-03T19:45:08                      12
/opt/airflow/dags/pokemon_replay_etl.py                           1           0  0.18s           2025-04-03T19:45:11                      12
================================================================================
[2025-04-03T19:46:07.342+0000] {manager.py:997} INFO - 
================================================================================
DAG File Processing Stats

File Path                                PID    Runtime      # DAGs    # Errors  Last Runtime    Last Run               Last # of DB Queries
---------------------------------------  -----  ---------  --------  ----------  --------------  -------------------  ----------------------
/opt/airflow/dags/pokemon_replay_etl.py                           1           0  0.17s           2025-04-03T19:45:42                      12
/opt/airflow/dags/example_dag.py                                  1           0  0.14s           2025-04-03T19:45:39                      12
================================================================================
[2025-04-03T19:46:37.622+0000] {manager.py:997} INFO - 
================================================================================
DAG File Processing Stats

File Path                                PID    Runtime      # DAGs    # Errors  Last Runtime    Last Run               Last # of DB Queries
---------------------------------------  -----  ---------  --------  ----------  --------------  -------------------  ----------------------
/opt/airflow/dags/example_dag.py                                  1           0  0.64s           2025-04-03T19:46:10                      12
/opt/airflow/dags/pokemon_replay_etl.py                           1           0  0.33s           2025-04-03T19:46:12                      12
================================================================================
[2025-04-03T19:47:07.649+0000] {manager.py:997} INFO - 
================================================================================
DAG File Processing Stats

File Path                                PID    Runtime      # DAGs    # Errors  Last Runtime    Last Run               Last # of DB Queries
---------------------------------------  -----  ---------  --------  ----------  --------------  -------------------  ----------------------
/opt/airflow/dags/pokemon_replay_etl.py                           1           0  0.38s           2025-04-03T19:46:43                      12
/opt/airflow/dags/example_dag.py                                  1           0  0.13s           2025-04-03T19:46:40                      12
================================================================================
[2025-04-03T19:47:26.834+0000] {manager.py:1291} WARNING - Skipping processing of missing file: /opt/airflow/dags/pokemon_replay_etl.py
[2025-04-03T19:47:37.934+0000] {manager.py:997} INFO - 
================================================================================
DAG File Processing Stats

File Path                         PID    Runtime      # DAGs    # Errors  Last Runtime    Last Run               Last # of DB Queries
--------------------------------  -----  ---------  --------  ----------  --------------  -------------------  ----------------------
/opt/airflow/dags/example_dag.py                           1           0  0.33s           2025-04-03T19:47:10                      12
================================================================================
[2025-04-03T19:47:49.098+0000] {manager.py:821} INFO - Searching for files in /opt/airflow/dags
[2025-04-03T19:47:49.140+0000] {manager.py:824} INFO - There are 4 files in /opt/airflow/dags
[2025-04-03T19:48:08.600+0000] {manager.py:997} INFO - 
================================================================================
DAG File Processing Stats

File Path                                          PID    Runtime      # DAGs    # Errors  Last Runtime    Last Run               Last # of DB Queries
-------------------------------------------------  -----  ---------  --------  ----------  --------------  -------------------  ----------------------
/opt/airflow/dags/pokemon_replay_etl_dag.py                                 1           0  0.61s           2025-04-03T19:47:49                      34
/opt/airflow/dags/example_dag.py                                            1           0  0.22s           2025-04-03T19:47:41                      12
/opt/airflow/dags/pokemon_replay_etl/tasks.py                               0           1  0.13s           2025-04-03T19:47:49                       3
/opt/airflow/dags/pokemon_replay_etl/constants.py                           0           0  0.07s           2025-04-03T19:47:49                       3
================================================================================
[2025-04-03T19:48:39.044+0000] {manager.py:997} INFO - 
================================================================================
DAG File Processing Stats

File Path                                          PID    Runtime      # DAGs    # Errors  Last Runtime    Last Run               Last # of DB Queries
-------------------------------------------------  -----  ---------  --------  ----------  --------------  -------------------  ----------------------
/opt/airflow/dags/pokemon_replay_etl_dag.py                                 1           0  0.18s           2025-04-03T19:48:19                      12
/opt/airflow/dags/example_dag.py                                            1           0  0.14s           2025-04-03T19:48:11                      12
/opt/airflow/dags/pokemon_replay_etl/tasks.py                               0           1  0.09s           2025-04-03T19:48:25                       5
/opt/airflow/dags/pokemon_replay_etl/constants.py                           0           0  0.08s           2025-04-03T19:48:19                       3
================================================================================
[2025-04-03T19:49:09.508+0000] {manager.py:997} INFO - 
================================================================================
DAG File Processing Stats

File Path                                          PID    Runtime      # DAGs    # Errors  Last Runtime    Last Run               Last # of DB Queries
-------------------------------------------------  -----  ---------  --------  ----------  --------------  -------------------  ----------------------
/opt/airflow/dags/pokemon_replay_etl_dag.py                                 1           0  0.42s           2025-04-03T19:48:50                      12
/opt/airflow/dags/example_dag.py                                            1           0  0.31s           2025-04-03T19:48:42                      12
/opt/airflow/dags/pokemon_replay_etl/constants.py                           0           0  0.12s           2025-04-03T19:48:50                       3
/opt/airflow/dags/pokemon_replay_etl/tasks.py                               0           1  0.11s           2025-04-03T19:48:55                       5
================================================================================
[2025-04-03T19:49:40.031+0000] {manager.py:997} INFO - 
================================================================================
DAG File Processing Stats

File Path                                          PID    Runtime      # DAGs    # Errors  Last Runtime    Last Run               Last # of DB Queries
-------------------------------------------------  -----  ---------  --------  ----------  --------------  -------------------  ----------------------
/opt/airflow/dags/pokemon_replay_etl_dag.py                                 1           0  0.19s           2025-04-03T19:49:20                      12
/opt/airflow/dags/example_dag.py                                            1           0  0.13s           2025-04-03T19:49:12                      12
/opt/airflow/dags/pokemon_replay_etl/constants.py                           0           0  0.08s           2025-04-03T19:49:27                       3
/opt/airflow/dags/pokemon_replay_etl/tasks.py                               0           1  0.07s           2025-04-03T19:49:25                       5
================================================================================
[2025-04-03T19:50:10.302+0000] {manager.py:997} INFO - 
================================================================================
DAG File Processing Stats

File Path                                          PID    Runtime      # DAGs    # Errors  Last Runtime    Last Run               Last # of DB Queries
-------------------------------------------------  -----  ---------  --------  ----------  --------------  -------------------  ----------------------
/opt/airflow/dags/example_dag.py                                            1           0  0.83s           2025-04-03T19:49:43                      12
/opt/airflow/dags/pokemon_replay_etl_dag.py                                 1           0  0.43s           2025-04-03T19:49:51                      34
/opt/airflow/dags/pokemon_replay_etl/tasks.py                               0           1  0.19s           2025-04-03T19:49:56                       5
/opt/airflow/dags/pokemon_replay_etl/constants.py                           0           0  0.08s           2025-04-03T19:49:58                       3
================================================================================
[2025-04-03T19:50:40.697+0000] {manager.py:997} INFO - 
================================================================================
DAG File Processing Stats

File Path                                          PID    Runtime      # DAGs    # Errors  Last Runtime    Last Run               Last # of DB Queries
-------------------------------------------------  -----  ---------  --------  ----------  --------------  -------------------  ----------------------
/opt/airflow/dags/pokemon_replay_etl_dag.py                                 1           0  0.17s           2025-04-03T19:50:21                      12
/opt/airflow/dags/example_dag.py                                            1           0  0.13s           2025-04-03T19:50:14                      12
/opt/airflow/dags/pokemon_replay_etl/tasks.py                               0           1  0.08s           2025-04-03T19:50:26                       5
/opt/airflow/dags/pokemon_replay_etl/constants.py                           0           0  0.08s           2025-04-03T19:50:28                       3
================================================================================
[2025-04-03T19:51:11.113+0000] {manager.py:997} INFO - 
================================================================================
DAG File Processing Stats

File Path                                          PID    Runtime      # DAGs    # Errors  Last Runtime    Last Run               Last # of DB Queries
-------------------------------------------------  -----  ---------  --------  ----------  --------------  -------------------  ----------------------
/opt/airflow/dags/example_dag.py                                            1           0  0.35s           2025-04-03T19:50:45                      12
/opt/airflow/dags/pokemon_replay_etl_dag.py                                 1           0  0.34s           2025-04-03T19:50:52                      12
/opt/airflow/dags/pokemon_replay_etl/constants.py                           0           0  0.21s           2025-04-03T19:50:59                       3
/opt/airflow/dags/pokemon_replay_etl/tasks.py                               0           1  0.07s           2025-04-03T19:50:56                       5
================================================================================
[2025-04-03T19:51:41.535+0000] {manager.py:997} INFO - 
================================================================================
DAG File Processing Stats

File Path                                          PID    Runtime      # DAGs    # Errors  Last Runtime    Last Run               Last # of DB Queries
-------------------------------------------------  -----  ---------  --------  ----------  --------------  -------------------  ----------------------
/opt/airflow/dags/example_dag.py                                            1           0  0.32s           2025-04-03T19:51:15                      12
/opt/airflow/dags/pokemon_replay_etl_dag.py                                 1           0  0.18s           2025-04-03T19:51:22                      12
/opt/airflow/dags/pokemon_replay_etl/tasks.py                               0           1  0.07s           2025-04-03T19:51:27                       5
/opt/airflow/dags/pokemon_replay_etl/constants.py                           0           0  0.07s           2025-04-03T19:51:29                       3
================================================================================
[2025-04-03T19:52:11.810+0000] {manager.py:997} INFO - 
================================================================================
DAG File Processing Stats

File Path                                          PID    Runtime      # DAGs    # Errors  Last Runtime    Last Run               Last # of DB Queries
-------------------------------------------------  -----  ---------  --------  ----------  --------------  -------------------  ----------------------
/opt/airflow/dags/example_dag.py                                            1           0  0.39s           2025-04-03T19:51:45                      12
/opt/airflow/dags/pokemon_replay_etl_dag.py                                 1           0  0.37s           2025-04-03T19:51:53                      12
/opt/airflow/dags/pokemon_replay_etl/tasks.py                               0           1  0.10s           2025-04-03T19:51:57                       5
/opt/airflow/dags/pokemon_replay_etl/constants.py                           0           0  0.08s           2025-04-03T19:51:59                       3
================================================================================
[2025-04-03T19:52:42.413+0000] {manager.py:997} INFO - 
================================================================================
DAG File Processing Stats

File Path                                          PID    Runtime      # DAGs    # Errors  Last Runtime    Last Run               Last # of DB Queries
-------------------------------------------------  -----  ---------  --------  ----------  --------------  -------------------  ----------------------
/opt/airflow/dags/example_dag.py                                            1           0  0.35s           2025-04-03T19:52:17                      12
/opt/airflow/dags/pokemon_replay_etl_dag.py                                 1           0  0.16s           2025-04-03T19:52:23                      12
/opt/airflow/dags/pokemon_replay_etl/tasks.py                               0           1  0.08s           2025-04-03T19:52:28                       5
/opt/airflow/dags/pokemon_replay_etl/constants.py                           0           0  0.08s           2025-04-03T19:52:30                       3
================================================================================
[2025-04-03T19:52:49.517+0000] {manager.py:821} INFO - Searching for files in /opt/airflow/dags
[2025-04-03T19:52:49.551+0000] {manager.py:824} INFO - There are 4 files in /opt/airflow/dags
[2025-04-03T19:53:12.946+0000] {manager.py:997} INFO - 
================================================================================
DAG File Processing Stats

File Path                                          PID    Runtime      # DAGs    # Errors  Last Runtime    Last Run               Last # of DB Queries
-------------------------------------------------  -----  ---------  --------  ----------  --------------  -------------------  ----------------------
/opt/airflow/dags/pokemon_replay_etl_dag.py                                 1           0  0.32s           2025-04-03T19:52:53                      12
/opt/airflow/dags/example_dag.py                                            1           0  0.31s           2025-04-03T19:52:47                      12
/opt/airflow/dags/pokemon_replay_etl/tasks.py                               0           1  0.09s           2025-04-03T19:52:58                       5
/opt/airflow/dags/pokemon_replay_etl/constants.py                           0           0  0.08s           2025-04-03T19:53:00                       3
================================================================================
[2025-04-03T19:53:43.721+0000] {manager.py:997} INFO - 
================================================================================
DAG File Processing Stats

File Path                                          PID    Runtime      # DAGs    # Errors  Last Runtime    Last Run               Last # of DB Queries
-------------------------------------------------  -----  ---------  --------  ----------  --------------  -------------------  ----------------------
/opt/airflow/dags/pokemon_replay_etl_dag.py                                 1           0  0.36s           2025-04-03T19:53:24                      12
/opt/airflow/dags/example_dag.py                                            1           0  0.31s           2025-04-03T19:53:18                      12
/opt/airflow/dags/pokemon_replay_etl/tasks.py                               0           1  0.09s           2025-04-03T19:53:29                       5
/opt/airflow/dags/pokemon_replay_etl/constants.py                           0           0  0.08s           2025-04-03T19:53:31                       3
================================================================================
[2025-04-03T19:54:13.903+0000] {manager.py:997} INFO - 
================================================================================
DAG File Processing Stats

File Path                                          PID    Runtime      # DAGs    # Errors  Last Runtime    Last Run               Last # of DB Queries
-------------------------------------------------  -----  ---------  --------  ----------  --------------  -------------------  ----------------------
/opt/airflow/dags/pokemon_replay_etl/constants.py                           0           0  0.46s           2025-04-03T19:54:02                       3
/opt/airflow/dags/pokemon_replay_etl_dag.py                                 1           0  0.16s           2025-04-03T19:53:55                      12
/opt/airflow/dags/example_dag.py                                            1           0  0.13s           2025-04-03T19:53:48                      12
/opt/airflow/dags/pokemon_replay_etl/tasks.py                               0           1  0.09s           2025-04-03T19:54:00                       5
================================================================================
[2025-04-03T19:54:44.378+0000] {manager.py:997} INFO - 
================================================================================
DAG File Processing Stats

File Path                                          PID    Runtime      # DAGs    # Errors  Last Runtime    Last Run               Last # of DB Queries
-------------------------------------------------  -----  ---------  --------  ----------  --------------  -------------------  ----------------------
/opt/airflow/dags/example_dag.py                                            1           0  0.16s           2025-04-03T19:54:19                      12
/opt/airflow/dags/pokemon_replay_etl_dag.py                                 1           0  0.15s           2025-04-03T19:54:25                      12
/opt/airflow/dags/pokemon_replay_etl/tasks.py                               0           1  0.08s           2025-04-03T19:54:30                       5
/opt/airflow/dags/pokemon_replay_etl/constants.py                           0           0  0.08s           2025-04-03T19:54:33                       3
================================================================================
[2025-04-03T19:55:14.825+0000] {manager.py:997} INFO - 
================================================================================
DAG File Processing Stats

File Path                                          PID    Runtime      # DAGs    # Errors  Last Runtime    Last Run               Last # of DB Queries
-------------------------------------------------  -----  ---------  --------  ----------  --------------  -------------------  ----------------------
/opt/airflow/dags/pokemon_replay_etl_dag.py                                 1           0  0.15s           2025-04-03T19:54:55                      12
/opt/airflow/dags/example_dag.py                                            1           0  0.14s           2025-04-03T19:54:49                      12
/opt/airflow/dags/pokemon_replay_etl/tasks.py                               0           1  0.08s           2025-04-03T19:55:00                       5
/opt/airflow/dags/pokemon_replay_etl/constants.py                           0           0  0.07s           2025-04-03T19:55:03                       3
================================================================================
[2025-04-03T19:55:45.358+0000] {manager.py:997} INFO - 
================================================================================
DAG File Processing Stats

File Path                                          PID    Runtime      # DAGs    # Errors  Last Runtime    Last Run               Last # of DB Queries
-------------------------------------------------  -----  ---------  --------  ----------  --------------  -------------------  ----------------------
/opt/airflow/dags/pokemon_replay_etl_dag.py                                 1           0  0.17s           2025-04-03T19:55:26                      12
/opt/airflow/dags/example_dag.py                                            1           0  0.14s           2025-04-03T19:55:20                      12
/opt/airflow/dags/pokemon_replay_etl/tasks.py                               0           1  0.11s           2025-04-03T19:55:31                       5
/opt/airflow/dags/pokemon_replay_etl/constants.py                           0           0  0.09s           2025-04-03T19:55:34                       3
================================================================================
[2025-04-03T19:56:15.911+0000] {manager.py:997} INFO - 
================================================================================
DAG File Processing Stats

File Path                                          PID    Runtime      # DAGs    # Errors  Last Runtime    Last Run               Last # of DB Queries
-------------------------------------------------  -----  ---------  --------  ----------  --------------  -------------------  ----------------------
/opt/airflow/dags/example_dag.py                                            1           0  0.25s           2025-04-03T19:55:50                      12
/opt/airflow/dags/pokemon_replay_etl_dag.py                                 1           0  0.24s           2025-04-03T19:55:56                      12
/opt/airflow/dags/pokemon_replay_etl/constants.py                           0           0  0.11s           2025-04-03T19:56:04                       3
/opt/airflow/dags/pokemon_replay_etl/tasks.py                               0           1  0.07s           2025-04-03T19:56:01                       5
================================================================================
[2025-04-03T19:56:46.353+0000] {manager.py:997} INFO - 
================================================================================
DAG File Processing Stats

File Path                                          PID    Runtime      # DAGs    # Errors  Last Runtime    Last Run               Last # of DB Queries
-------------------------------------------------  -----  ---------  --------  ----------  --------------  -------------------  ----------------------
/opt/airflow/dags/pokemon_replay_etl_dag.py                                 1           0  0.19s           2025-04-03T19:56:27                      12
/opt/airflow/dags/example_dag.py                                            1           0  0.14s           2025-04-03T19:56:21                      12
/opt/airflow/dags/pokemon_replay_etl/constants.py                           0           0  0.10s           2025-04-03T19:56:35                       3
/opt/airflow/dags/pokemon_replay_etl/tasks.py                               0           1  0.08s           2025-04-03T19:56:32                       5
================================================================================
[2025-04-03T19:56:55.416+0000] {manager.py:465} INFO - Exiting gracefully upon receiving signal 15
[2025-04-03T19:57:41.387+0000] {manager.py:483} INFO - Processing files using up to 2 processes at a time 
[2025-04-03T19:57:41.390+0000] {manager.py:484} INFO - Process each file at most once every 30 seconds
[2025-04-03T19:57:41.392+0000] {manager.py:485} INFO - Checking for new files in /opt/airflow/dags every 300 seconds
[2025-04-03T19:57:41.395+0000] {manager.py:821} INFO - Searching for files in /opt/airflow/dags
[2025-04-03T19:57:41.520+0000] {manager.py:824} INFO - There are 4 files in /opt/airflow/dags
[2025-04-03T19:57:41.696+0000] {manager.py:997} INFO - 
================================================================================
DAG File Processing Stats

File Path                                            PID  Runtime      # DAGs    # Errors  Last Runtime    Last Run      Last # of DB Queries
-------------------------------------------------  -----  ---------  --------  ----------  --------------  ----------  ----------------------
/opt/airflow/dags/example_dag.py                                            0           0                                                   0
/opt/airflow/dags/pokemon_replay_etl_dag.py                                 0           0                                                   0
/opt/airflow/dags/pokemon_replay_etl/constants.py    201  0.09s             0           0                                                   0
/opt/airflow/dags/pokemon_replay_etl/tasks.py        204  0.05s             0           0                                                   0
================================================================================
[2025-04-03T19:58:12.072+0000] {manager.py:997} INFO - 
================================================================================
DAG File Processing Stats

File Path                                            PID  Runtime      # DAGs    # Errors  Last Runtime    Last Run               Last # of DB Queries
-------------------------------------------------  -----  ---------  --------  ----------  --------------  -------------------  ----------------------
/opt/airflow/dags/pokemon_replay_etl_dag.py                                 1           0  0.34s           2025-04-03T19:57:42                      12
/opt/airflow/dags/example_dag.py                                            1           0  0.26s           2025-04-03T19:57:42                      12
/opt/airflow/dags/pokemon_replay_etl/tasks.py        229  0.01s             0           1  0.14s           2025-04-03T19:57:41                       5
/opt/airflow/dags/pokemon_replay_etl/constants.py    226  0.04s             0           0  0.12s           2025-04-03T19:57:41                       3
================================================================================
[2025-04-03T19:58:42.717+0000] {manager.py:997} INFO - 
================================================================================
DAG File Processing Stats

File Path                                            PID  Runtime      # DAGs    # Errors  Last Runtime    Last Run               Last # of DB Queries
-------------------------------------------------  -----  ---------  --------  ----------  --------------  -------------------  ----------------------
/opt/airflow/dags/example_dag.py                                            1           0  0.25s           2025-04-03T19:58:12                      12
/opt/airflow/dags/pokemon_replay_etl_dag.py                                 1           0  0.21s           2025-04-03T19:58:12                      12
/opt/airflow/dags/pokemon_replay_etl/tasks.py        252  0.01s             0           1  0.17s           2025-04-03T19:58:12                       5
/opt/airflow/dags/pokemon_replay_etl/constants.py    249  0.04s             0           0  0.11s           2025-04-03T19:58:12                       3
================================================================================
[2025-04-03T19:59:13.568+0000] {manager.py:997} INFO - 
================================================================================
DAG File Processing Stats

File Path                                            PID  Runtime      # DAGs    # Errors  Last Runtime    Last Run               Last # of DB Queries
-------------------------------------------------  -----  ---------  --------  ----------  --------------  -------------------  ----------------------
/opt/airflow/dags/pokemon_replay_etl_dag.py                                 1           0  0.41s           2025-04-03T19:58:43                      12
/opt/airflow/dags/example_dag.py                                            1           0  0.36s           2025-04-03T19:58:43                      12
/opt/airflow/dags/pokemon_replay_etl/tasks.py        272  0.01s             0           1  0.18s           2025-04-03T19:58:42                       5
/opt/airflow/dags/pokemon_replay_etl/constants.py    269  0.03s             0           0  0.14s           2025-04-03T19:58:42                       3
================================================================================
[2025-04-03T19:59:43.999+0000] {manager.py:997} INFO - 
================================================================================
DAG File Processing Stats

File Path                                            PID  Runtime      # DAGs    # Errors  Last Runtime    Last Run               Last # of DB Queries
-------------------------------------------------  -----  ---------  --------  ----------  --------------  -------------------  ----------------------
/opt/airflow/dags/pokemon_replay_etl_dag.py                                 1           0  0.16s           2025-04-03T19:59:13                      12
/opt/airflow/dags/example_dag.py                                            1           0  0.16s           2025-04-03T19:59:13                      12
/opt/airflow/dags/pokemon_replay_etl/tasks.py        292  0.01s             0           1  0.07s           2025-04-03T19:59:13                       5
/opt/airflow/dags/pokemon_replay_etl/constants.py    289  0.02s             0           0  0.07s           2025-04-03T19:59:13                       3
================================================================================
[2025-04-03T20:00:14.367+0000] {manager.py:997} INFO - 
================================================================================
DAG File Processing Stats

File Path                                            PID  Runtime      # DAGs    # Errors  Last Runtime    Last Run               Last # of DB Queries
-------------------------------------------------  -----  ---------  --------  ----------  --------------  -------------------  ----------------------
/opt/airflow/dags/pokemon_replay_etl_dag.py                                 1           0  0.19s           2025-04-03T19:59:44                      12
/opt/airflow/dags/example_dag.py                                            1           0  0.15s           2025-04-03T19:59:44                      12
/opt/airflow/dags/pokemon_replay_etl/tasks.py        312  0.01s             0           1  0.08s           2025-04-03T19:59:44                       5
/opt/airflow/dags/pokemon_replay_etl/constants.py    309  0.04s             0           0  0.08s           2025-04-03T19:59:44                       3
================================================================================
[2025-04-03T20:00:44.957+0000] {manager.py:997} INFO - 
================================================================================
DAG File Processing Stats

File Path                                            PID  Runtime      # DAGs    # Errors  Last Runtime    Last Run               Last # of DB Queries
-------------------------------------------------  -----  ---------  --------  ----------  --------------  -------------------  ----------------------
/opt/airflow/dags/pokemon_replay_etl_dag.py                                 1           0  0.24s           2025-04-03T20:00:14                      12
/opt/airflow/dags/example_dag.py                                            1           0  0.19s           2025-04-03T20:00:14                      12
/opt/airflow/dags/pokemon_replay_etl/tasks.py        332  0.01s             0           1  0.17s           2025-04-03T20:00:14                       5
/opt/airflow/dags/pokemon_replay_etl/constants.py    329  0.03s             0           0  0.15s           2025-04-03T20:00:14                       3
================================================================================
[2025-04-03T20:00:55.323+0000] {manager.py:1291} WARNING - Skipping processing of missing file: /opt/airflow/dags/example_dag.py
[2025-04-03T20:01:15.485+0000] {manager.py:997} INFO - 
================================================================================
DAG File Processing Stats

File Path                                            PID  Runtime      # DAGs    # Errors  Last Runtime    Last Run               Last # of DB Queries
-------------------------------------------------  -----  ---------  --------  ----------  --------------  -------------------  ----------------------
/opt/airflow/dags/pokemon_replay_etl_dag.py                                 1           0  0.25s           2025-04-03T20:00:47                      12
/opt/airflow/dags/pokemon_replay_etl/tasks.py        357  0.00s             0           1  0.10s           2025-04-03T20:00:45                       5
/opt/airflow/dags/pokemon_replay_etl/constants.py    354  0.02s             0           0  0.09s           2025-04-03T20:00:45                       3
================================================================================
[2025-04-03T20:01:45.775+0000] {manager.py:997} INFO - 
================================================================================
DAG File Processing Stats

File Path                                            PID  Runtime      # DAGs    # Errors  Last Runtime    Last Run               Last # of DB Queries
-------------------------------------------------  -----  ---------  --------  ----------  --------------  -------------------  ----------------------
/opt/airflow/dags/pokemon_replay_etl_dag.py                                 1           0  0.15s           2025-04-03T20:01:17                      12
/opt/airflow/dags/pokemon_replay_etl/tasks.py        372  0.00s             0           1  0.07s           2025-04-03T20:01:15                       5
/opt/airflow/dags/pokemon_replay_etl/constants.py    369  0.02s             0           0  0.06s           2025-04-03T20:01:15                       3
================================================================================
[2025-04-03T20:02:16.064+0000] {manager.py:997} INFO - 
================================================================================
DAG File Processing Stats

File Path                                            PID  Runtime      # DAGs    # Errors  Last Runtime    Last Run               Last # of DB Queries
-------------------------------------------------  -----  ---------  --------  ----------  --------------  -------------------  ----------------------
/opt/airflow/dags/pokemon_replay_etl_dag.py                                 1           0  0.14s           2025-04-03T20:01:47                      12
/opt/airflow/dags/pokemon_replay_etl/constants.py    384  0.02s             0           0  0.07s           2025-04-03T20:01:45                       3
/opt/airflow/dags/pokemon_replay_etl/tasks.py        387  0.00s             0           1  0.07s           2025-04-03T20:01:45                       5
================================================================================
[2025-04-03T20:02:42.311+0000] {manager.py:821} INFO - Searching for files in /opt/airflow/dags
[2025-04-03T20:02:42.345+0000] {manager.py:824} INFO - There are 3 files in /opt/airflow/dags
[2025-04-03T20:02:46.444+0000] {manager.py:997} INFO - 
================================================================================
DAG File Processing Stats

File Path                                            PID  Runtime      # DAGs    # Errors  Last Runtime    Last Run               Last # of DB Queries
-------------------------------------------------  -----  ---------  --------  ----------  --------------  -------------------  ----------------------
/opt/airflow/dags/pokemon_replay_etl_dag.py                                 1           0  0.16s           2025-04-03T20:02:18                      12
/opt/airflow/dags/pokemon_replay_etl/tasks.py        402  0.01s             0           1  0.07s           2025-04-03T20:02:16                       5
/opt/airflow/dags/pokemon_replay_etl/constants.py    399  0.03s             0           0  0.06s           2025-04-03T20:02:16                       3
================================================================================
[2025-04-03T20:03:16.792+0000] {manager.py:997} INFO - 
================================================================================
DAG File Processing Stats

File Path                                            PID  Runtime      # DAGs    # Errors  Last Runtime    Last Run               Last # of DB Queries
-------------------------------------------------  -----  ---------  --------  ----------  --------------  -------------------  ----------------------
/opt/airflow/dags/pokemon_replay_etl_dag.py                                 1           0  0.16s           2025-04-03T20:02:48                      12
/opt/airflow/dags/pokemon_replay_etl/tasks.py        417  0.01s             0           1  0.09s           2025-04-03T20:02:46                       5
/opt/airflow/dags/pokemon_replay_etl/constants.py    414  0.03s             0           0  0.09s           2025-04-03T20:02:46                       3
================================================================================
[2025-04-03T20:03:47.132+0000] {manager.py:997} INFO - 
================================================================================
DAG File Processing Stats

File Path                                            PID  Runtime      # DAGs    # Errors  Last Runtime    Last Run               Last # of DB Queries
-------------------------------------------------  -----  ---------  --------  ----------  --------------  -------------------  ----------------------
/opt/airflow/dags/pokemon_replay_etl_dag.py                                 1           0  0.21s           2025-04-03T20:03:19                      12
/opt/airflow/dags/pokemon_replay_etl/tasks.py        432  0.01s             0           1  0.13s           2025-04-03T20:03:16                       5
/opt/airflow/dags/pokemon_replay_etl/constants.py    429  0.03s             0           0  0.12s           2025-04-03T20:03:16                       3
================================================================================
[2025-04-03T20:04:17.506+0000] {manager.py:997} INFO - 
================================================================================
DAG File Processing Stats

File Path                                            PID  Runtime      # DAGs    # Errors  Last Runtime    Last Run               Last # of DB Queries
-------------------------------------------------  -----  ---------  --------  ----------  --------------  -------------------  ----------------------
/opt/airflow/dags/pokemon_replay_etl/tasks.py        447  0.01s             0           1  0.15s           2025-04-03T20:03:47                       5
/opt/airflow/dags/pokemon_replay_etl_dag.py                                 1           0  0.15s           2025-04-03T20:03:49                      12
/opt/airflow/dags/pokemon_replay_etl/constants.py    444  0.02s             0           0  0.15s           2025-04-03T20:03:47                       3
================================================================================
[2025-04-03T20:04:47.839+0000] {manager.py:997} INFO - 
================================================================================
DAG File Processing Stats

File Path                                            PID  Runtime      # DAGs    # Errors  Last Runtime    Last Run               Last # of DB Queries
-------------------------------------------------  -----  ---------  --------  ----------  --------------  -------------------  ----------------------
/opt/airflow/dags/pokemon_replay_etl_dag.py                                 1           0  0.22s           2025-04-03T20:04:19                      12
/opt/airflow/dags/pokemon_replay_etl/tasks.py        462  0.01s             0           1  0.09s           2025-04-03T20:04:17                       5
/opt/airflow/dags/pokemon_replay_etl/constants.py    459  0.02s             0           0  0.08s           2025-04-03T20:04:17                       3
================================================================================
[2025-04-03T20:05:18.154+0000] {manager.py:997} INFO - 
================================================================================
DAG File Processing Stats

File Path                                            PID  Runtime      # DAGs    # Errors  Last Runtime    Last Run               Last # of DB Queries
-------------------------------------------------  -----  ---------  --------  ----------  --------------  -------------------  ----------------------
/opt/airflow/dags/pokemon_replay_etl_dag.py                                 1           0  0.18s           2025-04-03T20:04:50                      12
/opt/airflow/dags/pokemon_replay_etl/tasks.py        477  0.01s             0           1  0.09s           2025-04-03T20:04:47                       5
/opt/airflow/dags/pokemon_replay_etl/constants.py    474  0.03s             0           0  0.08s           2025-04-03T20:04:47                       3
================================================================================
[2025-04-03T20:05:48.513+0000] {manager.py:997} INFO - 
================================================================================
DAG File Processing Stats

File Path                                            PID  Runtime      # DAGs    # Errors  Last Runtime    Last Run               Last # of DB Queries
-------------------------------------------------  -----  ---------  --------  ----------  --------------  -------------------  ----------------------
/opt/airflow/dags/pokemon_replay_etl_dag.py                                 1           0  0.26s           2025-04-03T20:05:20                      12
/opt/airflow/dags/pokemon_replay_etl/tasks.py        492  0.01s             0           1  0.08s           2025-04-03T20:05:18                       5
/opt/airflow/dags/pokemon_replay_etl/constants.py    489  0.03s             0           0  0.08s           2025-04-03T20:05:18                       3
================================================================================
[2025-04-03T20:06:19.033+0000] {manager.py:997} INFO - 
================================================================================
DAG File Processing Stats

File Path                                          PID    Runtime      # DAGs    # Errors  Last Runtime    Last Run               Last # of DB Queries
-------------------------------------------------  -----  ---------  --------  ----------  --------------  -------------------  ----------------------
/opt/airflow/dags/pokemon_replay_etl_dag.py                                 1           0  0.19s           2025-04-03T20:05:50                      12
/opt/airflow/dags/pokemon_replay_etl/tasks.py                               0           1  0.10s           2025-04-03T20:06:16                       5
/opt/airflow/dags/pokemon_replay_etl/constants.py                           0           0  0.07s           2025-04-03T20:05:55                       3
================================================================================
[2025-04-03T20:06:49.508+0000] {manager.py:997} INFO - 
================================================================================
DAG File Processing Stats

File Path                                          PID    Runtime      # DAGs    # Errors  Last Runtime    Last Run               Last # of DB Queries
-------------------------------------------------  -----  ---------  --------  ----------  --------------  -------------------  ----------------------
/opt/airflow/dags/pokemon_replay_etl_dag.py                                 1           0  0.47s           2025-04-03T20:06:48                      34
/opt/airflow/dags/pokemon_replay_etl/tasks.py                               0           1  0.08s           2025-04-03T20:06:46                       5
/opt/airflow/dags/pokemon_replay_etl/constants.py                           0           0  0.07s           2025-04-03T20:06:26                       3
================================================================================
[2025-04-03T20:07:19.801+0000] {manager.py:997} INFO - 
================================================================================
DAG File Processing Stats

File Path                                            PID  Runtime      # DAGs    # Errors  Last Runtime    Last Run               Last # of DB Queries
-------------------------------------------------  -----  ---------  --------  ----------  --------------  -------------------  ----------------------
/opt/airflow/dags/pokemon_replay_etl_dag.py          549  0.01s             1           0  0.47s           2025-04-03T20:06:48                      34
/opt/airflow/dags/pokemon_replay_etl/tasks.py                               0           1  0.10s           2025-04-03T20:07:16                       5
/opt/airflow/dags/pokemon_replay_etl/constants.py                           0           0  0.08s           2025-04-03T20:06:56                       3
================================================================================
