[2025-04-03T19:49:42.659+0000] {local_task_job_runner.py:123} INFO - ::group::Pre task execution logs
[2025-04-03T19:49:42.690+0000] {taskinstance.py:2614} INFO - Dependencies all met for dep_context=non-requeueable deps ti=<TaskInstance: pokemon_replay_etl.download_replays manual__2025-04-03T19:49:31+00:00 [queued]>
[2025-04-03T19:49:42.710+0000] {taskinstance.py:2614} INFO - Dependencies all met for dep_context=requeueable deps ti=<TaskInstance: pokemon_replay_etl.download_replays manual__2025-04-03T19:49:31+00:00 [queued]>
[2025-04-03T19:49:42.713+0000] {taskinstance.py:2867} INFO - Starting attempt 1 of 2
[2025-04-03T19:49:42.742+0000] {taskinstance.py:2890} INFO - Executing <Task(PythonOperator): download_replays> on 2025-04-03 19:49:31+00:00
[2025-04-03T19:49:42.756+0000] {standard_task_runner.py:72} INFO - Started process 766 to run task
[2025-04-03T19:49:42.764+0000] {standard_task_runner.py:104} INFO - Running: ['***', 'tasks', 'run', 'pokemon_replay_etl', 'download_replays', 'manual__2025-04-03T19:49:31+00:00', '--job-id', '5', '--raw', '--subdir', 'DAGS_FOLDER/pokemon_replay_etl_dag.py', '--cfg-path', '/tmp/tmpgf3dieny']
[2025-04-03T19:49:42.772+0000] {standard_task_runner.py:105} INFO - Job 5: Subtask download_replays
[2025-04-03T19:49:42.898+0000] {task_command.py:467} INFO - Running <TaskInstance: pokemon_replay_etl.download_replays manual__2025-04-03T19:49:31+00:00 [running]> on host 93470d874d0b
[2025-04-03T19:49:43.100+0000] {taskinstance.py:3134} INFO - Exporting env vars: AIRFLOW_CTX_DAG_OWNER='***' AIRFLOW_CTX_DAG_ID='pokemon_replay_etl' AIRFLOW_CTX_TASK_ID='download_replays' AIRFLOW_CTX_EXECUTION_DATE='2025-04-03T19:49:31+00:00' AIRFLOW_CTX_TRY_NUMBER='1' AIRFLOW_CTX_DAG_RUN_ID='manual__2025-04-03T19:49:31+00:00'
[2025-04-03T19:49:43.110+0000] {taskinstance.py:732} INFO - ::endgroup::
[2025-04-03T19:49:43.179+0000] {tasks.py:141} INFO - Processing 255 replays
[2025-04-03T19:49:43.183+0000] {tasks.py:157} INFO - Downloading replay: gen9vgc2024regh-2273232611
[2025-04-03T19:49:43.386+0000] {tasks.py:157} INFO - Downloading replay: gen9vgc2024regh-2273231908
[2025-04-03T19:49:43.600+0000] {tasks.py:157} INFO - Downloading replay: gen9vgc2024regh-2273231934
[2025-04-03T19:49:43.807+0000] {tasks.py:157} INFO - Downloading replay: gen9vgc2024regh-2273232103
[2025-04-03T19:49:44.022+0000] {tasks.py:157} INFO - Downloading replay: gen9vgc2024regh-2273230773
[2025-04-03T19:49:44.217+0000] {tasks.py:157} INFO - Downloading replay: gen9vgc2024regh-2273231017
[2025-04-03T19:49:44.418+0000] {tasks.py:157} INFO - Downloading replay: gen9vgc2024regh-2273228865
[2025-04-03T19:49:44.621+0000] {tasks.py:157} INFO - Downloading replay: gen9vgc2024regh-2273230292
[2025-04-03T19:49:44.835+0000] {tasks.py:157} INFO - Downloading replay: gen9vgc2024regh-2273228131
[2025-04-03T19:49:45.047+0000] {tasks.py:157} INFO - Downloading replay: gen9vgc2024regh-2273227995
[2025-04-03T19:49:45.245+0000] {tasks.py:157} INFO - Downloading replay: gen9vgc2024regh-2273226407
[2025-04-03T19:49:45.441+0000] {tasks.py:157} INFO - Downloading replay: gen9vgc2024regh-2273228617
[2025-04-03T19:49:45.640+0000] {tasks.py:157} INFO - Downloading replay: gen9vgc2024regh-2273226618
[2025-04-03T19:49:45.845+0000] {tasks.py:157} INFO - Downloading replay: gen9vgc2024regh-2273226938
[2025-04-03T19:49:46.055+0000] {tasks.py:157} INFO - Downloading replay: gen9vgc2024regh-2273226620
[2025-04-03T19:49:46.269+0000] {tasks.py:157} INFO - Downloading replay: gen9vgc2024regh-2273226343
[2025-04-03T19:49:46.476+0000] {tasks.py:157} INFO - Downloading replay: gen9vgc2024regh-2273226013
[2025-04-03T19:49:46.704+0000] {tasks.py:157} INFO - Downloading replay: gen9vgc2024regh-2273228495
[2025-04-03T19:49:46.917+0000] {tasks.py:157} INFO - Downloading replay: gen9vgc2024regh-2273224440
[2025-04-03T19:49:47.155+0000] {tasks.py:157} INFO - Downloading replay: gen9vgc2024regh-2273224139
[2025-04-03T19:49:47.378+0000] {tasks.py:157} INFO - Downloading replay: gen9vgc2024regh-2273224017
[2025-04-03T19:49:47.625+0000] {tasks.py:157} INFO - Downloading replay: gen9vgc2024regh-2273223933
[2025-04-03T19:49:47.838+0000] {tasks.py:157} INFO - Downloading replay: gen9vgc2024regh-2273223830
[2025-04-03T19:49:48.041+0000] {tasks.py:157} INFO - Downloading replay: gen9vgc2024regh-2273222953
[2025-04-03T19:49:48.252+0000] {tasks.py:157} INFO - Downloading replay: gen9vgc2024regh-2273222549
[2025-04-03T19:49:48.486+0000] {tasks.py:157} INFO - Downloading replay: gen9vgc2024regh-2273220755
[2025-04-03T19:49:48.717+0000] {tasks.py:157} INFO - Downloading replay: gen9vgc2024regh-2273223547
[2025-04-03T19:49:48.961+0000] {tasks.py:157} INFO - Downloading replay: gen9vgc2024regh-2273221171
[2025-04-03T19:49:49.159+0000] {tasks.py:157} INFO - Downloading replay: gen9vgc2024regh-2273221037
[2025-04-03T19:49:49.382+0000] {tasks.py:157} INFO - Downloading replay: gen9vgc2024regh-2273220961
[2025-04-03T19:49:49.590+0000] {tasks.py:157} INFO - Downloading replay: gen9vgc2024regh-2273218733
[2025-04-03T19:49:49.770+0000] {tasks.py:157} INFO - Downloading replay: gen9vgc2024regh-2273217277
[2025-04-03T19:49:49.957+0000] {tasks.py:157} INFO - Downloading replay: gen9vgc2024regh-2273217186
[2025-04-03T19:49:50.158+0000] {tasks.py:157} INFO - Downloading replay: gen9vgc2024regh-2273217172
[2025-04-03T19:49:50.397+0000] {tasks.py:157} INFO - Downloading replay: gen9vgc2024regh-2273215549
[2025-04-03T19:49:50.601+0000] {tasks.py:157} INFO - Downloading replay: gen9vgc2024regh-2273218468
[2025-04-03T19:49:50.802+0000] {tasks.py:157} INFO - Downloading replay: gen9vgc2024regh-2273215648
[2025-04-03T19:49:51.013+0000] {tasks.py:157} INFO - Downloading replay: gen9vgc2024regh-2273215425
[2025-04-03T19:49:51.201+0000] {tasks.py:157} INFO - Downloading replay: gen9vgc2024regh-2273215377
[2025-04-03T19:49:51.432+0000] {tasks.py:157} INFO - Downloading replay: gen9vgc2024regh-2273217838
[2025-04-03T19:49:51.639+0000] {tasks.py:157} INFO - Downloading replay: gen9vgc2024regh-2273214476
[2025-04-03T19:49:51.853+0000] {tasks.py:157} INFO - Downloading replay: gen9vgc2024regh-2273216192
[2025-04-03T19:49:52.031+0000] {tasks.py:157} INFO - Downloading replay: gen9vgc2024regh-2273213586
[2025-04-03T19:49:52.243+0000] {tasks.py:157} INFO - Downloading replay: gen9vgc2024regh-2273213554
[2025-04-03T19:49:52.447+0000] {tasks.py:157} INFO - Downloading replay: gen9vgc2024regh-2273212624
[2025-04-03T19:49:52.733+0000] {tasks.py:157} INFO - Downloading replay: gen9vgc2024regh-2273212502
[2025-04-03T19:49:52.921+0000] {tasks.py:157} INFO - Downloading replay: gen9vgc2024regh-2273212448
[2025-04-03T19:49:53.112+0000] {tasks.py:157} INFO - Downloading replay: gen9vgc2024regh-2273200931
[2025-04-03T19:49:53.524+0000] {tasks.py:157} INFO - Downloading replay: gen9vgc2024regh-2273200203
[2025-04-03T19:49:53.730+0000] {tasks.py:157} INFO - Downloading replay: gen9vgc2024regh-2273201149
[2025-04-03T19:49:53.920+0000] {tasks.py:157} INFO - Downloading replay: gen9vgc2024regh-2273200033
[2025-04-03T19:49:54.127+0000] {tasks.py:157} INFO - Downloading replay: gen9vgc2024regh-2273201260
[2025-04-03T19:49:54.328+0000] {tasks.py:157} INFO - Downloading replay: gen9vgc2024regh-2273198642
[2025-04-03T19:49:54.594+0000] {tasks.py:157} INFO - Downloading replay: gen9vgc2024regh-2273196413
[2025-04-03T19:49:54.794+0000] {tasks.py:157} INFO - Downloading replay: gen9vgc2024regh-2273196273
[2025-04-03T19:49:55.052+0000] {tasks.py:157} INFO - Downloading replay: gen9vgc2024regh-2273195885
[2025-04-03T19:49:55.256+0000] {tasks.py:157} INFO - Downloading replay: gen9vgc2024regh-2273194965
[2025-04-03T19:49:55.422+0000] {tasks.py:157} INFO - Downloading replay: gen9vgc2024regh-2273195572
[2025-04-03T19:49:55.621+0000] {tasks.py:157} INFO - Downloading replay: gen9vgc2024regh-2273195539
[2025-04-03T19:49:55.806+0000] {tasks.py:157} INFO - Downloading replay: gen9vgc2024regh-2273195970
[2025-04-03T19:49:56.011+0000] {tasks.py:157} INFO - Downloading replay: gen9vgc2024regh-2273194228
[2025-04-03T19:49:56.484+0000] {tasks.py:157} INFO - Downloading replay: gen9vgc2024regh-2273193832
[2025-04-03T19:49:56.818+0000] {tasks.py:157} INFO - Downloading replay: gen9vgc2024regh-2273193284
[2025-04-03T19:49:57.048+0000] {tasks.py:157} INFO - Downloading replay: gen9vgc2024regh-2273192917
[2025-04-03T19:49:57.286+0000] {tasks.py:157} INFO - Downloading replay: gen9vgc2024regh-2273192346
[2025-04-03T19:49:57.480+0000] {tasks.py:157} INFO - Downloading replay: gen9vgc2024regh-2273193786
[2025-04-03T19:49:57.689+0000] {tasks.py:157} INFO - Downloading replay: gen9vgc2024regh-2273192648
[2025-04-03T19:49:57.905+0000] {tasks.py:157} INFO - Downloading replay: gen9vgc2024regh-2273191093
[2025-04-03T19:49:58.104+0000] {tasks.py:157} INFO - Downloading replay: gen9vgc2024regh-2273190780
[2025-04-03T19:49:58.322+0000] {tasks.py:157} INFO - Downloading replay: gen9vgc2024regh-2273190756
[2025-04-03T19:49:58.553+0000] {tasks.py:157} INFO - Downloading replay: gen9vgc2024regh-2273190518
[2025-04-03T19:49:58.787+0000] {tasks.py:157} INFO - Downloading replay: gen9vgc2024regh-2273190497
[2025-04-03T19:49:58.998+0000] {tasks.py:157} INFO - Downloading replay: gen9vgc2024regh-2273189676
[2025-04-03T19:49:59.242+0000] {tasks.py:157} INFO - Downloading replay: gen9vgc2024regh-2273189108
[2025-04-03T19:49:59.436+0000] {tasks.py:157} INFO - Downloading replay: gen9vgc2024regh-2273188656
[2025-04-03T19:49:59.629+0000] {tasks.py:157} INFO - Downloading replay: gen9vgc2024regh-2273188392
[2025-04-03T19:49:59.820+0000] {tasks.py:157} INFO - Downloading replay: gen9vgc2024regh-2273188135
[2025-04-03T19:50:00.093+0000] {tasks.py:157} INFO - Downloading replay: gen9vgc2024regh-2273187350
[2025-04-03T19:50:00.352+0000] {tasks.py:157} INFO - Downloading replay: gen9vgc2024regh-2273188985
[2025-04-03T19:50:00.598+0000] {tasks.py:157} INFO - Downloading replay: gen9vgc2024regh-2273187406
[2025-04-03T19:50:00.812+0000] {tasks.py:157} INFO - Downloading replay: gen9vgc2024regh-2273186264
[2025-04-03T19:50:01.018+0000] {tasks.py:157} INFO - Downloading replay: gen9vgc2024regh-2273185810
[2025-04-03T19:50:01.243+0000] {tasks.py:157} INFO - Downloading replay: gen9vgc2024regh-2273185773
[2025-04-03T19:50:01.428+0000] {tasks.py:157} INFO - Downloading replay: gen9vgc2024regh-2273185364
[2025-04-03T19:50:01.634+0000] {tasks.py:157} INFO - Downloading replay: gen9vgc2024regh-2273185206
[2025-04-03T19:50:01.828+0000] {tasks.py:157} INFO - Downloading replay: gen9vgc2024regh-2273185078
[2025-04-03T19:50:02.047+0000] {tasks.py:157} INFO - Downloading replay: gen9vgc2024regh-2273182372
[2025-04-03T19:50:02.232+0000] {tasks.py:157} INFO - Downloading replay: gen9vgc2024regh-2273184396
[2025-04-03T19:50:02.421+0000] {tasks.py:157} INFO - Downloading replay: gen9vgc2024regh-2273184083
[2025-04-03T19:50:02.618+0000] {tasks.py:157} INFO - Downloading replay: gen9vgc2024regh-2273184053
[2025-04-03T19:50:02.814+0000] {tasks.py:157} INFO - Downloading replay: gen9vgc2024regh-2273182715
[2025-04-03T19:50:03.055+0000] {tasks.py:157} INFO - Downloading replay: gen9vgc2024regh-2273182462
[2025-04-03T19:50:03.266+0000] {tasks.py:157} INFO - Downloading replay: gen9vgc2024regh-2273179620
[2025-04-03T19:50:03.486+0000] {tasks.py:157} INFO - Downloading replay: gen9vgc2024regh-2273182693
[2025-04-03T19:50:03.703+0000] {tasks.py:157} INFO - Downloading replay: gen9vgc2024regh-2273178581
[2025-04-03T19:50:03.887+0000] {tasks.py:157} INFO - Downloading replay: gen9vgc2024regh-2273177630
[2025-04-03T19:50:04.099+0000] {tasks.py:157} INFO - Downloading replay: gen9vgc2024regh-2273181373
[2025-04-03T19:50:04.286+0000] {tasks.py:157} INFO - Downloading replay: gen9vgc2024regh-2273177141
[2025-04-03T19:50:04.468+0000] {tasks.py:157} INFO - Downloading replay: gen9vgc2024regh-2273174131
[2025-04-03T19:50:04.649+0000] {tasks.py:157} INFO - Downloading replay: gen9vgc2024regh-2273173668
[2025-04-03T19:50:04.884+0000] {tasks.py:157} INFO - Downloading replay: gen9vgc2024regh-2273172092
[2025-04-03T19:50:05.074+0000] {tasks.py:157} INFO - Downloading replay: gen9vgc2024regh-2273173775
[2025-04-03T19:50:05.277+0000] {tasks.py:157} INFO - Downloading replay: gen9vgc2024regh-2273172160
[2025-04-03T19:50:05.474+0000] {tasks.py:157} INFO - Downloading replay: gen9vgc2024regh-2273170448
[2025-04-03T19:50:05.664+0000] {tasks.py:157} INFO - Downloading replay: gen9vgc2024regh-2273169605
[2025-04-03T19:50:05.868+0000] {tasks.py:157} INFO - Downloading replay: gen9vgc2024regh-2273169057
[2025-04-03T19:50:06.108+0000] {tasks.py:157} INFO - Downloading replay: gen9vgc2024regh-2273169772
[2025-04-03T19:50:06.327+0000] {tasks.py:157} INFO - Downloading replay: gen9vgc2024regh-2273168403
[2025-04-03T19:50:06.534+0000] {tasks.py:157} INFO - Downloading replay: gen9vgc2024regh-2273169722
[2025-04-03T19:50:06.737+0000] {tasks.py:157} INFO - Downloading replay: gen9vgc2024regh-2273168048
[2025-04-03T19:50:06.933+0000] {tasks.py:157} INFO - Downloading replay: gen9vgc2024regh-2273167661
[2025-04-03T19:50:07.150+0000] {tasks.py:157} INFO - Downloading replay: gen9vgc2024regh-2273165771
[2025-04-03T19:50:07.340+0000] {tasks.py:157} INFO - Downloading replay: gen9vgc2024regh-2273165488
[2025-04-03T19:50:07.514+0000] {tasks.py:157} INFO - Downloading replay: gen9vgc2024regh-2273165895
[2025-04-03T19:50:07.749+0000] {tasks.py:157} INFO - Downloading replay: gen9vgc2024regh-2273165024
[2025-04-03T19:50:07.961+0000] {tasks.py:157} INFO - Downloading replay: gen9vgc2024regh-2273164294
[2025-04-03T19:50:08.143+0000] {tasks.py:157} INFO - Downloading replay: gen9vgc2024regh-2273166469
[2025-04-03T19:50:08.317+0000] {tasks.py:157} INFO - Downloading replay: gen9vgc2024regh-2273164093
[2025-04-03T19:50:08.576+0000] {tasks.py:157} INFO - Downloading replay: gen9vgc2024regh-2273164038
[2025-04-03T19:50:08.805+0000] {tasks.py:157} INFO - Downloading replay: gen9vgc2024regh-2273163430
[2025-04-03T19:50:09.037+0000] {tasks.py:157} INFO - Downloading replay: gen9vgc2024regh-2273163387
[2025-04-03T19:50:09.222+0000] {tasks.py:157} INFO - Downloading replay: gen9vgc2024regh-2273162925
[2025-04-03T19:50:09.444+0000] {tasks.py:157} INFO - Downloading replay: gen9vgc2024regh-2273164971
[2025-04-03T19:50:09.647+0000] {tasks.py:157} INFO - Downloading replay: gen9vgc2024regh-2273162887
[2025-04-03T19:50:09.837+0000] {tasks.py:157} INFO - Downloading replay: gen9vgc2024regh-2273161498
[2025-04-03T19:50:10.092+0000] {tasks.py:157} INFO - Downloading replay: gen9vgc2024regh-2273160638
[2025-04-03T19:50:10.253+0000] {tasks.py:157} INFO - Downloading replay: gen9vgc2024regh-2273161575
[2025-04-03T19:50:10.445+0000] {tasks.py:157} INFO - Downloading replay: gen9vgc2024regh-2273161010
[2025-04-03T19:50:10.647+0000] {tasks.py:157} INFO - Downloading replay: gen9vgc2024regh-2273161726
[2025-04-03T19:50:10.856+0000] {tasks.py:157} INFO - Downloading replay: gen9vgc2024regh-2273160847
[2025-04-03T19:50:11.085+0000] {tasks.py:157} INFO - Downloading replay: gen9vgc2024regh-2273160570
[2025-04-03T19:50:11.272+0000] {tasks.py:157} INFO - Downloading replay: gen9vgc2024regh-2273160028
[2025-04-03T19:50:11.476+0000] {tasks.py:157} INFO - Downloading replay: gen9vgc2024regh-2273159091
[2025-04-03T19:50:11.686+0000] {tasks.py:157} INFO - Downloading replay: gen9vgc2024regh-2273160657
[2025-04-03T19:50:11.905+0000] {tasks.py:157} INFO - Downloading replay: gen9vgc2024regh-2273155913
[2025-04-03T19:50:12.117+0000] {tasks.py:157} INFO - Downloading replay: gen9vgc2024regh-2273156631
[2025-04-03T19:50:12.295+0000] {tasks.py:157} INFO - Downloading replay: gen9vgc2024regh-2273155655
[2025-04-03T19:50:12.479+0000] {tasks.py:157} INFO - Downloading replay: gen9vgc2024regh-2273156474
[2025-04-03T19:50:12.752+0000] {tasks.py:157} INFO - Downloading replay: gen9vgc2024regh-2273156142
[2025-04-03T19:50:12.930+0000] {tasks.py:157} INFO - Downloading replay: gen9vgc2024regh-2273154589
[2025-04-03T19:50:13.124+0000] {tasks.py:157} INFO - Downloading replay: gen9vgc2024regh-2273154367
[2025-04-03T19:50:13.305+0000] {tasks.py:157} INFO - Downloading replay: gen9vgc2024regh-2273154149
[2025-04-03T19:50:13.515+0000] {tasks.py:157} INFO - Downloading replay: gen9vgc2024regh-2273153859
[2025-04-03T19:50:13.723+0000] {tasks.py:157} INFO - Downloading replay: gen9vgc2024regh-2273153816
[2025-04-03T19:50:13.901+0000] {tasks.py:157} INFO - Downloading replay: gen9vgc2024regh-2273153587
[2025-04-03T19:50:14.138+0000] {tasks.py:157} INFO - Downloading replay: gen9vgc2024regh-2273152478
[2025-04-03T19:50:14.368+0000] {tasks.py:157} INFO - Downloading replay: gen9vgc2024regh-2273151431
[2025-04-03T19:50:14.597+0000] {tasks.py:157} INFO - Downloading replay: gen9vgc2024regh-2273151208
[2025-04-03T19:50:14.817+0000] {tasks.py:157} INFO - Downloading replay: gen9vgc2024regh-2273149545
[2025-04-03T19:50:15.045+0000] {tasks.py:157} INFO - Downloading replay: gen9vgc2024regh-2273149096
[2025-04-03T19:50:15.260+0000] {tasks.py:157} INFO - Downloading replay: gen9vgc2024regh-2273148587
[2025-04-03T19:50:15.446+0000] {tasks.py:157} INFO - Downloading replay: gen9vgc2024regh-2273147823
[2025-04-03T19:50:15.630+0000] {tasks.py:157} INFO - Downloading replay: gen9vgc2024regh-2273146988
[2025-04-03T19:50:15.806+0000] {tasks.py:157} INFO - Downloading replay: gen9vgc2024regh-2273146867
[2025-04-03T19:50:16.008+0000] {tasks.py:157} INFO - Downloading replay: gen9vgc2024regh-2273146800
[2025-04-03T19:50:16.217+0000] {tasks.py:157} INFO - Downloading replay: gen9vgc2024regh-2273146240
[2025-04-03T19:50:16.395+0000] {tasks.py:157} INFO - Downloading replay: gen9vgc2024regh-2273145568
[2025-04-03T19:50:16.578+0000] {tasks.py:157} INFO - Downloading replay: gen9vgc2024regh-2273145007
[2025-04-03T19:50:16.760+0000] {tasks.py:157} INFO - Downloading replay: gen9vgc2024regh-2273145107
[2025-04-03T19:50:16.934+0000] {tasks.py:157} INFO - Downloading replay: gen9vgc2024regh-2273144188
[2025-04-03T19:50:17.165+0000] {tasks.py:157} INFO - Downloading replay: gen9vgc2024regh-2273142223
[2025-04-03T19:50:17.369+0000] {tasks.py:157} INFO - Downloading replay: gen9vgc2024regh-2273141690
[2025-04-03T19:50:17.634+0000] {tasks.py:157} INFO - Downloading replay: gen9vgc2024regh-2273140865
[2025-04-03T19:50:17.845+0000] {tasks.py:157} INFO - Downloading replay: gen9vgc2024regh-2273140928
[2025-04-03T19:50:18.041+0000] {tasks.py:157} INFO - Downloading replay: gen9vgc2024regh-2273140960
[2025-04-03T19:50:18.218+0000] {tasks.py:157} INFO - Downloading replay: gen9vgc2024regh-2273140286
[2025-04-03T19:50:18.421+0000] {tasks.py:157} INFO - Downloading replay: gen9vgc2024regh-2273139685
[2025-04-03T19:50:18.631+0000] {tasks.py:157} INFO - Downloading replay: gen9vgc2024regh-2273139820
[2025-04-03T19:50:18.816+0000] {tasks.py:157} INFO - Downloading replay: gen9vgc2024regh-2273139348
[2025-04-03T19:50:19.012+0000] {tasks.py:157} INFO - Downloading replay: gen9vgc2024regh-2273139056
[2025-04-03T19:50:19.204+0000] {tasks.py:157} INFO - Downloading replay: gen9vgc2024regh-2273138252
[2025-04-03T19:50:19.421+0000] {tasks.py:157} INFO - Downloading replay: gen9vgc2024regh-2273138050
[2025-04-03T19:50:19.625+0000] {tasks.py:157} INFO - Downloading replay: gen9vgc2024regh-2273137585
[2025-04-03T19:50:19.863+0000] {tasks.py:157} INFO - Downloading replay: gen9vgc2024regh-2273137020
[2025-04-03T19:50:20.044+0000] {tasks.py:157} INFO - Downloading replay: gen9vgc2024regh-2273136389
[2025-04-03T19:50:20.243+0000] {tasks.py:157} INFO - Downloading replay: gen9vgc2024regh-2273137246
[2025-04-03T19:50:20.463+0000] {tasks.py:157} INFO - Downloading replay: gen9vgc2024regh-2273135745
[2025-04-03T19:50:20.665+0000] {tasks.py:157} INFO - Downloading replay: gen9vgc2024regh-2273134495
[2025-04-03T19:50:20.837+0000] {tasks.py:157} INFO - Downloading replay: gen9vgc2024regh-2273135966
[2025-04-03T19:50:21.021+0000] {tasks.py:157} INFO - Downloading replay: gen9vgc2024regh-2273134692
[2025-04-03T19:50:21.238+0000] {tasks.py:157} INFO - Downloading replay: gen9vgc2024regh-2273134082
[2025-04-03T19:50:21.435+0000] {tasks.py:157} INFO - Downloading replay: gen9vgc2024regh-2273135874
[2025-04-03T19:50:21.629+0000] {tasks.py:157} INFO - Downloading replay: gen9vgc2024regh-2273134462
[2025-04-03T19:50:21.839+0000] {tasks.py:157} INFO - Downloading replay: gen9vgc2024regh-2273134291
[2025-04-03T19:50:22.061+0000] {tasks.py:157} INFO - Downloading replay: gen9vgc2024regh-2273134283
[2025-04-03T19:50:22.265+0000] {tasks.py:157} INFO - Downloading replay: gen9vgc2024regh-2273133553
[2025-04-03T19:50:22.470+0000] {tasks.py:157} INFO - Downloading replay: gen9vgc2024regh-2273133405
[2025-04-03T19:50:22.652+0000] {tasks.py:157} INFO - Downloading replay: gen9vgc2024regh-2273133263
[2025-04-03T19:50:22.886+0000] {tasks.py:157} INFO - Downloading replay: gen9vgc2024regh-2273133015
[2025-04-03T19:50:23.062+0000] {tasks.py:157} INFO - Downloading replay: gen9vgc2024regh-2273132796
[2025-04-03T19:50:23.284+0000] {tasks.py:157} INFO - Downloading replay: gen9vgc2024regh-2273133470
[2025-04-03T19:50:23.470+0000] {tasks.py:157} INFO - Downloading replay: gen9vgc2024regh-2273132674
[2025-04-03T19:50:23.667+0000] {tasks.py:157} INFO - Downloading replay: gen9vgc2024regh-2273131879
[2025-04-03T19:50:23.866+0000] {tasks.py:157} INFO - Downloading replay: gen9vgc2024regh-2273131593
[2025-04-03T19:50:24.066+0000] {tasks.py:157} INFO - Downloading replay: gen9vgc2024regh-2273131524
[2025-04-03T19:50:24.282+0000] {tasks.py:157} INFO - Downloading replay: gen9vgc2024regh-2273131217
[2025-04-03T19:50:24.478+0000] {tasks.py:157} INFO - Downloading replay: gen9vgc2024regh-2273130699
[2025-04-03T19:50:24.692+0000] {tasks.py:157} INFO - Downloading replay: gen9vgc2024regh-2273130456
[2025-04-03T19:50:24.907+0000] {tasks.py:157} INFO - Downloading replay: gen9vgc2024regh-2273130401
[2025-04-03T19:50:25.202+0000] {tasks.py:157} INFO - Downloading replay: gen9vgc2024regh-2273130365
[2025-04-03T19:50:25.408+0000] {tasks.py:157} INFO - Downloading replay: gen9vgc2024regh-2273130161
[2025-04-03T19:50:25.611+0000] {tasks.py:157} INFO - Downloading replay: gen9vgc2024regh-2273129897
[2025-04-03T19:50:25.834+0000] {tasks.py:157} INFO - Downloading replay: gen9vgc2024regh-2273129392
[2025-04-03T19:50:26.030+0000] {tasks.py:157} INFO - Downloading replay: gen9vgc2024regh-2273129020
[2025-04-03T19:50:26.232+0000] {tasks.py:157} INFO - Downloading replay: gen9vgc2024regh-2273128112
[2025-04-03T19:50:26.429+0000] {tasks.py:157} INFO - Downloading replay: gen9vgc2024regh-2273122945
[2025-04-03T19:50:26.611+0000] {tasks.py:157} INFO - Downloading replay: gen9vgc2024regh-2273120274
[2025-04-03T19:50:26.869+0000] {tasks.py:157} INFO - Downloading replay: gen9vgc2024regh-2273119559
[2025-04-03T19:50:27.068+0000] {tasks.py:157} INFO - Downloading replay: gen9vgc2024regh-2273120318
[2025-04-03T19:50:27.258+0000] {tasks.py:157} INFO - Downloading replay: gen9vgc2024regh-2273119948
[2025-04-03T19:50:27.444+0000] {tasks.py:157} INFO - Downloading replay: gen9vgc2024regh-2273119277
[2025-04-03T19:50:27.636+0000] {tasks.py:157} INFO - Downloading replay: gen9vgc2024regh-2273118568
[2025-04-03T19:50:27.837+0000] {tasks.py:157} INFO - Downloading replay: gen9vgc2024regh-2273118957
[2025-04-03T19:50:28.038+0000] {tasks.py:157} INFO - Downloading replay: gen9vgc2024regh-2273118328
[2025-04-03T19:50:28.233+0000] {tasks.py:157} INFO - Downloading replay: gen9vgc2024regh-2273118217
[2025-04-03T19:50:28.425+0000] {tasks.py:157} INFO - Downloading replay: gen9vgc2024regh-2273118326
[2025-04-03T19:50:28.604+0000] {tasks.py:157} INFO - Downloading replay: gen9vgc2024regh-2273118095
[2025-04-03T19:50:28.831+0000] {tasks.py:157} INFO - Downloading replay: gen9vgc2024regh-2273117646
[2025-04-03T19:50:29.019+0000] {tasks.py:157} INFO - Downloading replay: gen9vgc2024regh-2273118151
[2025-04-03T19:50:29.220+0000] {tasks.py:157} INFO - Downloading replay: gen9vgc2024regh-2273117839
[2025-04-03T19:50:29.436+0000] {tasks.py:157} INFO - Downloading replay: gen9vgc2024regh-2273117504
[2025-04-03T19:50:29.631+0000] {tasks.py:157} INFO - Downloading replay: gen9vgc2024regh-2273117408
[2025-04-03T19:50:29.824+0000] {tasks.py:157} INFO - Downloading replay: gen9vgc2024regh-2273117321
[2025-04-03T19:50:30.005+0000] {tasks.py:157} INFO - Downloading replay: gen9vgc2024regh-2273117064
[2025-04-03T19:50:30.238+0000] {tasks.py:157} INFO - Downloading replay: gen9vgc2024regh-2273116502
[2025-04-03T19:50:30.433+0000] {tasks.py:157} INFO - Downloading replay: gen9vgc2024regh-2273116278
[2025-04-03T19:50:30.615+0000] {tasks.py:157} INFO - Downloading replay: gen9vgc2024regh-2273116005
[2025-04-03T19:50:30.835+0000] {tasks.py:157} INFO - Downloading replay: gen9vgc2024regh-2273115608
[2025-04-03T19:50:31.032+0000] {tasks.py:157} INFO - Downloading replay: gen9vgc2024regh-2273117230
[2025-04-03T19:50:31.233+0000] {tasks.py:157} INFO - Downloading replay: gen9vgc2024regh-2273116113
[2025-04-03T19:50:31.428+0000] {tasks.py:157} INFO - Downloading replay: gen9vgc2024regh-2273113782
[2025-04-03T19:50:31.656+0000] {tasks.py:157} INFO - Downloading replay: gen9vgc2024regh-2273114216
[2025-04-03T19:50:31.845+0000] {tasks.py:157} INFO - Downloading replay: gen9vgc2024regh-2273111807
[2025-04-03T19:50:32.071+0000] {tasks.py:157} INFO - Downloading replay: gen9vgc2024regh-2273110594
[2025-04-03T19:50:32.433+0000] {tasks.py:157} INFO - Downloading replay: gen9vgc2024regh-2273110488
[2025-04-03T19:50:32.670+0000] {tasks.py:157} INFO - Downloading replay: gen9vgc2024regh-2273109915
[2025-04-03T19:50:32.901+0000] {tasks.py:157} INFO - Downloading replay: gen9vgc2024regh-2273110771
[2025-04-03T19:50:33.113+0000] {tasks.py:157} INFO - Downloading replay: gen9vgc2024regh-2273109180
[2025-04-03T19:50:33.308+0000] {tasks.py:157} INFO - Downloading replay: gen9vgc2024regh-2273109452
[2025-04-03T19:50:33.534+0000] {tasks.py:157} INFO - Downloading replay: gen9vgc2024regh-2273107993
[2025-04-03T19:50:33.726+0000] {tasks.py:157} INFO - Downloading replay: gen9vgc2024regh-2273107042
[2025-04-03T19:50:33.914+0000] {tasks.py:157} INFO - Downloading replay: gen9vgc2024regh-2273106943
[2025-04-03T19:50:34.102+0000] {tasks.py:157} INFO - Downloading replay: gen9vgc2024regh-2273108385
[2025-04-03T19:50:34.291+0000] {tasks.py:157} INFO - Downloading replay: gen9vgc2024regh-2273105540
[2025-04-03T19:50:34.480+0000] {tasks.py:157} INFO - Downloading replay: gen9vgc2024regh-2273105782
[2025-04-03T19:50:34.695+0000] {tasks.py:157} INFO - Downloading replay: gen9vgc2024regh-2273105315
[2025-04-03T19:50:34.905+0000] {tasks.py:157} INFO - Downloading replay: gen9vgc2024regh-2273104562
[2025-04-03T19:50:35.078+0000] {tasks.py:157} INFO - Downloading replay: gen9vgc2024regh-2273104884
[2025-04-03T19:50:35.267+0000] {tasks.py:157} INFO - Downloading replay: gen9vgc2024regh-2273104778
[2025-04-03T19:50:35.459+0000] {tasks.py:157} INFO - Downloading replay: gen9vgc2024regh-2273104169
[2025-04-03T19:50:35.638+0000] {tasks.py:157} INFO - Downloading replay: gen9vgc2024regh-2273104220
[2025-04-03T19:50:35.852+0000] {tasks.py:157} INFO - Downloading replay: gen9vgc2024regh-2273104129
[2025-04-03T19:50:36.051+0000] {tasks.py:157} INFO - Downloading replay: gen9vgc2024regh-2273103614
[2025-04-03T19:50:36.246+0000] {tasks.py:157} INFO - Downloading replay: gen9vgc2024regh-2273103433
[2025-04-03T19:50:36.429+0000] {tasks.py:157} INFO - Downloading replay: gen9vgc2024regh-2273103153
[2025-04-03T19:50:36.626+0000] {tasks.py:201} INFO - Saved 255 processed IDs to /opt/***/data/processed_ids/gen9vgc2024regh_20250403_195036_processed.json
[2025-04-03T19:50:36.628+0000] {state.py:49} INFO - State saved to /opt/***/data/gen9vgc2024regh_state.json
[2025-04-03T19:50:36.629+0000] {tasks.py:213} INFO - Download summary: 255 downloaded, 0 failed
[2025-04-03T19:50:36.646+0000] {python.py:240} INFO - Done. Returned value was: None
[2025-04-03T19:50:36.658+0000] {taskinstance.py:341} INFO - ::group::Post task execution logs
[2025-04-03T19:50:36.660+0000] {taskinstance.py:353} INFO - Marking task as SUCCESS. dag_id=pokemon_replay_etl, task_id=download_replays, run_id=manual__2025-04-03T19:49:31+00:00, execution_date=20250403T194931, start_date=20250403T194942, end_date=20250403T195036
[2025-04-03T19:50:36.727+0000] {local_task_job_runner.py:266} INFO - Task exited with return code 0
[2025-04-03T19:50:36.756+0000] {taskinstance.py:3901} INFO - 1 downstream tasks scheduled from follow-on schedule check
[2025-04-03T19:50:36.760+0000] {local_task_job_runner.py:245} INFO - ::endgroup::
